2021-09-25 22:54:59,479 ----------------------------------------------------------------------------------------------------
2021-09-25 22:54:59,480 Model: "SequenceTagger(
  (embeddings): StackedEmbeddings(
    (list_embedding_0): ELMoEmbeddings(model=0-elmo-small-top)
  )
  (word_dropout): WordDropout(p=0.05)
  (embedding2nn): Linear(in_features=3072, out_features=3072, bias=True)
  (rnn): LSTM(3072, 1024, num_layers=3, batch_first=True, dropout=0.5, bidirectional=True)
  (linear): Linear(in_features=2048, out_features=2074, bias=True)
  (beta): 1.0
  (weights): None
  (weight_tensor) None
)"
2021-09-25 22:54:59,480 ----------------------------------------------------------------------------------------------------
2021-09-25 22:54:59,480 Corpus: "Corpus: 12543 train + 2002 dev + 2077 test sentences"
2021-09-25 22:54:59,480 ----------------------------------------------------------------------------------------------------
2021-09-25 22:54:59,480 Parameters:
2021-09-25 22:54:59,480  - learning_rate: "0.2"
2021-09-25 22:54:59,480  - mini_batch_size: "32"
2021-09-25 22:54:59,480  - patience: "3"
2021-09-25 22:54:59,480  - anneal_factor: "0.5"
2021-09-25 22:54:59,481  - max_epochs: "1"
2021-09-25 22:54:59,482  - shuffle: "True"
2021-09-25 22:54:59,482  - train_with_dev: "False"
2021-09-25 22:54:59,482  - batch_growth_annealing: "False"
2021-09-25 22:54:59,482 ----------------------------------------------------------------------------------------------------
2021-09-25 22:54:59,482 Model training base path: "model/upos/goldpos/goldframes/0.2-1024-3-0-0-0-elmo-small-top-d865c"
2021-09-25 22:54:59,482 ----------------------------------------------------------------------------------------------------
2021-09-25 22:54:59,482 Device: cuda:1
2021-09-25 22:54:59,482 ----------------------------------------------------------------------------------------------------
2021-09-25 22:54:59,482 Embeddings storage mode: gpu
2021-09-25 22:54:59,488 ----------------------------------------------------------------------------------------------------
2021-09-25 22:55:10,839 epoch 1 - iter 39/392 - loss 7.10037463 - samples/sec: 109.96 - lr: 0.200000
2021-09-25 22:55:19,627 epoch 1 - iter 78/392 - loss 6.17219012 - samples/sec: 142.03 - lr: 0.200000
2021-09-25 22:55:28,613 epoch 1 - iter 117/392 - loss 5.58459939 - samples/sec: 138.90 - lr: 0.200000
2021-09-25 22:55:36,996 epoch 1 - iter 156/392 - loss 5.23955781 - samples/sec: 148.91 - lr: 0.200000
2021-09-25 22:55:47,514 epoch 1 - iter 195/392 - loss 5.09641880 - samples/sec: 118.68 - lr: 0.200000
2021-09-25 22:55:58,385 epoch 1 - iter 234/392 - loss 5.05525584 - samples/sec: 114.82 - lr: 0.200000
2021-09-25 22:56:08,113 epoch 1 - iter 273/392 - loss 4.98752460 - samples/sec: 128.31 - lr: 0.200000
2021-09-25 22:56:17,567 epoch 1 - iter 312/392 - loss 4.94091400 - samples/sec: 132.03 - lr: 0.200000
2021-09-25 22:56:26,332 epoch 1 - iter 351/392 - loss 4.88956681 - samples/sec: 142.41 - lr: 0.200000
2021-09-25 22:56:36,526 epoch 1 - iter 390/392 - loss 4.85838855 - samples/sec: 122.45 - lr: 0.200000
2021-09-25 22:56:37,222 ----------------------------------------------------------------------------------------------------
2021-09-25 22:56:37,222 EPOCH 1 done: loss 4.8582 - lr 0.2000000
2021-09-25 22:56:48,191 DEV : loss 4.214896202087402 - score 0.101
2021-09-25 22:56:48,203 BAD EPOCHS (no improvement): 0
2021-09-25 22:58:23,176 ----------------------------------------------------------------------------------------------------
2021-09-25 22:58:23,176 Testing using best model ...
2021-09-25 22:58:23,177 loading file model/upos/goldpos/goldframes/0.2-1024-3-0-0-0-elmo-small-top-d865c/best-model.pt
2021-09-25 22:58:38,259 	0.1093
2021-09-25 22:58:38,259 
Results:
- F-score (micro): 0.1093
- F-score (macro): 0.0012
- Accuracy (incl. no class): 0.1093

By class:
                     precision    recall  f1-score   support

       -1,ROOT,root     0.2022    0.7671    0.3200      1709
       1,FRAME,ARG0     0.1681    0.2717    0.2077       920
         1,VBD,mark     1.0000    0.0000    0.0000        40
       1,FRAME,ARG1     1.0000    0.0000    0.0000       755
        -1,WP,advcl     1.0000    0.0000    0.0000         2
         1,NNP,case     1.0000    0.0000    0.0000       315
      -1,FRAME,ARG1     0.1018    0.1650    0.1259      1685
      -1,FRAME,ARG2     1.0000    0.0000    0.0000       876
       -1,VBD,punct     1.0000    0.0000    0.0000       124
        -1,VB,punct     0.1077    0.7376    0.1879       221
         1,NNS,case     1.0000    0.0000    0.0000       322
    1,NNS,nmod:poss     1.0000    0.0000    0.0000        63
           1,NN,det     0.0550    0.6009    0.1008      1155
      1,NN,compound     1.0000    0.0000    0.0000       376
         1,NN,punct     1.0000    0.0000    0.0000       148
     1,NNS,compound     1.0000    0.0000    0.0000       142
        -1,NN,punct     0.1818    0.1758    0.1788       273
            1,NN,cc     1.0000    0.0000    0.0000       129
        1,NN,advmod     1.0000    0.0000    0.0000        31
         -1,NN,conj     1.0000    0.0000    0.0000       125
        1,NNS,punct     1.0000    0.0000    0.0000        58
          2,NN,case     1.0000    0.0000    0.0000        90
           2,NN,det     1.0000    0.0000    0.0000       163
        1,JJ,advmod     1.0000    0.0000    0.0000       149
         1,JJ,punct     1.0000    0.0000    0.0000        74
          2,NN,amod     1.0000    0.0000    0.0000        63
      -1,FRAME,ARG4     1.0000    0.0000    0.0000        55
        2,NNP,punct     1.0000    0.0000    0.0000        15
         2,NNP,case     1.0000    0.0000    0.0000        73
     1,NNP,compound     1.0000    0.0000    0.0000       318
        -1,NNP,nmod     1.0000    0.0000    0.0000        32
        -1,NNP,flat     1.0000    0.0000    0.0000       195
        -2,NNP,flat     1.0000    0.0000    0.0000        48
       -4,NNP,punct     1.0000    0.0000    0.0000        19
         3,NN,punct     1.0000    0.0000    0.0000         4
            3,NN,cc     1.0000    0.0000    0.0000         3
          1,NN,case     1.0000    0.0000    0.0000       800
   1,FRAME,ARGM-DIS     1.0000    0.0000    0.0000        95
         2,NN,punct     1.0000    0.0000    0.0000        28
           2,NN,cop     1.0000    0.0000    0.0000        17
         -1,NN,amod     1.0000    0.0000    0.0000        21
           1,JJ,det     1.0000    0.0000    0.0000        18
     1,NN,obl:npmod     1.0000    0.0000    0.0000         2
          1,NNS,det     1.0000    0.0000    0.0000       271
   1,FRAME,ARGM-TMP     1.0000    0.0000    0.0000       156
 1,FRAME,R-ARGM-TMP     1.0000    0.0000    0.0000         2
           1,NN,cop     1.0000    0.0000    0.0000       131
          1,NN,amod     1.0000    0.0000    0.0000       491
        -2,NN,punct     1.0000    0.0000    0.0000        64
       1,FRAME,ARG2     1.0000    0.0000    0.0000        68
          1,VB,mark     1.0000    0.0000    0.0000       396
        -1,NNP,case     1.0000    0.0000    0.0000        47
   1,FRAME,ARGM-MOD     1.0000    0.0000    0.0000       334
      -2,FRAME,ARG1     1.0000    0.0000    0.0000       142
       2,FRAME,ARG1     1.0000    0.0000    0.0000       145
       2,FRAME,ARG0     1.0000    0.0000    0.0000       272
          1,VBN,aux     1.0000    0.0000    0.0000       134
   1,FRAME,ARGM-ADV     1.0000    0.0000    0.0000       188
  -2,FRAME,ARGM-ADV     1.0000    0.0000    0.0000        45
  -1,FRAME,ARGM-TMP     1.0000    0.0000    0.0000       251
        1,VBN,punct     1.0000    0.0000    0.0000        45
           1,VBN,cc     1.0000    0.0000    0.0000        37
          1,VBN,cop     1.0000    0.0000    0.0000         4
  -1,FRAME,ARGM-ADV     1.0000    0.0000    0.0000       105
       1,VBN,advmod     1.0000    0.0000    0.0000        14
  -1,FRAME,ARGM-LOC     1.0000    0.0000    0.0000       137
       -2,VBZ,punct     1.0000    0.0000    0.0000        17
           1,VB,aux     1.0000    0.0000    0.0000       125
       -1,VBP,punct     1.0000    0.0000    0.0000       153
        -1,RB,fixed     1.0000    0.0000    0.0000        25
          1,VBG,aux     1.0000    0.0000    0.0000       141
      -1,FRAME,ARG3     1.0000    0.0000    0.0000        61
          -1,RB,obl     1.0000    0.0000    0.0000        17
       -1,VBG,punct     1.0000    0.0000    0.0000        77
     1,FRAME,R-ARG0     1.0000    0.0000    0.0000        41
    -1,JJ,acl:relcl     1.0000    0.0000    0.0000         2
     1,NN,nmod:poss     1.0000    0.0000    0.0000       200
   1,FRAME,ARGM-NEG     1.0000    0.0000    0.0000       157
      -3,FRAME,ARG1     1.0000    0.0000    0.0000        16
         -1,FRAME,V     1.0000    0.0000    0.0000         4
        1,VBD,punct     1.0000    0.0000    0.0000        52
           1,VBD,cc     1.0000    0.0000    0.0000        46
        -3,VBP,conj     1.0000    0.0000    0.0000         3
        1,RB,advmod     1.0000    0.0000    0.0000        51
       -3,VBP,punct     1.0000    0.0000    0.0000         6
        -2,NNP,nmod     1.0000    0.0000    0.0000        15
-1,VBN,compound:prt     1.0000    0.0000    0.0000        14
   1,FRAME,ARGM-ADJ     1.0000    0.0000    0.0000       189
       1,FRAME,ARG3     1.0000    0.0000    0.0000         5
          1,WP,case     1.0000    0.0000    0.0000        12
     1,VBN,aux:pass     1.0000    0.0000    0.0000       110
    -1,WP,acl:relcl     1.0000    0.0000    0.0000        14
        -1,VBN,conj     1.0000    0.0000    0.0000        34
  -2,FRAME,ARGM-LOC     1.0000    0.0000    0.0000        20
       -3,VBN,punct     1.0000    0.0000    0.0000         6
  -1,FRAME,ARGM-GOL     1.0000    0.0000    0.0000        15
  -1,FRAME,ARGM-PRP     1.0000    0.0000    0.0000        56
        -2,VB,punct     1.0000    0.0000    0.0000        89
   1,FRAME,ARGM-LVB     1.0000    0.0000    0.0000        48
  -1,FRAME,ARGM-PRR     1.0000    0.0000    0.0000        63
          1,JJ,case     1.0000    0.0000    0.0000        13
          -1,JJ,obl     1.0000    0.0000    0.0000        21
       -1,VBZ,punct     1.0000    0.0000    0.0000        95
         -1,CD,nmod     1.0000    0.0000    0.0000        32
     2,FRAME,R-ARG1     1.0000    0.0000    0.0000        11
    -1,NN,acl:relcl     1.0000    0.0000    0.0000        87
         1,NNS,amod     1.0000    0.0000    0.0000       278
       1,NNS,nummod     1.0000    0.0000    0.0000        83
   2,FRAME,ARGM-LOC     1.0000    0.0000    0.0000         6
       -1,VBP,xcomp     1.0000    0.0000    0.0000         5
           1,JJ,cop     1.0000    0.0000    0.0000       270
       -2,VBP,punct     1.0000    0.0000    0.0000        42
   1,FRAME,ARGM-LOC     1.0000    0.0000    0.0000        20
 -1,VB,compound:prt     1.0000    0.0000    0.0000        26
          1,NN,mark     1.0000    0.0000    0.0000        19
      -2,FRAME,ARG2     1.0000    0.0000    0.0000        42
  -1,FRAME,ARGM-PRD     1.0000    0.0000    0.0000        23
      -1,FRAME,ARG0     1.0000    0.0000    0.0000        81
       3,FRAME,ARG0     1.0000    0.0000    0.0000        19
     3,FRAME,R-ARG0     1.0000    0.0000    0.0000         2
        1,VBZ,punct     1.0000    0.0000    0.0000        41
         1,VBN,mark     1.0000    0.0000    0.0000        53
   2,FRAME,ARGM-ADV     1.0000    0.0000    0.0000        44
    -2,NN,acl:relcl     1.0000    0.0000    0.0000         8
           1,VBZ,cc     1.0000    0.0000    0.0000        21
        -1,VBZ,conj     1.0000    0.0000    0.0000         9
-1,VBZ,compound:prt     1.0000    0.0000    0.0000         3
        -3,VB,punct     1.0000    0.0000    0.0000        23
  -1,FRAME,ARGM-NEG     1.0000    0.0000    0.0000        26
         1,VB,punct     1.0000    0.0000    0.0000        94
         -2,VB,conj     1.0000    0.0000    0.0000        13
         1,VBG,mark     1.0000    0.0000    0.0000        82
         -3,VB,conj     1.0000    0.0000    0.0000         6
         -1,NN,nmod     1.0000    0.0000    0.0000       246
        2,VBP,punct     1.0000    0.0000    0.0000         2
           2,VBP,cc     1.0000    0.0000    0.0000         1
          1,JJ,mark     1.0000    0.0000    0.0000        44
  -1,FRAME,ARGM-ADJ     1.0000    0.0000    0.0000        27
        1,VBP,punct     1.0000    0.0000    0.0000        37
         -8,VB,conj     1.0000    0.0000    0.0000         1
        -8,VB,punct     1.0000    0.0000    0.0000         2
  -1,FRAME,ARGM-MNR     1.0000    0.0000    0.0000        59
          2,NNP,det     1.0000    0.0000    0.0000        33
         1,VBZ,expl     1.0000    0.0000    0.0000        15
          -1,NN,acl     1.0000    0.0000    0.0000        67
           1,VBP,cc     1.0000    0.0000    0.0000        45
        -1,VBD,conj     1.0000    0.0000    0.0000        35
           1,JJ,aux     1.0000    0.0000    0.0000         9
         4,NNP,case     1.0000    0.0000    0.0000         3
          4,NNP,det     1.0000    0.0000    0.0000         3
     2,NNP,compound     1.0000    0.0000    0.0000        40
        -1,JJ,punct     1.0000    0.0000    0.0000       142
          1,NNP,det     1.0000    0.0000    0.0000        76
    -1,FRAME,C-ARG1     1.0000    0.0000    0.0000        36
       -2,VBN,punct     1.0000    0.0000    0.0000        27
   2,FRAME,ARGM-DIS     1.0000    0.0000    0.0000        27
         1,VBZ,mark     1.0000    0.0000    0.0000        26
       -1,VBN,punct     1.0000    0.0000    0.0000       107
        -1,IN,fixed     1.0000    0.0000    0.0000        23
        1,NN,nummod     1.0000    0.0000    0.0000        77
-1,VBD,compound:prt     1.0000    0.0000    0.0000         8
         1,NNPS,det     1.0000    0.0000    0.0000        20
       -1,NNPS,nmod     1.0000    0.0000    0.0000         6
         -1,VBD,obj     1.0000    0.0000    0.0000         3
       -3,VBD,punct     1.0000    0.0000    0.0000        15
        1,VB,advmod     1.0000    0.0000    0.0000        10
        -1,VB,xcomp     1.0000    0.0000    0.0000        12
          1,VB,expl     1.0000    0.0000    0.0000         9
         1,VBP,mark     1.0000    0.0000    0.0000        51
   2,FRAME,ARGM-TMP     1.0000    0.0000    0.0000        31
        -1,VBP,conj     1.0000    0.0000    0.0000        30
       -1,NNP,appos     1.0000    0.0000    0.0000        43
        -1,NN,appos     1.0000    0.0000    0.0000        60
         2,VBN,mark     1.0000    0.0000    0.0000         6
         -1,NNS,acl     1.0000    0.0000    0.0000        24
      -2,FRAME,ARG0     1.0000    0.0000    0.0000         8
  -4,FRAME,ARGM-TMP     1.0000    0.0000    0.0000         2
       -2,VBD,punct     1.0000    0.0000    0.0000        49
        -1,NNS,nmod     1.0000    0.0000    0.0000       104
           1,NNS,cc     1.0000    0.0000    0.0000        72
        -1,NNS,conj     1.0000    0.0000    0.0000        54
        1,VBG,punct     1.0000    0.0000    0.0000        23
        -1,VBG,conj     1.0000    0.0000    0.0000        19
           1,VBG,cc     1.0000    0.0000    0.0000        25
        -2,VBG,conj     1.0000    0.0000    0.0000         4
        -1,NNS,amod     1.0000    0.0000    0.0000         7
         -1,NN,case     1.0000    0.0000    0.0000        14
         -1,JJ,conj     1.0000    0.0000    0.0000        76
       3,FRAME,ARG1     1.0000    0.0000    0.0000        29
          2,VBN,aux     1.0000    0.0000    0.0000        14
   1,FRAME,ARGM-MNR     1.0000    0.0000    0.0000        53
      -1,NNS,advmod     1.0000    0.0000    0.0000        11
        1,NNPS,amod     1.0000    0.0000    0.0000         8
    1,JJ,cc:preconj     1.0000    0.0000    0.0000         1
  -2,FRAME,ARGM-CAU     1.0000    0.0000    0.0000         8
         -2,JJ,conj     1.0000    0.0000    0.0000        23
       1,NNS,advmod     1.0000    0.0000    0.0000         9
        -1,JJ,fixed     1.0000    0.0000    0.0000         3
         1,PRP,case     1.0000    0.0000    0.0000        70
        1,NNPS,case     1.0000    0.0000    0.0000        24
          1,NNPS,cc     1.0000    0.0000    0.0000         5
       -1,NNPS,conj     1.0000    0.0000    0.0000         4
  -2,FRAME,ARGM-TMP     1.0000    0.0000    0.0000        43
    -2,FRAME,C-ARG1     1.0000    0.0000    0.0000        11
  -3,FRAME,ARGM-ADV     1.0000    0.0000    0.0000        16
  -1,FRAME,ARGM-CAU     1.0000    0.0000    0.0000        10
          1,CD,nmod     1.0000    0.0000    0.0000         2
  -6,FRAME,ARGM-ADV     1.0000    0.0000    0.0000         2
     1,FRAME,R-ARG1     1.0000    0.0000    0.0000        29
  -2,FRAME,ARGM-ADJ     1.0000    0.0000    0.0000         6
           2,JJ,cop     1.0000    0.0000    0.0000         7
   1,FRAME,ARGM-EXT     1.0000    0.0000    0.0000        87
    -1,VB,parataxis     1.0000    0.0000    0.0000        12
         -2,NN,nmod     1.0000    0.0000    0.0000        33
      -1,NNS,nummod     1.0000    0.0000    0.0000         2
          1,CD,case     1.0000    0.0000    0.0000        73
         1,CD,punct     1.0000    0.0000    0.0000        31
         -2,CD,conj     1.0000    0.0000    0.0000         1
          2,CD,case     1.0000    0.0000    0.0000         1
      1,CD,compound     1.0000    0.0000    0.0000         8
         -2,CD,nmod     1.0000    0.0000    0.0000         2
         2,CD,punct     1.0000    0.0000    0.0000        20
         -6,CD,conj     1.0000    0.0000    0.0000         1
            1,CD,cc     1.0000    0.0000    0.0000         8
         -7,CD,conj     1.0000    0.0000    0.0000         1
        -8,CD,punct     1.0000    0.0000    0.0000         1
         1,WDT,case     1.0000    0.0000    0.0000        11
 1,FRAME,R-ARGM-MNR     1.0000    0.0000    0.0000         8
        1,NNP,punct     1.0000    0.0000    0.0000        97
        -1,NNP,conj     1.0000    0.0000    0.0000        66
        -2,NNP,conj     1.0000    0.0000    0.0000        32
           1,NNP,cc     1.0000    0.0000    0.0000        60
        -3,NNP,conj     1.0000    0.0000    0.0000         8
   2,FRAME,ARGM-MNR     1.0000    0.0000    0.0000         9
         -1,CD,conj     1.0000    0.0000    0.0000         8
        -1,CD,punct     1.0000    0.0000    0.0000        18
     -1,CD,compound     1.0000    0.0000    0.0000         6
        -3,NN,punct     1.0000    0.0000    0.0000        27
    -3,NN,acl:relcl     1.0000    0.0000    0.0000         2
  -1,FRAME,ARGM-EXT     1.0000    0.0000    0.0000        14
    -1,NNS,compound     1.0000    0.0000    0.0000         4
          1,DT,case     1.0000    0.0000    0.0000        23
         -1,DT,nmod     1.0000    0.0000    0.0000        15
         -3,CD,conj     1.0000    0.0000    0.0000         1
  -3,FRAME,ARGM-TMP     1.0000    0.0000    0.0000         4
      10,FRAME,ARG0     1.0000    0.0000    0.0000         1
        -2,NNP,case     1.0000    0.0000    0.0000         7
            1,JJ,cc     1.0000    0.0000    0.0000        89
    -1,JJ,parataxis     1.0000    0.0000    0.0000        15
          1,NNS,cop     1.0000    0.0000    0.0000        14
   3,FRAME,ARGM-LOC     1.0000    0.0000    0.0000         1
 3,FRAME,R-ARGM-LOC     1.0000    0.0000    0.0000         1
   3,FRAME,ARGM-ADV     1.0000    0.0000    0.0000        12
   2,FRAME,ARGM-MOD     1.0000    0.0000    0.0000        49
   1,NNS,cc:preconj     1.0000    0.0000    0.0000         1
            2,NN,cc     1.0000    0.0000    0.0000        18
           2,NNP,cc     1.0000    0.0000    0.0000        15
      -3,NNP,advmod     1.0000    0.0000    0.0000         1
       -1,VBD,xcomp     1.0000    0.0000    0.0000        10
          1,JJ,expl     1.0000    0.0000    0.0000         4
     1,VBN,compound     1.0000    0.0000    0.0000         6
      2,NN,compound     1.0000    0.0000    0.0000        34
        -2,JJ,punct     1.0000    0.0000    0.0000        54
      -4,FRAME,ARG1     1.0000    0.0000    0.0000         4
    1,NNP,nmod:poss     1.0000    0.0000    0.0000         9
  -4,FRAME,ARGM-LOC     1.0000    0.0000    0.0000         1
        -5,JJ,punct     1.0000    0.0000    0.0000         2
          -2,NN,acl     1.0000    0.0000    0.0000         5
     1,RB,obl:npmod     1.0000    0.0000    0.0000        11
          -3,NN,acl     1.0000    0.0000    0.0000         4
   2,FRAME,ARGM-PRR     1.0000    0.0000    0.0000         2
  -3,FRAME,ARGM-PRP     1.0000    0.0000    0.0000         2
         -1,RB,conj     1.0000    0.0000    0.0000        14
        -1,RB,punct     1.0000    0.0000    0.0000        26
  -4,FRAME,ARGM-PRD     1.0000    0.0000    0.0000         1
       -1,VBG,fixed     1.0000    0.0000    0.0000         5
   1,FRAME,ARGM-PRP     1.0000    0.0000    0.0000         5
-1,VBG,compound:prt     1.0000    0.0000    0.0000         9
       4,NNP,advmod     1.0000    0.0000    0.0000         1
     3,NNP,compound     1.0000    0.0000    0.0000         7
        -1,JJS,nmod     1.0000    0.0000    0.0000         4
    -3,NN,parataxis     1.0000    0.0000    0.0000         1
       -1,VBG,advcl     1.0000    0.0000    0.0000         1
       -2,NN,advmod     1.0000    0.0000    0.0000         1
        -8,NN,punct     1.0000    0.0000    0.0000         1
         1,NNS,mark     1.0000    0.0000    0.0000         4
        -2,RB,advcl     1.0000    0.0000    0.0000         3
        -4,JJ,punct     1.0000    0.0000    0.0000         9
       -1,VBG,xcomp     1.0000    0.0000    0.0000         6
     2,NN,nmod:poss     1.0000    0.0000    0.0000        20
        -5,NN,punct     1.0000    0.0000    0.0000         2
   -1,VBZ,parataxis     1.0000    0.0000    0.0000         9
       -3,VBZ,punct     1.0000    0.0000    0.0000         7
        -1,FW,punct     1.0000    0.0000    0.0000         1
       -1,FRAME,C-V     1.0000    0.0000    0.0000        14
       -1,VBG,ccomp     1.0000    0.0000    0.0000         1
    -1,NN,nmod:tmod     1.0000    0.0000    0.0000         8
       -2,VBG,punct     1.0000    0.0000    0.0000        20
        -4,VBZ,conj     1.0000    0.0000    0.0000         2
 1,FRAME,R-ARGM-LOC     1.0000    0.0000    0.0000         4
   -1,NNP,acl:relcl     1.0000    0.0000    0.0000         4
       -4,VBZ,punct     1.0000    0.0000    0.0000         2
       2,NNP,advmod     1.0000    0.0000    0.0000         1
       -2,NNP,punct     1.0000    0.0000    0.0000        60
       -2,NNP,appos     1.0000    0.0000    0.0000        13
   1,FRAME,ARGM-PRD     1.0000    0.0000    0.0000        11
      -1,NNP,nummod     1.0000    0.0000    0.0000        28
       -1,NNP,punct     1.0000    0.0000    0.0000       114
   -1,NNS,acl:relcl     1.0000    0.0000    0.0000        30
        1,CD,advmod     1.0000    0.0000    0.0000        12
    1,CD,nmod:npmod     1.0000    0.0000    0.0000         2
   4,FRAME,ARGM-TMP     1.0000    0.0000    0.0000         1
         2,VB,punct     1.0000    0.0000    0.0000         5
       4,FRAME,ARG0     1.0000    0.0000    0.0000         2
         2,NNS,mark     1.0000    0.0000    0.0000         3
      -3,FRAME,ARG0     1.0000    0.0000    0.0000         1
         3,NNP,case     1.0000    0.0000    0.0000        16
          3,NNP,det     1.0000    0.0000    0.0000        13
        -4,NNP,nmod     1.0000    0.0000    0.0000         1
       7,FRAME,ARG0     1.0000    0.0000    0.0000         1
         -1,VB,conj     1.0000    0.0000    0.0000        49
       1,VBD,advmod     1.0000    0.0000    0.0000         3
          -1,WP,cop     1.0000    0.0000    0.0000        15
        -1,WP,punct     1.0000    0.0000    0.0000        18
   1,VBN,nsubj:pass     1.0000    0.0000    0.0000         2
         -2,NN,conj     1.0000    0.0000    0.0000        36
       1,NNPS,punct     1.0000    0.0000    0.0000         5
      1,NNPS,advmod     1.0000    0.0000    0.0000         3
         -1,NNP,acl     1.0000    0.0000    0.0000         5
          1,NNS,aux     1.0000    0.0000    0.0000         2
        -1,JJ,xcomp     1.0000    0.0000    0.0000         2
         3,RB,punct     1.0000    0.0000    0.0000         1
        2,RB,advmod     1.0000    0.0000    0.0000         1
          2,RB,mark     1.0000    0.0000    0.0000         2
        -1,VB,advcl     1.0000    0.0000    0.0000         1
       -1,NNS,punct     1.0000    0.0000    0.0000        64
           1,NN,aux     1.0000    0.0000    0.0000         4
        2,VBN,punct     1.0000    0.0000    0.0000         4
           2,VBN,cc     1.0000    0.0000    0.0000         3
    1,NNPS,compound     1.0000    0.0000    0.0000        31
          2,NN,mark     1.0000    0.0000    0.0000         3
   -4,NNP,parataxis     1.0000    0.0000    0.0000         1
  -2,FRAME,ARGM-COM     1.0000    0.0000    0.0000         2
       -5,NNP,punct     1.0000    0.0000    0.0000        12
   1,VBN,csubj:pass     1.0000    0.0000    0.0000         1
  -2,FRAME,ARGM-MNR     1.0000    0.0000    0.0000         8
    -1,FRAME,R-ARG1     1.0000    0.0000    0.0000         1
      -7,FRAME,ARG1     1.0000    0.0000    0.0000         2
          -2,JJ,obl     1.0000    0.0000    0.0000         5
         1,NNP,amod     1.0000    0.0000    0.0000        11
  -1,FRAME,ARGM-COM     1.0000    0.0000    0.0000        11
            1,VB,cc     1.0000    0.0000    0.0000        91
        -2,VBD,conj     1.0000    0.0000    0.0000         5
  -3,FRAME,ARGM-DIS     1.0000    0.0000    0.0000         3
         -2,NNS,acl     1.0000    0.0000    0.0000         1
       -4,NNS,punct     1.0000    0.0000    0.0000         2
    -3,FRAME,C-ARG1     1.0000    0.0000    0.0000         4
     2,FRAME,R-ARG0     1.0000    0.0000    0.0000        10
       5,FRAME,ARG1     1.0000    0.0000    0.0000         2
      -1,NNPS,punct     1.0000    0.0000    0.0000         5
         -1,JJ,nmod     1.0000    0.0000    0.0000         2
  -1,NNPS,acl:relcl     1.0000    0.0000    0.0000         2
        -1,NNP,list     1.0000    0.0000    0.0000        19
       6,FRAME,ARG0     1.0000    0.0000    0.0000         1
         -1,VBD,obl     1.0000    0.0000    0.0000         1
       -1,VBD,advcl     1.0000    0.0000    0.0000         2
      -4,FRAME,ARG2     1.0000    0.0000    0.0000         1
       7,FRAME,ARG1     1.0000    0.0000    0.0000         1
        -3,NNP,nmod     1.0000    0.0000    0.0000         4
          1,WRB,cop     1.0000    0.0000    0.0000         1
   -1,WRB,acl:relcl     1.0000    0.0000    0.0000         2
       -1,WRB,punct     1.0000    0.0000    0.0000         4
   -1,VBG,parataxis     1.0000    0.0000    0.0000         7
   3,FRAME,ARGM-DIS     1.0000    0.0000    0.0000         5
          1,RB,case     1.0000    0.0000    0.0000         8
        -2,NNP,list     1.0000    0.0000    0.0000        40
        -3,NNP,list     1.0000    0.0000    0.0000        42
       -3,NNP,punct     1.0000    0.0000    0.0000        42
        -4,NNP,list     1.0000    0.0000    0.0000        30
      1,RB,obl:tmod     1.0000    0.0000    0.0000         1
   -5,NNP,parataxis     1.0000    0.0000    0.0000         1
       -8,NNP,punct     1.0000    0.0000    0.0000         1
         -3,NNP,acl     1.0000    0.0000    0.0000         1
   -1,NN,nmod:npmod     1.0000    0.0000    0.0000         3
        -5,NNP,list     1.0000    0.0000    0.0000        12
       -6,NNP,punct     1.0000    0.0000    0.0000         3
   1,FRAME,ARGM-GOL     1.0000    0.0000    0.0000         2
       2,FRAME,ARG2     1.0000    0.0000    0.0000        10
        -3,NNP,flat     1.0000    0.0000    0.0000         6
   4,FRAME,ARGM-DIS     1.0000    0.0000    0.0000         1
   2,FRAME,ARGM-CAU     1.0000    0.0000    0.0000         7
   1,FRAME,ARGM-CXN     1.0000    0.0000    0.0000         5
-2,FRAME,C-ARGM-CXN     1.0000    0.0000    0.0000         1
        5,NNP,punct     1.0000    0.0000    0.0000         1
     4,NNP,compound     1.0000    0.0000    0.0000         2
        4,NNP,punct     1.0000    0.0000    0.0000         2
       -7,NNP,appos     1.0000    0.0000    0.0000         1
        -4,NNP,conj     1.0000    0.0000    0.0000         6
      -1,VBN,advmod     1.0000    0.0000    0.0000         1
        -4,NN,punct     1.0000    0.0000    0.0000        20
           1,CD,det     1.0000    0.0000    0.0000         7
          1,CD,amod     1.0000    0.0000    0.0000         3
      1,NNPS,nummod     1.0000    0.0000    0.0000         1
      1,JJ,compound     1.0000    0.0000    0.0000         4
         2,NNP,amod     1.0000    0.0000    0.0000         6
        2,CD,advmod     1.0000    0.0000    0.0000         2
          2,NNP,cop     1.0000    0.0000    0.0000         7
       1,NNP,advmod     1.0000    0.0000    0.0000         4
        1,DT,advmod     1.0000    0.0000    0.0000         1
          1,NNP,cop     1.0000    0.0000    0.0000        18
        -5,NNP,conj     1.0000    0.0000    0.0000         4
      -1,VBG,advmod     1.0000    0.0000    0.0000         4
          2,JJ,mark     1.0000    0.0000    0.0000         3
        2,JJ,advmod     1.0000    0.0000    0.0000         1
          1,JJ,amod     1.0000    0.0000    0.0000        10
   1,VBD,reparandum     1.0000    0.0000    0.0000         1
        1,VBD,nsubj     1.0000    0.0000    0.0000         3
         3,NNP,amod     1.0000    0.0000    0.0000         1
      -3,FRAME,ARG2     1.0000    0.0000    0.0000         5
         1,VBP,expl     1.0000    0.0000    0.0000        12
 2,FRAME,R-ARGM-LOC     1.0000    0.0000    0.0000         2
         1,VBN,expl     1.0000    0.0000    0.0000         1
         2,JJ,punct     1.0000    0.0000    0.0000         2
            2,JJ,cc     1.0000    0.0000    0.0000         3
 2,FRAME,R-ARGM-ADJ     1.0000    0.0000    0.0000         1
        1,NNP,nsubj     1.0000    0.0000    0.0000         1
      -1,VBD,advmod     1.0000    0.0000    0.0000         1
   4,FRAME,ARGM-ADV     1.0000    0.0000    0.0000         5
      -6,FRAME,ARG1     1.0000    0.0000    0.0000         1
        -1,VB,nsubj     1.0000    0.0000    0.0000         1
       -4,VBD,punct     1.0000    0.0000    0.0000         3
           1,UH,cop     1.0000    0.0000    0.0000         1
         1,UH,punct     1.0000    0.0000    0.0000         4
        -1,UH,punct     1.0000    0.0000    0.0000        21
      -2,NNS,advmod     1.0000    0.0000    0.0000         1
     3,NN,nmod:poss     1.0000    0.0000    0.0000         2
       -5,VBD,punct     1.0000    0.0000    0.0000         1
   6,FRAME,ARGM-ADV     1.0000    0.0000    0.0000         3
         1,VBD,expl     1.0000    0.0000    0.0000         7
         1,PRP,mark     1.0000    0.0000    0.0000         2
          1,PRP,cop     1.0000    0.0000    0.0000         2
         1,WP,punct     1.0000    0.0000    0.0000         2
  -4,FRAME,ARGM-ADV     1.0000    0.0000    0.0000         2
       -1,VBD,nsubj     1.0000    0.0000    0.0000         1
  -1,FRAME,ARGM-DIR     1.0000    0.0000    0.0000        39
         -4,JJ,conj     1.0000    0.0000    0.0000         1
    1,NN,det:predet     1.0000    0.0000    0.0000        13
          -1,DT,acl     1.0000    0.0000    0.0000         1
       1,VBG,advmod     1.0000    0.0000    0.0000         5
   -1,VBP,parataxis     1.0000    0.0000    0.0000        16
            1,$,cop     1.0000    0.0000    0.0000         2
           1,$,case     1.0000    0.0000    0.0000         6
        -1,$,nummod     1.0000    0.0000    0.0000        26
    -1,$,nmod:npmod     1.0000    0.0000    0.0000         1
    -1,FRAME,C-ARG3     1.0000    0.0000    0.0000         2
          -1,RP,obl     1.0000    0.0000    0.0000         1
            1,RB,cc     1.0000    0.0000    0.0000        14
       -1,NN,nummod     1.0000    0.0000    0.0000        17
          -1,JJ,cop     1.0000    0.0000    0.0000         3
    -1,CD,nmod:tmod     1.0000    0.0000    0.0000         2
          -1,UH,obl     1.0000    0.0000    0.0000         2
          1,VBD,obj     1.0000    0.0000    0.0000         1
  -1,FRAME,ARGM-LVB     1.0000    0.0000    0.0000         2
  -2,FRAME,ARGM-DIS     1.0000    0.0000    0.0000         5
  -2,FRAME,ARGM-PRD     1.0000    0.0000    0.0000         2
        -3,JJ,punct     1.0000    0.0000    0.0000        16
       -5,NNP,appos     1.0000    0.0000    0.0000         6
       -1,PRP$,conj     1.0000    0.0000    0.0000         1
     -1,UH,vocative     1.0000    0.0000    0.0000         4
   1,NNS,det:predet     1.0000    0.0000    0.0000         7
      -2,FRAME,ARG3     1.0000    0.0000    0.0000         2
        -2,VBP,conj     1.0000    0.0000    0.0000         4
    -1,NN,parataxis     1.0000    0.0000    0.0000        26
   -1,NNP,parataxis     1.0000    0.0000    0.0000         6
   -1,NNS,parataxis     1.0000    0.0000    0.0000         5
    1,NNP,discourse     1.0000    0.0000    0.0000         2
       -1,JJS,punct     1.0000    0.0000    0.0000        10
       1,RBR,advmod     1.0000    0.0000    0.0000         6
        -2,VBZ,conj     1.0000    0.0000    0.0000         3
  -2,FRAME,ARGM-DIR     1.0000    0.0000    0.0000         5
  -1,FRAME,ARGM-DIS     1.0000    0.0000    0.0000        21
           1,RB,cop     1.0000    0.0000    0.0000        11
        1,VBG,advcl     1.0000    0.0000    0.0000         1
       4,FRAME,ARG1     1.0000    0.0000    0.0000         7
     2,NN,parataxis     1.0000    0.0000    0.0000         2
       -1,JJR,advcl     1.0000    0.0000    0.0000         1
-1,FRAME,C-ARGM-CXN     1.0000    0.0000    0.0000         4
           3,NN,det     1.0000    0.0000    0.0000        34
          3,NN,amod     1.0000    0.0000    0.0000         9
        -1,VBZ,expl     1.0000    0.0000    0.0000         5
            4,NN,cc     1.0000    0.0000    0.0000         2
           4,NN,det     1.0000    0.0000    0.0000         4
         -4,NN,conj     1.0000    0.0000    0.0000         5
  -3,FRAME,ARGM-LOC     1.0000    0.0000    0.0000         2
  -2,FRAME,ARGM-EXT     1.0000    0.0000    0.0000         1
        -8,NNP,list     1.0000    0.0000    0.0000         8
        1,CD,nummod     1.0000    0.0000    0.0000        24
       -12,NNP,list     1.0000    0.0000    0.0000         1
        -1,CD,appos     1.0000    0.0000    0.0000         9
       3,NNP,nummod     1.0000    0.0000    0.0000         1
       -14,NNP,list     1.0000    0.0000    0.0000         1
       -15,NNP,list     1.0000    0.0000    0.0000         2
       -17,NNP,list     1.0000    0.0000    0.0000         1
       -1,ADD,appos     1.0000    0.0000    0.0000         6
     1,ADD,compound     1.0000    0.0000    0.0000         5
    -2,CD,nmod:tmod     1.0000    0.0000    0.0000        20
            1,DT,cc     1.0000    0.0000    0.0000         2
         -1,DT,conj     1.0000    0.0000    0.0000         1
           1,VB,cop     1.0000    0.0000    0.0000         2
         1,RB,punct     1.0000    0.0000    0.0000         8
          -1,RB,cop     1.0000    0.0000    0.0000        11
         -2,NNP,acl     1.0000    0.0000    0.0000         1
       -3,NNP,appos     1.0000    0.0000    0.0000         6
       -4,NNP,appos     1.0000    0.0000    0.0000         4
       1,NNP,nummod     1.0000    0.0000    0.0000         4
          3,NN,case     1.0000    0.0000    0.0000        21
   3,FRAME,ARGM-MNR     1.0000    0.0000    0.0000         1
    -1,VBN,aux:pass     1.0000    0.0000    0.0000         4
      1,JJ,vocative     1.0000    0.0000    0.0000         1
   -2,NNP,parataxis     1.0000    0.0000    0.0000         1
        -2,CD,punct     1.0000    0.0000    0.0000         6
   -2,NNP,acl:relcl     1.0000    0.0000    0.0000         2
       -1,CD,advmod     1.0000    0.0000    0.0000         3
       2,NNP,nummod     1.0000    0.0000    0.0000         3
         1,LS,punct     1.0000    0.0000    0.0000         3
        1,JJ,nummod     1.0000    0.0000    0.0000         2
        -1,LS,punct     1.0000    0.0000    0.0000         3
     1,JJ,nmod:poss     1.0000    0.0000    0.0000         1
       1,VBP,advmod     1.0000    0.0000    0.0000         5
        -1,JJ,advcl     1.0000    0.0000    0.0000        10
      3,NN,compound     1.0000    0.0000    0.0000         5
         1,VB,nsubj     1.0000    0.0000    0.0000         4
       -1,VB,advmod     1.0000    0.0000    0.0000         6
        -6,NNP,list     1.0000    0.0000    0.0000        13
       -1,ADD,punct     1.0000    0.0000    0.0000        26
       -2,ADD,punct     1.0000    0.0000    0.0000         1
         -1,GW,flat     1.0000    0.0000    0.0000         1
         1,JJ,nsubj     1.0000    0.0000    0.0000         7
         2,RB,punct     1.0000    0.0000    0.0000         1
          -2,RB,cop     1.0000    0.0000    0.0000         1
   2,FRAME,ARGM-ADJ     1.0000    0.0000    0.0000         2
   -1,VBD,parataxis     1.0000    0.0000    0.0000         8
        -1,PRP,conj     1.0000    0.0000    0.0000         7
       -1,VBP,ccomp     1.0000    0.0000    0.0000         1
      -1,FRAME,ARG5     1.0000    0.0000    0.0000         1
    1,RBR,obl:npmod     1.0000    0.0000    0.0000         2
        -1,PRP,nmod     1.0000    0.0000    0.0000         2
        -1,$,advmod     1.0000    0.0000    0.0000         1
         1,ADD,case     1.0000    0.0000    0.0000         6
        1,ADD,punct     1.0000    0.0000    0.0000        25
         -1,NN,list     1.0000    0.0000    0.0000        17
        -7,NNP,list     1.0000    0.0000    0.0000         3
       -7,NNP,punct     1.0000    0.0000    0.0000         2
         1,GW,punct     1.0000    0.0000    0.0000         5
     -1,GW,goeswith     1.0000    0.0000    0.0000         8
        -2,GW,punct     1.0000    0.0000    0.0000         1
     -2,GW,goeswith     1.0000    0.0000    0.0000         3
        -3,GW,punct     1.0000    0.0000    0.0000         1
     -3,GW,goeswith     1.0000    0.0000    0.0000         1
       -3,GW,nummod     1.0000    0.0000    0.0000         1
           1,CD,cop     1.0000    0.0000    0.0000        11
   -1,CD,nmod:npmod     1.0000    0.0000    0.0000         2
          -1,CD,obl     1.0000    0.0000    0.0000         2
           1,JJR,cc     1.0000    0.0000    0.0000         7
        -1,JJR,conj     1.0000    0.0000    0.0000         2
         -2,JJR,obl     1.0000    0.0000    0.0000         1
       -1,NNS,appos     1.0000    0.0000    0.0000        13
        -1,NNP,amod     1.0000    0.0000    0.0000         2
        -2,NNS,nmod     1.0000    0.0000    0.0000         3
    -2,JJ,parataxis     1.0000    0.0000    0.0000         5
       -1,JJ,orphan     1.0000    0.0000    0.0000         1
      -1,VBP,advmod     1.0000    0.0000    0.0000         5
        -2,RB,punct     1.0000    0.0000    0.0000         4
         -1,VBN,cop     1.0000    0.0000    0.0000         1
        1,JJS,punct     1.0000    0.0000    0.0000         2
       -2,NNS,punct     1.0000    0.0000    0.0000         8
        -3,VBD,conj     1.0000    0.0000    0.0000         2
         -2,DT,nmod     1.0000    0.0000    0.0000         8
    1,VBZ,parataxis     1.0000    0.0000    0.0000         1
        -1,NN,advcl     1.0000    0.0000    0.0000         4
         4,NN,punct     1.0000    0.0000    0.0000         3
  -2,FRAME,ARGM-GOL     1.0000    0.0000    0.0000         2
  -2,FRAME,ARGM-PRP     1.0000    0.0000    0.0000         8
        -2,NNS,conj     1.0000    0.0000    0.0000         9
   -2,NNS,acl:relcl     1.0000    0.0000    0.0000         2
   1,VBN,cc:preconj     1.0000    0.0000    0.0000         2
      -1,$,compound     1.0000    0.0000    0.0000         2
          -1,$,nmod     1.0000    0.0000    0.0000         2
        -6,NN,punct     1.0000    0.0000    0.0000         2
         -2,NN,amod     1.0000    0.0000    0.0000         1
     1,NNS,vocative     1.0000    0.0000    0.0000         1
   3,FRAME,ARGM-TMP     1.0000    0.0000    0.0000         6
       -1,RB,advmod     1.0000    0.0000    0.0000         2
        -1,JJ,ccomp     1.0000    0.0000    0.0000         5
          1,RB,mark     1.0000    0.0000    0.0000         2
         1,NN,nsubj     1.0000    0.0000    0.0000         6
         -1,PRP,det     1.0000    0.0000    0.0000         3
   3,FRAME,ARGM-PRR     1.0000    0.0000    0.0000         1
  -3,FRAME,ARGM-MOD     1.0000    0.0000    0.0000         1
  -3,FRAME,ARGM-LVB     1.0000    0.0000    0.0000         1
        -4,VB,punct     1.0000    0.0000    0.0000         5
     -1,JJ,compound     1.0000    0.0000    0.0000         1
   2,FRAME,ARGM-PRD     1.0000    0.0000    0.0000         1
          1,VBG,cop     1.0000    0.0000    0.0000         1
       -1,JJ,advmod     1.0000    0.0000    0.0000         3
     -1,GW,compound     1.0000    0.0000    0.0000         1
  -2,FRAME,ARGM-LVB     1.0000    0.0000    0.0000         2
         7,NNP,case     1.0000    0.0000    0.0000         1
          7,NNP,det     1.0000    0.0000    0.0000         1
  -5,FRAME,ARGM-ADV     1.0000    0.0000    0.0000         1
           4,NNP,cc     1.0000    0.0000    0.0000         1
    4,NNP,nmod:poss     1.0000    0.0000    0.0000         1
        -3,VBN,conj     1.0000    0.0000    0.0000         2
       -4,VBN,punct     1.0000    0.0000    0.0000         3
   3,FRAME,ARGM-CAU     1.0000    0.0000    0.0000         2
     2,FRAME,R-ARG2     1.0000    0.0000    0.0000         1
  -1,FRAME,ARGM-MOD     1.0000    0.0000    0.0000         1
  -3,FRAME,ARGM-GOL     1.0000    0.0000    0.0000         2
          1,JJS,det     1.0000    0.0000    0.0000        13
         -1,JJS,obl     1.0000    0.0000    0.0000         5
        -9,NNP,list     1.0000    0.0000    0.0000         2
         -3,NN,nmod     1.0000    0.0000    0.0000         8
          2,CD,mark     1.0000    0.0000    0.0000         1
           2,CD,cop     1.0000    0.0000    0.0000         1
          -1,CD,acl     1.0000    0.0000    0.0000         1
        2,NN,advmod     1.0000    0.0000    0.0000         4
    -4,NN,acl:relcl     1.0000    0.0000    0.0000         2
          -1,MD,obj     1.0000    0.0000    0.0000         1
     -1,MD,obl:tmod     1.0000    0.0000    0.0000         1
        -1,MD,advcl     1.0000    0.0000    0.0000         1
        -1,MD,punct     1.0000    0.0000    0.0000         1
 5,FRAME,R-ARGM-ADV     1.0000    0.0000    0.0000         1
          4,NN,case     1.0000    0.0000    0.0000         1
         -4,NN,nmod     1.0000    0.0000    0.0000         3
        2,CD,nummod     1.0000    0.0000    0.0000         3
 3,FRAME,R-ARGM-DIR     1.0000    0.0000    0.0000         1
   1,VBN,reparandum     1.0000    0.0000    0.0000         1
   1,FRAME,ARGM-CAU     1.0000    0.0000    0.0000         8
        -1,VBP,expl     1.0000    0.0000    0.0000         3
  -5,FRAME,ARGM-PRP     1.0000    0.0000    0.0000         1
          -1,VB,obj     1.0000    0.0000    0.0000         1
          1,JJR,cop     1.0000    0.0000    0.0000         8
       3,FRAME,ARG2     1.0000    0.0000    0.0000         1
    -1,DT,acl:relcl     1.0000    0.0000    0.0000         4
     -1,NN,compound     1.0000    0.0000    0.0000         3
    -2,NN,nmod:tmod     1.0000    0.0000    0.0000         1
         -3,NN,list     1.0000    0.0000    0.0000        15
         -4,NN,list     1.0000    0.0000    0.0000        21
         -2,NN,list     1.0000    0.0000    0.0000        10
   2,FRAME,ARGM-NEG     1.0000    0.0000    0.0000        12
         4,VB,punct     1.0000    0.0000    0.0000         1
         -4,VB,conj     1.0000    0.0000    0.0000         2
        -5,VB,punct     1.0000    0.0000    0.0000         2
         -1,JJR,obl     1.0000    0.0000    0.0000         4
     1,JJ,obl:npmod     1.0000    0.0000    0.0000         7
       1,PRP,advmod     1.0000    0.0000    0.0000         3
        -3,NNS,conj     1.0000    0.0000    0.0000         8
        -4,NNS,conj     1.0000    0.0000    0.0000         5
        -5,NNS,conj     1.0000    0.0000    0.0000         2
    -3,JJ,parataxis     1.0000    0.0000    0.0000         1
    -1,FRAME,C-ARG0     1.0000    0.0000    0.0000         2
    -2,VB,parataxis     1.0000    0.0000    0.0000         7
 -1,FW,flat:foreign     1.0000    0.0000    0.0000         2
 -2,FW,flat:foreign     1.0000    0.0000    0.0000         2
 -3,FW,flat:foreign     1.0000    0.0000    0.0000         2
 -4,FW,flat:foreign     1.0000    0.0000    0.0000         1
    1,NN,nmod:npmod     1.0000    0.0000    0.0000         1
   1,NNP,reparandum     1.0000    0.0000    0.0000         1
   -2,VBD,discourse     1.0000    0.0000    0.0000         1
   -2,VBD,parataxis     1.0000    0.0000    0.0000         2
        -1,IN,advcl     1.0000    0.0000    0.0000         1
      -1,NNPS,appos     1.0000    0.0000    0.0000         2
  -1,NNPS,parataxis     1.0000    0.0000    0.0000         1
           1,PRP,cc     1.0000    0.0000    0.0000         3
       -1,PRP,appos     1.0000    0.0000    0.0000         2
       -1,NN,advmod     1.0000    0.0000    0.0000        12
    -2,CD,parataxis     1.0000    0.0000    0.0000         3
    1,NN,cc:preconj     1.0000    0.0000    0.0000         2
    -1,RB,discourse     1.0000    0.0000    0.0000         1
        -1,RB,appos     1.0000    0.0000    0.0000         1
        -2,VBN,conj     1.0000    0.0000    0.0000         4
          1,VBD,obl     1.0000    0.0000    0.0000         1
          1,JJS,cop     1.0000    0.0000    0.0000         7
         1,JJS,case     1.0000    0.0000    0.0000         4
        -2,JJS,conj     1.0000    0.0000    0.0000         1
       -2,JJS,punct     1.0000    0.0000    0.0000         2
         -3,JJ,conj     1.0000    0.0000    0.0000         4
          -4,JJ,obl     1.0000    0.0000    0.0000         1
       -1,NNP,xcomp     1.0000    0.0000    0.0000         1
         -3,NN,conj     1.0000    0.0000    0.0000        11
        3,NNP,punct     1.0000    0.0000    0.0000         2
          -1,NN,obl     1.0000    0.0000    0.0000         2
   1,FRAME,ARGM-PRR     1.0000    0.0000    0.0000         1
         -1,VBN,obl     1.0000    0.0000    0.0000         3
          1,,,punct     1.0000    0.0000    0.0000         1
         -1,,,punct     1.0000    0.0000    0.0000         1
    -1,FRAME,C-ARG2     1.0000    0.0000    0.0000         7
    2,NN,cc:preconj     1.0000    0.0000    0.0000         1
  -1,WDT,cc:preconj     1.0000    0.0000    0.0000         1
        -1,MD,xcomp     1.0000    0.0000    0.0000         1
         -2,MD,conj     1.0000    0.0000    0.0000         2
   -1,ADD,parataxis     1.0000    0.0000    0.0000         1
    1,NNS,discourse     1.0000    0.0000    0.0000         1
   9,FRAME,ARGM-ADV     1.0000    0.0000    0.0000         1
         -3,NN,amod     1.0000    0.0000    0.0000         1
            1,IN,cc     1.0000    0.0000    0.0000         4
         -1,IN,conj     1.0000    0.0000    0.0000         4
  -1,NNS,nmod:npmod     1.0000    0.0000    0.0000         1
        -7,NNP,conj     1.0000    0.0000    0.0000         1
     2,ADD,compound     1.0000    0.0000    0.0000         1
        -1,ADD,list     1.0000    0.0000    0.0000         2
        -2,ADD,list     1.0000    0.0000    0.0000         4
   -1,NNP,nmod:tmod     1.0000    0.0000    0.0000         3
       2,NNPS,punct     1.0000    0.0000    0.0000         1
      -1,JJR,advmod     1.0000    0.0000    0.0000         1
       -1,JJR,punct     1.0000    0.0000    0.0000         7
        -1,ADD,conj     1.0000    0.0000    0.0000         2
     1,VB,discourse     1.0000    0.0000    0.0000         2
      1,VB,vocative     1.0000    0.0000    0.0000         1
     1,RB,discourse     1.0000    0.0000    0.0000         1
      -2,FRAME,ARG4     1.0000    0.0000    0.0000         1
        -2,RB,fixed     1.0000    0.0000    0.0000         1
   -1,JJR,parataxis     1.0000    0.0000    0.0000         2
          5,NN,mark     1.0000    0.0000    0.0000         1
         5,NN,punct     1.0000    0.0000    0.0000         3
   1,FRAME,ARG1-DSP     1.0000    0.0000    0.0000         4
     1,NN,parataxis     1.0000    0.0000    0.0000         1
-2,FRAME,C-ARG1-DSP     1.0000    0.0000    0.0000         1
           1,WP,cop     1.0000    0.0000    0.0000         2
       -1,GW,advmod     1.0000    0.0000    0.0000         1
    -1,GW,acl:relcl     1.0000    0.0000    0.0000         1
      -5,FRAME,ARG1     1.0000    0.0000    0.0000         1
     2,NN,discourse     1.0000    0.0000    0.0000         1
       -1,RBR,advcl     1.0000    0.0000    0.0000         1
       -1,JJR,fixed     1.0000    0.0000    0.0000         3
       1,JJR,advmod     1.0000    0.0000    0.0000         1
    1,VB,cc:preconj     1.0000    0.0000    0.0000         1
  -3,FRAME,ARGM-CAU     1.0000    0.0000    0.0000         3
        -2,NN,appos     1.0000    0.0000    0.0000         2
          4,NN,amod     1.0000    0.0000    0.0000         2
       -3,VBG,punct     1.0000    0.0000    0.0000         1
   -1,NNP,discourse     1.0000    0.0000    0.0000         1
       -2,FRAME,C-V     1.0000    0.0000    0.0000         1
    -1,RB,obl:npmod     1.0000    0.0000    0.0000         1
          1,CD,mark     1.0000    0.0000    0.0000         2
         -1,RBR,obl     1.0000    0.0000    0.0000         2
        1,VBZ,nsubj     1.0000    0.0000    0.0000         3
   -1,PRP,discourse     1.0000    0.0000    0.0000         2
       -1,PRP,punct     1.0000    0.0000    0.0000         2
   -1,VBG,discourse     1.0000    0.0000    0.0000         1
    -1,NNP,compound     1.0000    0.0000    0.0000         1
    -1,WP,parataxis     1.0000    0.0000    0.0000         1
      1,$,parataxis     1.0000    0.0000    0.0000         1
             1,$,cc     1.0000    0.0000    0.0000         1
          -1,$,conj     1.0000    0.0000    0.0000         1
         -2,$,punct     1.0000    0.0000    0.0000         1
   -3,NNP,parataxis     1.0000    0.0000    0.0000         1
         1,RBS,case     1.0000    0.0000    0.0000         2
         1,VB,advcl     1.0000    0.0000    0.0000         1
         -1,WP,amod     1.0000    0.0000    0.0000         1
         1,FW,punct     1.0000    0.0000    0.0000         2
   -1,VBP,discourse     1.0000    0.0000    0.0000         2
    1,JJS,nmod:poss     1.0000    0.0000    0.0000         1
          1,MD,expl     1.0000    0.0000    0.0000         1
            1,MD,cc     1.0000    0.0000    0.0000         1
        -2,MD,punct     1.0000    0.0000    0.0000         2
          2,NN,expl     1.0000    0.0000    0.0000         1
    1,VBN,obl:npmod     1.0000    0.0000    0.0000         1
   -1,NNS,discourse     1.0000    0.0000    0.0000         1
           1,ADD,cc     1.0000    0.0000    0.0000         1
        -2,ADD,conj     1.0000    0.0000    0.0000         1
          1,NN,nmod     1.0000    0.0000    0.0000         2
    -1,NN,discourse     1.0000    0.0000    0.0000         3
         2,VBP,mark     1.0000    0.0000    0.0000         1
         1,JJR,mark     1.0000    0.0000    0.0000         5
    1,JJR,obl:npmod     1.0000    0.0000    0.0000         1
         -1,NNP,cop     1.0000    0.0000    0.0000         1
            1,WP,cc     1.0000    0.0000    0.0000         2
    -2,NN,parataxis     1.0000    0.0000    0.0000         2
       -1,VBP,advcl     1.0000    0.0000    0.0000         2
    -2,DT,discourse     1.0000    0.0000    0.0000         1
       -1,WRB,fixed     1.0000    0.0000    0.0000         1
           2,RB,aux     1.0000    0.0000    0.0000         2
  -1,FRAME,ARGM-CXN     1.0000    0.0000    0.0000         7
        -1,NNS,list     1.0000    0.0000    0.0000         1
        -2,NNS,list     1.0000    0.0000    0.0000         1
            1,CC,cc     1.0000    0.0000    0.0000         1
         1,CC,punct     1.0000    0.0000    0.0000         1
         2,RB,nsubj     1.0000    0.0000    0.0000         1
        1,VBP,nsubj     1.0000    0.0000    0.0000         5
         2,JJR,mark     1.0000    0.0000    0.0000         1
         -1,JJR,cop     1.0000    0.0000    0.0000         1
          -1,JJ,obj     1.0000    0.0000    0.0000         2
            3,RB,cc     1.0000    0.0000    0.0000         1
            2,RB,cc     1.0000    0.0000    0.0000         1
           2,RB,cop     1.0000    0.0000    0.0000         1
   -3,NNP,discourse     1.0000    0.0000    0.0000         1
     1,VBN,vocative     1.0000    0.0000    0.0000         1
            1,UH,cc     1.0000    0.0000    0.0000         1
    -1,VB,discourse     1.0000    0.0000    0.0000         3
          3,NN,mark     1.0000    0.0000    0.0000         1
        -1,VB,ccomp     1.0000    0.0000    0.0000         1
          1,JJS,obl     1.0000    0.0000    0.0000         1
           1,WRB,cc     1.0000    0.0000    0.0000         3
        -1,JJS,conj     1.0000    0.0000    0.0000         1
    1,DT,det:predet     1.0000    0.0000    0.0000         1
          -1,JJ,acl     1.0000    0.0000    0.0000         1
    1,DT,nmod:npmod     1.0000    0.0000    0.0000         1
           2,NNS,cc     1.0000    0.0000    0.0000         1
     2,NNS,compound     1.0000    0.0000    0.0000         2
   -2,VBG,parataxis     1.0000    0.0000    0.0000         2
       -1,VBZ,advcl     1.0000    0.0000    0.0000         2
          1,NNP,dep     1.0000    0.0000    0.0000         1
        1,WP,advmod     1.0000    0.0000    0.0000         2
   -1,NNS,nmod:tmod     1.0000    0.0000    0.0000         1
    2,JJR,discourse     1.0000    0.0000    0.0000         1
           2,JJR,cc     1.0000    0.0000    0.0000         1
        1,JJR,advcl     1.0000    0.0000    0.0000         1
   -1,JJR,discourse     1.0000    0.0000    0.0000         1
        1,PRP$,case     1.0000    0.0000    0.0000         1
         -5,VB,conj     1.0000    0.0000    0.0000         1
         -6,VB,conj     1.0000    0.0000    0.0000         1
         -1,WRB,cop     1.0000    0.0000    0.0000         1
    -1,RB,acl:relcl     1.0000    0.0000    0.0000         2
         1,CD,advcl     1.0000    0.0000    0.0000         1
-1,FRAME,C-ARGM-LOC     1.0000    0.0000    0.0000         1
    -1,JJ,discourse     1.0000    0.0000    0.0000         4
        -6,NNP,conj     1.0000    0.0000    0.0000         1
        -1,NNS,case     1.0000    0.0000    0.0000         2
    -1,CD,acl:relcl     1.0000    0.0000    0.0000         1
           1,JJ,obj     1.0000    0.0000    0.0000         1
       1,FRAME,ARGA     1.0000    0.0000    0.0000         2
   -2,VBP,parataxis     1.0000    0.0000    0.0000         3
   -1,VBN,parataxis     1.0000    0.0000    0.0000         2
         2,DT,punct     1.0000    0.0000    0.0000         1
           1,DT,cop     1.0000    0.0000    0.0000         1
        -1,DT,punct     1.0000    0.0000    0.0000         3
    -2,NNP,compound     1.0000    0.0000    0.0000         2
    -4,NN,parataxis     1.0000    0.0000    0.0000         1
    -6,NN,parataxis     1.0000    0.0000    0.0000         1
         -1,WDT,cop     1.0000    0.0000    0.0000         1
         2,NNP,nmod     1.0000    0.0000    0.0000         1
   -2,WDT,parataxis     1.0000    0.0000    0.0000         1
       -2,WDT,punct     1.0000    0.0000    0.0000         1
     1,NN,discourse     1.0000    0.0000    0.0000         1
       -1,NNPS,case     1.0000    0.0000    0.0000         1
   4,FRAME,ARGM-CAU     1.0000    0.0000    0.0000         1
   -2,VBN,parataxis     1.0000    0.0000    0.0000         2
      1,IN,goeswith     1.0000    0.0000    0.0000         1
           2,VBZ,cc     1.0000    0.0000    0.0000         2
       -1,DT,advmod     1.0000    0.0000    0.0000         2
    -1,VBN,compound     1.0000    0.0000    0.0000         2
   -1,VBD,discourse     1.0000    0.0000    0.0000         1
   3,FRAME,ARGM-MOD     1.0000    0.0000    0.0000         3
       -2,VBG,advcl     1.0000    0.0000    0.0000         1
     3,FRAME,R-ARG1     1.0000    0.0000    0.0000         1
         1,NNS,nmod     1.0000    0.0000    0.0000         1
            2,VB,cc     1.0000    0.0000    0.0000         2
        2,VBZ,punct     1.0000    0.0000    0.0000         1
          3,NNP,cop     1.0000    0.0000    0.0000         1
        -1,RB,xcomp     1.0000    0.0000    0.0000         1
            3,VB,cc     1.0000    0.0000    0.0000         1
         2,VB,advcl     1.0000    0.0000    0.0000         1
    2,NNP,nmod:poss     1.0000    0.0000    0.0000         2
-1,VBP,compound:prt     1.0000    0.0000    0.0000         3
      -3,FRAME,ARG3     1.0000    0.0000    0.0000         1
        -3,VBZ,conj     1.0000    0.0000    0.0000         1
         1,RBR,mark     1.0000    0.0000    0.0000         2
        1,RBR,advcl     1.0000    0.0000    0.0000         1
        -1,RBR,conj     1.0000    0.0000    0.0000         1
       -2,RBR,punct     1.0000    0.0000    0.0000         1
       -1,WRB,advcl     1.0000    0.0000    0.0000         1
   -1,WRB,parataxis     1.0000    0.0000    0.0000         1
    -3,VB,discourse     1.0000    0.0000    0.0000         1
         1,MD,punct     1.0000    0.0000    0.0000         2
        1,MD,advmod     1.0000    0.0000    0.0000         1
         1,MD,advcl     1.0000    0.0000    0.0000         1
         1,MD,nsubj     1.0000    0.0000    0.0000         2
          1,RBS,det     1.0000    0.0000    0.0000         1
    -1,RB,parataxis     1.0000    0.0000    0.0000         2
        2,NN,nummod     1.0000    0.0000    0.0000         2
        3,NN,nummod     1.0000    0.0000    0.0000         1
        -3,NNS,nmod     1.0000    0.0000    0.0000         1
    -2,NN,discourse     1.0000    0.0000    0.0000         1
       2,FRAME,ARG3     1.0000    0.0000    0.0000         1
    -1,UH,discourse     1.0000    0.0000    0.0000         1
    -2,UH,discourse     1.0000    0.0000    0.0000         1
        -3,UH,punct     1.0000    0.0000    0.0000         1
          1,RB,amod     1.0000    0.0000    0.0000         3
       -3,NNS,punct     1.0000    0.0000    0.0000         1
         1,NNP,mark     1.0000    0.0000    0.0000         1
           4,NN,cop     1.0000    0.0000    0.0000         1
        4,NN,nummod     1.0000    0.0000    0.0000         1
        -4,NNP,flat     1.0000    0.0000    0.0000         1
       1,JJS,advmod     1.0000    0.0000    0.0000         2
          -1,VB,obl     1.0000    0.0000    0.0000         1
          1,CD,list     1.0000    0.0000    0.0000         1
   -2,VBP,discourse     1.0000    0.0000    0.0000         2
    -1,NNP,vocative     1.0000    0.0000    0.0000         1
        -1,VBN,list     1.0000    0.0000    0.0000         1
         -6,NN,conj     1.0000    0.0000    0.0000         1
         -7,NN,conj     1.0000    0.0000    0.0000         1
         -9,NN,conj     1.0000    0.0000    0.0000         1
        -12,NN,conj     1.0000    0.0000    0.0000         1
       -13,NN,punct     1.0000    0.0000    0.0000         1
   -1,JJS,acl:relcl     1.0000    0.0000    0.0000         1
      -1,NNP,advmod     1.0000    0.0000    0.0000         1
     1,VBG,compound     1.0000    0.0000    0.0000         1
      -1,PRP$,xcomp     1.0000    0.0000    0.0000         1
         -1,RBS,obl     1.0000    0.0000    0.0000         2
         -2,RB,conj     1.0000    0.0000    0.0000         1
       -1,RBR,ccomp     1.0000    0.0000    0.0000         1
       -2,DT,advmod     1.0000    0.0000    0.0000         1
           1,IN,aux     1.0000    0.0000    0.0000         2
           1,IN,cop     1.0000    0.0000    0.0000         2
           1,RB,obl     1.0000    0.0000    0.0000         1
          1,JJR,aux     1.0000    0.0000    0.0000         2
          2,JJ,case     1.0000    0.0000    0.0000         1
         1,DT,punct     1.0000    0.0000    0.0000         1
       -1,VBN,appos     1.0000    0.0000    0.0000         1
   1,FRAME,ARGM-DIR     1.0000    0.0000    0.0000         2
      -1,JJS,advmod     1.0000    0.0000    0.0000         2
           1,JJS,cc     1.0000    0.0000    0.0000         2
    -1,CD,parataxis     1.0000    0.0000    0.0000         1
      1,JJ,goeswith     1.0000    0.0000    0.0000         2
         2,NNP,mark     1.0000    0.0000    0.0000         2
         1,$,advmod     1.0000    0.0000    0.0000         1
         4,NN,nsubj     1.0000    0.0000    0.0000         1
      1,JJ,aux:pass     1.0000    0.0000    0.0000         1
     -1,VB,compound     1.0000    0.0000    0.0000         1
          2,NNS,det     1.0000    0.0000    0.0000         1
         -1,WRB,obl     1.0000    0.0000    0.0000         1
          1,RBR,cop     1.0000    0.0000    0.0000         1
       -1,RBR,punct     1.0000    0.0000    0.0000         1
        -1,NN,csubj     1.0000    0.0000    0.0000         1
         -1,VBG,obl     1.0000    0.0000    0.0000         1
           3,NN,cop     1.0000    0.0000    0.0000         1
       1,VBZ,advmod     1.0000    0.0000    0.0000         1
         -1,JJ,expl     1.0000    0.0000    0.0000         1
       -3,VBD,advcl     1.0000    0.0000    0.0000         1
          -1,NN,cop     1.0000    0.0000    0.0000         1
          1,MD,mark     1.0000    0.0000    0.0000         1
     1,JJ,discourse     1.0000    0.0000    0.0000         1
        -3,VBG,conj     1.0000    0.0000    0.0000         1

           accuracy                         0.1093     25096
          macro avg     0.9945    0.0029    0.0012     25096
       weighted avg     0.7946    0.1093    0.0461     25096

2021-09-25 22:58:38,262 ----------------------------------------------------------------------------------------------------
