2021-10-05 23:00:17,864 ----------------------------------------------------------------------------------------------------
2021-10-05 23:00:17,867 Model: "SequenceTagger(
  (embeddings): StackedEmbeddings(
    (list_embedding_0): WordEmbeddings('glove')
    (list_embedding_1): FlairEmbeddings(
      (lm): LanguageModel(
        (drop): Dropout(p=0.05, inplace=False)
        (encoder): Embedding(300, 100)
        (rnn): LSTM(100, 2048)
        (decoder): Linear(in_features=2048, out_features=300, bias=True)
      )
    )
    (list_embedding_2): FlairEmbeddings(
      (lm): LanguageModel(
        (drop): Dropout(p=0.05, inplace=False)
        (encoder): Embedding(300, 100)
        (rnn): LSTM(100, 2048)
        (decoder): Linear(in_features=2048, out_features=300, bias=True)
      )
    )
    (list_embedding_3): TransformerWordEmbeddings(
      (model): RobertaModel(
        (embeddings): RobertaEmbeddings(
          (word_embeddings): Embedding(50265, 1024, padding_idx=1)
          (position_embeddings): Embedding(514, 1024, padding_idx=1)
          (token_type_embeddings): Embedding(1, 1024)
          (LayerNorm): LayerNorm((1024,), eps=1e-05, elementwise_affine=True)
          (dropout): Dropout(p=0.1, inplace=False)
        )
        (encoder): RobertaEncoder(
          (layer): ModuleList(
            (0): RobertaLayer(
              (attention): RobertaAttention(
                (self): RobertaSelfAttention(
                  (query): Linear(in_features=1024, out_features=1024, bias=True)
                  (key): Linear(in_features=1024, out_features=1024, bias=True)
                  (value): Linear(in_features=1024, out_features=1024, bias=True)
                  (dropout): Dropout(p=0.1, inplace=False)
                )
                (output): RobertaSelfOutput(
                  (dense): Linear(in_features=1024, out_features=1024, bias=True)
                  (LayerNorm): LayerNorm((1024,), eps=1e-05, elementwise_affine=True)
                  (dropout): Dropout(p=0.1, inplace=False)
                )
              )
              (intermediate): RobertaIntermediate(
                (dense): Linear(in_features=1024, out_features=4096, bias=True)
              )
              (output): RobertaOutput(
                (dense): Linear(in_features=4096, out_features=1024, bias=True)
                (LayerNorm): LayerNorm((1024,), eps=1e-05, elementwise_affine=True)
                (dropout): Dropout(p=0.1, inplace=False)
              )
            )
            (1): RobertaLayer(
              (attention): RobertaAttention(
                (self): RobertaSelfAttention(
                  (query): Linear(in_features=1024, out_features=1024, bias=True)
                  (key): Linear(in_features=1024, out_features=1024, bias=True)
                  (value): Linear(in_features=1024, out_features=1024, bias=True)
                  (dropout): Dropout(p=0.1, inplace=False)
                )
                (output): RobertaSelfOutput(
                  (dense): Linear(in_features=1024, out_features=1024, bias=True)
                  (LayerNorm): LayerNorm((1024,), eps=1e-05, elementwise_affine=True)
                  (dropout): Dropout(p=0.1, inplace=False)
                )
              )
              (intermediate): RobertaIntermediate(
                (dense): Linear(in_features=1024, out_features=4096, bias=True)
              )
              (output): RobertaOutput(
                (dense): Linear(in_features=4096, out_features=1024, bias=True)
                (LayerNorm): LayerNorm((1024,), eps=1e-05, elementwise_affine=True)
                (dropout): Dropout(p=0.1, inplace=False)
              )
            )
            (2): RobertaLayer(
              (attention): RobertaAttention(
                (self): RobertaSelfAttention(
                  (query): Linear(in_features=1024, out_features=1024, bias=True)
                  (key): Linear(in_features=1024, out_features=1024, bias=True)
                  (value): Linear(in_features=1024, out_features=1024, bias=True)
                  (dropout): Dropout(p=0.1, inplace=False)
                )
                (output): RobertaSelfOutput(
                  (dense): Linear(in_features=1024, out_features=1024, bias=True)
                  (LayerNorm): LayerNorm((1024,), eps=1e-05, elementwise_affine=True)
                  (dropout): Dropout(p=0.1, inplace=False)
                )
              )
              (intermediate): RobertaIntermediate(
                (dense): Linear(in_features=1024, out_features=4096, bias=True)
              )
              (output): RobertaOutput(
                (dense): Linear(in_features=4096, out_features=1024, bias=True)
                (LayerNorm): LayerNorm((1024,), eps=1e-05, elementwise_affine=True)
                (dropout): Dropout(p=0.1, inplace=False)
              )
            )
            (3): RobertaLayer(
              (attention): RobertaAttention(
                (self): RobertaSelfAttention(
                  (query): Linear(in_features=1024, out_features=1024, bias=True)
                  (key): Linear(in_features=1024, out_features=1024, bias=True)
                  (value): Linear(in_features=1024, out_features=1024, bias=True)
                  (dropout): Dropout(p=0.1, inplace=False)
                )
                (output): RobertaSelfOutput(
                  (dense): Linear(in_features=1024, out_features=1024, bias=True)
                  (LayerNorm): LayerNorm((1024,), eps=1e-05, elementwise_affine=True)
                  (dropout): Dropout(p=0.1, inplace=False)
                )
              )
              (intermediate): RobertaIntermediate(
                (dense): Linear(in_features=1024, out_features=4096, bias=True)
              )
              (output): RobertaOutput(
                (dense): Linear(in_features=4096, out_features=1024, bias=True)
                (LayerNorm): LayerNorm((1024,), eps=1e-05, elementwise_affine=True)
                (dropout): Dropout(p=0.1, inplace=False)
              )
            )
            (4): RobertaLayer(
              (attention): RobertaAttention(
                (self): RobertaSelfAttention(
                  (query): Linear(in_features=1024, out_features=1024, bias=True)
                  (key): Linear(in_features=1024, out_features=1024, bias=True)
                  (value): Linear(in_features=1024, out_features=1024, bias=True)
                  (dropout): Dropout(p=0.1, inplace=False)
                )
                (output): RobertaSelfOutput(
                  (dense): Linear(in_features=1024, out_features=1024, bias=True)
                  (LayerNorm): LayerNorm((1024,), eps=1e-05, elementwise_affine=True)
                  (dropout): Dropout(p=0.1, inplace=False)
                )
              )
              (intermediate): RobertaIntermediate(
                (dense): Linear(in_features=1024, out_features=4096, bias=True)
              )
              (output): RobertaOutput(
                (dense): Linear(in_features=4096, out_features=1024, bias=True)
                (LayerNorm): LayerNorm((1024,), eps=1e-05, elementwise_affine=True)
                (dropout): Dropout(p=0.1, inplace=False)
              )
            )
            (5): RobertaLayer(
              (attention): RobertaAttention(
                (self): RobertaSelfAttention(
                  (query): Linear(in_features=1024, out_features=1024, bias=True)
                  (key): Linear(in_features=1024, out_features=1024, bias=True)
                  (value): Linear(in_features=1024, out_features=1024, bias=True)
                  (dropout): Dropout(p=0.1, inplace=False)
                )
                (output): RobertaSelfOutput(
                  (dense): Linear(in_features=1024, out_features=1024, bias=True)
                  (LayerNorm): LayerNorm((1024,), eps=1e-05, elementwise_affine=True)
                  (dropout): Dropout(p=0.1, inplace=False)
                )
              )
              (intermediate): RobertaIntermediate(
                (dense): Linear(in_features=1024, out_features=4096, bias=True)
              )
              (output): RobertaOutput(
                (dense): Linear(in_features=4096, out_features=1024, bias=True)
                (LayerNorm): LayerNorm((1024,), eps=1e-05, elementwise_affine=True)
                (dropout): Dropout(p=0.1, inplace=False)
              )
            )
            (6): RobertaLayer(
              (attention): RobertaAttention(
                (self): RobertaSelfAttention(
                  (query): Linear(in_features=1024, out_features=1024, bias=True)
                  (key): Linear(in_features=1024, out_features=1024, bias=True)
                  (value): Linear(in_features=1024, out_features=1024, bias=True)
                  (dropout): Dropout(p=0.1, inplace=False)
                )
                (output): RobertaSelfOutput(
                  (dense): Linear(in_features=1024, out_features=1024, bias=True)
                  (LayerNorm): LayerNorm((1024,), eps=1e-05, elementwise_affine=True)
                  (dropout): Dropout(p=0.1, inplace=False)
                )
              )
              (intermediate): RobertaIntermediate(
                (dense): Linear(in_features=1024, out_features=4096, bias=True)
              )
              (output): RobertaOutput(
                (dense): Linear(in_features=4096, out_features=1024, bias=True)
                (LayerNorm): LayerNorm((1024,), eps=1e-05, elementwise_affine=True)
                (dropout): Dropout(p=0.1, inplace=False)
              )
            )
            (7): RobertaLayer(
              (attention): RobertaAttention(
                (self): RobertaSelfAttention(
                  (query): Linear(in_features=1024, out_features=1024, bias=True)
                  (key): Linear(in_features=1024, out_features=1024, bias=True)
                  (value): Linear(in_features=1024, out_features=1024, bias=True)
                  (dropout): Dropout(p=0.1, inplace=False)
                )
                (output): RobertaSelfOutput(
                  (dense): Linear(in_features=1024, out_features=1024, bias=True)
                  (LayerNorm): LayerNorm((1024,), eps=1e-05, elementwise_affine=True)
                  (dropout): Dropout(p=0.1, inplace=False)
                )
              )
              (intermediate): RobertaIntermediate(
                (dense): Linear(in_features=1024, out_features=4096, bias=True)
              )
              (output): RobertaOutput(
                (dense): Linear(in_features=4096, out_features=1024, bias=True)
                (LayerNorm): LayerNorm((1024,), eps=1e-05, elementwise_affine=True)
                (dropout): Dropout(p=0.1, inplace=False)
              )
            )
            (8): RobertaLayer(
              (attention): RobertaAttention(
                (self): RobertaSelfAttention(
                  (query): Linear(in_features=1024, out_features=1024, bias=True)
                  (key): Linear(in_features=1024, out_features=1024, bias=True)
                  (value): Linear(in_features=1024, out_features=1024, bias=True)
                  (dropout): Dropout(p=0.1, inplace=False)
                )
                (output): RobertaSelfOutput(
                  (dense): Linear(in_features=1024, out_features=1024, bias=True)
                  (LayerNorm): LayerNorm((1024,), eps=1e-05, elementwise_affine=True)
                  (dropout): Dropout(p=0.1, inplace=False)
                )
              )
              (intermediate): RobertaIntermediate(
                (dense): Linear(in_features=1024, out_features=4096, bias=True)
              )
              (output): RobertaOutput(
                (dense): Linear(in_features=4096, out_features=1024, bias=True)
                (LayerNorm): LayerNorm((1024,), eps=1e-05, elementwise_affine=True)
                (dropout): Dropout(p=0.1, inplace=False)
              )
            )
            (9): RobertaLayer(
              (attention): RobertaAttention(
                (self): RobertaSelfAttention(
                  (query): Linear(in_features=1024, out_features=1024, bias=True)
                  (key): Linear(in_features=1024, out_features=1024, bias=True)
                  (value): Linear(in_features=1024, out_features=1024, bias=True)
                  (dropout): Dropout(p=0.1, inplace=False)
                )
                (output): RobertaSelfOutput(
                  (dense): Linear(in_features=1024, out_features=1024, bias=True)
                  (LayerNorm): LayerNorm((1024,), eps=1e-05, elementwise_affine=True)
                  (dropout): Dropout(p=0.1, inplace=False)
                )
              )
              (intermediate): RobertaIntermediate(
                (dense): Linear(in_features=1024, out_features=4096, bias=True)
              )
              (output): RobertaOutput(
                (dense): Linear(in_features=4096, out_features=1024, bias=True)
                (LayerNorm): LayerNorm((1024,), eps=1e-05, elementwise_affine=True)
                (dropout): Dropout(p=0.1, inplace=False)
              )
            )
            (10): RobertaLayer(
              (attention): RobertaAttention(
                (self): RobertaSelfAttention(
                  (query): Linear(in_features=1024, out_features=1024, bias=True)
                  (key): Linear(in_features=1024, out_features=1024, bias=True)
                  (value): Linear(in_features=1024, out_features=1024, bias=True)
                  (dropout): Dropout(p=0.1, inplace=False)
                )
                (output): RobertaSelfOutput(
                  (dense): Linear(in_features=1024, out_features=1024, bias=True)
                  (LayerNorm): LayerNorm((1024,), eps=1e-05, elementwise_affine=True)
                  (dropout): Dropout(p=0.1, inplace=False)
                )
              )
              (intermediate): RobertaIntermediate(
                (dense): Linear(in_features=1024, out_features=4096, bias=True)
              )
              (output): RobertaOutput(
                (dense): Linear(in_features=4096, out_features=1024, bias=True)
                (LayerNorm): LayerNorm((1024,), eps=1e-05, elementwise_affine=True)
                (dropout): Dropout(p=0.1, inplace=False)
              )
            )
            (11): RobertaLayer(
              (attention): RobertaAttention(
                (self): RobertaSelfAttention(
                  (query): Linear(in_features=1024, out_features=1024, bias=True)
                  (key): Linear(in_features=1024, out_features=1024, bias=True)
                  (value): Linear(in_features=1024, out_features=1024, bias=True)
                  (dropout): Dropout(p=0.1, inplace=False)
                )
                (output): RobertaSelfOutput(
                  (dense): Linear(in_features=1024, out_features=1024, bias=True)
                  (LayerNorm): LayerNorm((1024,), eps=1e-05, elementwise_affine=True)
                  (dropout): Dropout(p=0.1, inplace=False)
                )
              )
              (intermediate): RobertaIntermediate(
                (dense): Linear(in_features=1024, out_features=4096, bias=True)
              )
              (output): RobertaOutput(
                (dense): Linear(in_features=4096, out_features=1024, bias=True)
                (LayerNorm): LayerNorm((1024,), eps=1e-05, elementwise_affine=True)
                (dropout): Dropout(p=0.1, inplace=False)
              )
            )
            (12): RobertaLayer(
              (attention): RobertaAttention(
                (self): RobertaSelfAttention(
                  (query): Linear(in_features=1024, out_features=1024, bias=True)
                  (key): Linear(in_features=1024, out_features=1024, bias=True)
                  (value): Linear(in_features=1024, out_features=1024, bias=True)
                  (dropout): Dropout(p=0.1, inplace=False)
                )
                (output): RobertaSelfOutput(
                  (dense): Linear(in_features=1024, out_features=1024, bias=True)
                  (LayerNorm): LayerNorm((1024,), eps=1e-05, elementwise_affine=True)
                  (dropout): Dropout(p=0.1, inplace=False)
                )
              )
              (intermediate): RobertaIntermediate(
                (dense): Linear(in_features=1024, out_features=4096, bias=True)
              )
              (output): RobertaOutput(
                (dense): Linear(in_features=4096, out_features=1024, bias=True)
                (LayerNorm): LayerNorm((1024,), eps=1e-05, elementwise_affine=True)
                (dropout): Dropout(p=0.1, inplace=False)
              )
            )
            (13): RobertaLayer(
              (attention): RobertaAttention(
                (self): RobertaSelfAttention(
                  (query): Linear(in_features=1024, out_features=1024, bias=True)
                  (key): Linear(in_features=1024, out_features=1024, bias=True)
                  (value): Linear(in_features=1024, out_features=1024, bias=True)
                  (dropout): Dropout(p=0.1, inplace=False)
                )
                (output): RobertaSelfOutput(
                  (dense): Linear(in_features=1024, out_features=1024, bias=True)
                  (LayerNorm): LayerNorm((1024,), eps=1e-05, elementwise_affine=True)
                  (dropout): Dropout(p=0.1, inplace=False)
                )
              )
              (intermediate): RobertaIntermediate(
                (dense): Linear(in_features=1024, out_features=4096, bias=True)
              )
              (output): RobertaOutput(
                (dense): Linear(in_features=4096, out_features=1024, bias=True)
                (LayerNorm): LayerNorm((1024,), eps=1e-05, elementwise_affine=True)
                (dropout): Dropout(p=0.1, inplace=False)
              )
            )
            (14): RobertaLayer(
              (attention): RobertaAttention(
                (self): RobertaSelfAttention(
                  (query): Linear(in_features=1024, out_features=1024, bias=True)
                  (key): Linear(in_features=1024, out_features=1024, bias=True)
                  (value): Linear(in_features=1024, out_features=1024, bias=True)
                  (dropout): Dropout(p=0.1, inplace=False)
                )
                (output): RobertaSelfOutput(
                  (dense): Linear(in_features=1024, out_features=1024, bias=True)
                  (LayerNorm): LayerNorm((1024,), eps=1e-05, elementwise_affine=True)
                  (dropout): Dropout(p=0.1, inplace=False)
                )
              )
              (intermediate): RobertaIntermediate(
                (dense): Linear(in_features=1024, out_features=4096, bias=True)
              )
              (output): RobertaOutput(
                (dense): Linear(in_features=4096, out_features=1024, bias=True)
                (LayerNorm): LayerNorm((1024,), eps=1e-05, elementwise_affine=True)
                (dropout): Dropout(p=0.1, inplace=False)
              )
            )
            (15): RobertaLayer(
              (attention): RobertaAttention(
                (self): RobertaSelfAttention(
                  (query): Linear(in_features=1024, out_features=1024, bias=True)
                  (key): Linear(in_features=1024, out_features=1024, bias=True)
                  (value): Linear(in_features=1024, out_features=1024, bias=True)
                  (dropout): Dropout(p=0.1, inplace=False)
                )
                (output): RobertaSelfOutput(
                  (dense): Linear(in_features=1024, out_features=1024, bias=True)
                  (LayerNorm): LayerNorm((1024,), eps=1e-05, elementwise_affine=True)
                  (dropout): Dropout(p=0.1, inplace=False)
                )
              )
              (intermediate): RobertaIntermediate(
                (dense): Linear(in_features=1024, out_features=4096, bias=True)
              )
              (output): RobertaOutput(
                (dense): Linear(in_features=4096, out_features=1024, bias=True)
                (LayerNorm): LayerNorm((1024,), eps=1e-05, elementwise_affine=True)
                (dropout): Dropout(p=0.1, inplace=False)
              )
            )
            (16): RobertaLayer(
              (attention): RobertaAttention(
                (self): RobertaSelfAttention(
                  (query): Linear(in_features=1024, out_features=1024, bias=True)
                  (key): Linear(in_features=1024, out_features=1024, bias=True)
                  (value): Linear(in_features=1024, out_features=1024, bias=True)
                  (dropout): Dropout(p=0.1, inplace=False)
                )
                (output): RobertaSelfOutput(
                  (dense): Linear(in_features=1024, out_features=1024, bias=True)
                  (LayerNorm): LayerNorm((1024,), eps=1e-05, elementwise_affine=True)
                  (dropout): Dropout(p=0.1, inplace=False)
                )
              )
              (intermediate): RobertaIntermediate(
                (dense): Linear(in_features=1024, out_features=4096, bias=True)
              )
              (output): RobertaOutput(
                (dense): Linear(in_features=4096, out_features=1024, bias=True)
                (LayerNorm): LayerNorm((1024,), eps=1e-05, elementwise_affine=True)
                (dropout): Dropout(p=0.1, inplace=False)
              )
            )
            (17): RobertaLayer(
              (attention): RobertaAttention(
                (self): RobertaSelfAttention(
                  (query): Linear(in_features=1024, out_features=1024, bias=True)
                  (key): Linear(in_features=1024, out_features=1024, bias=True)
                  (value): Linear(in_features=1024, out_features=1024, bias=True)
                  (dropout): Dropout(p=0.1, inplace=False)
                )
                (output): RobertaSelfOutput(
                  (dense): Linear(in_features=1024, out_features=1024, bias=True)
                  (LayerNorm): LayerNorm((1024,), eps=1e-05, elementwise_affine=True)
                  (dropout): Dropout(p=0.1, inplace=False)
                )
              )
              (intermediate): RobertaIntermediate(
                (dense): Linear(in_features=1024, out_features=4096, bias=True)
              )
              (output): RobertaOutput(
                (dense): Linear(in_features=4096, out_features=1024, bias=True)
                (LayerNorm): LayerNorm((1024,), eps=1e-05, elementwise_affine=True)
                (dropout): Dropout(p=0.1, inplace=False)
              )
            )
            (18): RobertaLayer(
              (attention): RobertaAttention(
                (self): RobertaSelfAttention(
                  (query): Linear(in_features=1024, out_features=1024, bias=True)
                  (key): Linear(in_features=1024, out_features=1024, bias=True)
                  (value): Linear(in_features=1024, out_features=1024, bias=True)
                  (dropout): Dropout(p=0.1, inplace=False)
                )
                (output): RobertaSelfOutput(
                  (dense): Linear(in_features=1024, out_features=1024, bias=True)
                  (LayerNorm): LayerNorm((1024,), eps=1e-05, elementwise_affine=True)
                  (dropout): Dropout(p=0.1, inplace=False)
                )
              )
              (intermediate): RobertaIntermediate(
                (dense): Linear(in_features=1024, out_features=4096, bias=True)
              )
              (output): RobertaOutput(
                (dense): Linear(in_features=4096, out_features=1024, bias=True)
                (LayerNorm): LayerNorm((1024,), eps=1e-05, elementwise_affine=True)
                (dropout): Dropout(p=0.1, inplace=False)
              )
            )
            (19): RobertaLayer(
              (attention): RobertaAttention(
                (self): RobertaSelfAttention(
                  (query): Linear(in_features=1024, out_features=1024, bias=True)
                  (key): Linear(in_features=1024, out_features=1024, bias=True)
                  (value): Linear(in_features=1024, out_features=1024, bias=True)
                  (dropout): Dropout(p=0.1, inplace=False)
                )
                (output): RobertaSelfOutput(
                  (dense): Linear(in_features=1024, out_features=1024, bias=True)
                  (LayerNorm): LayerNorm((1024,), eps=1e-05, elementwise_affine=True)
                  (dropout): Dropout(p=0.1, inplace=False)
                )
              )
              (intermediate): RobertaIntermediate(
                (dense): Linear(in_features=1024, out_features=4096, bias=True)
              )
              (output): RobertaOutput(
                (dense): Linear(in_features=4096, out_features=1024, bias=True)
                (LayerNorm): LayerNorm((1024,), eps=1e-05, elementwise_affine=True)
                (dropout): Dropout(p=0.1, inplace=False)
              )
            )
            (20): RobertaLayer(
              (attention): RobertaAttention(
                (self): RobertaSelfAttention(
                  (query): Linear(in_features=1024, out_features=1024, bias=True)
                  (key): Linear(in_features=1024, out_features=1024, bias=True)
                  (value): Linear(in_features=1024, out_features=1024, bias=True)
                  (dropout): Dropout(p=0.1, inplace=False)
                )
                (output): RobertaSelfOutput(
                  (dense): Linear(in_features=1024, out_features=1024, bias=True)
                  (LayerNorm): LayerNorm((1024,), eps=1e-05, elementwise_affine=True)
                  (dropout): Dropout(p=0.1, inplace=False)
                )
              )
              (intermediate): RobertaIntermediate(
                (dense): Linear(in_features=1024, out_features=4096, bias=True)
              )
              (output): RobertaOutput(
                (dense): Linear(in_features=4096, out_features=1024, bias=True)
                (LayerNorm): LayerNorm((1024,), eps=1e-05, elementwise_affine=True)
                (dropout): Dropout(p=0.1, inplace=False)
              )
            )
            (21): RobertaLayer(
              (attention): RobertaAttention(
                (self): RobertaSelfAttention(
                  (query): Linear(in_features=1024, out_features=1024, bias=True)
                  (key): Linear(in_features=1024, out_features=1024, bias=True)
                  (value): Linear(in_features=1024, out_features=1024, bias=True)
                  (dropout): Dropout(p=0.1, inplace=False)
                )
                (output): RobertaSelfOutput(
                  (dense): Linear(in_features=1024, out_features=1024, bias=True)
                  (LayerNorm): LayerNorm((1024,), eps=1e-05, elementwise_affine=True)
                  (dropout): Dropout(p=0.1, inplace=False)
                )
              )
              (intermediate): RobertaIntermediate(
                (dense): Linear(in_features=1024, out_features=4096, bias=True)
              )
              (output): RobertaOutput(
                (dense): Linear(in_features=4096, out_features=1024, bias=True)
                (LayerNorm): LayerNorm((1024,), eps=1e-05, elementwise_affine=True)
                (dropout): Dropout(p=0.1, inplace=False)
              )
            )
            (22): RobertaLayer(
              (attention): RobertaAttention(
                (self): RobertaSelfAttention(
                  (query): Linear(in_features=1024, out_features=1024, bias=True)
                  (key): Linear(in_features=1024, out_features=1024, bias=True)
                  (value): Linear(in_features=1024, out_features=1024, bias=True)
                  (dropout): Dropout(p=0.1, inplace=False)
                )
                (output): RobertaSelfOutput(
                  (dense): Linear(in_features=1024, out_features=1024, bias=True)
                  (LayerNorm): LayerNorm((1024,), eps=1e-05, elementwise_affine=True)
                  (dropout): Dropout(p=0.1, inplace=False)
                )
              )
              (intermediate): RobertaIntermediate(
                (dense): Linear(in_features=1024, out_features=4096, bias=True)
              )
              (output): RobertaOutput(
                (dense): Linear(in_features=4096, out_features=1024, bias=True)
                (LayerNorm): LayerNorm((1024,), eps=1e-05, elementwise_affine=True)
                (dropout): Dropout(p=0.1, inplace=False)
              )
            )
            (23): RobertaLayer(
              (attention): RobertaAttention(
                (self): RobertaSelfAttention(
                  (query): Linear(in_features=1024, out_features=1024, bias=True)
                  (key): Linear(in_features=1024, out_features=1024, bias=True)
                  (value): Linear(in_features=1024, out_features=1024, bias=True)
                  (dropout): Dropout(p=0.1, inplace=False)
                )
                (output): RobertaSelfOutput(
                  (dense): Linear(in_features=1024, out_features=1024, bias=True)
                  (LayerNorm): LayerNorm((1024,), eps=1e-05, elementwise_affine=True)
                  (dropout): Dropout(p=0.1, inplace=False)
                )
              )
              (intermediate): RobertaIntermediate(
                (dense): Linear(in_features=1024, out_features=4096, bias=True)
              )
              (output): RobertaOutput(
                (dense): Linear(in_features=4096, out_features=1024, bias=True)
                (LayerNorm): LayerNorm((1024,), eps=1e-05, elementwise_affine=True)
                (dropout): Dropout(p=0.1, inplace=False)
              )
            )
          )
        )
        (pooler): RobertaPooler(
          (dense): Linear(in_features=1024, out_features=1024, bias=True)
          (activation): Tanh()
        )
      )
    )
    (list_embedding_4): OneHotEmbeddings(
      min_freq=3
      (embedding_layer): Embedding(18, 18)
    )
    (list_embedding_5): OneHotEmbeddings(
      min_freq=3
      (embedding_layer): Embedding(27, 22)
    )
  )
  (dropout): Dropout(p=0.2, inplace=False)
  (word_dropout): WordDropout(p=0.05)
  (locked_dropout): LockedDropout(p=0.3)
  (embedding2nn): Linear(in_features=5260, out_features=5260, bias=True)
  (rnn): LSTM(5260, 500, batch_first=True, bidirectional=True)
  (linear): Linear(in_features=1000, out_features=1578, bias=True)
  (beta): 1.0
  (weights): None
  (weight_tensor) None
)"
2021-10-05 23:00:17,879 ----------------------------------------------------------------------------------------------------
2021-10-05 23:00:17,894 Corpus: "Corpus: 12543 train + 2002 dev + 2077 test sentences"
2021-10-05 23:00:17,902 ----------------------------------------------------------------------------------------------------
2021-10-05 23:00:17,908 Parameters:
2021-10-05 23:00:17,913  - learning_rate: "0.75"
2021-10-05 23:00:17,913  - mini_batch_size: "32"
2021-10-05 23:00:17,917  - patience: "3"
2021-10-05 23:00:17,917  - anneal_factor: "0.5"
2021-10-05 23:00:17,917  - max_epochs: "120"
2021-10-05 23:00:17,918  - shuffle: "True"
2021-10-05 23:00:17,918  - train_with_dev: "False"
2021-10-05 23:00:17,918  - batch_growth_annealing: "False"
2021-10-05 23:00:17,918 ----------------------------------------------------------------------------------------------------
2021-10-05 23:00:17,918 Model training base path: "model/srlreplaced/upos/goldpos/goldframes/3e6b1efa-261f-11ec-917c-e4434bba64f0"
2021-10-05 23:00:17,930 ----------------------------------------------------------------------------------------------------
2021-10-05 23:00:17,934 Device: cuda:1
2021-10-05 23:00:17,934 ----------------------------------------------------------------------------------------------------
2021-10-05 23:00:17,935 Embeddings storage mode: gpu
2021-10-05 23:00:17,965 ----------------------------------------------------------------------------------------------------
2021-10-05 23:01:03,528 epoch 1 - iter 39/392 - loss 5.81671718 - samples/sec: 27.39 - lr: 0.750000
2021-10-05 23:01:45,202 epoch 1 - iter 78/392 - loss 5.29763061 - samples/sec: 29.95 - lr: 0.750000
2021-10-05 23:02:27,827 epoch 1 - iter 117/392 - loss 4.94801547 - samples/sec: 29.28 - lr: 0.750000
2021-10-05 23:02:37,314 ----------------------------------------------------------------------------------------------------
2021-10-05 23:02:37,315 Exiting from training early.
2021-10-05 23:02:37,315 Saving model ...
