2021-10-06 18:21:00,415 ----------------------------------------------------------------------------------------------------
2021-10-06 18:21:00,415 Model: "SequenceTagger(
  (embeddings): StackedEmbeddings(
    (list_embedding_0): FlairEmbeddings(
      (lm): LanguageModel(
        (drop): Dropout(p=0.05, inplace=False)
        (encoder): Embedding(300, 100)
        (rnn): LSTM(100, 2048)
        (decoder): Linear(in_features=2048, out_features=300, bias=True)
      )
    )
    (list_embedding_1): FlairEmbeddings(
      (lm): LanguageModel(
        (drop): Dropout(p=0.05, inplace=False)
        (encoder): Embedding(300, 100)
        (rnn): LSTM(100, 2048)
        (decoder): Linear(in_features=2048, out_features=300, bias=True)
      )
    )
  )
  (dropout): Dropout(p=0.2, inplace=False)
  (word_dropout): WordDropout(p=0.05)
  (locked_dropout): LockedDropout(p=0.3)
  (embedding2nn): Linear(in_features=4096, out_features=4096, bias=True)
  (rnn): LSTM(4096, 500, batch_first=True, bidirectional=True)
  (linear): Linear(in_features=1000, out_features=978, bias=True)
  (beta): 1.0
  (weights): None
  (weight_tensor) None
)"
2021-10-06 18:21:00,415 ----------------------------------------------------------------------------------------------------
2021-10-06 18:21:00,417 Corpus: "Corpus: 12543 train + 2002 dev + 2077 test sentences"
2021-10-06 18:21:00,417 ----------------------------------------------------------------------------------------------------
2021-10-06 18:21:00,417 Parameters:
2021-10-06 18:21:00,417  - learning_rate: "0.75"
2021-10-06 18:21:00,417  - mini_batch_size: "32"
2021-10-06 18:21:00,417  - patience: "3"
2021-10-06 18:21:00,417  - anneal_factor: "0.5"
2021-10-06 18:21:00,417  - max_epochs: "2"
2021-10-06 18:21:00,417  - shuffle: "True"
2021-10-06 18:21:00,417  - train_with_dev: "False"
2021-10-06 18:21:00,417  - batch_growth_annealing: "False"
2021-10-06 18:21:00,417 ----------------------------------------------------------------------------------------------------
2021-10-06 18:21:00,417 Model training base path: "model/srlreplaced/upos/goldpos/goldframes/5a66f807-7a0b-4c07-a9da-f223863f7c34"
2021-10-06 18:21:00,417 ----------------------------------------------------------------------------------------------------
2021-10-06 18:21:00,417 Device: cuda:0
2021-10-06 18:21:00,417 ----------------------------------------------------------------------------------------------------
2021-10-06 18:21:00,417 Embeddings storage mode: gpu
2021-10-06 18:21:00,424 ----------------------------------------------------------------------------------------------------
2021-10-06 18:21:06,208 epoch 1 - iter 39/392 - loss 5.26728916 - samples/sec: 215.82 - lr: 0.750000
2021-10-06 18:21:10,549 epoch 1 - iter 78/392 - loss 4.60595137 - samples/sec: 287.65 - lr: 0.750000
2021-10-06 18:21:15,177 epoch 1 - iter 117/392 - loss 4.05958008 - samples/sec: 269.81 - lr: 0.750000
2021-10-06 18:21:19,386 epoch 1 - iter 156/392 - loss 3.67576546 - samples/sec: 296.64 - lr: 0.750000
2021-10-06 18:21:24,072 epoch 1 - iter 195/392 - loss 3.49076289 - samples/sec: 266.50 - lr: 0.750000
2021-10-06 18:21:29,458 epoch 1 - iter 234/392 - loss 3.38472725 - samples/sec: 231.80 - lr: 0.750000
2021-10-06 18:21:34,044 epoch 1 - iter 273/392 - loss 3.25895005 - samples/sec: 272.31 - lr: 0.750000
2021-10-06 18:21:38,484 epoch 1 - iter 312/392 - loss 3.14436385 - samples/sec: 281.27 - lr: 0.750000
2021-10-06 18:21:42,506 epoch 1 - iter 351/392 - loss 3.03257029 - samples/sec: 310.42 - lr: 0.750000
2021-10-06 18:21:47,240 epoch 1 - iter 390/392 - loss 2.94058941 - samples/sec: 263.76 - lr: 0.750000
2021-10-06 18:21:47,570 ----------------------------------------------------------------------------------------------------
2021-10-06 18:21:47,570 EPOCH 1 done: loss 2.9370 - lr 0.7500000
2021-10-06 18:21:55,077 DEV : loss 1.7967782020568848 - score 0.5366
2021-10-06 18:21:55,091 BAD EPOCHS (no improvement): 0
2021-10-06 18:21:58,849 ----------------------------------------------------------------------------------------------------
2021-10-06 18:22:00,292 epoch 2 - iter 39/392 - loss 1.91302726 - samples/sec: 867.32 - lr: 0.750000
2021-10-06 18:22:01,694 epoch 2 - iter 78/392 - loss 1.92480880 - samples/sec: 892.04 - lr: 0.750000
2021-10-06 18:22:03,086 epoch 2 - iter 117/392 - loss 1.90035603 - samples/sec: 897.71 - lr: 0.750000
2021-10-06 18:22:04,536 epoch 2 - iter 156/392 - loss 1.87491880 - samples/sec: 862.83 - lr: 0.750000
2021-10-06 18:22:05,932 epoch 2 - iter 195/392 - loss 1.85287276 - samples/sec: 895.40 - lr: 0.750000
2021-10-06 18:22:07,326 epoch 2 - iter 234/392 - loss 1.83089609 - samples/sec: 896.89 - lr: 0.750000
2021-10-06 18:22:08,764 epoch 2 - iter 273/392 - loss 1.81469630 - samples/sec: 869.28 - lr: 0.750000
2021-10-06 18:22:10,176 epoch 2 - iter 312/392 - loss 1.79248899 - samples/sec: 885.20 - lr: 0.750000
2021-10-06 18:22:11,587 epoch 2 - iter 351/392 - loss 1.77696527 - samples/sec: 886.60 - lr: 0.750000
2021-10-06 18:22:12,993 epoch 2 - iter 390/392 - loss 1.76400139 - samples/sec: 889.06 - lr: 0.750000
2021-10-06 18:22:13,071 ----------------------------------------------------------------------------------------------------
2021-10-06 18:22:13,071 EPOCH 2 done: loss 1.7637 - lr 0.7500000
2021-10-06 18:22:14,988 DEV : loss 1.4079772233963013 - score 0.6153
2021-10-06 18:22:14,998 BAD EPOCHS (no improvement): 0
2021-10-06 18:22:24,232 ----------------------------------------------------------------------------------------------------
2021-10-06 18:22:24,232 Testing using best model ...
2021-10-06 18:22:24,233 loading file model/srlreplaced/upos/goldpos/goldframes/5a66f807-7a0b-4c07-a9da-f223863f7c34/best-model.pt
2021-10-06 18:22:31,373 	0.6151
2021-10-06 18:22:31,374 
Results:
- F-score (micro): 0.6151
- F-score (macro): 0.0785
- Accuracy (incl. no class): 0.6151

By class:
                      precision    recall  f1-score   support

          1,NOUN,det     0.8756    0.9451    0.9090      1385
    1,FRAME,ARGM-ADJ     0.5556    0.0794    0.1389       189
         1,NOUN,amod     0.6436    0.8354    0.7271       735
        1,FRAME,ARG1     0.8258    0.5841    0.6843       755
           2,ADJ,cop     1.0000    0.0000    0.0000         9
           1,ADJ,cop     0.7363    0.9470    0.8284       283
           1,ADJ,det     0.5000    0.6452    0.5634        31
    1,FRAME,ARGM-EXT     0.4923    0.7356    0.5899        87
       -1,FRAME,ARG2     0.5193    0.5537    0.5359       876
        -1,ADJ,punct     0.5255    0.4737    0.4983       152
        -1,ROOT,root     0.7989    0.9064    0.8492      1709
        2,FRAME,ARG1     0.4102    0.7241    0.5237       145
         1,VERB,mark     0.8147    0.9344    0.8705       640
        1,FRAME,ARG0     0.7612    0.8489    0.8027       920
       -1,PRON,advcl     1.0000    0.0000    0.0000         2
        1,PROPN,case     0.7563    0.8232    0.7883       328
       -1,FRAME,ARG1     0.5154    0.8742    0.6485      1685
       -1,VERB,punct     0.5097    0.6384    0.5668       495
         4,NOUN,case     1.0000    0.0000    0.0000         5
         1,NOUN,case     0.7977    0.8862    0.8397      1037
    4,NOUN,nmod:poss     1.0000    0.0000    0.0000         2
     1,NOUN,compound     0.5214    0.7510    0.6155       502
        1,NOUN,punct     0.5022    0.5855    0.5407       193
     2,NOUN,compound     0.1667    0.0200    0.0357        50
       -1,NOUN,punct     0.4924    0.5344    0.5126       305
        1,VERB,punct     0.6581    0.7305    0.6924       282
           1,NOUN,cc     0.6923    0.7869    0.7366       183
           1,VERB,cc     0.7736    0.9462    0.8512       260
       1,NOUN,advmod     0.3148    0.4857    0.3820        35
        -1,VERB,conj     0.4013    0.8188    0.5386       149
        -1,NOUN,conj     0.4861    0.6442    0.5541       163
         2,NOUN,case     0.4936    0.5620    0.5256       137
          2,NOUN,det     0.6009    0.6753    0.6359       194
        1,ADJ,advmod     0.7905    0.7697    0.7800       152
         1,ADJ,punct     0.5111    0.3067    0.3833        75
         2,NOUN,amod     0.3871    0.4091    0.3978        88
       -1,FRAME,ARG4     0.0000    0.0000    0.0000        55
       -2,VERB,punct     0.3002    0.8414    0.4426       309
       2,PROPN,punct     0.0000    0.0000    0.0000        16
        2,PROPN,case     0.4848    0.4051    0.4414        79
    1,PROPN,compound     0.4726    0.6667    0.5531       336
       -1,PROPN,nmod     0.5000    0.0556    0.1000        36
       -1,PROPN,flat     0.6777    0.8410    0.7506       195
       -2,PROPN,flat     0.4902    0.5208    0.5051        48
      -4,PROPN,punct     1.0000    0.0000    0.0000        18
      -2,PROPN,punct     0.3390    0.3390    0.3390        59
        2,NOUN,punct     0.1667    0.0256    0.0444        39
           2,NOUN,cc     0.5385    0.2333    0.3256        30
    1,FRAME,ARGM-DIS     0.4690    0.7158    0.5667        95
    1,FRAME,ARGM-ADV     0.6140    0.3723    0.4636       188
          1,NOUN,cop     0.6667    0.8028    0.7284       142
        -1,PRON,amod     1.0000    0.0000    0.0000        17
   -1,FRAME,ARGM-ADV     0.4348    0.0952    0.1562       105
    1,NOUN,obl:npmod     1.0000    0.0000    0.0000         2
    1,FRAME,ARGM-TMP     0.6065    0.6026    0.6045       156
        -1,NOUN,nmod     0.4049    0.6677    0.5041       325
  1,FRAME,R-ARGM-TMP     1.0000    0.0000    0.0000         2
         1,NOUN,mark     0.7143    0.2632    0.3846        19
       -3,NOUN,punct     1.0000    0.0000    0.0000        35
        1,FRAME,ARG2     0.6667    0.1765    0.2791        68
       -1,PROPN,case     0.6393    0.8125    0.7156        48
    1,FRAME,ARGM-MOD     0.8922    0.9910    0.9390       334
       -2,FRAME,ARG1     0.3438    0.3099    0.3259       142
        2,FRAME,ARG0     0.8418    0.6066    0.7051       272
          1,VERB,aux     0.9240    0.9419    0.9329       413
   -2,FRAME,ARGM-ADV     1.0000    0.0222    0.0435        45
   -1,NOUN,acl:relcl     0.3774    0.7921    0.5112       101
   -1,FRAME,ARGM-TMP     0.5907    0.6096    0.6000       251
            1,ADJ,cc     0.6882    0.6598    0.6737        97
          1,VERB,cop     1.0000    0.0000    0.0000         7
       1,VERB,advmod     0.0588    0.0270    0.0370        37
   -1,FRAME,ARGM-LOC     0.3918    0.2774    0.3248       137
       -4,VERB,punct     1.0000    0.0000    0.0000        70
          2,NOUN,cop     0.2222    0.1176    0.1538        17
         1,PRON,case     0.6506    0.8852    0.7500       122
        -1,ADV,fixed     0.6000    0.1154    0.1935        26
       -1,FRAME,ARG3     1.0000    0.0000    0.0000        61
          -1,ADV,obl     1.0000    0.0000    0.0000        22
      1,FRAME,R-ARG0     0.6792    0.8780    0.7660        41
    -1,ADJ,acl:relcl     1.0000    0.0000    0.0000         3
    1,NOUN,nmod:poss     0.7429    0.8353    0.7864       249
    1,FRAME,ARGM-NEG     0.8198    0.8981    0.8571       157
       -3,FRAME,ARG1     1.0000    0.0000    0.0000        16
          -1,FRAME,V     1.0000    0.0000    0.0000         4
        -3,VERB,conj     1.0000    0.0000    0.0000        19
        1,ADV,advmod     0.3704    0.3571    0.3636        56
   -1,FRAME,ARGM-DIR     0.1508    0.4872    0.2303        39
   -1,FRAME,ARGM-MNR     0.2500    0.1186    0.1609        59
       -5,VERB,punct     1.0000    0.0000    0.0000        29
       -2,PROPN,nmod     1.0000    0.0000    0.0000        16
-1,VERB,compound:prt     0.6562    0.6667    0.6614        63
        1,FRAME,ARG3     1.0000    0.0000    0.0000         5
     1,VERB,aux:pass     0.7154    0.8455    0.7750       110
   -1,PRON,acl:relcl     1.0000    0.0000    0.0000         7
   -2,FRAME,ARGM-LOC     1.0000    0.0000    0.0000        20
       -3,VERB,punct     0.1364    0.0179    0.0316       168
   -1,FRAME,ARGM-GOL     1.0000    0.0000    0.0000        15
   -1,FRAME,ARGM-PRP     0.3333    0.3750    0.3529        56
    1,FRAME,ARGM-LVB     0.5000    0.0417    0.0769        48
   -1,FRAME,ARGM-PRR     1.0000    0.0000    0.0000        63
          1,ADJ,case     1.0000    0.0588    0.1111        17
          -1,ADJ,obl     0.0000    0.0000    0.0000        28
         -1,NUM,nmod     1.0000    0.0000    0.0000        32
      2,FRAME,R-ARG1     0.3333    0.0909    0.1429        11
      1,FRAME,R-ARG1     0.5517    0.5517    0.5517        29
       1,NOUN,nummod     0.6465    0.8889    0.7485       144
    2,FRAME,ARGM-LOC     1.0000    0.0000    0.0000         6
       2,NOUN,nummod     0.0000    0.0000    0.0000         8
       -1,VERB,xcomp     0.0000    0.0000    0.0000        33
    1,FRAME,ARGM-LOC     1.0000    0.0000    0.0000        20
       -2,FRAME,ARG2     1.0000    0.0000    0.0000        42
   -1,FRAME,ARGM-PRD     1.0000    0.0000    0.0000        23
         -1,NOUN,acl     0.4535    0.4588    0.4561        85
         2,PROPN,det     0.4167    0.4412    0.4286        34
       -1,FRAME,ARG0     0.3750    0.0370    0.0674        81
        3,FRAME,ARG0     1.0000    0.0000    0.0000        19
      3,FRAME,R-ARG0     1.0000    0.0000    0.0000         2
        3,VERB,punct     1.0000    0.0000    0.0000         8
    2,FRAME,ARGM-ADV     0.5333    0.1818    0.2712        44
   -2,NOUN,acl:relcl     1.0000    0.0000    0.0000        12
        -2,VERB,conj     0.1176    0.0784    0.0941        51
       -7,VERB,punct     1.0000    0.0000    0.0000         4
   -1,FRAME,ARGM-NEG     0.7742    0.9231    0.8421        26
         -1,ADJ,conj     0.4186    0.4557    0.4364        79
   -1,VERB,parataxis     0.3077    0.1026    0.1538        39
        -4,VERB,conj     1.0000    0.0000    0.0000         7
        -1,PRON,nmod     1.0000    0.0000    0.0000        11
        4,VERB,punct     1.0000    0.0000    0.0000         3
           4,VERB,cc     1.0000    0.0000    0.0000         1
          1,ADJ,mark     0.5000    0.5000    0.5000        48
   -1,FRAME,ARGM-ADJ     1.0000    0.0000    0.0000        27
   -2,PRON,acl:relcl     0.3333    0.1111    0.1667        18
        -9,VERB,conj     1.0000    0.0000    0.0000         1
      -10,VERB,punct     1.0000    0.0000    0.0000         2
         1,PROPN,det     0.6512    0.3011    0.4118        93
         1,VERB,expl     0.8537    0.8140    0.8333        43
           1,ADJ,aux     1.0000    0.0000    0.0000        11
        4,PROPN,case     1.0000    0.0000    0.0000         5
         4,PROPN,det     1.0000    0.0000    0.0000         5
    2,PROPN,compound     0.0000    0.0000    0.0000        48
     -1,FRAME,C-ARG1     0.7500    0.0833    0.1500        36
       -6,VERB,punct     1.0000    0.0000    0.0000        15
    2,FRAME,ARGM-DIS     0.0000    0.0000    0.0000        27
           <UNKNOWN>     0.0000    1.0000    0.0000         0
        -1,ADP,fixed     0.3333    0.0625    0.1053        16
         -1,VERB,obj     1.0000    0.0000    0.0000         4
    2,FRAME,ARGM-TMP     0.2000    0.0323    0.0556        31
      -1,PROPN,appos     0.5385    0.3111    0.3944        45
       -1,NOUN,appos     0.2222    0.4516    0.2979        62
       -1,SYM,nummod     0.2989    0.8125    0.4370        32
         2,VERB,mark     1.0000    0.0000    0.0000        11
       -2,FRAME,ARG0     1.0000    0.0000    0.0000         8
   -4,FRAME,ARGM-TMP     1.0000    0.0000    0.0000         2
       -2,NOUN,punct     0.3509    0.2500    0.2920        80
        -1,NOUN,amod     1.0000    0.0000    0.0000        11
        -1,NOUN,case     0.7143    0.3571    0.4762        14
        3,FRAME,ARG1     1.0000    0.0000    0.0000        29
    1,FRAME,ARGM-MNR     0.2222    0.0377    0.0645        53
      -1,NOUN,advmod     0.6667    0.0870    0.1538        23
        1,PROPN,amod     1.0000    0.0556    0.1053        18
    1,ADJ,cc:preconj     1.0000    0.0000    0.0000         1
   -2,FRAME,ARGM-CAU     1.0000    0.0000    0.0000         8
         -2,ADJ,conj     1.0000    0.0000    0.0000        23
        -1,ADJ,fixed     1.0000    0.0000    0.0000         6
          1,PROPN,cc     0.4881    0.6406    0.5541        64
       -1,PROPN,conj     0.2696    0.4627    0.3407        67
   -2,FRAME,ARGM-TMP     0.0625    0.0465    0.0533        43
     -2,FRAME,C-ARG1     1.0000    0.0000    0.0000        11
   -3,FRAME,ARGM-ADV     1.0000    0.0000    0.0000        16
   -1,FRAME,ARGM-CAU     1.0000    0.0000    0.0000        10
          1,NUM,nmod     1.0000    0.0000    0.0000         2
   -6,FRAME,ARGM-ADV     1.0000    0.0000    0.0000         2
   -2,FRAME,ARGM-ADJ     1.0000    0.0000    0.0000         6
        -2,NOUN,nmod     0.2500    0.0217    0.0400        46
      -1,NOUN,nummod     0.0000    0.0000    0.0000        13
          1,NUM,case     0.7083    0.6986    0.7034        73
         1,NUM,punct     0.3750    0.5806    0.4557        31
         -2,NUM,conj     1.0000    0.0000    0.0000         1
          2,NUM,case     1.0000    0.0000    0.0000         1
      1,NUM,compound     1.0000    0.0000    0.0000         8
         -2,NUM,nmod     1.0000    0.0000    0.0000         2
         2,NUM,punct     1.0000    0.0000    0.0000        20
         -6,NUM,conj     1.0000    0.0000    0.0000         1
            1,NUM,cc     1.0000    0.0000    0.0000         8
         -7,NUM,conj     1.0000    0.0000    0.0000         1
        -8,NUM,punct     1.0000    0.0000    0.0000         1
  1,FRAME,R-ARGM-MNR     1.0000    0.0000    0.0000         8
       1,PROPN,punct     0.5222    0.4700    0.4947       100
       -2,PROPN,conj     0.3000    0.0909    0.1395        33
       -3,PROPN,conj     1.0000    0.0000    0.0000         9
    2,FRAME,ARGM-MNR     1.0000    0.0000    0.0000         9
         -1,NUM,conj     1.0000    0.0000    0.0000         8
        -1,NUM,punct     1.0000    0.0000    0.0000        18
     -1,NUM,compound     1.0000    0.0000    0.0000         6
       -4,NOUN,punct     1.0000    0.0000    0.0000        24
   -4,NOUN,acl:relcl     1.0000    0.0000    0.0000         4
      -1,PROPN,punct     0.5534    0.4872    0.5182       117
   -1,FRAME,ARGM-EXT     1.0000    0.0000    0.0000        14
    -1,NOUN,compound     1.0000    0.0000    0.0000         7
          1,DET,case     1.0000    0.0000    0.0000         9
         -1,DET,nmod     1.0000    0.0000    0.0000        13
     -1,PROPN,nummod     0.2297    0.6071    0.3333        28
         -3,NUM,conj     1.0000    0.0000    0.0000         1
   -3,FRAME,ARGM-TMP     1.0000    0.0000    0.0000         4
       10,FRAME,ARG0     1.0000    0.0000    0.0000         1
       -2,PROPN,case     1.0000    0.0000    0.0000         7
    2,NOUN,nmod:poss     0.4211    0.2581    0.3200        31
    -1,ADJ,parataxis     1.0000    0.0000    0.0000        16
        -2,NOUN,conj     0.2273    0.1020    0.1408        49
    3,FRAME,ARGM-LOC     1.0000    0.0000    0.0000         1
  3,FRAME,R-ARGM-LOC     1.0000    0.0000    0.0000         1
    3,FRAME,ARGM-ADV     1.0000    0.0000    0.0000        12
    2,FRAME,ARGM-MOD     0.8056    0.5918    0.6824        49
    2,FRAME,ARGM-NEG     0.3000    0.2500    0.2727        12
       -5,NOUN,punct     1.0000    0.0000    0.0000        10
   1,NOUN,cc:preconj     1.0000    0.0000    0.0000         3
          2,PROPN,cc     1.0000    0.0000    0.0000        16
        -3,NOUN,conj     1.0000    0.0000    0.0000        15
     -3,PROPN,advmod     1.0000    0.0000    0.0000         1
          1,ADJ,expl     1.0000    0.0000    0.0000         4
     1,VERB,compound     1.0000    0.0000    0.0000         7
         4,NOUN,amod     1.0000    0.0000    0.0000         3
        4,NOUN,punct     1.0000    0.0000    0.0000         5
        -2,ADJ,punct     0.4545    0.1724    0.2500        58
       -4,FRAME,ARG1     1.0000    0.0000    0.0000         4
   1,PROPN,nmod:poss     1.0000    0.0000    0.0000         9
   -4,FRAME,ARGM-LOC     1.0000    0.0000    0.0000         1
        -6,ADJ,punct     1.0000    0.0000    0.0000         3
         3,VERB,mark     1.0000    0.0000    0.0000         3
         -2,NOUN,acl     1.0000    0.0000    0.0000         8
     1,ADV,obl:npmod     0.8333    0.3846    0.5263        13
         -4,NOUN,acl     1.0000    0.0000    0.0000         2
    2,FRAME,ARGM-PRR     1.0000    0.0000    0.0000         2
   -3,FRAME,ARGM-PRP     1.0000    0.0000    0.0000         2
         -1,ADV,conj     1.0000    0.0000    0.0000        12
        -1,ADV,punct     0.5000    0.0385    0.0714        26
   -4,FRAME,ARGM-PRD     1.0000    0.0000    0.0000         1
       -1,VERB,fixed     1.0000    0.0000    0.0000         5
        1,NUM,advmod     0.2105    0.3333    0.2581        12
    1,FRAME,ARGM-PRP     1.0000    0.0000    0.0000         5
        1,SYM,nummod     1.0000    0.0000    0.0000        10
         -1,SYM,nmod     1.0000    0.0000    0.0000         3
      4,PROPN,advmod     1.0000    0.0000    0.0000         1
    3,PROPN,compound     1.0000    0.0000    0.0000        11
         -1,ADJ,nmod     1.0000    0.0000    0.0000         6
   -3,NOUN,parataxis     1.0000    0.0000    0.0000         1
       -1,VERB,advcl     1.0000    0.0000    0.0000         6
      -2,NOUN,advmod     1.0000    0.0000    0.0000         2
       -9,NOUN,punct     1.0000    0.0000    0.0000         1
         2,NOUN,mark     1.0000    0.0000    0.0000         4
        -2,ADV,advcl     1.0000    0.0000    0.0000         3
        -4,ADJ,punct     1.0000    0.0000    0.0000         9
        2,VERB,punct     1.0000    0.0000    0.0000         9
           2,VERB,cc     1.0000    0.0000    0.0000        10
          -1,X,punct     0.8095    0.5667    0.6667        30
       -1,INTJ,punct     0.4800    0.5714    0.5217        21
        -1,FRAME,C-V     1.0000    0.0000    0.0000        14
       -1,VERB,ccomp     1.0000    0.0000    0.0000         3
          1,SYM,case     1.0000    0.0000    0.0000        11
    -1,SYM,nmod:tmod     1.0000    0.0000    0.0000         1
  1,FRAME,R-ARGM-LOC     1.0000    0.0000    0.0000         4
  -1,PROPN,acl:relcl     1.0000    0.0000    0.0000         5
      2,PROPN,advmod     1.0000    0.0000    0.0000         1
      -2,PROPN,appos     1.0000    0.0000    0.0000        13
    1,FRAME,ARGM-PRD     1.0000    0.0000    0.0000        11
    1,NUM,nmod:npmod     1.0000    0.0000    0.0000         2
    4,FRAME,ARGM-TMP     1.0000    0.0000    0.0000         1
        4,FRAME,ARG0     1.0000    0.0000    0.0000         2
         3,NOUN,mark     1.0000    0.0000    0.0000         5
       -3,FRAME,ARG0     1.0000    0.0000    0.0000         1
        3,PROPN,case     0.0000    0.0000    0.0000        19
         3,PROPN,det     1.0000    0.0000    0.0000        13
       -4,PROPN,nmod     1.0000    0.0000    0.0000         1
        7,FRAME,ARG0     1.0000    0.0000    0.0000         1
         -1,PRON,cop     0.6000    0.2000    0.3000        15
       -2,PRON,punct     1.0000    0.0000    0.0000         9
   1,VERB,nsubj:pass     1.0000    0.0000    0.0000         2
        -4,NOUN,conj     1.0000    0.0000    0.0000        11
      1,PROPN,advmod     1.0000    0.0000    0.0000         7
        -1,PROPN,acl     1.0000    0.0000    0.0000         5
          1,NOUN,aux     1.0000    0.0000    0.0000         6
        -1,ADJ,xcomp     1.0000    0.0000    0.0000         2
         3,ADV,punct     1.0000    0.0000    0.0000         1
        2,ADV,advmod     1.0000    0.0000    0.0000         1
          2,ADV,mark     1.0000    0.0000    0.0000         2
  -5,PROPN,parataxis     1.0000    0.0000    0.0000         2
   -2,FRAME,ARGM-COM     1.0000    0.0000    0.0000         2
      -8,PROPN,punct     1.0000    0.0000    0.0000         3
   2,VERB,csubj:pass     1.0000    0.0000    0.0000         1
   -2,FRAME,ARGM-MNR     1.0000    0.0000    0.0000         8
     -1,FRAME,R-ARG1     1.0000    0.0000    0.0000         1
       -7,FRAME,ARG1     1.0000    0.0000    0.0000         2
          -2,ADJ,obl     1.0000    0.0000    0.0000         7
   -1,FRAME,ARGM-COM     1.0000    0.0000    0.0000        11
   -3,FRAME,ARGM-DIS     1.0000    0.0000    0.0000         3
     -3,FRAME,C-ARG1     1.0000    0.0000    0.0000         4
      2,FRAME,R-ARG0     1.0000    0.0000    0.0000        10
        -5,VERB,conj     1.0000    0.0000    0.0000         1
       -8,VERB,punct     1.0000    0.0000    0.0000         2
        5,FRAME,ARG1     1.0000    0.0000    0.0000         2
  -2,PROPN,acl:relcl     1.0000    0.0000    0.0000         3
       -1,PROPN,list     0.7500    0.1579    0.2609        19
        6,FRAME,ARG0     1.0000    0.0000    0.0000         1
         -1,VERB,obl     1.0000    0.0000    0.0000         6
       -4,FRAME,ARG2     1.0000    0.0000    0.0000         1
       -4,VERB,advcl     1.0000    0.0000    0.0000         2
        5,VERB,punct     1.0000    0.0000    0.0000         3
        7,FRAME,ARG1     1.0000    0.0000    0.0000         1
        2,PROPN,amod     1.0000    0.0000    0.0000         7
       -3,PROPN,nmod     1.0000    0.0000    0.0000         4
           1,ADV,cop     1.0000    0.0000    0.0000        13
    -1,ADV,acl:relcl     1.0000    0.0000    0.0000         4
    3,FRAME,ARGM-DIS     1.0000    0.0000    0.0000         5
          1,ADV,case     1.0000    0.0000    0.0000        10
       -2,PROPN,list     0.1613    0.1250    0.1408        40
       -3,PROPN,list     0.0000    0.0000    0.0000        40
      -3,PROPN,punct     0.3333    0.0222    0.0417        45
       -4,PROPN,list     0.3333    0.1111    0.1667        27
      1,ADV,obl:tmod     1.0000    0.0000    0.0000         1
        -3,PROPN,acl     1.0000    0.0000    0.0000         2
  -1,NOUN,nmod:npmod     1.0000    0.0000    0.0000         4
      -5,PROPN,punct     1.0000    0.0000    0.0000        12
       -5,PROPN,list     1.0000    0.0000    0.0000        16
      -6,PROPN,punct     1.0000    0.0000    0.0000         3
    1,FRAME,ARGM-GOL     1.0000    0.0000    0.0000         2
        2,FRAME,ARG2     1.0000    0.0000    0.0000        10
       -3,PROPN,flat     1.0000    0.0000    0.0000         6
    4,FRAME,ARGM-DIS     1.0000    0.0000    0.0000         1
    2,FRAME,ARGM-CAU     1.0000    0.0000    0.0000         7
    1,FRAME,ARGM-CXN     1.0000    0.0000    0.0000         5
          2,AUX,mark     1.0000    0.0000    0.0000         1
           1,AUX,aux     1.0000    0.0000    0.0000         1
 -2,FRAME,C-ARGM-CXN     1.0000    0.0000    0.0000         1
       5,PROPN,punct     1.0000    0.0000    0.0000         1
    4,PROPN,compound     1.0000    0.0000    0.0000         3
       4,PROPN,punct     1.0000    0.0000    0.0000         2
      -7,PROPN,appos     1.0000    0.0000    0.0000         1
       -2,NOUN,appos     1.0000    0.0000    0.0000        10
       -4,PROPN,conj     1.0000    0.0000    0.0000         7
       2,NOUN,advmod     1.0000    0.0000    0.0000         5
      -1,VERB,advmod     1.0000    0.0000    0.0000        16
           1,NUM,det     1.0000    0.0000    0.0000         7
          1,NUM,amod     1.0000    0.0000    0.0000         3
      1,PROPN,nummod     1.0000    0.0000    0.0000         5
      1,ADJ,compound     1.0000    0.0000    0.0000         4
        2,NUM,advmod     1.0000    0.0000    0.0000         2
       -5,PROPN,nmod     1.0000    0.0000    0.0000         1
         2,PROPN,cop     1.0000    0.0000    0.0000         8
         1,PROPN,cop     0.5000    0.1765    0.2609        17
        1,DET,advmod     1.0000    0.0000    0.0000         1
       -5,PROPN,conj     1.0000    0.0000    0.0000         4
         2,ADJ,punct     1.0000    0.0000    0.0000         3
          2,ADJ,mark     1.0000    0.0000    0.0000         5
        2,ADJ,advmod     1.0000    0.0000    0.0000         1
          1,ADJ,amod     1.0000    0.0000    0.0000        10
       2,VERB,advmod     1.0000    0.0000    0.0000         1
   2,VERB,reparandum     1.0000    0.0000    0.0000         1
        2,VERB,nsubj     1.0000    0.0000    0.0000         1
        3,PROPN,amod     1.0000    0.0000    0.0000         1
       -3,FRAME,ARG2     1.0000    0.0000    0.0000         5
  2,FRAME,R-ARGM-LOC     1.0000    0.0000    0.0000         2
            2,ADJ,cc     1.0000    0.0000    0.0000         5
  2,FRAME,R-ARGM-ADJ     1.0000    0.0000    0.0000         1
       1,PROPN,nsubj     1.0000    0.0000    0.0000         1
    4,FRAME,ARGM-ADV     1.0000    0.0000    0.0000         5
       -6,FRAME,ARG1     1.0000    0.0000    0.0000         1
       -1,VERB,nsubj     1.0000    0.0000    0.0000         2
          4,NOUN,cop     1.0000    0.0000    0.0000         2
          1,INTJ,cop     1.0000    0.0000    0.0000         1
        1,INTJ,punct     1.0000    0.0000    0.0000         4
    3,NOUN,nmod:poss     1.0000    0.0000    0.0000         3
    6,FRAME,ARGM-ADV     1.0000    0.0000    0.0000         3
         1,PRON,mark     1.0000    0.0000    0.0000         2
          1,PRON,cop     1.0000    0.0000    0.0000         4
        1,PRON,punct     1.0000    0.0000    0.0000         1
   -4,FRAME,ARGM-ADV     1.0000    0.0000    0.0000         2
      -1,SCONJ,fixed     1.0000    0.0000    0.0000         7
         -4,ADJ,conj     1.0000    0.0000    0.0000         1
   1,NOUN,det:predet     0.6667    0.5263    0.5882        19
         -2,PRON,acl     1.0000    0.0000    0.0000         1
       -1,PRON,punct     1.0000    0.0000    0.0000        16
           1,SYM,cop     1.0000    0.0000    0.0000         3
   -1,SYM,nmod:npmod     1.0000    0.0000    0.0000         1
     -1,FRAME,C-ARG3     1.0000    0.0000    0.0000         2
            1,ADV,cc     0.7500    0.2143    0.3333        14
          -1,ADJ,cop     1.0000    0.0000    0.0000         4
    -1,NUM,nmod:tmod     1.0000    0.0000    0.0000         2
         -1,INTJ,obl     1.0000    0.0000    0.0000         2
          1,VERB,obj     1.0000    0.0000    0.0000         1
   -1,FRAME,ARGM-LVB     1.0000    0.0000    0.0000         2
   -2,FRAME,ARGM-DIS     1.0000    0.0000    0.0000         5
   -2,FRAME,ARGM-PRD     1.0000    0.0000    0.0000         2
        -3,ADJ,punct     1.0000    0.0000    0.0000        18
     1,NOUN,goeswith     0.0000    1.0000    0.0000         0
      -5,PROPN,appos     1.0000    0.0000    0.0000         6
        -1,PRON,conj     1.0000    0.0000    0.0000         6
    -1,INTJ,vocative     1.0000    0.0000    0.0000         4
       -2,FRAME,ARG3     1.0000    0.0000    0.0000         2
   -1,NOUN,parataxis     1.0000    0.0000    0.0000        29
   -1,NOUN,nmod:tmod     1.0000    0.0000    0.0000         8
  -1,PROPN,parataxis     1.0000    0.0000    0.0000         7
   1,PROPN,discourse     1.0000    0.0000    0.0000         2
   -2,FRAME,ARGM-DIR     1.0000    0.0000    0.0000         5
   -1,FRAME,ARGM-DIS     1.0000    0.0952    0.1739        21
        1,VERB,advcl     1.0000    0.0000    0.0000         2
         -2,ADV,conj     1.0000    0.0000    0.0000         4
        -2,ADV,punct     1.0000    0.0000    0.0000         6
        4,FRAME,ARG1     1.0000    0.0000    0.0000         7
    3,NOUN,parataxis     1.0000    0.0000    0.0000         1
        -1,ADJ,advcl     1.0000    0.0000    0.0000        11
      -2,VERB,advmod     1.0000    0.0000    0.0000         1
 -1,FRAME,C-ARGM-CXN     1.0000    0.0000    0.0000         4
          3,NOUN,det     1.0000    0.0000    0.0000        42
          -1,SYM,acl     1.0000    0.0000    0.0000         1
            1,SYM,cc     1.0000    0.0000    0.0000         3
         -1,SYM,conj     1.0000    0.0000    0.0000         2
         3,NOUN,amod     1.0000    0.0000    0.0000        15
        -1,VERB,expl     1.0000    0.2500    0.4000         8
           4,NOUN,cc     1.0000    0.0000    0.0000         2
          4,NOUN,det     1.0000    0.0000    0.0000         4
   -3,FRAME,ARGM-LOC     1.0000    0.0000    0.0000         2
   -2,FRAME,ARGM-EXT     1.0000    0.0000    0.0000         1
       -8,PROPN,list     1.0000    0.0000    0.0000        10
       -9,PROPN,list     1.0000    0.0000    0.0000         3
        1,NUM,nummod     1.0000    0.7500    0.8571        24
      -13,PROPN,list     1.0000    0.0000    0.0000         1
        1,NOUN,appos     0.0000    1.0000    0.0000         0
        -1,NUM,appos     1.0000    0.0000    0.0000         9
      3,PROPN,nummod     1.0000    0.0000    0.0000         1
      -15,PROPN,list     1.0000    0.0000    0.0000         1
      -16,PROPN,list     1.0000    0.0000    0.0000         2
      -18,PROPN,list     1.0000    0.0000    0.0000         1
          -1,X,appos     1.0000    0.0000    0.0000         6
        1,X,compound     1.0000    0.0000    0.0000         5
    -2,NUM,nmod:tmod     0.8333    1.0000    0.9091        20
            1,DET,cc     1.0000    0.0000    0.0000         2
         -1,DET,conj     1.0000    0.0000    0.0000         1
         1,ADV,punct     1.0000    0.0000    0.0000         7
          -1,ADV,cop     1.0000    0.0769    0.1429        13
           1,X,punct     0.7143    0.4412    0.5455        34
        -1,SYM,punct     1.0000    0.0000    0.0000         2
        -1,SYM,appos     1.0000    0.0000    0.0000         1
         -2,SYM,conj     1.0000    0.0000    0.0000         1
      -3,PROPN,appos     1.0000    0.0000    0.0000         6
      -4,PROPN,appos     1.0000    0.0000    0.0000         4
         3,NOUN,case     1.0000    0.0000    0.0000        34
   -3,VERB,parataxis     1.0000    0.0000    0.0000         7
    3,FRAME,ARGM-MNR     1.0000    0.0000    0.0000         1
    -1,VERB,aux:pass     1.0000    0.0000    0.0000         4
      1,ADJ,vocative     1.0000    0.0000    0.0000         1
  -2,PROPN,parataxis     1.0000    0.0000    0.0000         1
        -2,NUM,punct     1.0000    0.0000    0.0000         6
       -1,NUM,advmod     1.0000    0.0000    0.0000         3
      2,PROPN,nummod     1.0000    0.0000    0.0000         3
        1,ADJ,nummod     1.0000    0.0000    0.0000         2
     1,ADJ,nmod:poss     1.0000    0.0000    0.0000         2
     3,NOUN,compound     1.0000    0.0000    0.0000         6
        1,VERB,nsubj     1.0000    0.0000    0.0000        14
       -6,PROPN,list     1.0000    0.0000    0.0000        11
       -7,PROPN,list     1.0000    0.0000    0.0000         3
          -2,X,punct     1.0000    0.0000    0.0000         2
           -1,X,flat     1.0000    0.0000    0.0000         1
         1,ADJ,nsubj     1.0000    0.0000    0.0000         7
         2,ADV,punct     1.0000    0.0000    0.0000         1
    2,FRAME,ARGM-ADJ     1.0000    0.0000    0.0000         2
           1,SYM,det     1.0000    0.0000    0.0000         2
      1,SYM,compound     1.0000    0.0000    0.0000         1
       -1,FRAME,ARG5     1.0000    0.0000    0.0000         1
       -1,SYM,advmod     1.0000    0.0000    0.0000         1
            1,X,case     1.0000    0.0000    0.0000         5
        -1,NOUN,list     1.0000    0.0000    0.0000        18
       -1,X,goeswith     1.0000    0.0000    0.0000         8
       -2,X,goeswith     1.0000    0.0000    0.0000         3
          -3,X,punct     1.0000    0.0000    0.0000         1
       -3,X,goeswith     1.0000    0.0000    0.0000         1
         -3,X,nummod     1.0000    0.0000    0.0000         1
           1,NUM,cop     1.0000    0.0909    0.1667        11
   -1,NUM,nmod:npmod     1.0000    0.0000    0.0000         2
          -1,NUM,obl     1.0000    0.0000    0.0000         2
            2,X,case     1.0000    0.0000    0.0000         1
           2,X,punct     1.0000    0.0000    0.0000         1
       -1,PROPN,amod     1.0000    0.0000    0.0000         2
    -2,ADJ,parataxis     1.0000    0.0000    0.0000         6
       -1,ADJ,orphan     1.0000    0.0000    0.0000         1
         -1,VERB,cop     1.0000    0.0000    0.0000         1
        3,NOUN,punct     1.0000    0.0000    0.0000         4
         -2,DET,nmod     1.0000    0.0000    0.0000         8
    2,VERB,parataxis     1.0000    0.0000    0.0000         1
       -1,NOUN,advcl     1.0000    0.0000    0.0000         4
   -4,VERB,parataxis     1.0000    0.0000    0.0000         3
   -2,FRAME,ARGM-GOL     1.0000    0.0000    0.0000         2
        -2,PRON,conj     1.0000    0.0000    0.0000         2
   -2,FRAME,ARGM-PRP     1.0000    0.0000    0.0000         8
        -3,NOUN,nmod     1.0000    0.0000    0.0000        14
   1,VERB,cc:preconj     1.0000    0.0000    0.0000         3
     -1,SYM,compound     1.0000    0.0000    0.0000         2
         -2,SYM,nmod     1.0000    0.0000    0.0000         1
       -6,NOUN,punct     1.0000    0.0000    0.0000         2
        -2,NOUN,amod     1.0000    0.0000    0.0000         1
     1,NOUN,vocative     1.0000    0.0000    0.0000         1
    3,FRAME,ARGM-TMP     1.0000    0.0000    0.0000         6
       -1,ADV,advmod     1.0000    0.0000    0.0000         2
        -1,ADJ,ccomp     1.0000    0.0000    0.0000         5
          1,ADV,mark     1.0000    0.0000    0.0000         3
   -2,VERB,parataxis     1.0000    0.0000    0.0000        20
         2,PRON,mark     1.0000    0.0000    0.0000         2
        1,PRON,nsubj     1.0000    0.0000    0.0000         1
         -1,PRON,det     1.0000    0.0000    0.0000         3
    3,FRAME,ARGM-PRR     1.0000    0.0000    0.0000         1
   -3,FRAME,ARGM-MOD     1.0000    0.0000    0.0000         1
   -3,FRAME,ARGM-LVB     1.0000    0.0000    0.0000         1
     -1,ADJ,compound     1.0000    0.0000    0.0000         1
    2,FRAME,ARGM-PRD     1.0000    0.0000    0.0000         1
       -1,ADJ,advmod     1.0000    0.0000    0.0000         6
       -1,X,compound     1.0000    0.0000    0.0000         1
   -2,FRAME,ARGM-LVB     1.0000    0.0000    0.0000         2
        7,PROPN,case     1.0000    0.0000    0.0000         1
         7,PROPN,det     1.0000    0.0000    0.0000         1
   -5,FRAME,ARGM-ADV     1.0000    0.0000    0.0000         1
          4,PROPN,cc     1.0000    0.0000    0.0000         1
   4,PROPN,nmod:poss     1.0000    0.0000    0.0000         1
    3,FRAME,ARGM-CAU     1.0000    0.0000    0.0000         2
      2,FRAME,R-ARG2     1.0000    0.0000    0.0000         1
   -1,FRAME,ARGM-MOD     1.0000    0.0000    0.0000         1
   -3,FRAME,ARGM-GOL     1.0000    0.0000    0.0000         2
          2,NUM,mark     1.0000    0.0000    0.0000         1
           2,NUM,cop     1.0000    0.0000    0.0000         1
          -1,NUM,acl     1.0000    0.0000    0.0000         1
          -1,AUX,obj     1.0000    0.0000    0.0000         1
     -1,AUX,obl:tmod     1.0000    0.0000    0.0000         1
        -1,AUX,advcl     1.0000    0.0000    0.0000         2
        -1,AUX,punct     1.0000    0.0000    0.0000         2
  5,FRAME,R-ARGM-ADV     1.0000    0.0000    0.0000         1
        -4,NOUN,nmod     1.0000    0.0000    0.0000         2
        2,NUM,nummod     1.0000    0.0000    0.0000         3
  3,FRAME,R-ARGM-DIR     1.0000    0.0000    0.0000         1
   1,VERB,reparandum     1.0000    0.0000    0.0000         1
    1,FRAME,ARGM-CAU     1.0000    0.0000    0.0000         8
   -5,FRAME,ARGM-PRP     1.0000    0.0000    0.0000         1
        3,FRAME,ARG2     1.0000    0.0000    0.0000         1
   -3,PRON,acl:relcl     1.0000    0.0000    0.0000         3
   -2,NOUN,nmod:tmod     1.0000    0.0000    0.0000         1
        -3,NOUN,list     1.0000    0.0000    0.0000        15
        -4,NOUN,list     1.0000    0.0000    0.0000        21
        -2,NOUN,list     1.0000    0.0000    0.0000        11
        1,NOUN,nsubj     1.0000    0.0000    0.0000         5
     1,ADJ,obl:npmod     1.0000    0.0000    0.0000         8
       1,PRON,advmod     1.0000    0.0000    0.0000         9
           1,PRON,cc     1.0000    0.1111    0.2000         9
        -6,NOUN,conj     1.0000    0.0000    0.0000         2
        -8,NOUN,conj     1.0000    0.0000    0.0000         3
    -3,ADJ,parataxis     1.0000    0.0000    0.0000         1
     -1,FRAME,C-ARG0     1.0000    0.0000    0.0000         2
   -1,X,flat:foreign     1.0000    0.0000    0.0000         2
   -2,X,flat:foreign     1.0000    0.0000    0.0000         2
   -3,X,flat:foreign     1.0000    0.0000    0.0000         2
   -4,X,flat:foreign     1.0000    0.0000    0.0000         1
   1,NOUN,nmod:npmod     1.0000    0.0000    0.0000         1
  1,PROPN,reparandum     1.0000    0.0000    0.0000         1
   -2,VERB,discourse     1.0000    0.0000    0.0000         3
        -1,ADP,advcl     1.0000    0.0000    0.0000         1
       3,PROPN,punct     1.0000    0.0000    0.0000         4
       -1,PRON,appos     1.0000    0.0000    0.0000         2
        -5,NOUN,conj     1.0000    0.0000    0.0000         5
        -7,NOUN,conj     1.0000    0.0000    0.0000         3
    -2,NUM,parataxis     1.0000    0.0000    0.0000         3
           3,VERB,cc     1.0000    0.0000    0.0000         2
        -1,PRON,case     1.0000    0.0000    0.0000         2
    -1,ADV,discourse     1.0000    0.0000    0.0000         1
        -1,ADV,appos     1.0000    0.0000    0.0000         1
          1,VERB,obl     1.0000    0.0000    0.0000         1
         -5,ADJ,conj     1.0000    0.0000    0.0000         1
         -3,ADJ,conj     1.0000    0.0000    0.0000         4
          -4,ADJ,obl     1.0000    0.0000    0.0000         1
      -1,PROPN,xcomp     1.0000    0.0000    0.0000         1
         -1,NOUN,obl     1.0000    0.0000    0.0000         2
    1,FRAME,ARGM-PRR     1.0000    0.0000    0.0000         1
         -3,NOUN,acl     1.0000    0.0000    0.0000         3
       -8,NOUN,punct     1.0000    0.0000    0.0000         1
       -4,NOUN,appos     1.0000    0.0000    0.0000         1
       1,PUNCT,punct     1.0000    0.0000    0.0000         1
      -1,PUNCT,punct     1.0000    0.0000    0.0000         1
     -1,FRAME,C-ARG2     1.0000    0.0000    0.0000         7
         -1,PRON,acl     1.0000    0.0000    0.0000         2
   2,NOUN,cc:preconj     1.0000    0.0000    0.0000         1
  -1,PRON,cc:preconj     1.0000    0.0000    0.0000         1
        -1,AUX,xcomp     1.0000    0.0000    0.0000         1
         -2,AUX,conj     1.0000    0.0000    0.0000         2
      -1,X,parataxis     1.0000    0.0000    0.0000         1
    2,NOUN,discourse     1.0000    0.0000    0.0000         2
    9,FRAME,ARGM-ADV     1.0000    0.0000    0.0000         1
        -3,NOUN,amod     1.0000    0.0000    0.0000         1
            1,ADP,cc     1.0000    0.0000    0.0000         4
         -1,ADP,conj     1.0000    0.0000    0.0000         4
          1,SYM,amod     1.0000    0.0000    0.0000         1
       -7,PROPN,conj     1.0000    0.0000    0.0000         1
        2,X,compound     1.0000    0.0000    0.0000         1
           -1,X,list     1.0000    0.0000    0.0000         2
           -2,X,list     1.0000    0.0000    0.0000         4
  -1,PROPN,nmod:tmod     1.0000    0.0000    0.0000         3
      -7,PROPN,punct     1.0000    0.0000    0.0000         1
           -1,X,conj     1.0000    0.0000    0.0000         2
    1,VERB,discourse     1.0000    0.0000    0.0000         2
     1,VERB,vocative     1.0000    0.0000    0.0000         2
     1,ADV,discourse     1.0000    0.0000    0.0000         1
       -3,NOUN,appos     1.0000    0.0000    0.0000         1
       -2,FRAME,ARG4     1.0000    0.0000    0.0000         1
        -2,ADV,fixed     1.0000    0.0000    0.0000         1
         5,NOUN,mark     1.0000    0.0000    0.0000         1
        5,NOUN,punct     1.0000    0.0000    0.0000         3
    1,FRAME,ARG1-DSP     1.0000    0.0000    0.0000         4
    1,NOUN,parataxis     1.0000    0.0000    0.0000         1
 -2,FRAME,C-ARG1-DSP     1.0000    0.0000    0.0000         1
        2,PRON,punct     1.0000    0.0000    0.0000         1
         -1,X,advmod     1.0000    0.0000    0.0000         1
      -1,X,acl:relcl     1.0000    0.0000    0.0000         1
       -5,FRAME,ARG1     1.0000    0.0000    0.0000         1
    2,NOUN,parataxis     1.0000    0.0000    0.0000         1
           3,NOUN,cc     1.0000    0.0000    0.0000         4
        -1,ADV,advcl     1.0000    0.0000    0.0000         2
   -3,FRAME,ARGM-CAU     1.0000    0.0000    0.0000         3
        -5,NOUN,nmod     1.0000    0.0000    0.0000         1
  -1,PROPN,discourse     1.0000    0.0000    0.0000         1
        -2,FRAME,C-V     1.0000    0.0000    0.0000         1
    -1,ADV,obl:npmod     1.0000    0.0000    0.0000         1
          1,NUM,mark     1.0000    0.0000    0.0000         2
   -1,PRON,discourse     1.0000    0.0000    0.0000         2
   -1,VERB,discourse     1.0000    0.0000    0.0000         5
   -1,PROPN,compound     1.0000    0.0000    0.0000         1
   -1,PRON,parataxis     1.0000    0.0000    0.0000         3
     1,SYM,parataxis     1.0000    0.0000    0.0000         1
        -2,SYM,punct     1.0000    0.0000    0.0000         1
  -3,PROPN,parataxis     1.0000    0.0000    0.0000         1
          1,AUX,expl     1.0000    0.0000    0.0000         2
            1,AUX,cc     1.0000    0.0000    0.0000         1
        -2,AUX,punct     1.0000    0.0000    0.0000         3
         2,NOUN,expl     1.0000    0.0000    0.0000         1
    1,VERB,obl:npmod     1.0000    0.0000    0.0000         1
   -1,NOUN,discourse     1.0000    0.0000    0.0000         4
              1,X,cc     1.0000    0.0000    0.0000         1
           -2,X,conj     1.0000    0.0000    0.0000         1
         1,NOUN,nmod     1.0000    0.0000    0.0000         3
   -3,NOUN,acl:relcl     1.0000    0.0000    0.0000         1
        -1,PROPN,cop     1.0000    0.0000    0.0000         1
   -2,NOUN,parataxis     1.0000    0.0000    0.0000         2
    -1,DET,discourse     1.0000    0.0000    0.0000         1
           2,ADV,aux     1.0000    0.0000    0.0000         1
   -1,FRAME,ARGM-CXN     1.0000    0.0000    0.0000         7
          1,CCONJ,cc     1.0000    0.0000    0.0000         1
       1,CCONJ,punct     1.0000    0.0000    0.0000         1
         1,ADV,nsubj     1.0000    0.0000    0.0000         1
           1,ADV,aux     1.0000    0.0000    0.0000         1
          -1,ADJ,obj     1.0000    0.0000    0.0000         2
            3,ADV,cc     1.0000    0.0000    0.0000         1
            2,ADV,cc     1.0000    0.0000    0.0000         1
           2,ADV,cop     1.0000    0.0000    0.0000         1
  -3,PROPN,discourse     1.0000    0.0000    0.0000         1
           1,INTJ,cc     1.0000    0.0000    0.0000         1
           1,ADJ,obl     1.0000    0.0000    0.0000         1
          2,DET,case     1.0000    0.0000    0.0000         2
    1,DET,det:predet     1.0000    0.0000    0.0000         1
          -1,ADJ,acl     1.0000    0.0000    0.0000         1
    1,DET,nmod:npmod     1.0000    0.0000    0.0000         1
         1,PROPN,dep     1.0000    0.0000    0.0000         1
          2,PRON,cop     1.0000    0.0000    0.0000         1
     2,ADJ,discourse     1.0000    0.0000    0.0000         1
         1,ADJ,advcl     1.0000    0.0000    0.0000         1
    -2,ADJ,discourse     1.0000    0.0000    0.0000         1
        -6,VERB,conj     1.0000    0.0000    0.0000         1
        -8,VERB,conj     1.0000    0.0000    0.0000         1
        -3,PRON,conj     1.0000    0.0000    0.0000         1
         1,NUM,advcl     1.0000    0.0000    0.0000         1
 -1,FRAME,C-ARGM-LOC     1.0000    0.0000    0.0000         1
    -1,ADJ,discourse     1.0000    0.0000    0.0000         4
       -6,PROPN,conj     1.0000    0.0000    0.0000         1
    -1,NUM,acl:relcl     1.0000    0.0000    0.0000         1
           1,ADJ,obj     1.0000    0.0000    0.0000         1
          -3,ADJ,obl     1.0000    0.0000    0.0000         1
        1,FRAME,ARGA     1.0000    0.0000    0.0000         2
    -1,DET,acl:relcl     1.0000    0.0000    0.0000         3
         1,DET,punct     1.0000    0.0000    0.0000         2
           1,DET,cop     1.0000    0.0000    0.0000         1
        -1,DET,punct     1.0000    0.0000    0.0000         3
   -2,PROPN,compound     1.0000    0.0000    0.0000         2
        -4,NOUN,amod     1.0000    0.0000    0.0000         1
   -4,NOUN,parataxis     1.0000    0.0000    0.0000         1
   -7,NOUN,parataxis     1.0000    0.0000    0.0000         1
        2,PROPN,nmod     1.0000    0.0000    0.0000         1
           1,ADV,det     1.0000    0.0000    0.0000         2
    1,NOUN,discourse     1.0000    0.0000    0.0000         1
         -2,PRON,cop     1.0000    0.0000    0.0000         1
       1,PART,advmod     1.0000    0.0000    0.0000         1
    4,FRAME,ARGM-CAU     1.0000    0.0000    0.0000         1
   -6,VERB,parataxis     1.0000    0.0000    0.0000         1
      1,ADP,goeswith     1.0000    0.0000    0.0000         1
       -9,VERB,punct     1.0000    0.0000    0.0000         1
      -1,PRON,advmod     1.0000    0.0000    0.0000         2
    -1,VERB,compound     1.0000    0.0000    0.0000         3
    3,FRAME,ARGM-MOD     1.0000    0.0000    0.0000         3
       -2,VERB,advcl     1.0000    0.0000    0.0000         1
      3,FRAME,R-ARG1     1.0000    0.0000    0.0000         1
         3,PROPN,cop     1.0000    0.0000    0.0000         1
        -1,ADV,xcomp     1.0000    0.0000    0.0000         1
           5,VERB,cc     1.0000    0.0000    0.0000         1
        3,VERB,advcl     1.0000    0.0000    0.0000         1
   2,PROPN,nmod:poss     1.0000    0.0000    0.0000         2
       -3,FRAME,ARG3     1.0000    0.0000    0.0000         1
         1,ADV,advcl     1.0000    0.0000    0.0000         1
        -3,ADV,punct     1.0000    0.0000    0.0000         1
   2,NOUN,det:predet     1.0000    0.0000    0.0000         1
    -2,ADV,parataxis     1.0000    0.0000    0.0000         1
        -4,ADV,punct     1.0000    0.0000    0.0000         1
         1,AUX,punct     1.0000    0.0000    0.0000         2
        1,AUX,advmod     1.0000    0.0000    0.0000         1
         1,AUX,advcl     1.0000    0.0000    0.0000         1
         1,AUX,nsubj     1.0000    0.0000    0.0000         2
   -3,VERB,discourse     1.0000    0.0000    0.0000         3
    -1,ADV,parataxis     1.0000    0.0000    0.0000         2
        -9,NOUN,conj     1.0000    0.0000    0.0000         1
       -10,NOUN,conj     1.0000    0.0000    0.0000         2
       3,NOUN,nummod     1.0000    0.0000    0.0000         1
       -13,NOUN,conj     1.0000    0.0000    0.0000         2
       -15,NOUN,nmod     1.0000    0.0000    0.0000         1
   -2,NOUN,discourse     1.0000    0.0000    0.0000         1
        2,FRAME,ARG3     1.0000    0.0000    0.0000         1
   -1,INTJ,discourse     1.0000    0.0000    0.0000         1
   -2,INTJ,discourse     1.0000    0.0000    0.0000         1
       -3,INTJ,punct     1.0000    0.0000    0.0000         1
          1,ADV,amod     1.0000    0.0000    0.0000         3
        1,PROPN,mark     1.0000    0.0000    0.0000         1
       4,NOUN,nummod     1.0000    0.0000    0.0000         1
       -4,PROPN,flat     1.0000    0.0000    0.0000         1
          1,NUM,list     1.0000    0.0000    0.0000         1
   -1,PROPN,vocative     1.0000    0.0000    0.0000         1
        -1,VERB,list     1.0000    0.0000    0.0000         1
           1,PART,cc     1.0000    0.0000    0.0000         3
      -14,NOUN,punct     1.0000    0.0000    0.0000         1
     -1,PROPN,advmod     1.0000    0.0000    0.0000         1
       -1,PRON,xcomp     1.0000    0.0000    0.0000         1
         1,PART,mark     1.0000    0.0000    0.0000         1
        -2,ADV,ccomp     1.0000    0.0000    0.0000         1
       -2,DET,advmod     1.0000    0.0000    0.0000         1
           1,ADP,aux     1.0000    0.0000    0.0000         2
           1,ADP,cop     1.0000    0.0000    0.0000         2
   -2,PRON,parataxis     1.0000    0.0000    0.0000         1
           1,ADV,obl     1.0000    0.0000    0.0000         1
          -3,ADV,obl     1.0000    0.0000    0.0000         1
          2,ADJ,case     1.0000    0.0000    0.0000         1
       -1,VERB,appos     1.0000    0.0000    0.0000         1
    1,FRAME,ARGM-DIR     1.0000    0.0000    0.0000         2
    -1,NUM,parataxis     1.0000    0.0000    0.0000         1
      1,ADJ,goeswith     1.0000    0.0000    0.0000         2
        2,PROPN,mark     1.0000    0.0000    0.0000         2
       -1,PART,punct     1.0000    0.0000    0.0000         2
        1,SYM,advmod     1.0000    0.0000    0.0000         1
        5,NOUN,nsubj     1.0000    0.0000    0.0000         1
      1,ADJ,aux:pass     1.0000    0.0000    0.0000         1
         1,INTJ,amod     1.0000    0.0000    0.0000         1
       -2,INTJ,punct     1.0000    0.0000    0.0000         1
        -5,ADJ,punct     1.0000    0.0000    0.0000         1
       -1,NOUN,csubj     1.0000    0.0000    0.0000         1
          3,NOUN,cop     1.0000    0.0000    0.0000         1
        1,PART,punct     1.0000    0.0000    0.0000         1
         -1,AUX,conj     1.0000    0.0000    0.0000         1
         -1,ADJ,expl     1.0000    0.0000    0.0000         1
         -1,NOUN,cop     1.0000    0.0000    0.0000         1
          1,AUX,mark     1.0000    0.0000    0.0000         1
     1,ADJ,discourse     1.0000    0.0000    0.0000         1

            accuracy                         0.6151     25096
           macro avg     0.9023    0.0847    0.0785     25096
        weighted avg     0.6666    0.6151    0.5652     25096

2021-10-06 18:22:31,376 ----------------------------------------------------------------------------------------------------
