2021-10-05 20:53:20,423 ----------------------------------------------------------------------------------------------------
2021-10-05 20:53:20,423 Model: "SequenceTagger(
  (embeddings): StackedEmbeddings(
    (list_embedding_0): WordEmbeddings('glove')
    (list_embedding_1): FlairEmbeddings(
      (lm): LanguageModel(
        (drop): Dropout(p=0.05, inplace=False)
        (encoder): Embedding(300, 100)
        (rnn): LSTM(100, 2048)
        (decoder): Linear(in_features=2048, out_features=300, bias=True)
      )
    )
    (list_embedding_2): FlairEmbeddings(
      (lm): LanguageModel(
        (drop): Dropout(p=0.05, inplace=False)
        (encoder): Embedding(300, 100)
        (rnn): LSTM(100, 2048)
        (decoder): Linear(in_features=2048, out_features=300, bias=True)
      )
    )
    (list_embedding_3): OneHotEmbeddings(
      min_freq=3
      (embedding_layer): Embedding(18, 18)
    )
    (list_embedding_4): OneHotEmbeddings(
      min_freq=3
      (embedding_layer): Embedding(22, 22)
    )
  )
  (dropout): Dropout(p=0.2, inplace=False)
  (word_dropout): WordDropout(p=0.05)
  (locked_dropout): LockedDropout(p=0.3)
  (embedding2nn): Linear(in_features=4236, out_features=4236, bias=True)
  (rnn): LSTM(4236, 500, batch_first=True, bidirectional=True)
  (linear): Linear(in_features=1000, out_features=1160, bias=True)
  (beta): 1.0
  (weights): None
  (weight_tensor) None
)"
2021-10-05 20:53:20,423 ----------------------------------------------------------------------------------------------------
2021-10-05 20:53:20,424 Corpus: "Corpus: 2508 train + 2002 dev + 2077 test sentences"
2021-10-05 20:53:20,424 ----------------------------------------------------------------------------------------------------
2021-10-05 20:53:20,424 Parameters:
2021-10-05 20:53:20,424  - learning_rate: "0.75"
2021-10-05 20:53:20,424  - mini_batch_size: "32"
2021-10-05 20:53:20,424  - patience: "3"
2021-10-05 20:53:20,424  - anneal_factor: "0.5"
2021-10-05 20:53:20,424  - max_epochs: "120"
2021-10-05 20:53:20,424  - shuffle: "True"
2021-10-05 20:53:20,424  - train_with_dev: "False"
2021-10-05 20:53:20,424  - batch_growth_annealing: "False"
2021-10-05 20:53:20,424 ----------------------------------------------------------------------------------------------------
2021-10-05 20:53:20,424 Model training base path: "model/srlreplaced/upos/goldpos/goldframes/0.75-500-1-0.2-0.3-0-glove-english-1-/vol/fob-vol2/mi16/bektasal/.flair/embeddings/news-forward-0.4.1.pt-2-/vol/fob-vol2/mi16/bektasal/.flair/embeddings/news-backward-0.4.1.pt-3-uposembeddings-4-one-hot-82268"
2021-10-05 20:53:20,424 ----------------------------------------------------------------------------------------------------
2021-10-05 20:53:20,424 Device: cuda:1
2021-10-05 20:53:20,424 ----------------------------------------------------------------------------------------------------
2021-10-05 20:53:20,424 Embeddings storage mode: gpu
2021-10-05 20:53:20,429 ----------------------------------------------------------------------------------------------------
2021-10-05 20:53:21,886 epoch 1 - iter 7/79 - loss 6.40773542 - samples/sec: 153.85 - lr: 0.750000
2021-10-05 20:53:23,387 epoch 1 - iter 14/79 - loss 5.92037586 - samples/sec: 149.29 - lr: 0.750000
2021-10-05 20:53:24,884 epoch 1 - iter 21/79 - loss 5.74953007 - samples/sec: 149.67 - lr: 0.750000
2021-10-05 20:53:26,338 epoch 1 - iter 28/79 - loss 5.54031083 - samples/sec: 154.15 - lr: 0.750000
2021-10-05 20:53:27,467 epoch 1 - iter 35/79 - loss 5.43413082 - samples/sec: 198.51 - lr: 0.750000
2021-10-05 20:53:28,972 epoch 1 - iter 42/79 - loss 5.25656630 - samples/sec: 148.83 - lr: 0.750000
2021-10-05 20:53:30,359 epoch 1 - iter 49/79 - loss 5.12327386 - samples/sec: 161.61 - lr: 0.750000
2021-10-05 20:53:31,326 epoch 1 - iter 56/79 - loss 5.04656670 - samples/sec: 231.89 - lr: 0.750000
2021-10-05 20:53:32,175 epoch 1 - iter 63/79 - loss 4.88456924 - samples/sec: 263.78 - lr: 0.750000
2021-10-05 20:53:32,990 epoch 1 - iter 70/79 - loss 4.72542880 - samples/sec: 275.20 - lr: 0.750000
2021-10-05 20:53:33,697 epoch 1 - iter 77/79 - loss 4.59357201 - samples/sec: 316.67 - lr: 0.750000
2021-10-05 20:53:33,904 ----------------------------------------------------------------------------------------------------
2021-10-05 20:53:33,904 EPOCH 1 done: loss 4.5415 - lr 0.7500000
2021-10-05 20:53:40,952 DEV : loss 3.4317855834960938 - score 0.302
2021-10-05 20:53:40,962 BAD EPOCHS (no improvement): 0
2021-10-05 20:54:40,062 ----------------------------------------------------------------------------------------------------
2021-10-05 20:54:40,062 Exiting from training early.
2021-10-05 20:54:40,062 Saving model ...
2021-10-05 20:55:37,140 Done.
2021-10-05 20:55:37,141 ----------------------------------------------------------------------------------------------------
2021-10-05 20:55:37,141 Testing using best model ...
2021-10-05 20:55:37,141 loading file model/srlreplaced/upos/goldpos/goldframes/0.75-500-1-0.2-0.3-0-glove-english-1-/vol/fob-vol2/mi16/bektasal/.flair/embeddings/news-forward-0.4.1.pt-2-/vol/fob-vol2/mi16/bektasal/.flair/embeddings/news-backward-0.4.1.pt-3-uposembeddings-4-one-hot-82268/best-model.pt
