2021-10-06 17:55:44,214 ----------------------------------------------------------------------------------------------------
2021-10-06 17:55:44,214 Model: "SequenceTagger(
  (embeddings): StackedEmbeddings(
    (list_embedding_0): FlairEmbeddings(
      (lm): LanguageModel(
        (drop): Dropout(p=0.05, inplace=False)
        (encoder): Embedding(300, 100)
        (rnn): LSTM(100, 2048)
        (decoder): Linear(in_features=2048, out_features=300, bias=True)
      )
    )
    (list_embedding_1): FlairEmbeddings(
      (lm): LanguageModel(
        (drop): Dropout(p=0.05, inplace=False)
        (encoder): Embedding(300, 100)
        (rnn): LSTM(100, 2048)
        (decoder): Linear(in_features=2048, out_features=300, bias=True)
      )
    )
  )
  (dropout): Dropout(p=0.2, inplace=False)
  (word_dropout): WordDropout(p=0.05)
  (locked_dropout): LockedDropout(p=0.3)
  (embedding2nn): Linear(in_features=4096, out_features=4096, bias=True)
  (rnn): LSTM(4096, 500, batch_first=True, bidirectional=True)
  (linear): Linear(in_features=1000, out_features=978, bias=True)
  (beta): 1.0
  (weights): None
  (weight_tensor) None
)"
2021-10-06 17:55:44,238 ----------------------------------------------------------------------------------------------------
2021-10-06 17:55:44,241 Corpus: "Corpus: 12543 train + 2002 dev + 2077 test sentences"
2021-10-06 17:55:44,241 ----------------------------------------------------------------------------------------------------
2021-10-06 17:55:44,241 Parameters:
2021-10-06 17:55:44,241  - learning_rate: "0.75"
2021-10-06 17:55:44,241  - mini_batch_size: "32"
2021-10-06 17:55:44,241  - patience: "3"
2021-10-06 17:55:44,241  - anneal_factor: "0.5"
2021-10-06 17:55:44,241  - max_epochs: "2"
2021-10-06 17:55:44,241  - shuffle: "True"
2021-10-06 17:55:44,241  - train_with_dev: "False"
2021-10-06 17:55:44,241  - batch_growth_annealing: "False"
2021-10-06 17:55:44,241 ----------------------------------------------------------------------------------------------------
2021-10-06 17:55:44,241 Model training base path: "model/srlreplaced/upos/goldpos/goldframes/bc0a3e32-5928-4af8-8943-01a27e875dcc"
2021-10-06 17:55:44,241 ----------------------------------------------------------------------------------------------------
2021-10-06 17:55:44,242 Device: cuda:0
2021-10-06 17:55:44,242 ----------------------------------------------------------------------------------------------------
2021-10-06 17:55:44,242 Embeddings storage mode: gpu
2021-10-06 17:55:44,277 ----------------------------------------------------------------------------------------------------
2021-10-06 17:55:49,958 epoch 1 - iter 39/392 - loss 5.27674682 - samples/sec: 219.79 - lr: 0.750000
2021-10-06 17:55:54,246 epoch 1 - iter 78/392 - loss 4.59885136 - samples/sec: 291.16 - lr: 0.750000
2021-10-06 17:55:58,806 epoch 1 - iter 117/392 - loss 4.06269118 - samples/sec: 273.84 - lr: 0.750000
2021-10-06 17:56:03,038 epoch 1 - iter 156/392 - loss 3.66857132 - samples/sec: 295.03 - lr: 0.750000
2021-10-06 17:56:07,684 epoch 1 - iter 195/392 - loss 3.48323450 - samples/sec: 268.77 - lr: 0.750000
2021-10-06 17:56:13,021 epoch 1 - iter 234/392 - loss 3.37556662 - samples/sec: 233.93 - lr: 0.750000
2021-10-06 17:56:17,560 epoch 1 - iter 273/392 - loss 3.25247612 - samples/sec: 275.07 - lr: 0.750000
2021-10-06 17:56:21,951 epoch 1 - iter 312/392 - loss 3.13793092 - samples/sec: 284.37 - lr: 0.750000
2021-10-06 17:56:25,935 epoch 1 - iter 351/392 - loss 3.02365645 - samples/sec: 313.44 - lr: 0.750000
2021-10-06 17:56:30,637 epoch 1 - iter 390/392 - loss 2.93225350 - samples/sec: 265.53 - lr: 0.750000
2021-10-06 17:56:30,964 ----------------------------------------------------------------------------------------------------
2021-10-06 17:56:30,965 EPOCH 1 done: loss 2.9289 - lr 0.7500000
2021-10-06 17:56:38,280 DEV : loss 1.8318705558776855 - score 0.523
2021-10-06 17:56:38,290 BAD EPOCHS (no improvement): 0
2021-10-06 17:56:40,995 ----------------------------------------------------------------------------------------------------
2021-10-06 17:56:42,387 epoch 2 - iter 39/392 - loss 1.97978367 - samples/sec: 897.99 - lr: 0.750000
2021-10-06 17:56:43,769 epoch 2 - iter 78/392 - loss 1.96771276 - samples/sec: 904.46 - lr: 0.750000
2021-10-06 17:56:45,177 epoch 2 - iter 117/392 - loss 1.93071043 - samples/sec: 887.51 - lr: 0.750000
2021-10-06 17:56:46,585 epoch 2 - iter 156/392 - loss 1.89956128 - samples/sec: 887.48 - lr: 0.750000
2021-10-06 17:56:47,990 epoch 2 - iter 195/392 - loss 1.86347825 - samples/sec: 889.71 - lr: 0.750000
2021-10-06 17:56:49,346 epoch 2 - iter 234/392 - loss 1.83767951 - samples/sec: 922.23 - lr: 0.750000
2021-10-06 17:56:50,774 epoch 2 - iter 273/392 - loss 1.81443029 - samples/sec: 875.17 - lr: 0.750000
2021-10-06 17:56:52,134 epoch 2 - iter 312/392 - loss 1.79663770 - samples/sec: 919.06 - lr: 0.750000
2021-10-06 17:56:53,519 epoch 2 - iter 351/392 - loss 1.77945228 - samples/sec: 902.27 - lr: 0.750000
2021-10-06 17:56:54,923 epoch 2 - iter 390/392 - loss 1.76128707 - samples/sec: 889.67 - lr: 0.750000
2021-10-06 17:56:54,993 ----------------------------------------------------------------------------------------------------
2021-10-06 17:56:54,993 EPOCH 2 done: loss 1.7607 - lr 0.7500000
2021-10-06 17:56:56,850 DEV : loss 1.400054693222046 - score 0.6109
2021-10-06 17:56:56,860 BAD EPOCHS (no improvement): 0
2021-10-06 17:57:04,692 ----------------------------------------------------------------------------------------------------
2021-10-06 17:57:04,692 Testing using best model ...
2021-10-06 17:57:04,693 loading file model/srlreplaced/upos/goldpos/goldframes/bc0a3e32-5928-4af8-8943-01a27e875dcc/best-model.pt
2021-10-06 17:57:11,839 	0.6142
2021-10-06 17:57:11,839 
Results:
- F-score (micro): 0.6142
- F-score (macro): 0.0774
- Accuracy (incl. no class): 0.6142

By class:
                      precision    recall  f1-score   support

          1,NOUN,det     0.8102    0.9769    0.8858      1385
    1,FRAME,ARGM-ADJ     0.5424    0.3386    0.4169       189
         1,NOUN,amod     0.7096    0.7714    0.7392       735
        1,FRAME,ARG1     0.6667    0.6940    0.6801       755
           2,ADJ,cop     1.0000    0.0000    0.0000         9
           1,ADJ,cop     0.7376    0.9435    0.8279       283
           1,ADJ,det     0.5000    0.3871    0.4364        31
    1,FRAME,ARGM-EXT     0.4741    0.7356    0.5766        87
       -1,FRAME,ARG2     0.4533    0.6598    0.5374       876
        -1,ADJ,punct     0.6068    0.4671    0.5279       152
        -1,ROOT,root     0.8520    0.8795    0.8655      1709
        2,FRAME,ARG1     0.5052    0.3379    0.4050       145
         1,VERB,mark     0.8728    0.9328    0.9018       640
        1,FRAME,ARG0     0.8082    0.8109    0.8095       920
       -1,PRON,advcl     1.0000    0.0000    0.0000         2
        1,PROPN,case     0.8657    0.7073    0.7785       328
       -1,VERB,punct     0.5712    0.6081    0.5890       495
         4,NOUN,case     1.0000    0.0000    0.0000         5
         1,NOUN,case     0.6917    0.9585    0.8036      1037
    4,NOUN,nmod:poss     1.0000    0.0000    0.0000         2
    2,NOUN,nmod:poss     0.3750    0.1935    0.2553        31
     1,NOUN,compound     0.5650    0.7450    0.6426       502
        1,NOUN,punct     0.4934    0.5803    0.5333       193
     2,NOUN,compound     0.2712    0.3200    0.2936        50
        -1,NOUN,conj     0.4252    0.7669    0.5470       163
       -1,NOUN,punct     0.7538    0.4820    0.5880       305
        1,VERB,punct     0.5491    0.8333    0.6620       282
           1,NOUN,cc     0.5134    0.9454    0.6654       183
       1,NOUN,advmod     0.3077    0.4571    0.3678        35
    1,FRAME,ARGM-TMP     0.5486    0.6154    0.5801       156
       -1,FRAME,ARG1     0.6240    0.8065    0.7036      1685
         2,NOUN,case     0.4177    0.2409    0.3056       137
          2,NOUN,det     0.6132    0.3351    0.4333       194
        1,ADJ,advmod     0.8347    0.6645    0.7399       152
         1,ADJ,punct     0.2585    0.7067    0.3786        75
         2,NOUN,amod     0.3595    0.6250    0.4564        88
       -1,FRAME,ARG4     0.0000    0.0000    0.0000        55
       -3,VERB,punct     0.2552    0.8036    0.3874       168
       2,PROPN,punct     0.0000    0.0000    0.0000        16
        2,PROPN,case     0.5385    0.4430    0.4861        79
    1,PROPN,compound     0.4712    0.7054    0.5650       336
       -1,PROPN,nmod     0.5000    0.1111    0.1818        36
       -1,PROPN,flat     0.6964    0.8000    0.7446       195
       -2,PROPN,flat     0.4634    0.3958    0.4270        48
      -4,PROPN,punct     1.0000    0.0000    0.0000        18
      -2,PROPN,punct     0.3704    0.6780    0.4790        59
        2,NOUN,punct     0.1250    0.0513    0.0727        39
           2,NOUN,cc     0.3333    0.0333    0.0606        30
    1,FRAME,ARGM-DIS     0.5455    0.6316    0.5854        95
    1,FRAME,ARGM-ADV     0.4116    0.6436    0.5021       188
          1,NOUN,cop     0.5845    0.8521    0.6934       142
        -1,PRON,amod     1.0000    0.0000    0.0000        17
   -1,FRAME,ARGM-ADV     0.2833    0.1619    0.2061       105
    1,NOUN,obl:npmod     1.0000    0.0000    0.0000         2
        -1,NOUN,nmod     0.3526    0.7508    0.4798       325
  1,FRAME,R-ARGM-TMP     1.0000    0.0000    0.0000         2
         1,NOUN,mark     0.6316    0.6316    0.6316        19
       -3,NOUN,punct     1.0000    0.0000    0.0000        35
        -2,ADJ,punct     0.2017    0.4138    0.2712        58
        1,FRAME,ARG2     0.5000    0.2206    0.3061        68
       -1,PROPN,case     0.7727    0.7083    0.7391        48
    1,FRAME,ARGM-MOD     0.9188    0.9820    0.9493       334
       -2,FRAME,ARG1     0.2578    0.4085    0.3161       142
        2,FRAME,ARG0     0.7593    0.7537    0.7565       272
          1,VERB,aux     0.8894    0.9540    0.9206       413
   -2,FRAME,ARGM-ADV     0.2000    0.0222    0.0400        45
        -1,VERB,conj     0.4021    0.7718    0.5287       149
   -1,FRAME,ARGM-TMP     0.5792    0.5976    0.5882       251
           1,VERB,cc     0.8519    0.8846    0.8679       260
            1,ADJ,cc     0.6707    0.5670    0.6145        97
          1,VERB,cop     1.0000    0.0000    0.0000         7
       1,VERB,advmod     1.0000    0.0000    0.0000        37
   -1,FRAME,ARGM-LOC     0.4773    0.1533    0.2320       137
       -4,VERB,punct     1.0000    0.0000    0.0000        70
          2,NOUN,cop     0.0000    0.0000    0.0000        17
         1,PRON,case     0.7951    0.7951    0.7951       122
        -1,ADV,fixed     0.5000    0.2692    0.3500        26
       -1,FRAME,ARG3     1.0000    0.0000    0.0000        61
          -1,ADV,obl     1.0000    0.0000    0.0000        22
      1,FRAME,R-ARG0     0.7059    0.8780    0.7826        41
    -1,ADJ,acl:relcl     1.0000    0.0000    0.0000         3
   -1,NOUN,acl:relcl     0.4198    0.6733    0.5171       101
    1,NOUN,nmod:poss     0.7349    0.8795    0.8007       249
    1,FRAME,ARGM-NEG     0.8132    0.9427    0.8732       157
       -3,FRAME,ARG1     1.0000    0.0000    0.0000        16
          -1,FRAME,V     1.0000    0.0000    0.0000         4
        -3,VERB,conj     1.0000    0.0000    0.0000        19
        1,ADV,advmod     0.4571    0.2857    0.3516        56
       -5,VERB,punct     1.0000    0.0000    0.0000        29
       -2,PROPN,nmod     1.0000    0.0000    0.0000        16
-1,VERB,compound:prt     0.5426    0.8095    0.6497        63
        1,FRAME,ARG3     1.0000    0.0000    0.0000         5
     1,VERB,aux:pass     0.7768    0.7909    0.7838       110
   -1,PRON,acl:relcl     1.0000    0.0000    0.0000         7
   -2,FRAME,ARGM-LOC     1.0000    0.0000    0.0000        20
   -1,FRAME,ARGM-GOL     1.0000    0.0000    0.0000        15
   -1,FRAME,ARGM-PRP     0.2157    0.3929    0.2785        56
       -2,VERB,punct     0.5515    0.2945    0.3840       309
    1,FRAME,ARGM-LVB     0.2222    0.0417    0.0702        48
   -1,FRAME,ARGM-PRR     1.0000    0.0000    0.0000        63
          1,ADJ,case     1.0000    0.0000    0.0000        17
          -1,ADJ,obl     1.0000    0.0000    0.0000        28
         -1,NUM,nmod     1.0000    0.0938    0.1714        32
      2,FRAME,R-ARG1     0.5000    0.0909    0.1538        11
      1,FRAME,R-ARG1     0.5926    0.5517    0.5714        29
       1,NOUN,nummod     0.7006    0.8611    0.7726       144
    2,FRAME,ARGM-LOC     1.0000    0.0000    0.0000         6
       2,NOUN,nummod     1.0000    0.0000    0.0000         8
       -1,VERB,xcomp     0.4074    0.3333    0.3667        33
    1,FRAME,ARGM-LOC     1.0000    0.0000    0.0000        20
       -2,FRAME,ARG2     1.0000    0.0000    0.0000        42
   -1,FRAME,ARGM-PRD     1.0000    0.0000    0.0000        23
         -1,NOUN,acl     0.4878    0.4706    0.4790        85
       -1,FRAME,ARG0     0.2857    0.0247    0.0455        81
        3,FRAME,ARG0     1.0000    0.0000    0.0000        19
      3,FRAME,R-ARG0     1.0000    0.0000    0.0000         2
           <UNKNOWN>     0.0000    1.0000    0.0000         0
        3,VERB,punct     1.0000    0.0000    0.0000         8
    2,FRAME,ARGM-ADV     0.0000    0.0000    0.0000        44
   -2,NOUN,acl:relcl     1.0000    0.0000    0.0000        12
        -2,VERB,conj     0.0938    0.1176    0.1043        51
      -1,NOUN,advmod     0.6667    0.0870    0.1538        23
       -7,VERB,punct     1.0000    0.0000    0.0000         4
   -1,FRAME,ARGM-NEG     0.8214    0.8846    0.8519        26
        -2,NOUN,conj     0.2083    0.1020    0.1370        49
        -4,VERB,conj     1.0000    0.0000    0.0000         7
        -1,PRON,nmod     1.0000    0.0000    0.0000        11
        4,VERB,punct     1.0000    0.0000    0.0000         3
           4,VERB,cc     1.0000    0.0000    0.0000         1
          1,ADJ,mark     0.5435    0.5208    0.5319        48
   -1,FRAME,ARGM-ADJ     1.0000    0.0000    0.0000        27
   -2,PRON,acl:relcl     0.0000    0.0000    0.0000        18
        -9,VERB,conj     1.0000    0.0000    0.0000         1
      -10,VERB,punct     1.0000    0.0000    0.0000         2
   -1,FRAME,ARGM-MNR     0.3750    0.1017    0.1600        59
         2,PROPN,det     0.5417    0.3824    0.4483        34
         1,VERB,expl     0.9706    0.7674    0.8571        43
           1,ADJ,aux     1.0000    0.0000    0.0000        11
        4,PROPN,case     1.0000    0.0000    0.0000         5
         4,PROPN,det     1.0000    0.0000    0.0000         5
    2,PROPN,compound     0.1081    0.0833    0.0941        48
         1,PROPN,det     0.7000    0.0753    0.1359        93
     -1,FRAME,C-ARG1     1.0000    0.0000    0.0000        36
       -6,VERB,punct     1.0000    0.0000    0.0000        15
    2,FRAME,ARGM-DIS     0.0000    0.0000    0.0000        27
        -1,ADP,fixed     1.0000    0.0625    0.1176        16
         -1,VERB,obj     1.0000    0.0000    0.0000         4
    2,FRAME,ARGM-TMP     0.2000    0.0323    0.0556        31
      -1,PROPN,punct     0.5505    0.5128    0.5310       117
      -1,PROPN,appos     0.3137    0.3556    0.3333        45
       -1,NOUN,appos     0.6154    0.2581    0.3636        62
         2,VERB,mark     1.0000    0.0000    0.0000        11
       -2,FRAME,ARG0     1.0000    0.0000    0.0000         8
   -4,FRAME,ARGM-TMP     1.0000    0.0000    0.0000         2
       -2,NOUN,punct     0.3582    0.3000    0.3265        80
        -1,NOUN,amod     1.0000    0.0000    0.0000        11
        -1,NOUN,case     0.5882    0.7143    0.6452        14
         -1,ADJ,conj     0.4000    0.5316    0.4565        79
        3,FRAME,ARG1     1.0000    0.0000    0.0000        29
    1,FRAME,ARGM-MNR     0.0000    0.0000    0.0000        53
        1,PROPN,amod     0.0000    0.0000    0.0000        18
    1,ADJ,cc:preconj     1.0000    0.0000    0.0000         1
    2,FRAME,ARGM-MOD     0.7500    0.6735    0.7097        49
   -2,FRAME,ARGM-CAU     1.0000    0.0000    0.0000         8
         -2,ADJ,conj     1.0000    0.0000    0.0000        23
        -1,ADJ,fixed     1.0000    0.0000    0.0000         6
          1,PROPN,cc     0.7895    0.4688    0.5882        64
       -1,PROPN,conj     0.3333    0.4478    0.3822        67
   -2,FRAME,ARGM-TMP     0.0000    0.0000    0.0000        43
     -2,FRAME,C-ARG1     1.0000    0.0000    0.0000        11
   -3,FRAME,ARGM-ADV     1.0000    0.0000    0.0000        16
   -1,FRAME,ARGM-CAU     1.0000    0.0000    0.0000        10
          1,NUM,nmod     1.0000    0.0000    0.0000         2
   -6,FRAME,ARGM-ADV     1.0000    0.0000    0.0000         2
   -2,FRAME,ARGM-ADJ     1.0000    0.0000    0.0000         6
   -1,VERB,parataxis     1.0000    0.0000    0.0000        39
        -2,NOUN,nmod     0.1250    0.0217    0.0370        46
      -1,NOUN,nummod     0.0909    0.1538    0.1143        13
          1,NUM,case     0.8065    0.3425    0.4808        73
         1,NUM,punct     0.4444    0.3871    0.4138        31
         -2,NUM,conj     1.0000    0.0000    0.0000         1
          2,NUM,case     1.0000    0.0000    0.0000         1
      1,NUM,compound     0.0000    0.0000    0.0000         8
         -2,NUM,nmod     1.0000    0.0000    0.0000         2
         2,NUM,punct     1.0000    0.0000    0.0000        20
         -6,NUM,conj     1.0000    0.0000    0.0000         1
            1,NUM,cc     1.0000    0.0000    0.0000         8
         -7,NUM,conj     1.0000    0.0000    0.0000         1
        -8,NUM,punct     1.0000    0.0000    0.0000         1
  1,FRAME,R-ARGM-MNR     1.0000    0.0000    0.0000         8
       1,PROPN,punct     0.5052    0.4900    0.4975       100
       -2,PROPN,conj     1.0000    0.0000    0.0000        33
       -3,PROPN,conj     1.0000    0.0000    0.0000         9
    2,FRAME,ARGM-MNR     0.8000    0.4444    0.5714         9
         -1,NUM,conj     1.0000    0.0000    0.0000         8
        -1,NUM,punct     0.0000    0.0000    0.0000        18
     -1,NUM,compound     1.0000    0.0000    0.0000         6
       -4,NOUN,punct     1.0000    0.0000    0.0000        24
   -4,NOUN,acl:relcl     1.0000    0.0000    0.0000         4
   -1,FRAME,ARGM-EXT     1.0000    0.0000    0.0000        14
    -1,NOUN,compound     1.0000    0.0000    0.0000         7
          1,DET,case     1.0000    0.0000    0.0000         9
         -1,DET,nmod     1.0000    0.0000    0.0000        13
         -3,NUM,conj     1.0000    0.0000    0.0000         1
           1,X,punct     0.5926    0.4706    0.5246        34
     -1,PROPN,nummod     0.3077    0.5714    0.4000        28
   -3,FRAME,ARGM-TMP     1.0000    0.0000    0.0000         4
       10,FRAME,ARG0     1.0000    0.0000    0.0000         1
       -2,PROPN,case     1.0000    0.0000    0.0000         7
    -1,ADJ,parataxis     1.0000    0.0000    0.0000        16
    3,FRAME,ARGM-LOC     1.0000    0.0000    0.0000         1
  3,FRAME,R-ARGM-LOC     1.0000    0.0000    0.0000         1
    3,FRAME,ARGM-ADV     1.0000    0.0000    0.0000        12
       -5,NOUN,punct     1.0000    0.0000    0.0000        10
   1,NOUN,cc:preconj     1.0000    0.0000    0.0000         3
          2,PROPN,cc     1.0000    0.0000    0.0000        16
        -3,NOUN,conj     1.0000    0.0000    0.0000        15
     -3,PROPN,advmod     1.0000    0.0000    0.0000         1
          1,ADJ,expl     1.0000    0.0000    0.0000         4
     1,VERB,compound     1.0000    0.0000    0.0000         7
         4,NOUN,amod     1.0000    0.0000    0.0000         3
        4,NOUN,punct     1.0000    0.0000    0.0000         5
       -4,FRAME,ARG1     1.0000    0.0000    0.0000         4
   1,PROPN,nmod:poss     1.0000    0.0000    0.0000         9
   -4,FRAME,ARGM-LOC     1.0000    0.0000    0.0000         1
        -6,ADJ,punct     1.0000    0.0000    0.0000         3
         3,VERB,mark     1.0000    0.0000    0.0000         3
         -2,NOUN,acl     1.0000    0.0000    0.0000         8
     1,ADV,obl:npmod     0.6667    0.1538    0.2500        13
         -4,NOUN,acl     1.0000    0.0000    0.0000         2
    2,FRAME,ARGM-PRR     1.0000    0.0000    0.0000         2
   -3,FRAME,ARGM-PRP     1.0000    0.0000    0.0000         2
         -1,ADV,conj     1.0000    0.0000    0.0000        12
        -1,ADV,punct     0.0400    0.0385    0.0392        26
   -4,FRAME,ARGM-PRD     1.0000    0.0000    0.0000         1
       -1,VERB,fixed     1.0000    0.0000    0.0000         5
        1,NUM,advmod     0.1765    0.2500    0.2069        12
           1,ADV,cop     0.0000    0.0000    0.0000        13
    1,FRAME,ARGM-PRP     1.0000    0.0000    0.0000         5
        1,SYM,nummod     1.0000    0.0000    0.0000        10
         -1,SYM,nmod     1.0000    0.0000    0.0000         3
      4,PROPN,advmod     1.0000    0.0000    0.0000         1
    3,PROPN,compound     1.0000    0.0000    0.0000        11
         -1,ADJ,nmod     1.0000    0.0000    0.0000         6
   -3,NOUN,parataxis     1.0000    0.0000    0.0000         1
       -1,VERB,advcl     1.0000    0.0000    0.0000         6
      -2,NOUN,advmod     1.0000    0.0000    0.0000         2
       -9,NOUN,punct     1.0000    0.0000    0.0000         1
         2,NOUN,mark     1.0000    0.0000    0.0000         4
        -2,ADV,advcl     1.0000    0.0000    0.0000         3
        -4,ADJ,punct     1.0000    0.0000    0.0000         9
        2,VERB,punct     1.0000    0.0000    0.0000         9
           2,VERB,cc     1.0000    0.0000    0.0000        10
       -1,INTJ,punct     0.4138    0.5714    0.4800        21
          -1,X,punct     0.8125    0.4333    0.5652        30
        -1,FRAME,C-V     0.0000    0.0000    0.0000        14
       -1,VERB,ccomp     1.0000    0.0000    0.0000         3
          1,SYM,case     1.0000    0.0000    0.0000        11
    -1,SYM,nmod:tmod     1.0000    0.0000    0.0000         1
  1,FRAME,R-ARGM-LOC     1.0000    0.0000    0.0000         4
  -1,PROPN,acl:relcl     1.0000    0.0000    0.0000         5
      2,PROPN,advmod     1.0000    0.0000    0.0000         1
      -2,PROPN,appos     0.0000    0.0000    0.0000        13
    1,FRAME,ARGM-PRD     1.0000    0.0000    0.0000        11
    1,NUM,nmod:npmod     1.0000    0.0000    0.0000         2
    4,FRAME,ARGM-TMP     1.0000    0.0000    0.0000         1
        4,FRAME,ARG0     1.0000    0.0000    0.0000         2
         3,NOUN,mark     1.0000    0.0000    0.0000         5
   1,NOUN,det:predet     0.5000    0.3158    0.3871        19
       -3,FRAME,ARG0     1.0000    0.0000    0.0000         1
        3,PROPN,case     1.0000    0.0000    0.0000        19
         3,PROPN,det     1.0000    0.0000    0.0000        13
       -4,PROPN,nmod     1.0000    0.0000    0.0000         1
        7,FRAME,ARG0     1.0000    0.0000    0.0000         1
         -1,PRON,cop     0.6667    0.2667    0.3810        15
       -2,PRON,punct     1.0000    0.0000    0.0000         9
   1,VERB,nsubj:pass     1.0000    0.0000    0.0000         2
        -4,NOUN,conj     1.0000    0.0000    0.0000        11
      1,PROPN,advmod     1.0000    0.0000    0.0000         7
        -1,PROPN,acl     1.0000    0.0000    0.0000         5
          1,NOUN,aux     1.0000    0.0000    0.0000         6
        -1,ADJ,xcomp     1.0000    0.0000    0.0000         2
         3,ADV,punct     1.0000    0.0000    0.0000         1
        2,ADV,advmod     1.0000    0.0000    0.0000         1
          2,ADV,mark     1.0000    0.0000    0.0000         2
  -5,PROPN,parataxis     1.0000    0.0000    0.0000         2
   -2,FRAME,ARGM-COM     1.0000    0.0000    0.0000         2
      -8,PROPN,punct     1.0000    0.0000    0.0000         3
   2,VERB,csubj:pass     1.0000    0.0000    0.0000         1
   -2,FRAME,ARGM-MNR     1.0000    0.0000    0.0000         8
     -1,FRAME,R-ARG1     1.0000    0.0000    0.0000         1
       -7,FRAME,ARG1     1.0000    0.0000    0.0000         2
          -2,ADJ,obl     1.0000    0.0000    0.0000         7
   -1,FRAME,ARGM-COM     1.0000    0.0000    0.0000        11
   -3,FRAME,ARGM-DIS     1.0000    0.0000    0.0000         3
     -3,FRAME,C-ARG1     1.0000    0.0000    0.0000         4
      2,FRAME,R-ARG0     1.0000    0.0000    0.0000        10
        -5,VERB,conj     1.0000    0.0000    0.0000         1
       -8,VERB,punct     1.0000    0.0000    0.0000         2
        5,FRAME,ARG1     1.0000    0.0000    0.0000         2
  -2,PROPN,acl:relcl     1.0000    0.0000    0.0000         3
       -1,PROPN,list     0.4286    0.3158    0.3636        19
        6,FRAME,ARG0     1.0000    0.0000    0.0000         1
         -1,VERB,obl     1.0000    0.0000    0.0000         6
       -4,FRAME,ARG2     1.0000    0.0000    0.0000         1
       -4,VERB,advcl     1.0000    0.0000    0.0000         2
        5,VERB,punct     1.0000    0.0000    0.0000         3
        7,FRAME,ARG1     1.0000    0.0000    0.0000         1
        2,PROPN,amod     1.0000    0.0000    0.0000         7
       -3,PROPN,nmod     1.0000    0.0000    0.0000         4
    -1,ADV,acl:relcl     1.0000    0.0000    0.0000         4
    3,FRAME,ARGM-DIS     1.0000    0.0000    0.0000         5
          1,ADV,case     1.0000    0.0000    0.0000        10
       -2,PROPN,list     0.1562    0.2500    0.1923        40
       -3,PROPN,list     1.0000    0.0000    0.0000        40
      -3,PROPN,punct     1.0000    0.0000    0.0000        45
       -4,PROPN,list     0.0738    0.3333    0.1208        27
      1,ADV,obl:tmod     1.0000    0.0000    0.0000         1
        -3,PROPN,acl     1.0000    0.0000    0.0000         2
  -1,NOUN,nmod:npmod     1.0000    0.0000    0.0000         4
      -5,PROPN,punct     1.0000    0.0000    0.0000        12
       -5,PROPN,list     1.0000    0.0000    0.0000        16
      -6,PROPN,punct     1.0000    0.0000    0.0000         3
    1,FRAME,ARGM-GOL     1.0000    0.0000    0.0000         2
        2,FRAME,ARG2     1.0000    0.0000    0.0000        10
       -3,PROPN,flat     1.0000    0.0000    0.0000         6
    4,FRAME,ARGM-DIS     1.0000    0.0000    0.0000         1
    2,FRAME,ARGM-CAU     1.0000    0.0000    0.0000         7
    1,FRAME,ARGM-CXN     1.0000    0.0000    0.0000         5
          2,AUX,mark     1.0000    0.0000    0.0000         1
           1,AUX,aux     1.0000    0.0000    0.0000         1
 -2,FRAME,C-ARGM-CXN     1.0000    0.0000    0.0000         1
       5,PROPN,punct     1.0000    0.0000    0.0000         1
    4,PROPN,compound     1.0000    0.0000    0.0000         3
       4,PROPN,punct     1.0000    0.0000    0.0000         2
      -7,PROPN,appos     1.0000    0.0000    0.0000         1
       -2,NOUN,appos     1.0000    0.0000    0.0000        10
       -4,PROPN,conj     1.0000    0.0000    0.0000         7
       2,NOUN,advmod     1.0000    0.0000    0.0000         5
      -1,VERB,advmod     0.0000    0.0000    0.0000        16
           1,NUM,det     1.0000    0.0000    0.0000         7
          1,NUM,amod     1.0000    0.0000    0.0000         3
      1,PROPN,nummod     0.0000    0.0000    0.0000         5
      1,ADJ,compound     1.0000    0.0000    0.0000         4
        2,NUM,advmod     1.0000    0.0000    0.0000         2
       -5,PROPN,nmod     1.0000    0.0000    0.0000         1
         2,PROPN,cop     1.0000    0.0000    0.0000         8
        1,DET,advmod     1.0000    0.0000    0.0000         1
         1,PROPN,cop     0.5000    0.1176    0.1905        17
       -5,PROPN,conj     1.0000    0.0000    0.0000         4
         2,ADJ,punct     1.0000    0.0000    0.0000         3
          2,ADJ,mark     1.0000    0.0000    0.0000         5
        2,ADJ,advmod     1.0000    0.0000    0.0000         1
          1,ADJ,amod     1.0000    0.0000    0.0000        10
       2,VERB,advmod     1.0000    0.0000    0.0000         1
   2,VERB,reparandum     1.0000    0.0000    0.0000         1
        2,VERB,nsubj     1.0000    0.0000    0.0000         1
        3,PROPN,amod     1.0000    0.0000    0.0000         1
       -3,FRAME,ARG2     1.0000    0.0000    0.0000         5
  2,FRAME,R-ARGM-LOC     1.0000    0.0000    0.0000         2
            2,ADJ,cc     1.0000    0.0000    0.0000         5
  2,FRAME,R-ARGM-ADJ     1.0000    0.0000    0.0000         1
       1,PROPN,nsubj     1.0000    0.0000    0.0000         1
   -1,FRAME,ARGM-DIR     0.2727    0.2308    0.2500        39
    4,FRAME,ARGM-ADV     1.0000    0.0000    0.0000         5
       -6,FRAME,ARG1     1.0000    0.0000    0.0000         1
       -1,VERB,nsubj     1.0000    0.0000    0.0000         2
          4,NOUN,cop     1.0000    0.0000    0.0000         2
          1,INTJ,cop     1.0000    0.0000    0.0000         1
        1,INTJ,punct     1.0000    0.0000    0.0000         4
   -1,FRAME,ARGM-DIS     0.0000    0.0000    0.0000        21
    3,NOUN,nmod:poss     1.0000    0.0000    0.0000         3
    6,FRAME,ARGM-ADV     1.0000    0.0000    0.0000         3
         1,PRON,mark     1.0000    0.0000    0.0000         2
          1,PRON,cop     1.0000    0.0000    0.0000         4
        1,PRON,punct     1.0000    0.0000    0.0000         1
   -4,FRAME,ARGM-ADV     1.0000    0.0000    0.0000         2
      -1,SCONJ,fixed     1.0000    0.0000    0.0000         7
         -4,ADJ,conj     1.0000    0.0000    0.0000         1
         -2,PRON,acl     1.0000    0.0000    0.0000         1
       -1,PRON,punct     1.0000    0.0000    0.0000        16
           1,SYM,cop     1.0000    0.0000    0.0000         3
       -1,SYM,nummod     0.5952    0.7812    0.6757        32
   -1,SYM,nmod:npmod     1.0000    0.0000    0.0000         1
     -1,FRAME,C-ARG3     1.0000    0.0000    0.0000         2
            1,ADV,cc     1.0000    0.1429    0.2500        14
          -1,ADJ,cop     1.0000    0.0000    0.0000         4
    -1,NUM,nmod:tmod     1.0000    0.0000    0.0000         2
         -1,INTJ,obl     1.0000    0.0000    0.0000         2
          1,VERB,obj     1.0000    0.0000    0.0000         1
   -1,FRAME,ARGM-LVB     1.0000    0.0000    0.0000         2
   -2,FRAME,ARGM-DIS     1.0000    0.0000    0.0000         5
   -2,FRAME,ARGM-PRD     1.0000    0.0000    0.0000         2
        -3,ADJ,punct     1.0000    0.0000    0.0000        18
      -5,PROPN,appos     1.0000    0.0000    0.0000         6
        -1,PRON,conj     1.0000    0.0000    0.0000         6
    -1,INTJ,vocative     1.0000    0.0000    0.0000         4
       -2,FRAME,ARG3     1.0000    0.0000    0.0000         2
   -1,NOUN,parataxis     1.0000    0.0000    0.0000        29
   -1,NOUN,nmod:tmod     1.0000    0.0000    0.0000         8
  -1,PROPN,parataxis     1.0000    0.0000    0.0000         7
   1,PROPN,discourse     1.0000    0.0000    0.0000         2
   -2,FRAME,ARGM-DIR     1.0000    0.0000    0.0000         5
        1,VERB,advcl     1.0000    0.0000    0.0000         2
         -2,ADV,conj     1.0000    0.0000    0.0000         4
        -2,ADV,punct     1.0000    0.0000    0.0000         6
        4,FRAME,ARG1     1.0000    0.0000    0.0000         7
    3,NOUN,parataxis     1.0000    0.0000    0.0000         1
        -1,ADJ,advcl     1.0000    0.0000    0.0000        11
      -2,VERB,advmod     1.0000    0.0000    0.0000         1
 -1,FRAME,C-ARGM-CXN     1.0000    0.0000    0.0000         4
          3,NOUN,det     0.2353    0.0952    0.1356        42
          -1,SYM,acl     1.0000    0.0000    0.0000         1
            1,SYM,cc     1.0000    0.0000    0.0000         3
         -1,SYM,conj     1.0000    0.0000    0.0000         2
         3,NOUN,amod     1.0000    0.0000    0.0000        15
        -1,VERB,expl     1.0000    0.2500    0.4000         8
           4,NOUN,cc     1.0000    0.0000    0.0000         2
          4,NOUN,det     1.0000    0.0000    0.0000         4
   -3,FRAME,ARGM-LOC     1.0000    0.0000    0.0000         2
   -2,FRAME,ARGM-EXT     1.0000    0.0000    0.0000         1
       -8,PROPN,list     1.0000    0.0000    0.0000        10
       -9,PROPN,list     1.0000    0.0000    0.0000         3
        1,NUM,nummod     1.0000    0.0833    0.1538        24
      -13,PROPN,list     1.0000    0.0000    0.0000         1
        -1,NUM,appos     1.0000    0.0000    0.0000         9
      3,PROPN,nummod     1.0000    0.0000    0.0000         1
      -15,PROPN,list     1.0000    0.0000    0.0000         1
        -1,SYM,punct     0.0000    0.0000    0.0000         2
      -16,PROPN,list     1.0000    0.0000    0.0000         2
      -18,PROPN,list     1.0000    0.0000    0.0000         1
          -1,X,appos     1.0000    0.0000    0.0000         6
        1,X,compound     1.0000    0.0000    0.0000         5
       -1,X,goeswith     0.3333    0.1250    0.1818         8
    -2,NUM,nmod:tmod     0.8333    1.0000    0.9091        20
            1,DET,cc     1.0000    0.0000    0.0000         2
         -1,DET,conj     1.0000    0.0000    0.0000         1
         1,ADV,punct     1.0000    0.0000    0.0000         7
          -1,ADV,cop     0.6000    0.4615    0.5217        13
        -1,SYM,appos     1.0000    0.0000    0.0000         1
         -2,SYM,conj     1.0000    0.0000    0.0000         1
      -3,PROPN,appos     1.0000    0.0000    0.0000         6
      -4,PROPN,appos     1.0000    0.0000    0.0000         4
         3,NOUN,case     1.0000    0.0000    0.0000        34
   -3,VERB,parataxis     1.0000    0.0000    0.0000         7
    3,FRAME,ARGM-MNR     1.0000    0.0000    0.0000         1
    -1,VERB,aux:pass     1.0000    0.0000    0.0000         4
      1,ADJ,vocative     1.0000    0.0000    0.0000         1
  -2,PROPN,parataxis     1.0000    0.0000    0.0000         1
        1,NOUN,appos     0.0000    1.0000    0.0000         0
        -2,NUM,punct     1.0000    0.0000    0.0000         6
       -1,NUM,advmod     1.0000    0.0000    0.0000         3
      2,PROPN,nummod     1.0000    0.0000    0.0000         3
        1,ADJ,nummod     1.0000    0.0000    0.0000         2
     1,ADJ,nmod:poss     1.0000    0.0000    0.0000         2
     3,NOUN,compound     1.0000    0.0000    0.0000         6
        1,VERB,nsubj     1.0000    0.0000    0.0000        14
       -6,PROPN,list     1.0000    0.0000    0.0000        11
       -7,PROPN,list     1.0000    0.0000    0.0000         3
          -2,X,punct     1.0000    0.0000    0.0000         2
           -1,X,flat     1.0000    0.0000    0.0000         1
         1,ADJ,nsubj     1.0000    0.0000    0.0000         7
         2,ADV,punct     1.0000    0.0000    0.0000         1
    2,FRAME,ARGM-ADJ     1.0000    0.0000    0.0000         2
           1,SYM,det     1.0000    0.0000    0.0000         2
      1,SYM,compound     1.0000    0.0000    0.0000         1
     1,NOUN,goeswith     0.0000    1.0000    0.0000         0
       -1,FRAME,ARG5     1.0000    0.0000    0.0000         1
       -1,SYM,advmod     1.0000    0.0000    0.0000         1
            1,X,case     1.0000    0.0000    0.0000         5
        -1,NOUN,list     1.0000    0.0000    0.0000        18
       -2,X,goeswith     1.0000    0.0000    0.0000         3
          -3,X,punct     1.0000    0.0000    0.0000         1
       -3,X,goeswith     1.0000    0.0000    0.0000         1
         -3,X,nummod     1.0000    0.0000    0.0000         1
           1,NUM,cop     1.0000    0.0000    0.0000        11
   -1,NUM,nmod:npmod     1.0000    0.0000    0.0000         2
          -1,NUM,obl     1.0000    0.0000    0.0000         2
            2,X,case     1.0000    0.0000    0.0000         1
           2,X,punct     1.0000    0.0000    0.0000         1
       -1,PROPN,amod     1.0000    0.0000    0.0000         2
    -2,ADJ,parataxis     1.0000    0.0000    0.0000         6
       -1,ADJ,orphan     1.0000    0.0000    0.0000         1
         -1,VERB,cop     1.0000    0.0000    0.0000         1
        3,NOUN,punct     1.0000    0.0000    0.0000         4
         -2,DET,nmod     1.0000    0.0000    0.0000         8
    2,VERB,parataxis     1.0000    0.0000    0.0000         1
       -1,NOUN,advcl     1.0000    0.0000    0.0000         4
   -4,VERB,parataxis     1.0000    0.0000    0.0000         3
   -2,FRAME,ARGM-GOL     1.0000    0.0000    0.0000         2
        -2,PRON,conj     1.0000    0.0000    0.0000         2
   -2,FRAME,ARGM-PRP     1.0000    0.0000    0.0000         8
        -3,NOUN,nmod     1.0000    0.0000    0.0000        14
   1,VERB,cc:preconj     1.0000    0.0000    0.0000         3
     -1,SYM,compound     1.0000    0.0000    0.0000         2
         -2,SYM,nmod     1.0000    0.0000    0.0000         1
       -6,NOUN,punct     1.0000    0.0000    0.0000         2
        -2,NOUN,amod     1.0000    0.0000    0.0000         1
     1,NOUN,vocative     1.0000    0.0000    0.0000         1
    3,FRAME,ARGM-TMP     1.0000    0.0000    0.0000         6
       -1,ADV,advmod     1.0000    0.0000    0.0000         2
        -1,ADJ,ccomp     1.0000    0.0000    0.0000         5
          1,ADV,mark     1.0000    0.0000    0.0000         3
   -2,VERB,parataxis     1.0000    0.0000    0.0000        20
         2,PRON,mark     1.0000    0.0000    0.0000         2
        1,PRON,nsubj     1.0000    0.0000    0.0000         1
         -1,PRON,det     1.0000    0.0000    0.0000         3
    3,FRAME,ARGM-PRR     1.0000    0.0000    0.0000         1
   -3,FRAME,ARGM-MOD     1.0000    0.0000    0.0000         1
   -3,FRAME,ARGM-LVB     1.0000    0.0000    0.0000         1
     -1,ADJ,compound     1.0000    0.0000    0.0000         1
    2,FRAME,ARGM-PRD     1.0000    0.0000    0.0000         1
       -1,ADJ,advmod     1.0000    0.0000    0.0000         6
       -1,X,compound     1.0000    0.0000    0.0000         1
   -2,FRAME,ARGM-LVB     1.0000    0.0000    0.0000         2
        7,PROPN,case     1.0000    0.0000    0.0000         1
         7,PROPN,det     1.0000    0.0000    0.0000         1
   -5,FRAME,ARGM-ADV     1.0000    0.0000    0.0000         1
          4,PROPN,cc     1.0000    0.0000    0.0000         1
   4,PROPN,nmod:poss     1.0000    0.0000    0.0000         1
    3,FRAME,ARGM-CAU     1.0000    0.0000    0.0000         2
      2,FRAME,R-ARG2     1.0000    0.0000    0.0000         1
   -1,FRAME,ARGM-MOD     1.0000    0.0000    0.0000         1
   -3,FRAME,ARGM-GOL     1.0000    0.0000    0.0000         2
          2,NUM,mark     1.0000    0.0000    0.0000         1
           2,NUM,cop     1.0000    0.0000    0.0000         1
          -1,NUM,acl     1.0000    0.0000    0.0000         1
          -1,AUX,obj     1.0000    0.0000    0.0000         1
     -1,AUX,obl:tmod     1.0000    0.0000    0.0000         1
        -1,AUX,advcl     1.0000    0.0000    0.0000         2
        -1,AUX,punct     1.0000    0.0000    0.0000         2
  5,FRAME,R-ARGM-ADV     1.0000    0.0000    0.0000         1
        -4,NOUN,nmod     1.0000    0.0000    0.0000         2
        2,NUM,nummod     1.0000    0.0000    0.0000         3
  3,FRAME,R-ARGM-DIR     1.0000    0.0000    0.0000         1
   1,VERB,reparandum     1.0000    0.0000    0.0000         1
    1,FRAME,ARGM-CAU     1.0000    0.0000    0.0000         8
   -5,FRAME,ARGM-PRP     1.0000    0.0000    0.0000         1
        3,FRAME,ARG2     1.0000    0.0000    0.0000         1
   -3,PRON,acl:relcl     1.0000    0.0000    0.0000         3
   -2,NOUN,nmod:tmod     1.0000    0.0000    0.0000         1
        -3,NOUN,list     1.0000    0.0000    0.0000        15
        -4,NOUN,list     1.0000    0.0000    0.0000        21
        -2,NOUN,list     1.0000    0.0000    0.0000        11
    2,FRAME,ARGM-NEG     1.0000    0.0000    0.0000        12
        1,NOUN,nsubj     1.0000    0.0000    0.0000         5
     1,ADJ,obl:npmod     0.0000    0.0000    0.0000         8
       1,PRON,advmod     1.0000    0.0000    0.0000         9
           1,PRON,cc     1.0000    0.0000    0.0000         9
        -6,NOUN,conj     1.0000    0.0000    0.0000         2
        -8,NOUN,conj     1.0000    0.0000    0.0000         3
    -3,ADJ,parataxis     1.0000    0.0000    0.0000         1
     -1,FRAME,C-ARG0     1.0000    0.0000    0.0000         2
   -1,X,flat:foreign     1.0000    0.0000    0.0000         2
   -2,X,flat:foreign     1.0000    0.0000    0.0000         2
   -3,X,flat:foreign     1.0000    0.0000    0.0000         2
   -4,X,flat:foreign     1.0000    0.0000    0.0000         1
   1,NOUN,nmod:npmod     1.0000    0.0000    0.0000         1
  1,PROPN,reparandum     1.0000    0.0000    0.0000         1
   -2,VERB,discourse     1.0000    0.0000    0.0000         3
        -1,ADP,advcl     1.0000    0.0000    0.0000         1
       3,PROPN,punct     1.0000    0.0000    0.0000         4
       -1,PRON,appos     1.0000    0.0000    0.0000         2
        -5,NOUN,conj     1.0000    0.0000    0.0000         5
        -7,NOUN,conj     1.0000    0.0000    0.0000         3
    -2,NUM,parataxis     1.0000    0.0000    0.0000         3
           3,VERB,cc     1.0000    0.0000    0.0000         2
        -1,PRON,case     1.0000    0.0000    0.0000         2
    -1,ADV,discourse     1.0000    0.0000    0.0000         1
        -1,ADV,appos     1.0000    0.0000    0.0000         1
          1,VERB,obl     1.0000    0.0000    0.0000         1
         -5,ADJ,conj     1.0000    0.0000    0.0000         1
         -3,ADJ,conj     1.0000    0.0000    0.0000         4
          -4,ADJ,obl     1.0000    0.0000    0.0000         1
      -1,PROPN,xcomp     1.0000    0.0000    0.0000         1
         -1,NOUN,obl     1.0000    0.0000    0.0000         2
    1,FRAME,ARGM-PRR     1.0000    0.0000    0.0000         1
         -3,NOUN,acl     1.0000    0.0000    0.0000         3
       -8,NOUN,punct     1.0000    0.0000    0.0000         1
       -4,NOUN,appos     1.0000    0.0000    0.0000         1
       1,PUNCT,punct     1.0000    0.0000    0.0000         1
      -1,PUNCT,punct     1.0000    0.0000    0.0000         1
     -1,FRAME,C-ARG2     1.0000    0.0000    0.0000         7
         -1,PRON,acl     1.0000    0.0000    0.0000         2
   2,NOUN,cc:preconj     1.0000    0.0000    0.0000         1
  -1,PRON,cc:preconj     1.0000    0.0000    0.0000         1
        -1,AUX,xcomp     1.0000    0.0000    0.0000         1
         -2,AUX,conj     1.0000    0.0000    0.0000         2
      -1,X,parataxis     1.0000    0.0000    0.0000         1
    2,NOUN,discourse     1.0000    0.0000    0.0000         2
    9,FRAME,ARGM-ADV     1.0000    0.0000    0.0000         1
        -3,NOUN,amod     1.0000    0.0000    0.0000         1
            1,ADP,cc     1.0000    0.0000    0.0000         4
         -1,ADP,conj     1.0000    0.0000    0.0000         4
          1,SYM,amod     1.0000    0.0000    0.0000         1
       -7,PROPN,conj     1.0000    0.0000    0.0000         1
        2,X,compound     1.0000    0.0000    0.0000         1
           -1,X,list     1.0000    0.0000    0.0000         2
           -2,X,list     1.0000    0.0000    0.0000         4
  -1,PROPN,nmod:tmod     1.0000    0.0000    0.0000         3
      -7,PROPN,punct     1.0000    0.0000    0.0000         1
           -1,X,conj     1.0000    0.0000    0.0000         2
    1,VERB,discourse     1.0000    0.0000    0.0000         2
     1,VERB,vocative     1.0000    0.0000    0.0000         2
     1,ADV,discourse     1.0000    0.0000    0.0000         1
       -3,NOUN,appos     1.0000    0.0000    0.0000         1
       -2,FRAME,ARG4     1.0000    0.0000    0.0000         1
        -2,ADV,fixed     1.0000    0.0000    0.0000         1
         5,NOUN,mark     1.0000    0.0000    0.0000         1
        5,NOUN,punct     1.0000    0.0000    0.0000         3
    1,FRAME,ARG1-DSP     1.0000    0.0000    0.0000         4
    1,NOUN,parataxis     1.0000    0.0000    0.0000         1
 -2,FRAME,C-ARG1-DSP     1.0000    0.0000    0.0000         1
        2,PRON,punct     1.0000    0.0000    0.0000         1
         -1,X,advmod     1.0000    0.0000    0.0000         1
      -1,X,acl:relcl     1.0000    0.0000    0.0000         1
       -5,FRAME,ARG1     1.0000    0.0000    0.0000         1
    2,NOUN,parataxis     1.0000    0.0000    0.0000         1
           3,NOUN,cc     1.0000    0.0000    0.0000         4
        -1,ADV,advcl     1.0000    0.0000    0.0000         2
   -3,FRAME,ARGM-CAU     1.0000    0.0000    0.0000         3
        -5,NOUN,nmod     1.0000    0.0000    0.0000         1
  -1,PROPN,discourse     1.0000    0.0000    0.0000         1
        -2,FRAME,C-V     1.0000    0.0000    0.0000         1
    -1,ADV,obl:npmod     1.0000    0.0000    0.0000         1
          1,NUM,mark     1.0000    0.0000    0.0000         2
   -1,PRON,discourse     1.0000    0.0000    0.0000         2
   -1,VERB,discourse     1.0000    0.0000    0.0000         5
   -1,PROPN,compound     1.0000    0.0000    0.0000         1
   -1,PRON,parataxis     1.0000    0.0000    0.0000         3
     1,SYM,parataxis     1.0000    0.0000    0.0000         1
        -2,SYM,punct     1.0000    0.0000    0.0000         1
  -3,PROPN,parataxis     1.0000    0.0000    0.0000         1
          1,AUX,expl     1.0000    0.0000    0.0000         2
            1,AUX,cc     1.0000    0.0000    0.0000         1
        -2,AUX,punct     1.0000    0.0000    0.0000         3
         2,NOUN,expl     1.0000    0.0000    0.0000         1
    1,VERB,obl:npmod     1.0000    0.0000    0.0000         1
   -1,NOUN,discourse     1.0000    0.0000    0.0000         4
              1,X,cc     1.0000    0.0000    0.0000         1
           -2,X,conj     1.0000    0.0000    0.0000         1
         1,NOUN,nmod     1.0000    0.0000    0.0000         3
   -3,NOUN,acl:relcl     1.0000    0.0000    0.0000         1
        -1,PROPN,cop     1.0000    0.0000    0.0000         1
   -2,NOUN,parataxis     1.0000    0.0000    0.0000         2
    -1,DET,discourse     1.0000    0.0000    0.0000         1
           2,ADV,aux     1.0000    0.0000    0.0000         1
   -1,FRAME,ARGM-CXN     1.0000    0.0000    0.0000         7
          1,CCONJ,cc     1.0000    0.0000    0.0000         1
       1,CCONJ,punct     1.0000    0.0000    0.0000         1
         1,ADV,nsubj     1.0000    0.0000    0.0000         1
           1,ADV,aux     1.0000    0.0000    0.0000         1
          -1,ADJ,obj     1.0000    0.0000    0.0000         2
            3,ADV,cc     1.0000    0.0000    0.0000         1
            2,ADV,cc     1.0000    0.0000    0.0000         1
           2,ADV,cop     1.0000    0.0000    0.0000         1
  -3,PROPN,discourse     1.0000    0.0000    0.0000         1
           1,INTJ,cc     1.0000    0.0000    0.0000         1
           1,ADJ,obl     1.0000    0.0000    0.0000         1
          2,DET,case     1.0000    0.0000    0.0000         2
    1,DET,det:predet     1.0000    0.0000    0.0000         1
          -1,ADJ,acl     1.0000    0.0000    0.0000         1
    1,DET,nmod:npmod     1.0000    0.0000    0.0000         1
         1,PROPN,dep     1.0000    0.0000    0.0000         1
          2,PRON,cop     1.0000    0.0000    0.0000         1
     2,ADJ,discourse     1.0000    0.0000    0.0000         1
         1,ADJ,advcl     1.0000    0.0000    0.0000         1
    -2,ADJ,discourse     1.0000    0.0000    0.0000         1
        -6,VERB,conj     1.0000    0.0000    0.0000         1
        -8,VERB,conj     1.0000    0.0000    0.0000         1
        -3,PRON,conj     1.0000    0.0000    0.0000         1
         1,NUM,advcl     1.0000    0.0000    0.0000         1
 -1,FRAME,C-ARGM-LOC     1.0000    0.0000    0.0000         1
    -1,ADJ,discourse     1.0000    0.0000    0.0000         4
       -6,PROPN,conj     1.0000    0.0000    0.0000         1
    -1,NUM,acl:relcl     1.0000    0.0000    0.0000         1
           1,ADJ,obj     1.0000    0.0000    0.0000         1
          -3,ADJ,obl     1.0000    0.0000    0.0000         1
        1,FRAME,ARGA     1.0000    0.0000    0.0000         2
    -1,DET,acl:relcl     1.0000    0.0000    0.0000         3
         1,DET,punct     1.0000    0.0000    0.0000         2
           1,DET,cop     1.0000    0.0000    0.0000         1
        -1,DET,punct     1.0000    0.0000    0.0000         3
   -2,PROPN,compound     1.0000    0.0000    0.0000         2
        -4,NOUN,amod     1.0000    0.0000    0.0000         1
   -4,NOUN,parataxis     1.0000    0.0000    0.0000         1
   -7,NOUN,parataxis     1.0000    0.0000    0.0000         1
        2,PROPN,nmod     1.0000    0.0000    0.0000         1
           1,ADV,det     1.0000    0.0000    0.0000         2
    1,NOUN,discourse     1.0000    0.0000    0.0000         1
         -2,PRON,cop     1.0000    0.0000    0.0000         1
       1,PART,advmod     1.0000    0.0000    0.0000         1
    4,FRAME,ARGM-CAU     1.0000    0.0000    0.0000         1
   -6,VERB,parataxis     1.0000    0.0000    0.0000         1
      1,ADP,goeswith     1.0000    0.0000    0.0000         1
       -9,VERB,punct     1.0000    0.0000    0.0000         1
      -1,PRON,advmod     1.0000    0.0000    0.0000         2
    -1,VERB,compound     1.0000    0.0000    0.0000         3
    3,FRAME,ARGM-MOD     1.0000    0.0000    0.0000         3
       -2,VERB,advcl     1.0000    0.0000    0.0000         1
      3,FRAME,R-ARG1     1.0000    0.0000    0.0000         1
         3,PROPN,cop     1.0000    0.0000    0.0000         1
        -1,ADV,xcomp     1.0000    0.0000    0.0000         1
           5,VERB,cc     1.0000    0.0000    0.0000         1
        3,VERB,advcl     1.0000    0.0000    0.0000         1
   2,PROPN,nmod:poss     1.0000    0.0000    0.0000         2
       -3,FRAME,ARG3     1.0000    0.0000    0.0000         1
         1,ADV,advcl     1.0000    0.0000    0.0000         1
        -3,ADV,punct     1.0000    0.0000    0.0000         1
   2,NOUN,det:predet     1.0000    0.0000    0.0000         1
    -2,ADV,parataxis     1.0000    0.0000    0.0000         1
        -4,ADV,punct     1.0000    0.0000    0.0000         1
         1,AUX,punct     1.0000    0.0000    0.0000         2
        1,AUX,advmod     1.0000    0.0000    0.0000         1
         1,AUX,advcl     1.0000    0.0000    0.0000         1
         1,AUX,nsubj     1.0000    0.0000    0.0000         2
   -3,VERB,discourse     1.0000    0.0000    0.0000         3
    -1,ADV,parataxis     1.0000    0.0000    0.0000         2
        -9,NOUN,conj     1.0000    0.0000    0.0000         1
       -10,NOUN,conj     1.0000    0.0000    0.0000         2
       3,NOUN,nummod     1.0000    0.0000    0.0000         1
       -13,NOUN,conj     1.0000    0.0000    0.0000         2
       -15,NOUN,nmod     1.0000    0.0000    0.0000         1
   -2,NOUN,discourse     1.0000    0.0000    0.0000         1
        2,FRAME,ARG3     1.0000    0.0000    0.0000         1
   -1,INTJ,discourse     1.0000    0.0000    0.0000         1
   -2,INTJ,discourse     1.0000    0.0000    0.0000         1
       -3,INTJ,punct     1.0000    0.0000    0.0000         1
          1,ADV,amod     1.0000    0.0000    0.0000         3
        1,PROPN,mark     1.0000    0.0000    0.0000         1
       4,NOUN,nummod     1.0000    0.0000    0.0000         1
       -4,PROPN,flat     1.0000    0.0000    0.0000         1
          1,NUM,list     1.0000    0.0000    0.0000         1
   -1,PROPN,vocative     1.0000    0.0000    0.0000         1
        -1,VERB,list     1.0000    0.0000    0.0000         1
           1,PART,cc     1.0000    0.0000    0.0000         3
      -14,NOUN,punct     1.0000    0.0000    0.0000         1
     -1,PROPN,advmod     1.0000    0.0000    0.0000         1
       -1,PRON,xcomp     1.0000    0.0000    0.0000         1
         1,PART,mark     1.0000    0.0000    0.0000         1
        -2,ADV,ccomp     1.0000    0.0000    0.0000         1
       -2,DET,advmod     1.0000    0.0000    0.0000         1
           1,ADP,aux     1.0000    0.0000    0.0000         2
           1,ADP,cop     1.0000    0.0000    0.0000         2
   -2,PRON,parataxis     1.0000    0.0000    0.0000         1
           1,ADV,obl     1.0000    0.0000    0.0000         1
          -3,ADV,obl     1.0000    0.0000    0.0000         1
          2,ADJ,case     1.0000    0.0000    0.0000         1
       -1,VERB,appos     1.0000    0.0000    0.0000         1
    1,FRAME,ARGM-DIR     1.0000    0.0000    0.0000         2
    -1,NUM,parataxis     1.0000    0.0000    0.0000         1
      1,ADJ,goeswith     1.0000    0.0000    0.0000         2
        2,PROPN,mark     1.0000    0.0000    0.0000         2
       -1,PART,punct     1.0000    0.0000    0.0000         2
        1,SYM,advmod     1.0000    0.0000    0.0000         1
        5,NOUN,nsubj     1.0000    0.0000    0.0000         1
      1,ADJ,aux:pass     1.0000    0.0000    0.0000         1
         1,INTJ,amod     1.0000    0.0000    0.0000         1
       -2,INTJ,punct     1.0000    0.0000    0.0000         1
        -5,ADJ,punct     1.0000    0.0000    0.0000         1
       -1,NOUN,csubj     1.0000    0.0000    0.0000         1
          3,NOUN,cop     1.0000    0.0000    0.0000         1
        1,PART,punct     1.0000    0.0000    0.0000         1
         -1,AUX,conj     1.0000    0.0000    0.0000         1
         -1,ADJ,expl     1.0000    0.0000    0.0000         1
         -1,NOUN,cop     1.0000    0.0000    0.0000         1
          1,AUX,mark     1.0000    0.0000    0.0000         1
     1,ADJ,discourse     1.0000    0.0000    0.0000         1

            accuracy                         0.6142     25096
           macro avg     0.8935    0.0843    0.0774     25096
        weighted avg     0.6723    0.6142    0.5686     25096

2021-10-06 17:57:11,841 ----------------------------------------------------------------------------------------------------
