2021-10-11 17:16:50,340 ----------------------------------------------------------------------------------------------------
2021-10-11 17:16:50,341 Model: "SequenceTagger(
  (embeddings): StackedEmbeddings(
    (list_embedding_0): CharacterEmbeddings(
      (char_embedding): Embedding(275, 25)
      (char_rnn): LSTM(25, 25, bidirectional=True)
    )
    (list_embedding_1): WordEmbeddings('glove')
  )
  (word_dropout): WordDropout(p=0.05)
  (embedding2nn): Linear(in_features=150, out_features=150, bias=True)
  (rnn): LSTM(150, 300, batch_first=True, bidirectional=True)
  (linear): Linear(in_features=600, out_features=2304, bias=True)
  (beta): 1.0
  (weights): None
  (weight_tensor) None
)"
2021-10-11 17:16:50,341 ----------------------------------------------------------------------------------------------------
2021-10-11 17:16:50,342 Corpus: "Corpus: 2508 train + 2002 dev + 2077 test sentences"
2021-10-11 17:16:50,342 ----------------------------------------------------------------------------------------------------
2021-10-11 17:16:50,342 Parameters:
2021-10-11 17:16:50,342  - learning_rate: "0.9"
2021-10-11 17:16:50,342  - mini_batch_size: "32"
2021-10-11 17:16:50,342  - patience: "3"
2021-10-11 17:16:50,343  - anneal_factor: "0.5"
2021-10-11 17:16:50,343  - max_epochs: "120"
2021-10-11 17:16:50,343  - shuffle: "True"
2021-10-11 17:16:50,343  - train_with_dev: "False"
2021-10-11 17:16:50,343  - batch_growth_annealing: "False"
2021-10-11 17:16:50,343 ----------------------------------------------------------------------------------------------------
2021-10-11 17:16:50,343 Model training base path: "model/srlextended/upos/goldpos/goldframes/63e842e8-7233-45d2-aeef-70f4708df534"
2021-10-11 17:16:50,343 ----------------------------------------------------------------------------------------------------
2021-10-11 17:16:50,343 Device: cuda:0
2021-10-11 17:16:50,343 ----------------------------------------------------------------------------------------------------
2021-10-11 17:16:50,343 Embeddings storage mode: gpu
2021-10-11 17:16:50,353 ----------------------------------------------------------------------------------------------------
2021-10-11 17:16:53,410 epoch 1 - iter 7/79 - loss 7.50243330 - samples/sec: 73.30 - lr: 0.900000
2021-10-11 17:16:54,486 ----------------------------------------------------------------------------------------------------
2021-10-11 17:16:54,487 Exiting from training early.
2021-10-11 17:16:54,487 Saving model ...
