2021-10-06 17:46:21,172 ----------------------------------------------------------------------------------------------------
2021-10-06 17:46:21,173 Model: "SequenceTagger(
  (embeddings): StackedEmbeddings(
    (list_embedding_0): FlairEmbeddings(
      (lm): LanguageModel(
        (drop): Dropout(p=0.05, inplace=False)
        (encoder): Embedding(300, 100)
        (rnn): LSTM(100, 2048)
        (decoder): Linear(in_features=2048, out_features=300, bias=True)
      )
    )
    (list_embedding_1): FlairEmbeddings(
      (lm): LanguageModel(
        (drop): Dropout(p=0.05, inplace=False)
        (encoder): Embedding(300, 100)
        (rnn): LSTM(100, 2048)
        (decoder): Linear(in_features=2048, out_features=300, bias=True)
      )
    )
  )
  (dropout): Dropout(p=0.2, inplace=False)
  (word_dropout): WordDropout(p=0.05)
  (locked_dropout): LockedDropout(p=0.3)
  (embedding2nn): Linear(in_features=4096, out_features=4096, bias=True)
  (rnn): LSTM(4096, 500, batch_first=True, bidirectional=True)
  (linear): Linear(in_features=1000, out_features=978, bias=True)
  (beta): 1.0
  (weights): None
  (weight_tensor) None
)"
2021-10-06 17:46:21,174 ----------------------------------------------------------------------------------------------------
2021-10-06 17:46:21,174 Corpus: "Corpus: 12543 train + 2002 dev + 2077 test sentences"
2021-10-06 17:46:21,175 ----------------------------------------------------------------------------------------------------
2021-10-06 17:46:21,175 Parameters:
2021-10-06 17:46:21,175  - learning_rate: "0.75"
2021-10-06 17:46:21,175  - mini_batch_size: "32"
2021-10-06 17:46:21,175  - patience: "3"
2021-10-06 17:46:21,175  - anneal_factor: "0.5"
2021-10-06 17:46:21,175  - max_epochs: "5"
2021-10-06 17:46:21,175  - shuffle: "True"
2021-10-06 17:46:21,175  - train_with_dev: "False"
2021-10-06 17:46:21,175  - batch_growth_annealing: "False"
2021-10-06 17:46:21,175 ----------------------------------------------------------------------------------------------------
2021-10-06 17:46:21,175 Model training base path: "model/srlreplaced/upos/goldpos/goldframes/b015029a-e950-4b5a-b29e-676df2b8b9ac"
2021-10-06 17:46:21,175 ----------------------------------------------------------------------------------------------------
2021-10-06 17:46:21,175 Device: cuda:0
2021-10-06 17:46:21,175 ----------------------------------------------------------------------------------------------------
2021-10-06 17:46:21,175 Embeddings storage mode: gpu
2021-10-06 17:46:21,200 ----------------------------------------------------------------------------------------------------
2021-10-06 17:46:26,858 epoch 1 - iter 39/392 - loss 5.24659763 - samples/sec: 220.68 - lr: 0.750000
2021-10-06 17:46:31,126 epoch 1 - iter 78/392 - loss 4.58614228 - samples/sec: 292.56 - lr: 0.750000
2021-10-06 17:46:35,686 epoch 1 - iter 117/392 - loss 4.05375216 - samples/sec: 273.79 - lr: 0.750000
2021-10-06 17:46:39,858 epoch 1 - iter 156/392 - loss 3.67150102 - samples/sec: 299.28 - lr: 0.750000
2021-10-06 17:46:44,493 epoch 1 - iter 195/392 - loss 3.48698492 - samples/sec: 269.42 - lr: 0.750000
2021-10-06 17:46:49,831 epoch 1 - iter 234/392 - loss 3.37999298 - samples/sec: 233.87 - lr: 0.750000
2021-10-06 17:46:54,370 epoch 1 - iter 273/392 - loss 3.25831500 - samples/sec: 275.14 - lr: 0.750000
2021-10-06 17:46:58,763 epoch 1 - iter 312/392 - loss 3.14308364 - samples/sec: 284.23 - lr: 0.750000
2021-10-06 17:47:02,754 epoch 1 - iter 351/392 - loss 3.03084700 - samples/sec: 312.88 - lr: 0.750000
2021-10-06 17:47:07,455 epoch 1 - iter 390/392 - loss 2.94059882 - samples/sec: 265.60 - lr: 0.750000
2021-10-06 17:47:07,781 ----------------------------------------------------------------------------------------------------
2021-10-06 17:47:07,781 EPOCH 1 done: loss 2.9371 - lr 0.7500000
2021-10-06 17:47:15,136 DEV : loss 1.817814826965332 - score 0.5307
2021-10-06 17:47:15,146 BAD EPOCHS (no improvement): 0
2021-10-06 17:47:17,754 ----------------------------------------------------------------------------------------------------
2021-10-06 17:47:19,140 epoch 2 - iter 39/392 - loss 1.96890433 - samples/sec: 902.04 - lr: 0.750000
2021-10-06 17:47:20,605 epoch 2 - iter 78/392 - loss 1.91378481 - samples/sec: 852.60 - lr: 0.750000
2021-10-06 17:47:22,080 epoch 2 - iter 117/392 - loss 1.90750992 - samples/sec: 847.03 - lr: 0.750000
2021-10-06 17:47:23,468 epoch 2 - iter 156/392 - loss 1.87887953 - samples/sec: 900.25 - lr: 0.750000
2021-10-06 17:47:24,825 epoch 2 - iter 195/392 - loss 1.86367436 - samples/sec: 920.59 - lr: 0.750000
2021-10-06 17:47:26,156 epoch 2 - iter 234/392 - loss 1.84088532 - samples/sec: 939.14 - lr: 0.750000
2021-10-06 17:47:27,597 epoch 2 - iter 273/392 - loss 1.82258295 - samples/sec: 867.30 - lr: 0.750000
2021-10-06 17:47:29,007 epoch 2 - iter 312/392 - loss 1.80660992 - samples/sec: 886.73 - lr: 0.750000
2021-10-06 17:47:30,340 epoch 2 - iter 351/392 - loss 1.78547871 - samples/sec: 937.54 - lr: 0.750000
2021-10-06 17:47:31,678 epoch 2 - iter 390/392 - loss 1.76694479 - samples/sec: 934.58 - lr: 0.750000
2021-10-06 17:47:31,747 ----------------------------------------------------------------------------------------------------
2021-10-06 17:47:31,747 EPOCH 2 done: loss 1.7666 - lr 0.7500000
2021-10-06 17:47:33,587 DEV : loss 1.4111104011535645 - score 0.6072
2021-10-06 17:47:33,597 BAD EPOCHS (no improvement): 0
2021-10-06 17:47:37,509 ----------------------------------------------------------------------------------------------------
2021-10-06 17:47:38,956 epoch 3 - iter 39/392 - loss 1.58074697 - samples/sec: 864.34 - lr: 0.750000
2021-10-06 17:47:40,365 epoch 3 - iter 78/392 - loss 1.54022505 - samples/sec: 886.75 - lr: 0.750000
2021-10-06 17:47:41,764 epoch 3 - iter 117/392 - loss 1.53966525 - samples/sec: 893.21 - lr: 0.750000
2021-10-06 17:47:43,126 epoch 3 - iter 156/392 - loss 1.52178338 - samples/sec: 917.23 - lr: 0.750000
2021-10-06 17:47:44,561 epoch 3 - iter 195/392 - loss 1.51582681 - samples/sec: 870.81 - lr: 0.750000
2021-10-06 17:47:45,935 epoch 3 - iter 234/392 - loss 1.50406050 - samples/sec: 909.35 - lr: 0.750000
2021-10-06 17:47:47,323 epoch 3 - iter 273/392 - loss 1.49895726 - samples/sec: 900.10 - lr: 0.750000
2021-10-06 17:47:48,706 epoch 3 - iter 312/392 - loss 1.49187733 - samples/sec: 902.78 - lr: 0.750000
2021-10-06 17:47:50,025 epoch 3 - iter 351/392 - loss 1.48820397 - samples/sec: 947.46 - lr: 0.750000
2021-10-06 17:47:51,367 epoch 3 - iter 390/392 - loss 1.47979850 - samples/sec: 931.48 - lr: 0.750000
2021-10-06 17:47:51,431 ----------------------------------------------------------------------------------------------------
2021-10-06 17:47:51,431 EPOCH 3 done: loss 1.4797 - lr 0.7500000
2021-10-06 17:47:53,267 DEV : loss 1.2723113298416138 - score 0.6396
2021-10-06 17:47:53,277 BAD EPOCHS (no improvement): 0
2021-10-06 17:47:56,694 ----------------------------------------------------------------------------------------------------
2021-10-06 17:47:58,106 epoch 4 - iter 39/392 - loss 1.36091180 - samples/sec: 885.17 - lr: 0.750000
2021-10-06 17:47:59,561 epoch 4 - iter 78/392 - loss 1.35405393 - samples/sec: 858.75 - lr: 0.750000
2021-10-06 17:48:00,988 epoch 4 - iter 117/392 - loss 1.34045345 - samples/sec: 875.55 - lr: 0.750000
2021-10-06 17:48:02,397 epoch 4 - iter 156/392 - loss 1.33305772 - samples/sec: 887.53 - lr: 0.750000
2021-10-06 17:48:03,785 epoch 4 - iter 195/392 - loss 1.33441381 - samples/sec: 900.82 - lr: 0.750000
2021-10-06 17:48:05,135 epoch 4 - iter 234/392 - loss 1.32907679 - samples/sec: 925.70 - lr: 0.750000
2021-10-06 17:48:06,495 epoch 4 - iter 273/392 - loss 1.32316681 - samples/sec: 918.61 - lr: 0.750000
2021-10-06 17:48:07,875 epoch 4 - iter 312/392 - loss 1.32074714 - samples/sec: 906.04 - lr: 0.750000
2021-10-06 17:48:09,232 epoch 4 - iter 351/392 - loss 1.32008842 - samples/sec: 920.47 - lr: 0.750000
2021-10-06 17:48:10,674 epoch 4 - iter 390/392 - loss 1.31705463 - samples/sec: 866.78 - lr: 0.750000
2021-10-06 17:48:10,754 ----------------------------------------------------------------------------------------------------
2021-10-06 17:48:10,754 EPOCH 4 done: loss 1.3173 - lr 0.7500000
2021-10-06 17:48:12,613 DEV : loss 1.1312280893325806 - score 0.6728
2021-10-06 17:48:12,623 BAD EPOCHS (no improvement): 0
2021-10-06 17:48:16,908 ----------------------------------------------------------------------------------------------------
2021-10-06 17:48:18,275 epoch 5 - iter 39/392 - loss 1.24207798 - samples/sec: 914.21 - lr: 0.750000
2021-10-06 17:48:19,719 epoch 5 - iter 78/392 - loss 1.24917445 - samples/sec: 865.51 - lr: 0.750000
2021-10-06 17:48:21,064 epoch 5 - iter 117/392 - loss 1.24679580 - samples/sec: 928.68 - lr: 0.750000
2021-10-06 17:48:22,446 epoch 5 - iter 156/392 - loss 1.24014419 - samples/sec: 903.79 - lr: 0.750000
2021-10-06 17:48:23,839 epoch 5 - iter 195/392 - loss 1.23043408 - samples/sec: 896.96 - lr: 0.750000
2021-10-06 17:48:25,245 epoch 5 - iter 234/392 - loss 1.22600286 - samples/sec: 888.42 - lr: 0.750000
2021-10-06 17:48:26,574 epoch 5 - iter 273/392 - loss 1.22320094 - samples/sec: 940.43 - lr: 0.750000
2021-10-06 17:48:27,977 epoch 5 - iter 312/392 - loss 1.22001284 - samples/sec: 890.61 - lr: 0.750000
2021-10-06 17:48:29,329 epoch 5 - iter 351/392 - loss 1.21659378 - samples/sec: 923.79 - lr: 0.750000
2021-10-06 17:48:30,704 epoch 5 - iter 390/392 - loss 1.20964014 - samples/sec: 908.80 - lr: 0.750000
2021-10-06 17:48:30,776 ----------------------------------------------------------------------------------------------------
2021-10-06 17:48:30,777 EPOCH 5 done: loss 1.2097 - lr 0.7500000
2021-10-06 17:48:32,646 DEV : loss 1.0762596130371094 - score 0.6914
2021-10-06 17:48:32,659 BAD EPOCHS (no improvement): 0
2021-10-06 17:48:40,071 ----------------------------------------------------------------------------------------------------
2021-10-06 17:48:40,071 Testing using best model ...
2021-10-06 17:48:40,071 loading file model/srlreplaced/upos/goldpos/goldframes/b015029a-e950-4b5a-b29e-676df2b8b9ac/best-model.pt
2021-10-06 17:48:47,732 	0.6874
2021-10-06 17:48:47,732 
Results:
- F-score (micro): 0.6874
- F-score (macro): 0.1324
- Accuracy (incl. no class): 0.6874

By class:
                      precision    recall  f1-score   support

          1,NOUN,det     0.9217    0.9430    0.9322      1385
    1,FRAME,ARGM-ADJ     0.6605    0.5661    0.6097       189
        1,FRAME,ARG1     0.7052    0.7351    0.7198       755
           2,ADJ,cop     1.0000    0.0000    0.0000         9
           1,ADJ,cop     0.8626    0.9541    0.9060       283
           1,ADJ,det     0.5909    0.8387    0.6933        31
    1,FRAME,ARGM-EXT     0.5702    0.7471    0.6468        87
       -1,FRAME,ARG2     0.4808    0.7591    0.5888       876
        -1,ADJ,punct     0.5442    0.7697    0.6376       152
        -1,ROOT,root     0.8671    0.9198    0.8927      1709
         1,VERB,mark     0.9103    0.9359    0.9230       640
       -1,PRON,advcl     1.0000    0.0000    0.0000         2
        1,PROPN,case     0.8179    0.8354    0.8265       328
       -1,VERB,punct     0.7485    0.7818    0.7648       495
        2,FRAME,ARG1     0.5449    0.6690    0.6006       145
        1,FRAME,ARG0     0.8465    0.8391    0.8428       920
         4,NOUN,case     1.0000    0.0000    0.0000         5
         2,NOUN,case     0.5787    0.7518    0.6540       137
    4,NOUN,nmod:poss     1.0000    0.0000    0.0000         2
    2,NOUN,nmod:poss     0.6250    0.6452    0.6349        31
     1,NOUN,compound     0.6371    0.7450    0.6869       502
        1,NOUN,punct     0.6114    0.6684    0.6386       193
     2,NOUN,compound     0.3208    0.3400    0.3301        50
       -1,NOUN,punct     0.7027    0.5967    0.6454       305
        1,VERB,punct     0.7245    0.8298    0.7736       282
           1,NOUN,cc     0.7641    0.8142    0.7884       183
           1,VERB,cc     0.8356    0.9577    0.8925       260
       1,NOUN,advmod     0.4348    0.5714    0.4938        35
    1,FRAME,ARGM-TMP     0.6550    0.8397    0.7360       156
        -1,NOUN,conj     0.4792    0.7791    0.5935       163
       -1,FRAME,ARG1     0.7712    0.7680    0.7696      1685
        -2,NOUN,conj     0.3529    0.2449    0.2892        49
          2,NOUN,det     0.6333    0.7835    0.7005       194
        1,ADJ,advmod     0.8824    0.6908    0.7749       152
         1,NOUN,amod     0.7474    0.8653    0.8020       735
         1,ADJ,punct     0.5584    0.5733    0.5658        75
         2,NOUN,amod     0.5581    0.5455    0.5517        88
       -1,FRAME,ARG4     0.6364    0.3818    0.4773        55
       -2,VERB,punct     0.6113    0.7379    0.6686       309
       2,PROPN,punct     0.2222    0.1250    0.1600        16
        2,PROPN,case     0.5729    0.6962    0.6286        79
    1,PROPN,compound     0.5821    0.6964    0.6341       336
       -1,PROPN,nmod     0.3846    0.1389    0.2041        36
       -1,PROPN,flat     0.7664    0.8410    0.8020       195
       -2,PROPN,flat     0.7750    0.6458    0.7045        48
      -4,PROPN,punct     1.0000    0.0000    0.0000        18
      -2,PROPN,punct     0.4468    0.7119    0.5490        59
        2,NOUN,punct     0.2653    0.3333    0.2955        39
           2,NOUN,cc     0.5909    0.4333    0.5000        30
    1,FRAME,ARGM-DIS     0.6842    0.6842    0.6842        95
         1,NOUN,case     0.8612    0.9036    0.8819      1037
    1,FRAME,ARGM-ADV     0.6279    0.5745    0.6000       188
          1,NOUN,cop     0.7590    0.8873    0.8182       142
        -1,PRON,amod     0.6923    0.5294    0.6000        17
   -1,FRAME,ARGM-ADV     0.3333    0.2190    0.2644       105
    1,NOUN,obl:npmod     1.0000    0.0000    0.0000         2
          -1,ADJ,obl     0.2432    0.3214    0.2769        28
  1,FRAME,R-ARGM-TMP     1.0000    0.0000    0.0000         2
         1,NOUN,mark     0.5517    0.8421    0.6667        19
       -3,NOUN,punct     0.0667    0.0571    0.0615        35
        -2,ADJ,punct     0.2619    0.1897    0.2200        58
        1,FRAME,ARG2     0.6786    0.2794    0.3958        68
    1,NOUN,nmod:poss     0.7671    0.8996    0.8281       249
       -1,PROPN,case     0.8298    0.8125    0.8211        48
    1,FRAME,ARGM-MOD     0.9592    0.9850    0.9719       334
       -2,FRAME,ARG1     0.5034    0.5141    0.5087       142
      2,FRAME,R-ARG1     0.4545    0.9091    0.6061        11
        2,FRAME,ARG0     0.7825    0.8199    0.8007       272
          1,VERB,aux     0.9479    0.9685    0.9581       413
   -2,FRAME,ARGM-ADV     0.4286    0.0667    0.1154        45
   -1,NOUN,acl:relcl     0.5185    0.8317    0.6388       101
   -1,FRAME,ARGM-TMP     0.6172    0.8287    0.7075       251
          1,VERB,cop     1.0000    0.0000    0.0000         7
       1,VERB,advmod     0.3600    0.2432    0.2903        37
   -1,FRAME,ARGM-LOC     0.3944    0.6131    0.4800       137
       -4,VERB,punct     0.2542    0.6429    0.3644        70
          2,NOUN,cop     0.3158    0.3529    0.3333        17
         1,PRON,case     0.7660    0.8852    0.8213       122
          1,ADV,case     0.3571    0.5000    0.4167        10
        -1,ADV,fixed     0.8462    0.4231    0.5641        26
       -1,FRAME,ARG3     1.0000    0.0000    0.0000        61
          -1,ADV,obl     0.0000    0.0000    0.0000        22
      1,FRAME,R-ARG0     0.8333    0.9756    0.8989        41
    -1,ADJ,acl:relcl     1.0000    0.0000    0.0000         3
    1,FRAME,ARGM-NEG     0.8862    0.9427    0.9136       157
       -3,FRAME,ARG1     1.0000    0.1250    0.2222        16
          -1,FRAME,V     1.0000    0.0000    0.0000         4
        -3,VERB,conj     0.0000    0.0000    0.0000        19
        -2,VERB,conj     0.3056    0.4314    0.3577        51
        1,ADV,advmod     0.6400    0.2857    0.3951        56
        -1,FRAME,C-V     0.6000    0.8571    0.7059        14
       -5,VERB,punct     0.0000    0.0000    0.0000        29
       -2,PROPN,nmod     0.0000    0.0000    0.0000        16
-1,VERB,compound:prt     0.6264    0.9048    0.7403        63
        1,FRAME,ARG3     1.0000    0.0000    0.0000         5
     1,VERB,aux:pass     0.8727    0.8727    0.8727       110
   -1,PRON,acl:relcl     1.0000    0.0000    0.0000         7
        -1,VERB,conj     0.5490    0.7517    0.6346       149
   -2,FRAME,ARGM-LOC     1.0000    0.0000    0.0000        20
       -3,VERB,punct     0.5345    0.3690    0.4366       168
   -1,FRAME,ARGM-GOL     1.0000    0.0000    0.0000        15
   -1,FRAME,ARGM-PRP     0.3281    0.3750    0.3500        56
    1,FRAME,ARGM-LVB     0.4444    0.4167    0.4301        48
   -1,FRAME,ARGM-PRR     0.5286    0.5873    0.5564        63
          1,ADJ,case     0.5000    0.4706    0.4848        17
        -1,NOUN,nmod     0.5021    0.7231    0.5927       325
         -1,NUM,nmod     0.4091    0.2812    0.3333        32
       1,NOUN,nummod     0.7674    0.9167    0.8354       144
    2,FRAME,ARGM-LOC     1.0000    0.0000    0.0000         6
       2,NOUN,nummod     1.0000    0.0000    0.0000         8
       -1,VERB,xcomp     0.7500    0.7273    0.7385        33
    1,FRAME,ARGM-LOC     0.0000    0.0000    0.0000        20
       -2,FRAME,ARG2     1.0000    0.0238    0.0465        42
   -1,FRAME,ARGM-PRD     0.0000    0.0000    0.0000        23
         -1,NOUN,acl     0.4676    0.7647    0.5804        85
         2,PROPN,det     0.7333    0.6471    0.6875        34
       -1,FRAME,ARG0     0.4074    0.1358    0.2037        81
        3,FRAME,ARG0     1.0000    0.0000    0.0000        19
      3,FRAME,R-ARG0     1.0000    0.0000    0.0000         2
        3,VERB,punct     1.0000    0.0000    0.0000         8
    2,FRAME,ARGM-ADV     0.5000    0.3636    0.4211        44
           <UNKNOWN>     0.0000    1.0000    0.0000         0
   -2,NOUN,acl:relcl     0.0000    0.0000    0.0000        12
      -1,NOUN,advmod     0.3333    0.2609    0.2927        23
       -7,VERB,punct     1.0000    0.0000    0.0000         4
   -1,FRAME,ARGM-NEG     0.8571    0.9231    0.8889        26
          3,NOUN,det     0.2500    0.0476    0.0800        42
         -1,ADJ,conj     0.3802    0.5823    0.4600        79
   -2,VERB,parataxis     0.2000    0.1000    0.1333        20
   -1,FRAME,ARGM-DIR     0.4286    0.3846    0.4054        39
        -4,VERB,conj     1.0000    0.0000    0.0000         7
        -1,PRON,nmod     1.0000    0.0000    0.0000        11
        4,VERB,punct     1.0000    0.0000    0.0000         3
           4,VERB,cc     1.0000    0.0000    0.0000         1
          1,ADJ,mark     0.7250    0.6042    0.6591        48
   -1,FRAME,ARGM-ADJ     1.0000    0.0000    0.0000        27
   -2,PRON,acl:relcl     0.5000    0.4444    0.4706        18
        -9,VERB,conj     1.0000    0.0000    0.0000         1
      -10,VERB,punct     1.0000    0.0000    0.0000         2
   -1,FRAME,ARGM-MNR     0.2969    0.3220    0.3089        59
         1,VERB,expl     0.9231    0.8372    0.8780        43
           1,ADJ,aux     0.8571    0.5455    0.6667        11
        4,PROPN,case     1.0000    0.0000    0.0000         5
        3,PROPN,case     0.2727    0.1579    0.2000        19
         4,PROPN,det     1.0000    0.0000    0.0000         5
         3,PROPN,det     0.2500    0.2308    0.2400        13
    2,PROPN,compound     0.3750    0.1250    0.1875        48
         1,PROPN,det     0.8194    0.6344    0.7152        93
     -1,FRAME,C-ARG1     0.4286    0.1667    0.2400        36
       -6,VERB,punct     1.0000    0.0000    0.0000        15
    2,FRAME,ARGM-DIS     0.6923    0.3333    0.4500        27
        -1,ADP,fixed     0.4286    0.1875    0.2609        16
         -1,VERB,obj     1.0000    0.0000    0.0000         4
    2,FRAME,ARGM-TMP     0.5357    0.4839    0.5085        31
      -1,PROPN,punct     0.5282    0.6410    0.5792       117
      -1,PROPN,appos     0.4688    0.3333    0.3896        45
       -1,NOUN,appos     0.4146    0.5484    0.4722        62
      -1,NOUN,nummod     0.2381    0.3846    0.2941        13
         2,VERB,mark     0.0000    0.0000    0.0000        11
       -2,FRAME,ARG0     1.0000    0.0000    0.0000         8
   -4,FRAME,ARGM-TMP     1.0000    0.0000    0.0000         2
       -2,NOUN,punct     0.3223    0.4875    0.3881        80
        -1,NOUN,amod     0.0000    0.0000    0.0000        11
        -1,NOUN,case     0.5217    0.8571    0.6486        14
        3,FRAME,ARG1     1.0000    0.0000    0.0000        29
    1,FRAME,ARGM-MNR     0.4118    0.1321    0.2000        53
        1,PROPN,amod     0.4000    0.2222    0.2857        18
    1,ADJ,cc:preconj     1.0000    0.0000    0.0000         1
   -2,FRAME,ARGM-CAU     1.0000    0.0000    0.0000         8
         -2,ADJ,conj     1.0000    0.0435    0.0833        23
        -1,ADJ,fixed     0.5000    0.1667    0.2500         6
          1,PROPN,cc     0.6418    0.6719    0.6565        64
       -1,PROPN,conj     0.5357    0.4478    0.4878        67
   -2,FRAME,ARGM-TMP     0.0909    0.0465    0.0615        43
     -2,FRAME,C-ARG1     1.0000    0.0000    0.0000        11
   -3,FRAME,ARGM-ADV     0.0000    0.0000    0.0000        16
   -1,FRAME,ARGM-CAU     1.0000    0.0000    0.0000        10
          1,NUM,nmod     1.0000    0.0000    0.0000         2
          1,NUM,case     0.7326    0.8630    0.7925        73
   -6,FRAME,ARGM-ADV     1.0000    0.0000    0.0000         2
      1,FRAME,R-ARG1     0.6818    0.5172    0.5882        29
   -2,FRAME,ARGM-ADJ     0.0000    0.0000    0.0000         6
   -1,VERB,parataxis     0.4783    0.2821    0.3548        39
        -2,NOUN,nmod     0.2857    0.1304    0.1791        46
         1,NUM,punct     0.5500    0.7097    0.6197        31
         -2,NUM,conj     1.0000    0.0000    0.0000         1
          2,NUM,case     1.0000    0.0000    0.0000         1
       1,PROPN,punct     0.5776    0.6700    0.6204       100
      1,NUM,compound     1.0000    0.0000    0.0000         8
     1,NOUN,goeswith     0.0000    1.0000    0.0000         0
         -2,NUM,nmod     1.0000    0.0000    0.0000         2
         2,NUM,punct     0.9000    0.9000    0.9000        20
         -6,NUM,conj     1.0000    0.0000    0.0000         1
            1,NUM,cc     0.3333    0.3750    0.3529         8
         -7,NUM,conj     1.0000    0.0000    0.0000         1
        -8,NUM,punct     1.0000    0.0000    0.0000         1
  1,FRAME,R-ARGM-MNR     1.0000    0.0000    0.0000         8
       -2,PROPN,conj     0.1429    0.0303    0.0500        33
       -3,PROPN,conj     0.0000    0.0000    0.0000         9
    2,FRAME,ARGM-MNR     0.4444    0.4444    0.4444         9
        -3,NOUN,conj     0.0435    0.0667    0.0526        15
         -1,NUM,conj     0.0000    0.0000    0.0000         8
        -1,NUM,punct     0.0000    0.0000    0.0000        18
     -1,NUM,compound     1.0000    0.0000    0.0000         6
       -4,NOUN,punct     0.0000    0.0000    0.0000        24
   -4,NOUN,acl:relcl     1.0000    0.0000    0.0000         4
   -1,FRAME,ARGM-EXT     0.5714    0.2857    0.3810        14
    -1,NOUN,compound     1.0000    0.0000    0.0000         7
          1,DET,case     1.0000    0.2222    0.3636         9
          2,PROPN,cc     0.5000    0.3125    0.3846        16
         -1,DET,nmod     0.6250    0.3846    0.4762        13
         -3,NUM,conj     1.0000    0.0000    0.0000         1
   1,PROPN,nmod:poss     0.0000    0.0000    0.0000         9
   -3,FRAME,ARGM-TMP     1.0000    0.0000    0.0000         4
       10,FRAME,ARG0     1.0000    0.0000    0.0000         1
       -2,PROPN,case     1.0000    0.2857    0.4444         7
            1,ADJ,cc     0.7411    0.8557    0.7943        97
    -1,ADJ,parataxis     0.2500    0.0625    0.1000        16
    3,FRAME,ARGM-LOC     1.0000    0.0000    0.0000         1
  3,FRAME,R-ARGM-LOC     1.0000    0.0000    0.0000         1
    3,FRAME,ARGM-ADV     1.0000    0.0000    0.0000        12
    2,FRAME,ARGM-MOD     0.8039    0.8367    0.8200        49
    2,FRAME,ARGM-NEG     0.8333    0.4167    0.5556        12
       -5,NOUN,punct     1.0000    0.0000    0.0000        10
   1,NOUN,cc:preconj     1.0000    0.0000    0.0000         3
     -3,PROPN,advmod     1.0000    0.0000    0.0000         1
          1,ADJ,expl     0.0000    0.0000    0.0000         4
     1,VERB,compound     1.0000    0.0000    0.0000         7
         4,NOUN,amod     1.0000    0.0000    0.0000         3
        4,NOUN,punct     1.0000    0.0000    0.0000         5
       -4,FRAME,ARG1     1.0000    0.0000    0.0000         4
   -4,FRAME,ARGM-LOC     1.0000    0.0000    0.0000         1
        -6,ADJ,punct     1.0000    0.0000    0.0000         3
        -3,ADJ,punct     0.0000    0.0000    0.0000        18
         3,VERB,mark     1.0000    0.0000    0.0000         3
         -2,NOUN,acl     1.0000    0.0000    0.0000         8
     1,ADV,obl:npmod     0.7059    0.9231    0.8000        13
         -4,NOUN,acl     1.0000    0.0000    0.0000         2
    2,FRAME,ARGM-PRR     1.0000    0.0000    0.0000         2
   -3,FRAME,ARGM-PRP     1.0000    0.0000    0.0000         2
         -1,ADV,conj     0.3750    0.2500    0.3000        12
        -1,ADV,punct     0.1000    0.0769    0.0870        26
   -4,FRAME,ARGM-PRD     1.0000    0.0000    0.0000         1
       -1,VERB,fixed     1.0000    0.0000    0.0000         5
        1,NUM,advmod     0.2727    0.5000    0.3529        12
           1,ADV,cop     0.4615    0.4615    0.4615        13
    1,FRAME,ARGM-PRP     1.0000    0.0000    0.0000         5
        1,SYM,nummod     1.0000    0.0000    0.0000        10
         -1,SYM,nmod     1.0000    0.0000    0.0000         3
      4,PROPN,advmod     1.0000    0.0000    0.0000         1
      1,PROPN,advmod     0.6667    0.8571    0.7500         7
    3,PROPN,compound     0.0000    0.0000    0.0000        11
         -1,ADJ,nmod     1.0000    0.0000    0.0000         6
   -3,NOUN,parataxis     1.0000    0.0000    0.0000         1
       -1,VERB,advcl     1.0000    0.0000    0.0000         6
      -2,NOUN,advmod     1.0000    0.0000    0.0000         2
       -9,NOUN,punct     1.0000    0.0000    0.0000         1
         2,NOUN,mark     1.0000    0.0000    0.0000         4
        -2,ADV,advcl     1.0000    0.0000    0.0000         3
        -4,ADJ,punct     1.0000    0.0000    0.0000         9
        2,VERB,punct     0.0000    0.0000    0.0000         9
           2,VERB,cc     0.0000    0.0000    0.0000        10
       -1,INTJ,punct     0.8235    0.6667    0.7368        21
          -1,X,punct     0.9091    0.6667    0.7692        30
       -1,VERB,ccomp     1.0000    0.0000    0.0000         3
          1,SYM,case     0.8000    0.3636    0.5000        11
    -1,SYM,nmod:tmod     1.0000    0.0000    0.0000         1
  1,FRAME,R-ARGM-LOC     1.0000    0.0000    0.0000         4
  -1,PROPN,acl:relcl     1.0000    0.0000    0.0000         5
      2,PROPN,advmod     1.0000    0.0000    0.0000         1
      -2,PROPN,appos     0.0444    0.1538    0.0690        13
    1,FRAME,ARGM-PRD     0.5000    0.0909    0.1538        11
     -1,PROPN,nummod     0.4595    0.6071    0.5231        28
    1,NUM,nmod:npmod     1.0000    0.0000    0.0000         2
    4,FRAME,ARGM-TMP     1.0000    0.0000    0.0000         1
        4,FRAME,ARG0     1.0000    0.0000    0.0000         2
         3,NOUN,mark     1.0000    0.0000    0.0000         5
   1,NOUN,det:predet     0.5714    0.8421    0.6809        19
       -3,FRAME,ARG0     1.0000    0.0000    0.0000         1
       -4,PROPN,nmod     1.0000    0.0000    0.0000         1
        7,FRAME,ARG0     1.0000    0.0000    0.0000         1
         -1,PRON,cop     0.7273    0.5333    0.6154        15
          1,PRON,cop     0.1250    0.2500    0.1667         4
       -2,PRON,punct     1.0000    0.0000    0.0000         9
   1,VERB,nsubj:pass     1.0000    0.0000    0.0000         2
        -4,NOUN,conj     1.0000    0.0000    0.0000        11
            1,ADV,cc     0.3529    0.4286    0.3871        14
        -1,PROPN,acl     1.0000    0.0000    0.0000         5
          1,NOUN,aux     1.0000    0.8333    0.9091         6
        -1,ADJ,xcomp     1.0000    0.0000    0.0000         2
         3,ADV,punct     1.0000    0.0000    0.0000         1
        2,ADV,advmod     1.0000    0.0000    0.0000         1
          2,ADV,mark     1.0000    0.0000    0.0000         2
  -5,PROPN,parataxis     1.0000    0.0000    0.0000         2
   -2,FRAME,ARGM-COM     1.0000    0.0000    0.0000         2
      -8,PROPN,punct     1.0000    0.0000    0.0000         3
   2,VERB,csubj:pass     1.0000    0.0000    0.0000         1
   -2,FRAME,ARGM-MNR     1.0000    0.0000    0.0000         8
     -1,FRAME,R-ARG1     1.0000    0.0000    0.0000         1
         1,PROPN,cop     0.5000    0.6471    0.5641        17
       -7,FRAME,ARG1     1.0000    0.0000    0.0000         2
          -2,ADJ,obl     1.0000    0.0000    0.0000         7
   -1,FRAME,ARGM-COM     1.0000    0.0000    0.0000        11
   -3,FRAME,ARGM-DIS     1.0000    0.0000    0.0000         3
     -3,FRAME,C-ARG1     1.0000    0.0000    0.0000         4
      2,FRAME,R-ARG0     0.8000    0.8000    0.8000        10
        -5,VERB,conj     1.0000    0.0000    0.0000         1
       -8,VERB,punct     1.0000    0.0000    0.0000         2
        5,FRAME,ARG1     1.0000    0.0000    0.0000         2
  -2,PROPN,acl:relcl     1.0000    0.0000    0.0000         3
       -1,PROPN,list     0.7778    0.3684    0.5000        19
        6,FRAME,ARG0     1.0000    0.0000    0.0000         1
         -1,VERB,obl     1.0000    0.0000    0.0000         6
       -4,FRAME,ARG2     1.0000    0.0000    0.0000         1
       -4,VERB,advcl     1.0000    0.0000    0.0000         2
        5,VERB,punct     1.0000    0.0000    0.0000         3
        7,FRAME,ARG1     1.0000    0.0000    0.0000         1
        2,PROPN,amod     1.0000    0.0000    0.0000         7
       -3,PROPN,nmod     1.0000    0.0000    0.0000         4
    -1,ADV,acl:relcl     1.0000    0.0000    0.0000         4
    3,FRAME,ARGM-DIS     0.0000    0.0000    0.0000         5
       -2,PROPN,list     0.3333    0.1500    0.2069        40
       -3,PROPN,list     0.3333    0.1000    0.1538        40
      -3,PROPN,punct     0.0000    0.0000    0.0000        45
       -4,PROPN,list     0.1918    0.5185    0.2800        27
      1,ADV,obl:tmod     1.0000    0.0000    0.0000         1
        -3,PROPN,acl     1.0000    0.0000    0.0000         2
  -1,NOUN,nmod:npmod     1.0000    0.0000    0.0000         4
      -5,PROPN,punct     1.0000    0.0000    0.0000        12
       -5,PROPN,list     1.0000    0.0000    0.0000        16
      -6,PROPN,punct     1.0000    0.0000    0.0000         3
    1,FRAME,ARGM-GOL     1.0000    0.0000    0.0000         2
        2,FRAME,ARG2     1.0000    0.0000    0.0000        10
       -3,PROPN,flat     1.0000    0.0000    0.0000         6
    4,FRAME,ARGM-DIS     1.0000    0.0000    0.0000         1
    2,FRAME,ARGM-CAU     1.0000    0.1429    0.2500         7
    1,FRAME,ARGM-CXN     0.0000    0.0000    0.0000         5
          2,AUX,mark     1.0000    0.0000    0.0000         1
           1,AUX,aux     1.0000    0.0000    0.0000         1
 -2,FRAME,C-ARGM-CXN     1.0000    0.0000    0.0000         1
       5,PROPN,punct     1.0000    0.0000    0.0000         1
    4,PROPN,compound     1.0000    0.0000    0.0000         3
       4,PROPN,punct     1.0000    0.0000    0.0000         2
      -7,PROPN,appos     1.0000    0.0000    0.0000         1
       -2,NOUN,appos     1.0000    0.0000    0.0000        10
       -4,PROPN,conj     1.0000    0.0000    0.0000         7
       2,NOUN,advmod     1.0000    0.0000    0.0000         5
      -1,VERB,advmod     0.4286    0.1875    0.2609        16
           1,NUM,det     0.5000    0.1429    0.2222         7
          1,NUM,amod     1.0000    0.0000    0.0000         3
      1,PROPN,nummod     1.0000    0.0000    0.0000         5
      1,ADJ,compound     1.0000    0.0000    0.0000         4
        2,NUM,advmod     1.0000    0.0000    0.0000         2
       -5,PROPN,nmod     1.0000    0.0000    0.0000         1
         2,PROPN,cop     1.0000    0.0000    0.0000         8
        1,DET,advmod     1.0000    0.0000    0.0000         1
       -5,PROPN,conj     1.0000    0.0000    0.0000         4
         2,ADJ,punct     1.0000    0.0000    0.0000         3
          2,ADJ,mark     1.0000    0.0000    0.0000         5
        2,ADJ,advmod     1.0000    0.0000    0.0000         1
          1,ADJ,amod     1.0000    0.0000    0.0000        10
       2,VERB,advmod     1.0000    0.0000    0.0000         1
   2,VERB,reparandum     1.0000    0.0000    0.0000         1
        2,VERB,nsubj     1.0000    0.0000    0.0000         1
        3,PROPN,amod     1.0000    0.0000    0.0000         1
       -3,FRAME,ARG2     1.0000    0.0000    0.0000         5
  2,FRAME,R-ARGM-LOC     1.0000    0.0000    0.0000         2
            2,ADJ,cc     1.0000    0.0000    0.0000         5
  2,FRAME,R-ARGM-ADJ     1.0000    0.0000    0.0000         1
       1,PROPN,nsubj     1.0000    0.0000    0.0000         1
    4,FRAME,ARGM-ADV     1.0000    0.0000    0.0000         5
       -6,FRAME,ARG1     1.0000    0.0000    0.0000         1
       -1,VERB,nsubj     1.0000    0.0000    0.0000         2
          4,NOUN,cop     1.0000    0.0000    0.0000         2
          1,INTJ,cop     1.0000    0.0000    0.0000         1
        1,INTJ,punct     1.0000    0.0000    0.0000         4
   -1,FRAME,ARGM-DIS     0.7143    0.4762    0.5714        21
    3,NOUN,nmod:poss     1.0000    0.0000    0.0000         3
    6,FRAME,ARGM-ADV     1.0000    0.0000    0.0000         3
         1,PRON,mark     1.0000    0.0000    0.0000         2
        1,PRON,punct     1.0000    0.0000    0.0000         1
   -4,FRAME,ARGM-ADV     1.0000    0.0000    0.0000         2
      -1,SCONJ,fixed     1.0000    0.0000    0.0000         7
         -4,ADJ,conj     1.0000    0.0000    0.0000         1
         -2,PRON,acl     1.0000    0.0000    0.0000         1
       -1,PRON,punct     1.0000    0.0000    0.0000        16
           1,SYM,cop     1.0000    0.0000    0.0000         3
       -1,SYM,nummod     0.6190    0.8125    0.7027        32
   -1,SYM,nmod:npmod     1.0000    0.0000    0.0000         1
        -1,SYM,punct     0.0000    0.0000    0.0000         2
     -1,FRAME,C-ARG3     1.0000    0.0000    0.0000         2
     -1,FRAME,C-ARG2     0.3333    0.1429    0.2000         7
          -1,ADV,cop     0.6923    0.6923    0.6923        13
          -1,ADJ,cop     1.0000    0.0000    0.0000         4
    -1,NUM,nmod:tmod     1.0000    0.0000    0.0000         2
         -1,INTJ,obl     1.0000    0.0000    0.0000         2
          1,VERB,obj     1.0000    0.0000    0.0000         1
   -1,FRAME,ARGM-LVB     1.0000    0.0000    0.0000         2
   -2,FRAME,ARGM-DIS     1.0000    0.0000    0.0000         5
   -2,FRAME,ARGM-PRD     1.0000    0.0000    0.0000         2
      -5,PROPN,appos     1.0000    0.0000    0.0000         6
        -1,PRON,conj     1.0000    0.0000    0.0000         6
    -1,INTJ,vocative     1.0000    0.2500    0.4000         4
       -2,FRAME,ARG3     1.0000    0.0000    0.0000         2
         -2,DET,nmod     0.0000    0.0000    0.0000         8
   -1,NOUN,parataxis     0.7500    0.2069    0.3243        29
   -1,NOUN,nmod:tmod     1.0000    0.0000    0.0000         8
  -1,PROPN,parataxis     1.0000    0.0000    0.0000         7
   1,PROPN,discourse     1.0000    0.0000    0.0000         2
   -2,FRAME,ARGM-DIR     1.0000    0.0000    0.0000         5
        1,VERB,advcl     1.0000    0.0000    0.0000         2
         -2,ADV,conj     1.0000    0.0000    0.0000         4
        -2,ADV,punct     1.0000    0.0000    0.0000         6
        4,FRAME,ARG1     1.0000    0.0000    0.0000         7
    3,NOUN,parataxis     1.0000    0.0000    0.0000         1
        -1,ADJ,advcl     0.5000    0.0909    0.1538        11
      -2,VERB,advmod     1.0000    0.0000    0.0000         1
 -1,FRAME,C-ARGM-CXN     1.0000    0.0000    0.0000         4
          -1,SYM,acl     1.0000    0.0000    0.0000         1
            1,SYM,cc     1.0000    0.0000    0.0000         3
         -1,SYM,conj     1.0000    0.0000    0.0000         2
         3,NOUN,amod     1.0000    0.0000    0.0000        15
        -1,VERB,expl     1.0000    0.5000    0.6667         8
           4,NOUN,cc     1.0000    0.0000    0.0000         2
          4,NOUN,det     1.0000    0.0000    0.0000         4
   -3,FRAME,ARGM-LOC     1.0000    0.0000    0.0000         2
   -2,FRAME,ARGM-EXT     1.0000    0.0000    0.0000         1
       -8,PROPN,list     1.0000    0.0000    0.0000        10
       -9,PROPN,list     1.0000    0.0000    0.0000         3
        1,NUM,nummod     0.6667    0.8333    0.7407        24
      -13,PROPN,list     1.0000    0.0000    0.0000         1
        1,NOUN,appos     0.0000    1.0000    0.0000         0
        -1,NUM,appos     1.0000    0.0000    0.0000         9
      3,PROPN,nummod     1.0000    0.0000    0.0000         1
      -15,PROPN,list     1.0000    0.0000    0.0000         1
      -16,PROPN,list     1.0000    0.0000    0.0000         2
      -18,PROPN,list     1.0000    0.0000    0.0000         1
          -1,X,appos     1.0000    0.0000    0.0000         6
        1,X,compound     1.0000    0.0000    0.0000         5
       -1,X,goeswith     0.1111    0.1250    0.1176         8
    -2,NUM,nmod:tmod     1.0000    0.9500    0.9744        20
            1,DET,cc     1.0000    0.0000    0.0000         2
         -1,DET,conj     1.0000    0.0000    0.0000         1
         1,ADV,punct     1.0000    0.0000    0.0000         7
        -1,SYM,appos     0.0000    0.0000    0.0000         1
         -2,SYM,conj     1.0000    0.0000    0.0000         1
      -3,PROPN,appos     1.0000    0.0000    0.0000         6
      -4,PROPN,appos     1.0000    0.0000    0.0000         4
         3,NOUN,case     0.5000    0.0588    0.1053        34
   -3,VERB,parataxis     1.0000    0.0000    0.0000         7
    3,FRAME,ARGM-MNR     1.0000    0.0000    0.0000         1
    -1,VERB,aux:pass     1.0000    0.7500    0.8571         4
      1,ADJ,vocative     1.0000    0.0000    0.0000         1
  -2,PROPN,parataxis     1.0000    0.0000    0.0000         1
        -2,NUM,punct     0.0000    0.0000    0.0000         6
       -1,NUM,advmod     1.0000    0.0000    0.0000         3
      2,PROPN,nummod     0.6667    0.6667    0.6667         3
           1,X,punct     0.9130    0.6176    0.7368        34
        1,ADJ,nummod     1.0000    0.0000    0.0000         2
     1,ADJ,nmod:poss     1.0000    0.0000    0.0000         2
     3,NOUN,compound     1.0000    0.0000    0.0000         6
        1,VERB,nsubj     1.0000    0.0000    0.0000        14
       -6,PROPN,list     1.0000    0.0000    0.0000        11
       -7,PROPN,list     1.0000    0.0000    0.0000         3
          -2,X,punct     1.0000    0.0000    0.0000         2
           -1,X,flat     1.0000    0.0000    0.0000         1
         1,ADJ,nsubj     1.0000    0.0000    0.0000         7
         2,ADV,punct     1.0000    0.0000    0.0000         1
           1,NUM,cop     0.8000    0.3636    0.5000        11
    2,FRAME,ARGM-ADJ     1.0000    0.0000    0.0000         2
           1,SYM,det     1.0000    0.0000    0.0000         2
      1,SYM,compound     1.0000    0.0000    0.0000         1
       -1,FRAME,ARG5     1.0000    0.0000    0.0000         1
       -1,SYM,advmod     1.0000    0.0000    0.0000         1
     -1,SYM,compound     0.0000    0.0000    0.0000         2
            1,X,case     1.0000    0.4000    0.5714         5
        -1,NOUN,list     1.0000    0.0000    0.0000        18
       -2,X,goeswith     1.0000    0.0000    0.0000         3
          -3,X,punct     1.0000    0.0000    0.0000         1
       -3,X,goeswith     1.0000    0.0000    0.0000         1
         -3,X,nummod     1.0000    0.0000    0.0000         1
  -1,PROPN,nmod:tmod     0.0000    0.0000    0.0000         3
   -1,NUM,nmod:npmod     1.0000    0.0000    0.0000         2
          -1,NUM,obl     1.0000    0.0000    0.0000         2
            2,X,case     1.0000    0.0000    0.0000         1
           2,X,punct     1.0000    0.0000    0.0000         1
       -1,PROPN,amod     1.0000    0.0000    0.0000         2
    -2,ADJ,parataxis     1.0000    0.0000    0.0000         6
       -1,ADJ,orphan     1.0000    0.0000    0.0000         1
         -1,VERB,cop     1.0000    0.0000    0.0000         1
        3,NOUN,punct     1.0000    0.0000    0.0000         4
    2,VERB,parataxis     1.0000    0.0000    0.0000         1
       -1,NOUN,advcl     1.0000    0.0000    0.0000         4
   -4,VERB,parataxis     1.0000    0.0000    0.0000         3
   -2,FRAME,ARGM-GOL     1.0000    0.0000    0.0000         2
        -2,PRON,conj     1.0000    0.0000    0.0000         2
   -2,FRAME,ARGM-PRP     1.0000    0.0000    0.0000         8
        -3,NOUN,nmod     1.0000    0.0000    0.0000        14
   1,VERB,cc:preconj     1.0000    0.0000    0.0000         3
         -2,SYM,nmod     1.0000    0.0000    0.0000         1
       -6,NOUN,punct     1.0000    0.0000    0.0000         2
        -2,NOUN,amod     1.0000    0.0000    0.0000         1
     1,NOUN,vocative     1.0000    0.0000    0.0000         1
    3,FRAME,ARGM-TMP     1.0000    0.0000    0.0000         6
       -1,ADV,advmod     1.0000    0.0000    0.0000         2
        -1,ADJ,ccomp     1.0000    0.0000    0.0000         5
          1,ADV,mark     1.0000    0.0000    0.0000         3
         2,PRON,mark     1.0000    0.0000    0.0000         2
        1,PRON,nsubj     1.0000    0.0000    0.0000         1
         -1,PRON,det     1.0000    0.6667    0.8000         3
    3,FRAME,ARGM-PRR     1.0000    0.0000    0.0000         1
   -3,FRAME,ARGM-MOD     1.0000    0.0000    0.0000         1
   -3,FRAME,ARGM-LVB     1.0000    0.0000    0.0000         1
     -1,ADJ,compound     1.0000    0.0000    0.0000         1
    2,FRAME,ARGM-PRD     1.0000    0.0000    0.0000         1
       -1,ADJ,advmod     1.0000    0.0000    0.0000         6
       -1,X,compound     1.0000    0.0000    0.0000         1
   -2,FRAME,ARGM-LVB     1.0000    0.0000    0.0000         2
        7,PROPN,case     1.0000    0.0000    0.0000         1
         7,PROPN,det     1.0000    0.0000    0.0000         1
   -5,FRAME,ARGM-ADV     1.0000    0.0000    0.0000         1
          4,PROPN,cc     1.0000    0.0000    0.0000         1
   4,PROPN,nmod:poss     1.0000    0.0000    0.0000         1
    3,FRAME,ARGM-CAU     1.0000    0.0000    0.0000         2
      2,FRAME,R-ARG2     1.0000    0.0000    0.0000         1
   -1,FRAME,ARGM-MOD     1.0000    0.0000    0.0000         1
   -3,FRAME,ARGM-GOL     1.0000    0.0000    0.0000         2
       3,PROPN,punct     0.0000    0.0000    0.0000         4
          2,NUM,mark     1.0000    0.0000    0.0000         1
           2,NUM,cop     1.0000    0.0000    0.0000         1
          -1,NUM,acl     1.0000    0.0000    0.0000         1
          -1,AUX,obj     1.0000    0.0000    0.0000         1
     -1,AUX,obl:tmod     1.0000    0.0000    0.0000         1
        -1,AUX,advcl     1.0000    0.0000    0.0000         2
        -1,AUX,punct     1.0000    0.0000    0.0000         2
  5,FRAME,R-ARGM-ADV     1.0000    0.0000    0.0000         1
        -4,NOUN,nmod     1.0000    0.0000    0.0000         2
        2,NUM,nummod     1.0000    0.0000    0.0000         3
  3,FRAME,R-ARGM-DIR     1.0000    0.0000    0.0000         1
   1,VERB,reparandum     1.0000    0.0000    0.0000         1
    1,FRAME,ARGM-CAU     1.0000    0.0000    0.0000         8
   -5,FRAME,ARGM-PRP     1.0000    0.0000    0.0000         1
        3,FRAME,ARG2     1.0000    0.0000    0.0000         1
   -3,PRON,acl:relcl     1.0000    0.0000    0.0000         3
   -2,NOUN,nmod:tmod     1.0000    0.0000    0.0000         1
        -3,NOUN,list     1.0000    0.0000    0.0000        15
        -4,NOUN,list     1.0000    0.0000    0.0000        21
        -2,NOUN,list     1.0000    0.0000    0.0000        11
        1,NOUN,nsubj     1.0000    0.0000    0.0000         5
     1,ADJ,obl:npmod     0.3333    0.1250    0.1818         8
       1,PRON,advmod     0.6667    0.4444    0.5333         9
           1,PRON,cc     0.5714    0.4444    0.5000         9
        -6,NOUN,conj     1.0000    0.0000    0.0000         2
        -8,NOUN,conj     1.0000    0.0000    0.0000         3
    -3,ADJ,parataxis     1.0000    0.0000    0.0000         1
     -1,FRAME,C-ARG0     1.0000    0.0000    0.0000         2
   -1,X,flat:foreign     1.0000    0.0000    0.0000         2
   -2,X,flat:foreign     1.0000    0.0000    0.0000         2
   -3,X,flat:foreign     1.0000    0.0000    0.0000         2
   -4,X,flat:foreign     1.0000    0.0000    0.0000         1
   -1,VERB,discourse     0.5000    0.4000    0.4444         5
   1,NOUN,nmod:npmod     1.0000    0.0000    0.0000         1
  1,PROPN,reparandum     1.0000    0.0000    0.0000         1
   -2,VERB,discourse     1.0000    0.0000    0.0000         3
        -1,ADP,advcl     1.0000    0.0000    0.0000         1
       -1,PRON,appos     1.0000    0.0000    0.0000         2
        -5,NOUN,conj     1.0000    0.0000    0.0000         5
        -7,NOUN,conj     1.0000    0.0000    0.0000         3
    -2,NUM,parataxis     1.0000    0.0000    0.0000         3
           3,VERB,cc     1.0000    0.0000    0.0000         2
        -1,PRON,case     1.0000    0.0000    0.0000         2
    -1,ADV,discourse     1.0000    0.0000    0.0000         1
        -1,ADV,appos     1.0000    0.0000    0.0000         1
          1,VERB,obl     1.0000    0.0000    0.0000         1
         -5,ADJ,conj     1.0000    0.0000    0.0000         1
         -3,ADJ,conj     1.0000    0.0000    0.0000         4
          -4,ADJ,obl     1.0000    0.0000    0.0000         1
      -1,PROPN,xcomp     1.0000    0.0000    0.0000         1
         -1,NOUN,obl     1.0000    0.0000    0.0000         2
    1,FRAME,ARGM-PRR     1.0000    0.0000    0.0000         1
         -3,NOUN,acl     1.0000    0.0000    0.0000         3
       -8,NOUN,punct     1.0000    0.0000    0.0000         1
       -4,NOUN,appos     1.0000    0.0000    0.0000         1
       1,PUNCT,punct     1.0000    0.0000    0.0000         1
      -1,PUNCT,punct     1.0000    0.0000    0.0000         1
         -1,PRON,acl     1.0000    0.0000    0.0000         2
   2,NOUN,cc:preconj     1.0000    0.0000    0.0000         1
  -1,PRON,cc:preconj     1.0000    0.0000    0.0000         1
        -1,AUX,xcomp     1.0000    0.0000    0.0000         1
         -2,AUX,conj     1.0000    0.0000    0.0000         2
      -1,X,parataxis     1.0000    0.0000    0.0000         1
    2,NOUN,discourse     1.0000    0.0000    0.0000         2
    9,FRAME,ARGM-ADV     1.0000    0.0000    0.0000         1
        -3,NOUN,amod     1.0000    0.0000    0.0000         1
            1,ADP,cc     1.0000    0.0000    0.0000         4
         -1,ADP,conj     1.0000    0.0000    0.0000         4
          1,SYM,amod     1.0000    0.0000    0.0000         1
       -7,PROPN,conj     1.0000    0.0000    0.0000         1
        2,X,compound     1.0000    0.0000    0.0000         1
           -1,X,list     1.0000    0.0000    0.0000         2
           -2,X,list     1.0000    0.0000    0.0000         4
      -7,PROPN,punct     1.0000    0.0000    0.0000         1
           -1,X,conj     1.0000    0.0000    0.0000         2
    1,VERB,discourse     1.0000    0.0000    0.0000         2
     1,VERB,vocative     1.0000    0.0000    0.0000         2
     1,ADV,discourse     1.0000    0.0000    0.0000         1
       -3,NOUN,appos     1.0000    0.0000    0.0000         1
       -2,FRAME,ARG4     1.0000    0.0000    0.0000         1
        -2,ADV,fixed     1.0000    0.0000    0.0000         1
         5,NOUN,mark     1.0000    0.0000    0.0000         1
        5,NOUN,punct     1.0000    0.0000    0.0000         3
    1,FRAME,ARG1-DSP     1.0000    0.0000    0.0000         4
    1,NOUN,parataxis     1.0000    0.0000    0.0000         1
 -2,FRAME,C-ARG1-DSP     1.0000    0.0000    0.0000         1
        2,PRON,punct     1.0000    0.0000    0.0000         1
         -1,X,advmod     1.0000    0.0000    0.0000         1
      -1,X,acl:relcl     1.0000    0.0000    0.0000         1
       -5,FRAME,ARG1     1.0000    0.0000    0.0000         1
    2,NOUN,parataxis     1.0000    0.0000    0.0000         1
           3,NOUN,cc     1.0000    0.0000    0.0000         4
        -1,ADV,advcl     0.0000    0.0000    0.0000         2
   -3,FRAME,ARGM-CAU     1.0000    0.0000    0.0000         3
        -5,NOUN,nmod     1.0000    0.0000    0.0000         1
  -1,PROPN,discourse     1.0000    0.0000    0.0000         1
        -2,FRAME,C-V     1.0000    0.0000    0.0000         1
    -1,ADV,obl:npmod     1.0000    0.0000    0.0000         1
          1,NUM,mark     1.0000    0.0000    0.0000         2
   -1,PRON,discourse     1.0000    0.0000    0.0000         2
   -1,PROPN,compound     1.0000    0.0000    0.0000         1
   -1,PRON,parataxis     1.0000    0.0000    0.0000         3
     1,SYM,parataxis     1.0000    0.0000    0.0000         1
        -2,SYM,punct     1.0000    0.0000    0.0000         1
  -3,PROPN,parataxis     1.0000    0.0000    0.0000         1
          1,AUX,expl     1.0000    0.0000    0.0000         2
            1,AUX,cc     1.0000    0.0000    0.0000         1
        -2,AUX,punct     1.0000    0.0000    0.0000         3
         2,NOUN,expl     1.0000    0.0000    0.0000         1
    1,VERB,obl:npmod     1.0000    0.0000    0.0000         1
   -1,NOUN,discourse     1.0000    0.0000    0.0000         4
              1,X,cc     1.0000    0.0000    0.0000         1
           -2,X,conj     1.0000    0.0000    0.0000         1
         1,NOUN,nmod     1.0000    0.0000    0.0000         3
   -3,NOUN,acl:relcl     1.0000    0.0000    0.0000         1
        -1,PROPN,cop     1.0000    0.0000    0.0000         1
   -2,NOUN,parataxis     1.0000    0.0000    0.0000         2
    -1,DET,discourse     1.0000    0.0000    0.0000         1
           2,ADV,aux     1.0000    0.0000    0.0000         1
   -1,FRAME,ARGM-CXN     1.0000    0.0000    0.0000         7
          1,CCONJ,cc     1.0000    0.0000    0.0000         1
       1,CCONJ,punct     1.0000    0.0000    0.0000         1
         1,ADV,nsubj     1.0000    0.0000    0.0000         1
           1,ADV,aux     1.0000    0.0000    0.0000         1
          -1,ADJ,obj     1.0000    0.0000    0.0000         2
            3,ADV,cc     1.0000    0.0000    0.0000         1
            2,ADV,cc     1.0000    0.0000    0.0000         1
           2,ADV,cop     1.0000    0.0000    0.0000         1
  -3,PROPN,discourse     1.0000    0.0000    0.0000         1
           1,INTJ,cc     1.0000    0.0000    0.0000         1
           1,ADJ,obl     1.0000    0.0000    0.0000         1
          2,DET,case     1.0000    0.0000    0.0000         2
    1,DET,det:predet     1.0000    0.0000    0.0000         1
          -1,ADJ,acl     1.0000    0.0000    0.0000         1
    1,DET,nmod:npmod     1.0000    0.0000    0.0000         1
         1,PROPN,dep     1.0000    0.0000    0.0000         1
          2,PRON,cop     1.0000    0.0000    0.0000         1
     2,ADJ,discourse     1.0000    0.0000    0.0000         1
         1,ADJ,advcl     1.0000    0.0000    0.0000         1
    -2,ADJ,discourse     1.0000    0.0000    0.0000         1
        -6,VERB,conj     1.0000    0.0000    0.0000         1
        -8,VERB,conj     1.0000    0.0000    0.0000         1
        -3,PRON,conj     1.0000    0.0000    0.0000         1
         1,NUM,advcl     1.0000    0.0000    0.0000         1
 -1,FRAME,C-ARGM-LOC     1.0000    0.0000    0.0000         1
    -1,ADJ,discourse     1.0000    0.0000    0.0000         4
       -6,PROPN,conj     1.0000    0.0000    0.0000         1
    -1,NUM,acl:relcl     1.0000    0.0000    0.0000         1
           1,ADJ,obj     1.0000    0.0000    0.0000         1
          -3,ADJ,obl     1.0000    0.0000    0.0000         1
        1,FRAME,ARGA     1.0000    0.0000    0.0000         2
    -1,DET,acl:relcl     1.0000    0.0000    0.0000         3
         1,DET,punct     1.0000    0.0000    0.0000         2
           1,DET,cop     1.0000    0.0000    0.0000         1
        -1,DET,punct     1.0000    0.0000    0.0000         3
   -2,PROPN,compound     1.0000    0.0000    0.0000         2
        -4,NOUN,amod     1.0000    0.0000    0.0000         1
   -4,NOUN,parataxis     1.0000    0.0000    0.0000         1
   -7,NOUN,parataxis     1.0000    0.0000    0.0000         1
        2,PROPN,nmod     1.0000    0.0000    0.0000         1
           1,ADV,det     1.0000    0.0000    0.0000         2
    1,NOUN,discourse     1.0000    0.0000    0.0000         1
         -2,PRON,cop     1.0000    0.0000    0.0000         1
       1,PART,advmod     1.0000    0.0000    0.0000         1
    4,FRAME,ARGM-CAU     1.0000    0.0000    0.0000         1
   -6,VERB,parataxis     1.0000    0.0000    0.0000         1
      1,ADP,goeswith     1.0000    0.0000    0.0000         1
       -9,VERB,punct     1.0000    0.0000    0.0000         1
      -1,PRON,advmod     1.0000    0.0000    0.0000         2
    -1,VERB,compound     1.0000    0.0000    0.0000         3
    3,FRAME,ARGM-MOD     1.0000    0.0000    0.0000         3
       -2,VERB,advcl     1.0000    0.0000    0.0000         1
      3,FRAME,R-ARG1     1.0000    0.0000    0.0000         1
         3,PROPN,cop     1.0000    0.0000    0.0000         1
        -1,ADV,xcomp     1.0000    0.0000    0.0000         1
           5,VERB,cc     1.0000    0.0000    0.0000         1
        3,VERB,advcl     1.0000    0.0000    0.0000         1
   2,PROPN,nmod:poss     1.0000    0.0000    0.0000         2
       -3,FRAME,ARG3     1.0000    0.0000    0.0000         1
         1,ADV,advcl     1.0000    0.0000    0.0000         1
        -3,ADV,punct     1.0000    0.0000    0.0000         1
   2,NOUN,det:predet     1.0000    0.0000    0.0000         1
    -2,ADV,parataxis     1.0000    0.0000    0.0000         1
        -4,ADV,punct     1.0000    0.0000    0.0000         1
         1,AUX,punct     1.0000    0.0000    0.0000         2
        1,AUX,advmod     1.0000    0.0000    0.0000         1
         1,AUX,advcl     1.0000    0.0000    0.0000         1
         1,AUX,nsubj     1.0000    0.0000    0.0000         2
   -3,VERB,discourse     1.0000    0.0000    0.0000         3
    -1,ADV,parataxis     1.0000    0.0000    0.0000         2
        -9,NOUN,conj     1.0000    0.0000    0.0000         1
       -10,NOUN,conj     1.0000    0.0000    0.0000         2
       3,NOUN,nummod     1.0000    0.0000    0.0000         1
       -13,NOUN,conj     1.0000    0.0000    0.0000         2
       -15,NOUN,nmod     1.0000    0.0000    0.0000         1
   -2,NOUN,discourse     1.0000    0.0000    0.0000         1
        2,FRAME,ARG3     1.0000    0.0000    0.0000         1
   -1,INTJ,discourse     1.0000    0.0000    0.0000         1
   -2,INTJ,discourse     1.0000    0.0000    0.0000         1
       -3,INTJ,punct     1.0000    0.0000    0.0000         1
          1,ADV,amod     1.0000    0.0000    0.0000         3
        1,PROPN,mark     1.0000    0.0000    0.0000         1
       4,NOUN,nummod     1.0000    0.0000    0.0000         1
       -4,PROPN,flat     1.0000    0.0000    0.0000         1
          1,NUM,list     1.0000    0.0000    0.0000         1
   -1,PROPN,vocative     1.0000    0.0000    0.0000         1
        -1,VERB,list     1.0000    0.0000    0.0000         1
           1,PART,cc     1.0000    0.0000    0.0000         3
      -14,NOUN,punct     1.0000    0.0000    0.0000         1
     -1,PROPN,advmod     1.0000    0.0000    0.0000         1
       -1,PRON,xcomp     1.0000    0.0000    0.0000         1
         1,PART,mark     1.0000    0.0000    0.0000         1
        -2,ADV,ccomp     1.0000    0.0000    0.0000         1
       -2,DET,advmod     1.0000    0.0000    0.0000         1
           1,ADP,aux     1.0000    0.0000    0.0000         2
           1,ADP,cop     1.0000    0.0000    0.0000         2
   -2,PRON,parataxis     1.0000    0.0000    0.0000         1
           1,ADV,obl     1.0000    0.0000    0.0000         1
          -3,ADV,obl     1.0000    0.0000    0.0000         1
          2,ADJ,case     1.0000    0.0000    0.0000         1
       -1,VERB,appos     1.0000    0.0000    0.0000         1
    1,FRAME,ARGM-DIR     1.0000    0.0000    0.0000         2
    -1,NUM,parataxis     1.0000    0.0000    0.0000         1
      1,ADJ,goeswith     1.0000    0.0000    0.0000         2
        2,PROPN,mark     1.0000    0.0000    0.0000         2
       -1,PART,punct     1.0000    0.0000    0.0000         2
        1,SYM,advmod     1.0000    0.0000    0.0000         1
        5,NOUN,nsubj     1.0000    0.0000    0.0000         1
      1,ADJ,aux:pass     1.0000    0.0000    0.0000         1
         1,INTJ,amod     1.0000    0.0000    0.0000         1
       -2,INTJ,punct     1.0000    0.0000    0.0000         1
        -5,ADJ,punct     1.0000    0.0000    0.0000         1
       -1,NOUN,csubj     1.0000    0.0000    0.0000         1
          3,NOUN,cop     1.0000    0.0000    0.0000         1
        1,PART,punct     1.0000    0.0000    0.0000         1
         -1,AUX,conj     1.0000    0.0000    0.0000         1
         -1,ADJ,expl     1.0000    0.0000    0.0000         1
         -1,NOUN,cop     1.0000    0.0000    0.0000         1
          1,AUX,mark     1.0000    0.0000    0.0000         1
     1,ADJ,discourse     1.0000    0.0000    0.0000         1

            accuracy                         0.6874     25096
           macro avg     0.8490    0.1372    0.1324     25096
        weighted avg     0.7158    0.6874    0.6589     25096

2021-10-06 17:48:47,734 ----------------------------------------------------------------------------------------------------
