2021-06-29 15:12:21,985 ----------------------------------------------------------------------------------------------------
2021-06-29 15:12:21,985 Model: "SequenceTagger(
  (embeddings): StackedEmbeddings(
    (list_embedding_0): ELMoEmbeddings(model=0-elmo-original-all)
  )
  (dropout): Dropout(p=0.5, inplace=False)
  (word_dropout): WordDropout(p=0.05)
  (locked_dropout): LockedDropout(p=0.5)
  (embedding2nn): Linear(in_features=3072, out_features=1024, bias=True)
  (rnn): LSTM(1024, 1024, batch_first=True, bidirectional=True)
  (linear): Linear(in_features=2048, out_features=1562, bias=True)
  (beta): 1.0
  (weights): None
  (weight_tensor) None
)"
2021-06-29 15:12:21,985 ----------------------------------------------------------------------------------------------------
2021-06-29 15:12:21,985 Corpus: "Corpus: 12543 train + 2002 dev + 2077 test sentences"
2021-06-29 15:12:21,985 ----------------------------------------------------------------------------------------------------
2021-06-29 15:12:21,985 Parameters:
2021-06-29 15:12:21,985  - learning_rate: "0.01"
2021-06-29 15:12:21,985  - mini_batch_size: "32"
2021-06-29 15:12:21,985  - patience: "3"
2021-06-29 15:12:21,985  - anneal_factor: "0.5"
2021-06-29 15:12:21,985  - max_epochs: "150"
2021-06-29 15:12:21,985  - shuffle: "True"
2021-06-29 15:12:21,985  - train_with_dev: "False"
2021-06-29 15:12:21,985  - batch_growth_annealing: "False"
2021-06-29 15:12:21,985 ----------------------------------------------------------------------------------------------------
2021-06-29 15:12:21,985 Model training base path: "modelout"
2021-06-29 15:12:21,985 ----------------------------------------------------------------------------------------------------
2021-06-29 15:12:21,985 Device: cuda:0
2021-06-29 15:12:21,985 ----------------------------------------------------------------------------------------------------
2021-06-29 15:12:21,985 Embeddings storage mode: gpu
2021-06-29 15:12:21,988 ----------------------------------------------------------------------------------------------------
