2021-10-01 12:20:15,157 ----------------------------------------------------------------------------------------------------
2021-10-01 12:20:15,157 Model: "SequenceTagger(
  (embeddings): StackedEmbeddings(
    (list_embedding_0): ELMoEmbeddings(model=0-0-0-0-0-0-elmo-original-all)
  )
  (word_dropout): WordDropout(p=0.05)
  (embedding2nn): Linear(in_features=3072, out_features=3072, bias=True)
  (rnn): LSTM(3072, 512, batch_first=True, bidirectional=True)
  (linear): Linear(in_features=1024, out_features=551, bias=True)
  (beta): 1.0
  (weights): None
  (weight_tensor) None
)"
2021-10-01 12:20:15,157 ----------------------------------------------------------------------------------------------------
2021-10-01 12:20:15,157 Corpus: "Corpus: 2508 train + 2002 dev + 2077 test sentences"
2021-10-01 12:20:15,157 ----------------------------------------------------------------------------------------------------
2021-10-01 12:20:15,157 Parameters:
2021-10-01 12:20:15,157  - learning_rate: "0.001"
2021-10-01 12:20:15,157  - mini_batch_size: "32"
2021-10-01 12:20:15,157  - patience: "3"
2021-10-01 12:20:15,157  - anneal_factor: "0.5"
2021-10-01 12:20:15,157  - max_epochs: "120"
2021-10-01 12:20:15,157  - shuffle: "True"
2021-10-01 12:20:15,157  - train_with_dev: "False"
2021-10-01 12:20:15,157  - batch_growth_annealing: "False"
2021-10-01 12:20:15,157 ----------------------------------------------------------------------------------------------------
2021-10-01 12:20:15,157 Model training base path: "model/flattened/upos/goldpos/goldframes/0.001-512-1-0-0-0-0-0-0-0-0-elmo-original-all-2b1ce"
2021-10-01 12:20:15,158 ----------------------------------------------------------------------------------------------------
2021-10-01 12:20:15,158 Device: cuda:1
2021-10-01 12:20:15,158 ----------------------------------------------------------------------------------------------------
2021-10-01 12:20:15,158 Embeddings storage mode: gpu
2021-10-01 12:20:15,178 ----------------------------------------------------------------------------------------------------
2021-10-01 12:20:16,688 epoch 1 - iter 7/79 - loss 6.32960933 - samples/sec: 148.41 - lr: 0.001000
2021-10-01 12:20:18,260 epoch 1 - iter 14/79 - loss 6.31815914 - samples/sec: 142.61 - lr: 0.001000
2021-10-01 12:20:19,812 epoch 1 - iter 21/79 - loss 6.31199864 - samples/sec: 144.32 - lr: 0.001000
2021-10-01 12:20:21,351 epoch 1 - iter 28/79 - loss 6.30632816 - samples/sec: 145.65 - lr: 0.001000
2021-10-01 12:20:23,388 epoch 1 - iter 35/79 - loss 6.30304928 - samples/sec: 109.99 - lr: 0.001000
2021-10-01 12:20:24,995 epoch 1 - iter 42/79 - loss 6.29847364 - samples/sec: 139.43 - lr: 0.001000
2021-10-01 12:20:26,448 epoch 1 - iter 49/79 - loss 6.29332351 - samples/sec: 154.27 - lr: 0.001000
2021-10-01 12:20:27,551 epoch 1 - iter 56/79 - loss 6.29129856 - samples/sec: 203.04 - lr: 0.001000
2021-10-01 12:20:28,587 epoch 1 - iter 63/79 - loss 6.28807287 - samples/sec: 216.38 - lr: 0.001000
2021-10-01 12:20:29,541 epoch 1 - iter 70/79 - loss 6.28493654 - samples/sec: 234.91 - lr: 0.001000
2021-10-01 12:20:30,383 epoch 1 - iter 77/79 - loss 6.28067467 - samples/sec: 266.11 - lr: 0.001000
2021-10-01 12:20:30,629 ----------------------------------------------------------------------------------------------------
2021-10-01 12:20:30,629 EPOCH 1 done: loss 6.2797 - lr 0.0010000
2021-10-01 12:20:39,830 DEV : loss 6.2369608879089355 - score 0.0889
2021-10-01 12:20:39,840 BAD EPOCHS (no improvement): 0
2021-10-01 12:20:43,532 ----------------------------------------------------------------------------------------------------
2021-10-01 12:20:43,760 epoch 2 - iter 7/79 - loss 6.22669356 - samples/sec: 987.98 - lr: 0.001000
2021-10-01 12:20:43,958 epoch 2 - iter 14/79 - loss 6.22409398 - samples/sec: 1129.83 - lr: 0.001000
2021-10-01 12:20:44,159 epoch 2 - iter 21/79 - loss 6.22069870 - samples/sec: 1116.29 - lr: 0.001000
2021-10-01 12:20:44,369 epoch 2 - iter 28/79 - loss 6.21604887 - samples/sec: 1069.72 - lr: 0.001000
2021-10-01 12:20:44,570 epoch 2 - iter 35/79 - loss 6.21169586 - samples/sec: 1119.60 - lr: 0.001000
2021-10-01 12:20:44,775 epoch 2 - iter 42/79 - loss 6.20731353 - samples/sec: 1093.95 - lr: 0.001000
2021-10-01 12:20:44,985 epoch 2 - iter 49/79 - loss 6.20307609 - samples/sec: 1066.67 - lr: 0.001000
2021-10-01 12:20:45,200 epoch 2 - iter 56/79 - loss 6.20005472 - samples/sec: 1043.52 - lr: 0.001000
2021-10-01 12:20:45,392 epoch 2 - iter 63/79 - loss 6.19534396 - samples/sec: 1171.26 - lr: 0.001000
2021-10-01 12:20:45,601 epoch 2 - iter 70/79 - loss 6.19111052 - samples/sec: 1073.86 - lr: 0.001000
2021-10-01 12:20:45,810 epoch 2 - iter 77/79 - loss 6.18666598 - samples/sec: 1072.91 - lr: 0.001000
2021-10-01 12:20:45,854 ----------------------------------------------------------------------------------------------------
2021-10-01 12:20:45,854 EPOCH 2 done: loss 6.1854 - lr 0.0010000
2021-10-01 12:20:47,428 DEV : loss 6.1379313468933105 - score 0.1561
2021-10-01 12:20:47,438 BAD EPOCHS (no improvement): 0
2021-10-01 12:20:50,528 ----------------------------------------------------------------------------------------------------
2021-10-01 12:20:50,738 epoch 3 - iter 7/79 - loss 6.13121169 - samples/sec: 1072.10 - lr: 0.001000
2021-10-01 12:20:50,950 epoch 3 - iter 14/79 - loss 6.13088332 - samples/sec: 1055.46 - lr: 0.001000
2021-10-01 12:20:51,152 epoch 3 - iter 21/79 - loss 6.12691745 - samples/sec: 1111.55 - lr: 0.001000
2021-10-01 12:20:51,366 epoch 3 - iter 28/79 - loss 6.12048299 - samples/sec: 1050.54 - lr: 0.001000
2021-10-01 12:20:51,575 epoch 3 - iter 35/79 - loss 6.11461728 - samples/sec: 1075.54 - lr: 0.001000
2021-10-01 12:20:51,770 epoch 3 - iter 42/79 - loss 6.11301134 - samples/sec: 1150.04 - lr: 0.001000
2021-10-01 12:20:51,986 epoch 3 - iter 49/79 - loss 6.10744569 - samples/sec: 1038.19 - lr: 0.001000
2021-10-01 12:20:52,188 epoch 3 - iter 56/79 - loss 6.10234716 - samples/sec: 1107.65 - lr: 0.001000
2021-10-01 12:20:52,386 epoch 3 - iter 63/79 - loss 6.09700249 - samples/sec: 1136.25 - lr: 0.001000
2021-10-01 12:20:52,585 epoch 3 - iter 70/79 - loss 6.09212593 - samples/sec: 1125.94 - lr: 0.001000
2021-10-01 12:20:52,781 epoch 3 - iter 77/79 - loss 6.08623961 - samples/sec: 1144.44 - lr: 0.001000
2021-10-01 12:20:52,824 ----------------------------------------------------------------------------------------------------
2021-10-01 12:20:52,824 EPOCH 3 done: loss 6.0839 - lr 0.0010000
2021-10-01 12:20:54,244 DEV : loss 6.030169486999512 - score 0.1633
2021-10-01 12:20:54,253 BAD EPOCHS (no improvement): 0
2021-10-01 12:20:58,258 ----------------------------------------------------------------------------------------------------
2021-10-01 12:20:58,479 epoch 4 - iter 7/79 - loss 6.02467224 - samples/sec: 1013.54 - lr: 0.001000
2021-10-01 12:20:58,679 epoch 4 - iter 14/79 - loss 6.01988874 - samples/sec: 1125.24 - lr: 0.001000
2021-10-01 12:20:58,876 epoch 4 - iter 21/79 - loss 6.01376806 - samples/sec: 1138.85 - lr: 0.001000
2021-10-01 12:20:59,082 epoch 4 - iter 28/79 - loss 6.00804547 - samples/sec: 1087.67 - lr: 0.001000
2021-10-01 12:20:59,283 epoch 4 - iter 35/79 - loss 5.99986309 - samples/sec: 1119.98 - lr: 0.001000
2021-10-01 12:20:59,485 epoch 4 - iter 42/79 - loss 5.99566823 - samples/sec: 1107.16 - lr: 0.001000
2021-10-01 12:20:59,690 epoch 4 - iter 49/79 - loss 5.99335912 - samples/sec: 1095.75 - lr: 0.001000
2021-10-01 12:20:59,894 epoch 4 - iter 56/79 - loss 5.98946075 - samples/sec: 1100.24 - lr: 0.001000
2021-10-01 12:21:00,110 epoch 4 - iter 63/79 - loss 5.98483400 - samples/sec: 1038.04 - lr: 0.001000
2021-10-01 12:21:00,307 epoch 4 - iter 70/79 - loss 5.98048143 - samples/sec: 1140.84 - lr: 0.001000
2021-10-01 12:21:00,506 epoch 4 - iter 77/79 - loss 5.97721446 - samples/sec: 1130.26 - lr: 0.001000
2021-10-01 12:21:00,548 ----------------------------------------------------------------------------------------------------
2021-10-01 12:21:00,548 EPOCH 4 done: loss 5.9756 - lr 0.0010000
2021-10-01 12:21:01,999 DEV : loss 5.910364151000977 - score 0.1653
2021-10-01 12:21:02,013 BAD EPOCHS (no improvement): 0
2021-10-01 12:21:06,279 ----------------------------------------------------------------------------------------------------
2021-10-01 12:21:06,507 epoch 5 - iter 7/79 - loss 5.93370771 - samples/sec: 989.88 - lr: 0.001000
2021-10-01 12:21:06,719 epoch 5 - iter 14/79 - loss 5.90400716 - samples/sec: 1055.61 - lr: 0.001000
2021-10-01 12:21:06,929 epoch 5 - iter 21/79 - loss 5.89376161 - samples/sec: 1071.08 - lr: 0.001000
2021-10-01 12:21:07,136 epoch 5 - iter 28/79 - loss 5.89360326 - samples/sec: 1086.60 - lr: 0.001000
2021-10-01 12:21:07,337 epoch 5 - iter 35/79 - loss 5.88541719 - samples/sec: 1114.25 - lr: 0.001000
2021-10-01 12:21:07,543 epoch 5 - iter 42/79 - loss 5.88021575 - samples/sec: 1089.65 - lr: 0.001000
2021-10-01 12:21:07,752 epoch 5 - iter 49/79 - loss 5.87659443 - samples/sec: 1074.54 - lr: 0.001000
2021-10-01 12:21:07,959 epoch 5 - iter 56/79 - loss 5.87140018 - samples/sec: 1083.28 - lr: 0.001000
2021-10-01 12:21:08,169 epoch 5 - iter 63/79 - loss 5.86510984 - samples/sec: 1068.45 - lr: 0.001000
2021-10-01 12:21:08,384 epoch 5 - iter 70/79 - loss 5.85916625 - samples/sec: 1046.79 - lr: 0.001000
2021-10-01 12:21:08,579 epoch 5 - iter 77/79 - loss 5.85344832 - samples/sec: 1148.82 - lr: 0.001000
2021-10-01 12:21:08,624 ----------------------------------------------------------------------------------------------------
2021-10-01 12:21:08,624 EPOCH 5 done: loss 5.8514 - lr 0.0010000
2021-10-01 12:21:10,055 DEV : loss 5.773561000823975 - score 0.1636
2021-10-01 12:21:10,066 BAD EPOCHS (no improvement): 1
2021-10-01 12:21:10,067 ----------------------------------------------------------------------------------------------------
2021-10-01 12:21:10,272 epoch 6 - iter 7/79 - loss 5.76574257 - samples/sec: 1095.74 - lr: 0.001000
2021-10-01 12:21:10,479 epoch 6 - iter 14/79 - loss 5.76685296 - samples/sec: 1086.53 - lr: 0.001000
2021-10-01 12:21:10,683 epoch 6 - iter 21/79 - loss 5.76722370 - samples/sec: 1099.22 - lr: 0.001000
2021-10-01 12:21:10,902 epoch 6 - iter 28/79 - loss 5.75664297 - samples/sec: 1023.28 - lr: 0.001000
2021-10-01 12:21:11,101 epoch 6 - iter 35/79 - loss 5.74695203 - samples/sec: 1126.50 - lr: 0.001000
2021-10-01 12:21:11,301 epoch 6 - iter 42/79 - loss 5.74388054 - samples/sec: 1126.27 - lr: 0.001000
2021-10-01 12:21:11,506 epoch 6 - iter 49/79 - loss 5.73683331 - samples/sec: 1092.13 - lr: 0.001000
2021-10-01 12:21:11,710 epoch 6 - iter 56/79 - loss 5.73044429 - samples/sec: 1102.45 - lr: 0.001000
2021-10-01 12:21:11,908 epoch 6 - iter 63/79 - loss 5.72574466 - samples/sec: 1134.05 - lr: 0.001000
2021-10-01 12:21:12,103 epoch 6 - iter 70/79 - loss 5.71959301 - samples/sec: 1149.58 - lr: 0.001000
2021-10-01 12:21:12,300 epoch 6 - iter 77/79 - loss 5.71161159 - samples/sec: 1139.68 - lr: 0.001000
2021-10-01 12:21:12,355 ----------------------------------------------------------------------------------------------------
2021-10-01 12:21:12,355 EPOCH 6 done: loss 5.7099 - lr 0.0010000
2021-10-01 12:21:13,808 DEV : loss 5.615974426269531 - score 0.1579
2021-10-01 12:21:13,817 BAD EPOCHS (no improvement): 2
2021-10-01 12:21:13,819 ----------------------------------------------------------------------------------------------------
2021-10-01 12:21:14,020 epoch 7 - iter 7/79 - loss 5.60886097 - samples/sec: 1118.38 - lr: 0.001000
2021-10-01 12:21:14,224 epoch 7 - iter 14/79 - loss 5.60471061 - samples/sec: 1101.82 - lr: 0.001000
2021-10-01 12:21:14,419 epoch 7 - iter 21/79 - loss 5.59983031 - samples/sec: 1148.71 - lr: 0.001000
2021-10-01 12:21:14,633 epoch 7 - iter 28/79 - loss 5.59708159 - samples/sec: 1046.27 - lr: 0.001000
2021-10-01 12:21:14,848 epoch 7 - iter 35/79 - loss 5.58819222 - samples/sec: 1043.79 - lr: 0.001000
2021-10-01 12:21:15,062 epoch 7 - iter 42/79 - loss 5.58061753 - samples/sec: 1050.42 - lr: 0.001000
2021-10-01 12:21:15,254 epoch 7 - iter 49/79 - loss 5.57564998 - samples/sec: 1166.36 - lr: 0.001000
2021-10-01 12:21:15,452 epoch 7 - iter 56/79 - loss 5.56682473 - samples/sec: 1136.94 - lr: 0.001000
2021-10-01 12:21:15,655 epoch 7 - iter 63/79 - loss 5.55928697 - samples/sec: 1102.35 - lr: 0.001000
2021-10-01 12:21:15,859 epoch 7 - iter 70/79 - loss 5.55251978 - samples/sec: 1103.91 - lr: 0.001000
2021-10-01 12:21:16,057 epoch 7 - iter 77/79 - loss 5.54636298 - samples/sec: 1133.07 - lr: 0.001000
2021-10-01 12:21:16,103 ----------------------------------------------------------------------------------------------------
2021-10-01 12:21:16,103 EPOCH 7 done: loss 5.5445 - lr 0.0010000
2021-10-01 12:21:17,530 DEV : loss 5.434144973754883 - score 0.1533
2021-10-01 12:21:17,540 BAD EPOCHS (no improvement): 3
2021-10-01 12:21:17,542 ----------------------------------------------------------------------------------------------------
2021-10-01 12:21:17,749 epoch 8 - iter 7/79 - loss 5.46814816 - samples/sec: 1082.37 - lr: 0.001000
2021-10-01 12:21:17,940 epoch 8 - iter 14/79 - loss 5.45105829 - samples/sec: 1175.60 - lr: 0.001000
2021-10-01 12:21:18,142 epoch 8 - iter 21/79 - loss 5.44124449 - samples/sec: 1109.09 - lr: 0.001000
2021-10-01 12:21:18,339 epoch 8 - iter 28/79 - loss 5.42000871 - samples/sec: 1139.18 - lr: 0.001000
2021-10-01 12:21:18,558 epoch 8 - iter 35/79 - loss 5.42000122 - samples/sec: 1026.50 - lr: 0.001000
2021-10-01 12:21:18,754 epoch 8 - iter 42/79 - loss 5.41267964 - samples/sec: 1145.65 - lr: 0.001000
2021-10-01 12:21:18,960 epoch 8 - iter 49/79 - loss 5.40045636 - samples/sec: 1091.14 - lr: 0.001000
2021-10-01 12:21:19,148 epoch 8 - iter 56/79 - loss 5.38868044 - samples/sec: 1194.00 - lr: 0.001000
2021-10-01 12:21:19,361 epoch 8 - iter 63/79 - loss 5.37832425 - samples/sec: 1051.35 - lr: 0.001000
2021-10-01 12:21:19,571 epoch 8 - iter 70/79 - loss 5.36814748 - samples/sec: 1066.79 - lr: 0.001000
2021-10-01 12:21:19,772 epoch 8 - iter 77/79 - loss 5.36075124 - samples/sec: 1116.65 - lr: 0.001000
2021-10-01 12:21:19,828 ----------------------------------------------------------------------------------------------------
2021-10-01 12:21:19,829 EPOCH 8 done: loss 5.3589 - lr 0.0010000
2021-10-01 12:21:21,258 DEV : loss 5.230780124664307 - score 0.152
2021-10-01 12:21:21,268 BAD EPOCHS (no improvement): 4
2021-10-01 12:21:21,270 ----------------------------------------------------------------------------------------------------
2021-10-01 12:21:21,466 epoch 9 - iter 7/79 - loss 5.23632002 - samples/sec: 1142.21 - lr: 0.000500
2021-10-01 12:21:21,672 epoch 9 - iter 14/79 - loss 5.26671369 - samples/sec: 1092.78 - lr: 0.000500
2021-10-01 12:21:21,887 epoch 9 - iter 21/79 - loss 5.24300582 - samples/sec: 1043.12 - lr: 0.000500
2021-10-01 12:21:22,088 epoch 9 - iter 28/79 - loss 5.23971186 - samples/sec: 1117.60 - lr: 0.000500
2021-10-01 12:21:22,281 epoch 9 - iter 35/79 - loss 5.24611815 - samples/sec: 1161.03 - lr: 0.000500
2021-10-01 12:21:22,476 epoch 9 - iter 42/79 - loss 5.23795950 - samples/sec: 1147.39 - lr: 0.000500
2021-10-01 12:21:22,678 epoch 9 - iter 49/79 - loss 5.23302242 - samples/sec: 1113.47 - lr: 0.000500
2021-10-01 12:21:22,878 epoch 9 - iter 56/79 - loss 5.22742677 - samples/sec: 1120.82 - lr: 0.000500
2021-10-01 12:21:23,091 epoch 9 - iter 63/79 - loss 5.22131358 - samples/sec: 1052.82 - lr: 0.000500
2021-10-01 12:21:23,299 epoch 9 - iter 70/79 - loss 5.21337944 - samples/sec: 1081.38 - lr: 0.000500
2021-10-01 12:21:23,499 epoch 9 - iter 77/79 - loss 5.21004285 - samples/sec: 1118.68 - lr: 0.000500
2021-10-01 12:21:23,542 ----------------------------------------------------------------------------------------------------
2021-10-01 12:21:23,542 EPOCH 9 done: loss 5.2059 - lr 0.0005000
2021-10-01 12:21:24,960 DEV : loss 5.123336315155029 - score 0.152
2021-10-01 12:21:24,970 BAD EPOCHS (no improvement): 1
2021-10-01 12:21:24,972 ----------------------------------------------------------------------------------------------------
2021-10-01 12:21:25,177 epoch 10 - iter 7/79 - loss 5.14694861 - samples/sec: 1097.14 - lr: 0.000500
2021-10-01 12:21:25,382 epoch 10 - iter 14/79 - loss 5.14810790 - samples/sec: 1094.34 - lr: 0.000500
2021-10-01 12:21:25,576 epoch 10 - iter 21/79 - loss 5.14269250 - samples/sec: 1155.89 - lr: 0.000500
2021-10-01 12:21:25,783 epoch 10 - iter 28/79 - loss 5.14177672 - samples/sec: 1087.05 - lr: 0.000500
2021-10-01 12:21:25,990 epoch 10 - iter 35/79 - loss 5.13034378 - samples/sec: 1083.91 - lr: 0.000500
2021-10-01 12:21:26,191 epoch 10 - iter 42/79 - loss 5.12808163 - samples/sec: 1114.98 - lr: 0.000500
2021-10-01 12:21:26,385 epoch 10 - iter 49/79 - loss 5.12360056 - samples/sec: 1158.18 - lr: 0.000500
2021-10-01 12:21:26,606 epoch 10 - iter 56/79 - loss 5.12607136 - samples/sec: 1012.41 - lr: 0.000500
2021-10-01 12:21:26,810 epoch 10 - iter 63/79 - loss 5.11922263 - samples/sec: 1103.74 - lr: 0.000500
2021-10-01 12:21:27,000 epoch 10 - iter 70/79 - loss 5.11333739 - samples/sec: 1182.01 - lr: 0.000500
2021-10-01 12:21:27,198 epoch 10 - iter 77/79 - loss 5.10990362 - samples/sec: 1132.48 - lr: 0.000500
2021-10-01 12:21:27,245 ----------------------------------------------------------------------------------------------------
2021-10-01 12:21:27,245 EPOCH 10 done: loss 5.1077 - lr 0.0005000
2021-10-01 12:21:29,428 DEV : loss 5.015654563903809 - score 0.1521
2021-10-01 12:21:29,441 BAD EPOCHS (no improvement): 2
2021-10-01 12:21:29,444 ----------------------------------------------------------------------------------------------------
2021-10-01 12:21:29,678 epoch 11 - iter 7/79 - loss 4.98387575 - samples/sec: 960.82 - lr: 0.000500
2021-10-01 12:21:29,889 epoch 11 - iter 14/79 - loss 5.01264671 - samples/sec: 1064.75 - lr: 0.000500
2021-10-01 12:21:30,077 epoch 11 - iter 21/79 - loss 5.02366863 - samples/sec: 1192.03 - lr: 0.000500
2021-10-01 12:21:30,281 epoch 11 - iter 28/79 - loss 5.02958393 - samples/sec: 1099.30 - lr: 0.000500
2021-10-01 12:21:30,468 epoch 11 - iter 35/79 - loss 5.03368239 - samples/sec: 1202.68 - lr: 0.000500
2021-10-01 12:21:30,674 epoch 11 - iter 42/79 - loss 5.01966788 - samples/sec: 1087.61 - lr: 0.000500
2021-10-01 12:21:30,868 epoch 11 - iter 49/79 - loss 5.02290557 - samples/sec: 1158.42 - lr: 0.000500
2021-10-01 12:21:31,081 epoch 11 - iter 56/79 - loss 5.02101632 - samples/sec: 1055.41 - lr: 0.000500
2021-10-01 12:21:31,287 epoch 11 - iter 63/79 - loss 5.01437314 - samples/sec: 1087.81 - lr: 0.000500
2021-10-01 12:21:31,515 epoch 11 - iter 70/79 - loss 5.00762526 - samples/sec: 984.21 - lr: 0.000500
2021-10-01 12:21:31,727 epoch 11 - iter 77/79 - loss 5.00651856 - samples/sec: 1060.90 - lr: 0.000500
2021-10-01 12:21:31,772 ----------------------------------------------------------------------------------------------------
2021-10-01 12:21:31,772 EPOCH 11 done: loss 5.0078 - lr 0.0005000
2021-10-01 12:21:33,203 DEV : loss 4.909682750701904 - score 0.1527
2021-10-01 12:21:33,213 BAD EPOCHS (no improvement): 3
2021-10-01 12:21:33,215 ----------------------------------------------------------------------------------------------------
2021-10-01 12:21:33,425 epoch 12 - iter 7/79 - loss 4.93962540 - samples/sec: 1072.38 - lr: 0.000500
2021-10-01 12:21:33,644 epoch 12 - iter 14/79 - loss 4.91387105 - samples/sec: 1021.06 - lr: 0.000500
2021-10-01 12:21:33,861 epoch 12 - iter 21/79 - loss 4.90634482 - samples/sec: 1033.77 - lr: 0.000500
2021-10-01 12:21:34,074 epoch 12 - iter 28/79 - loss 4.93366625 - samples/sec: 1057.34 - lr: 0.000500
2021-10-01 12:21:34,266 epoch 12 - iter 35/79 - loss 4.93197156 - samples/sec: 1168.00 - lr: 0.000500
2021-10-01 12:21:34,464 epoch 12 - iter 42/79 - loss 4.93395796 - samples/sec: 1130.77 - lr: 0.000500
2021-10-01 12:21:34,666 epoch 12 - iter 49/79 - loss 4.92876041 - samples/sec: 1114.82 - lr: 0.000500
2021-10-01 12:21:34,871 epoch 12 - iter 56/79 - loss 4.93120538 - samples/sec: 1094.08 - lr: 0.000500
2021-10-01 12:21:35,065 epoch 12 - iter 63/79 - loss 4.92500988 - samples/sec: 1157.33 - lr: 0.000500
2021-10-01 12:21:35,259 epoch 12 - iter 70/79 - loss 4.91728200 - samples/sec: 1154.01 - lr: 0.000500
2021-10-01 12:21:35,463 epoch 12 - iter 77/79 - loss 4.91627123 - samples/sec: 1100.53 - lr: 0.000500
2021-10-01 12:21:35,510 ----------------------------------------------------------------------------------------------------
2021-10-01 12:21:35,510 EPOCH 12 done: loss 4.9157 - lr 0.0005000
2021-10-01 12:21:37,122 DEV : loss 4.80852746963501 - score 0.1535
2021-10-01 12:21:37,132 BAD EPOCHS (no improvement): 4
2021-10-01 12:21:37,136 ----------------------------------------------------------------------------------------------------
2021-10-01 12:21:37,345 epoch 13 - iter 7/79 - loss 4.88439206 - samples/sec: 1076.36 - lr: 0.000250
2021-10-01 12:21:37,533 epoch 13 - iter 14/79 - loss 4.82783682 - samples/sec: 1194.53 - lr: 0.000250
2021-10-01 12:21:37,731 epoch 13 - iter 21/79 - loss 4.85883581 - samples/sec: 1137.92 - lr: 0.000250
2021-10-01 12:21:37,936 epoch 13 - iter 28/79 - loss 4.86207402 - samples/sec: 1092.42 - lr: 0.000250
2021-10-01 12:21:38,146 epoch 13 - iter 35/79 - loss 4.85666072 - samples/sec: 1067.39 - lr: 0.000250
2021-10-01 12:21:38,348 epoch 13 - iter 42/79 - loss 4.85131997 - samples/sec: 1111.72 - lr: 0.000250
2021-10-01 12:21:38,543 epoch 13 - iter 49/79 - loss 4.85575279 - samples/sec: 1152.83 - lr: 0.000250
2021-10-01 12:21:38,759 epoch 13 - iter 56/79 - loss 4.84827387 - samples/sec: 1036.46 - lr: 0.000250
2021-10-01 12:21:38,962 epoch 13 - iter 63/79 - loss 4.85107246 - samples/sec: 1107.00 - lr: 0.000250
2021-10-01 12:21:39,168 epoch 13 - iter 70/79 - loss 4.84783227 - samples/sec: 1086.83 - lr: 0.000250
2021-10-01 12:21:39,365 epoch 13 - iter 77/79 - loss 4.84704452 - samples/sec: 1139.23 - lr: 0.000250
2021-10-01 12:21:39,406 ----------------------------------------------------------------------------------------------------
2021-10-01 12:21:39,406 EPOCH 13 done: loss 4.8457 - lr 0.0002500
2021-10-01 12:21:40,827 DEV : loss 4.760310173034668 - score 0.1542
2021-10-01 12:21:40,837 BAD EPOCHS (no improvement): 1
2021-10-01 12:21:40,840 ----------------------------------------------------------------------------------------------------
2021-10-01 12:21:41,034 epoch 14 - iter 7/79 - loss 4.82392461 - samples/sec: 1154.72 - lr: 0.000250
2021-10-01 12:21:41,226 epoch 14 - iter 14/79 - loss 4.84539597 - samples/sec: 1170.85 - lr: 0.000250
2021-10-01 12:21:41,418 epoch 14 - iter 21/79 - loss 4.82064365 - samples/sec: 1169.42 - lr: 0.000250
2021-10-01 12:21:41,627 epoch 14 - iter 28/79 - loss 4.82029997 - samples/sec: 1073.31 - lr: 0.000250
2021-10-01 12:21:41,825 epoch 14 - iter 35/79 - loss 4.81638472 - samples/sec: 1131.62 - lr: 0.000250
2021-10-01 12:21:42,051 epoch 14 - iter 42/79 - loss 4.81166500 - samples/sec: 996.47 - lr: 0.000250
2021-10-01 12:21:42,250 epoch 14 - iter 49/79 - loss 4.81676815 - samples/sec: 1124.06 - lr: 0.000250
2021-10-01 12:21:42,465 epoch 14 - iter 56/79 - loss 4.80407642 - samples/sec: 1044.80 - lr: 0.000250
2021-10-01 12:21:42,666 epoch 14 - iter 63/79 - loss 4.79773400 - samples/sec: 1116.80 - lr: 0.000250
2021-10-01 12:21:42,865 epoch 14 - iter 70/79 - loss 4.79590062 - samples/sec: 1124.52 - lr: 0.000250
2021-10-01 12:21:43,053 epoch 14 - iter 77/79 - loss 4.79727084 - samples/sec: 1195.56 - lr: 0.000250
2021-10-01 12:21:43,102 ----------------------------------------------------------------------------------------------------
2021-10-01 12:21:43,102 EPOCH 14 done: loss 4.8042 - lr 0.0002500
2021-10-01 12:21:44,548 DEV : loss 4.713923454284668 - score 0.1546
2021-10-01 12:21:44,558 BAD EPOCHS (no improvement): 2
2021-10-01 12:21:44,560 ----------------------------------------------------------------------------------------------------
2021-10-01 12:21:44,765 epoch 15 - iter 7/79 - loss 4.77697611 - samples/sec: 1097.15 - lr: 0.000250
2021-10-01 12:21:44,961 epoch 15 - iter 14/79 - loss 4.76670313 - samples/sec: 1143.39 - lr: 0.000250
2021-10-01 12:21:45,178 epoch 15 - iter 21/79 - loss 4.76382542 - samples/sec: 1035.32 - lr: 0.000250
2021-10-01 12:21:45,362 epoch 15 - iter 28/79 - loss 4.75863884 - samples/sec: 1219.24 - lr: 0.000250
2021-10-01 12:21:45,574 epoch 15 - iter 35/79 - loss 4.77534541 - samples/sec: 1058.09 - lr: 0.000250
2021-10-01 12:21:45,778 epoch 15 - iter 42/79 - loss 4.78230056 - samples/sec: 1100.39 - lr: 0.000250
2021-10-01 12:21:45,991 epoch 15 - iter 49/79 - loss 4.78309126 - samples/sec: 1050.27 - lr: 0.000250
2021-10-01 12:21:46,188 epoch 15 - iter 56/79 - loss 4.76757359 - samples/sec: 1140.24 - lr: 0.000250
2021-10-01 12:21:46,400 epoch 15 - iter 63/79 - loss 4.76183172 - samples/sec: 1061.26 - lr: 0.000250
2021-10-01 12:21:46,592 epoch 15 - iter 70/79 - loss 4.76491479 - samples/sec: 1165.95 - lr: 0.000250
2021-10-01 12:21:46,790 epoch 15 - iter 77/79 - loss 4.76309355 - samples/sec: 1133.43 - lr: 0.000250
2021-10-01 12:21:46,830 ----------------------------------------------------------------------------------------------------
2021-10-01 12:21:46,830 EPOCH 15 done: loss 4.7611 - lr 0.0002500
2021-10-01 12:21:48,274 DEV : loss 4.669196128845215 - score 0.1556
2021-10-01 12:21:48,283 BAD EPOCHS (no improvement): 3
2021-10-01 12:21:48,349 ----------------------------------------------------------------------------------------------------
2021-10-01 12:21:48,551 epoch 16 - iter 7/79 - loss 4.78643145 - samples/sec: 1111.25 - lr: 0.000250
2021-10-01 12:21:48,765 epoch 16 - iter 14/79 - loss 4.77491008 - samples/sec: 1050.86 - lr: 0.000250
2021-10-01 12:21:48,964 epoch 16 - iter 21/79 - loss 4.74432289 - samples/sec: 1125.74 - lr: 0.000250
2021-10-01 12:21:49,164 epoch 16 - iter 28/79 - loss 4.74079006 - samples/sec: 1123.02 - lr: 0.000250
2021-10-01 12:21:49,363 epoch 16 - iter 35/79 - loss 4.72065367 - samples/sec: 1130.61 - lr: 0.000250
2021-10-01 12:21:49,577 epoch 16 - iter 42/79 - loss 4.71524712 - samples/sec: 1045.86 - lr: 0.000250
2021-10-01 12:21:49,777 epoch 16 - iter 49/79 - loss 4.71986665 - samples/sec: 1121.15 - lr: 0.000250
2021-10-01 12:21:49,984 epoch 16 - iter 56/79 - loss 4.72320462 - samples/sec: 1087.67 - lr: 0.000250
2021-10-01 12:21:50,186 epoch 16 - iter 63/79 - loss 4.71973729 - samples/sec: 1109.28 - lr: 0.000250
2021-10-01 12:21:50,374 epoch 16 - iter 70/79 - loss 4.71820661 - samples/sec: 1192.37 - lr: 0.000250
2021-10-01 12:21:50,582 epoch 16 - iter 77/79 - loss 4.71981765 - samples/sec: 1082.67 - lr: 0.000250
2021-10-01 12:21:50,624 ----------------------------------------------------------------------------------------------------
2021-10-01 12:21:50,624 EPOCH 16 done: loss 4.7236 - lr 0.0002500
2021-10-01 12:21:52,096 DEV : loss 4.626490116119385 - score 0.1571
2021-10-01 12:21:52,106 BAD EPOCHS (no improvement): 4
2021-10-01 12:21:52,108 ----------------------------------------------------------------------------------------------------
2021-10-01 12:21:52,324 epoch 17 - iter 7/79 - loss 4.62807274 - samples/sec: 1041.81 - lr: 0.000125
2021-10-01 12:21:52,517 epoch 17 - iter 14/79 - loss 4.67138897 - samples/sec: 1161.64 - lr: 0.000125
2021-10-01 12:21:52,711 epoch 17 - iter 21/79 - loss 4.68661878 - samples/sec: 1155.20 - lr: 0.000125
2021-10-01 12:21:52,912 epoch 17 - iter 28/79 - loss 4.68366444 - samples/sec: 1116.79 - lr: 0.000125
2021-10-01 12:21:53,117 epoch 17 - iter 35/79 - loss 4.68676642 - samples/sec: 1097.84 - lr: 0.000125
2021-10-01 12:21:53,321 epoch 17 - iter 42/79 - loss 4.69009871 - samples/sec: 1099.19 - lr: 0.000125
2021-10-01 12:21:53,538 epoch 17 - iter 49/79 - loss 4.69034103 - samples/sec: 1033.72 - lr: 0.000125
2021-10-01 12:21:53,741 epoch 17 - iter 56/79 - loss 4.68506897 - samples/sec: 1102.48 - lr: 0.000125
2021-10-01 12:21:53,947 epoch 17 - iter 63/79 - loss 4.68186599 - samples/sec: 1091.03 - lr: 0.000125
2021-10-01 12:21:54,155 epoch 17 - iter 70/79 - loss 4.68708645 - samples/sec: 1081.58 - lr: 0.000125
2021-10-01 12:21:54,364 epoch 17 - iter 77/79 - loss 4.68926695 - samples/sec: 1072.42 - lr: 0.000125
2021-10-01 12:21:54,402 ----------------------------------------------------------------------------------------------------
2021-10-01 12:21:54,402 EPOCH 17 done: loss 4.6887 - lr 0.0001250
2021-10-01 12:21:55,838 DEV : loss 4.605762958526611 - score 0.1583
2021-10-01 12:21:55,850 BAD EPOCHS (no improvement): 1
2021-10-01 12:21:55,855 ----------------------------------------------------------------------------------------------------
2021-10-01 12:21:56,074 epoch 18 - iter 7/79 - loss 4.62828016 - samples/sec: 1030.52 - lr: 0.000125
2021-10-01 12:21:56,288 epoch 18 - iter 14/79 - loss 4.68254587 - samples/sec: 1048.70 - lr: 0.000125
2021-10-01 12:21:56,487 epoch 18 - iter 21/79 - loss 4.71349780 - samples/sec: 1128.89 - lr: 0.000125
2021-10-01 12:21:56,689 epoch 18 - iter 28/79 - loss 4.70600973 - samples/sec: 1110.05 - lr: 0.000125
2021-10-01 12:21:56,897 epoch 18 - iter 35/79 - loss 4.71311580 - samples/sec: 1080.65 - lr: 0.000125
2021-10-01 12:21:57,099 epoch 18 - iter 42/79 - loss 4.68759127 - samples/sec: 1109.31 - lr: 0.000125
2021-10-01 12:21:57,288 epoch 18 - iter 49/79 - loss 4.67838030 - samples/sec: 1187.93 - lr: 0.000125
2021-10-01 12:21:57,478 epoch 18 - iter 56/79 - loss 4.67342504 - samples/sec: 1182.90 - lr: 0.000125
2021-10-01 12:21:57,684 epoch 18 - iter 63/79 - loss 4.67432569 - samples/sec: 1090.56 - lr: 0.000125
2021-10-01 12:21:57,898 epoch 18 - iter 70/79 - loss 4.67374419 - samples/sec: 1045.40 - lr: 0.000125
2021-10-01 12:21:58,114 epoch 18 - iter 77/79 - loss 4.66997180 - samples/sec: 1043.23 - lr: 0.000125
2021-10-01 12:21:58,160 ----------------------------------------------------------------------------------------------------
2021-10-01 12:21:58,161 EPOCH 18 done: loss 4.6702 - lr 0.0001250
2021-10-01 12:21:59,589 DEV : loss 4.585448741912842 - score 0.1594
2021-10-01 12:21:59,598 BAD EPOCHS (no improvement): 2
2021-10-01 12:21:59,600 ----------------------------------------------------------------------------------------------------
2021-10-01 12:21:59,809 epoch 19 - iter 7/79 - loss 4.65926020 - samples/sec: 1075.87 - lr: 0.000125
2021-10-01 12:22:00,013 epoch 19 - iter 14/79 - loss 4.64856543 - samples/sec: 1098.37 - lr: 0.000125
2021-10-01 12:22:00,226 epoch 19 - iter 21/79 - loss 4.62175760 - samples/sec: 1054.54 - lr: 0.000125
2021-10-01 12:22:00,422 epoch 19 - iter 28/79 - loss 4.62707782 - samples/sec: 1148.06 - lr: 0.000125
2021-10-01 12:22:00,630 epoch 19 - iter 35/79 - loss 4.63867989 - samples/sec: 1078.92 - lr: 0.000125
2021-10-01 12:22:00,849 epoch 19 - iter 42/79 - loss 4.64170995 - samples/sec: 1021.32 - lr: 0.000125
2021-10-01 12:22:01,044 epoch 19 - iter 49/79 - loss 4.64225572 - samples/sec: 1150.42 - lr: 0.000125
2021-10-01 12:22:01,245 epoch 19 - iter 56/79 - loss 4.64545757 - samples/sec: 1119.69 - lr: 0.000125
2021-10-01 12:22:01,434 epoch 19 - iter 63/79 - loss 4.65292835 - samples/sec: 1184.27 - lr: 0.000125
2021-10-01 12:22:01,641 epoch 19 - iter 70/79 - loss 4.65598475 - samples/sec: 1087.35 - lr: 0.000125
2021-10-01 12:22:01,838 epoch 19 - iter 77/79 - loss 4.65630648 - samples/sec: 1135.61 - lr: 0.000125
2021-10-01 12:22:01,883 ----------------------------------------------------------------------------------------------------
2021-10-01 12:22:01,883 EPOCH 19 done: loss 4.6577 - lr 0.0001250
2021-10-01 12:22:03,310 DEV : loss 4.565799236297607 - score 0.1615
2021-10-01 12:22:03,320 BAD EPOCHS (no improvement): 3
2021-10-01 12:22:03,366 ----------------------------------------------------------------------------------------------------
2021-10-01 12:22:03,566 epoch 20 - iter 7/79 - loss 4.68697201 - samples/sec: 1119.78 - lr: 0.000125
2021-10-01 12:22:03,771 epoch 20 - iter 14/79 - loss 4.66747441 - samples/sec: 1097.13 - lr: 0.000125
2021-10-01 12:22:03,967 epoch 20 - iter 21/79 - loss 4.63017382 - samples/sec: 1146.70 - lr: 0.000125
2021-10-01 12:22:04,168 epoch 20 - iter 28/79 - loss 4.63393346 - samples/sec: 1111.94 - lr: 0.000125
2021-10-01 12:22:04,357 epoch 20 - iter 35/79 - loss 4.62752598 - samples/sec: 1189.23 - lr: 0.000125
2021-10-01 12:22:04,577 epoch 20 - iter 42/79 - loss 4.64443754 - samples/sec: 1022.83 - lr: 0.000125
2021-10-01 12:22:04,776 epoch 20 - iter 49/79 - loss 4.64141186 - samples/sec: 1123.24 - lr: 0.000125
2021-10-01 12:22:04,965 epoch 20 - iter 56/79 - loss 4.63002995 - samples/sec: 1189.78 - lr: 0.000125
2021-10-01 12:22:05,165 epoch 20 - iter 63/79 - loss 4.63467509 - samples/sec: 1124.42 - lr: 0.000125
2021-10-01 12:22:05,364 epoch 20 - iter 70/79 - loss 4.64091003 - samples/sec: 1126.89 - lr: 0.000125
2021-10-01 12:22:05,574 epoch 20 - iter 77/79 - loss 4.64004936 - samples/sec: 1069.24 - lr: 0.000125
2021-10-01 12:22:05,621 ----------------------------------------------------------------------------------------------------
2021-10-01 12:22:05,621 EPOCH 20 done: loss 4.6411 - lr 0.0001250
2021-10-01 12:22:07,042 DEV : loss 4.546584129333496 - score 0.1638
2021-10-01 12:22:07,052 BAD EPOCHS (no improvement): 4
2021-10-01 12:22:07,055 ----------------------------------------------------------------------------------------------------
2021-10-01 12:22:07,055 ----------------------------------------------------------------------------------------------------
2021-10-01 12:22:07,055 learning rate too small - quitting training!
2021-10-01 12:22:07,055 ----------------------------------------------------------------------------------------------------
2021-10-01 12:22:11,106 ----------------------------------------------------------------------------------------------------
2021-10-01 12:22:11,106 Testing using best model ...
2021-10-01 12:22:11,107 loading file model/flattened/upos/goldpos/goldframes/0.001-512-1-0-0-0-0-0-0-0-0-elmo-original-all-2b1ce/best-model.pt
2021-10-01 12:22:21,965 	0.1723
2021-10-01 12:22:21,965 
Results:
- F-score (micro): 0.1723
- F-score (macro): 0.0022
- Accuracy (incl. no class): 0.1723

By class:
                    precision    recall  f1-score   support

           -1,ROOT     0.2158    0.2815    0.2443      1709
          -1,PUNCT     0.4987    0.1874    0.2724      2081
            1,NOUN     0.1563    0.9871    0.2699      3497
       1,VERB,ARG1     1.0000    0.0000    0.0000       332
           1,PROPN     1.0000    0.0000    0.0000       501
      -1,VERB,ARG2     1.0000    0.0000    0.0000       407
       1,VERB,ARG0     1.0000    0.0000    0.0000      1064
            4,NOUN     1.0000    0.0000    0.0000        27
            3,NOUN     1.0000    0.0000    0.0000        91
            2,NOUN     1.0000    0.0000    0.0000       520
      -1,VERB,ARG1     1.0000    0.0000    0.0000      1563
      -1,VERB,ARG4     1.0000    0.0000    0.0000        55
          -5,PUNCT     1.0000    0.0000    0.0000        67
          -2,PUNCT     1.0000    0.0000    0.0000       614
    1,AUX,ARGM-DIS     1.0000    0.0000    0.0000        17
       -1,AUX,ARG1     1.0000    0.0000    0.0000        51
           -1,PRON     1.0000    0.0000    0.0000       132
       -1,AUX,ARG2     1.0000    0.0000    0.0000       429
    1,AUX,ARGM-TMP     1.0000    0.0000    0.0000        19
  1,AUX,R-ARGM-TMP     1.0000    0.0000    0.0000         1
        1,AUX,ARG1     1.0000    0.0000    0.0000       397
           -3,NOUN     1.0000    0.0000    0.0000       198
       1,NOUN,ARG2     1.0000    0.0000    0.0000        20
            1,VERB     1.0000    0.0000    0.0000       761
       1,NOUN,ARG1     1.0000    0.0000    0.0000       106
          -1,PROPN     1.0000    0.0000    0.0000       497
      -1,NOUN,ARG2     1.0000    0.0000    0.0000        30
   1,VERB,ARGM-MOD     1.0000    0.0000    0.0000       309
           -1,VERB     1.0000    0.0000    0.0000       191
   1,VERB,ARGM-ADV     1.0000    0.0000    0.0000       188
  -1,VERB,ARGM-ADV     1.0000    0.0000    0.0000        97
  -1,VERB,ARGM-TMP     1.0000    0.0000    0.0000       246
   -1,AUX,ARGM-ADV     1.0000    0.0000    0.0000        39
   -1,AUX,ARGM-LOC     1.0000    0.0000    0.0000         6
          -4,PUNCT     1.0000    0.0000    0.0000       111
           -1,NOUN     0.0000    0.0000    0.0000      1810
            1,PRON     1.0000    0.0000    0.0000       107
            -1,ADV     1.0000    0.0000    0.0000       168
      -1,VERB,ARG3     1.0000    0.0000    0.0000        50
             1,ADJ     1.0000    0.0000    0.0000       528
     1,VERB,R-ARG0     1.0000    0.0000    0.0000        50
            -1,ADJ     1.0000    0.0000    0.0000       396
   1,VERB,ARGM-NEG     1.0000    0.0000    0.0000       141
      -2,VERB,ARG1     1.0000    0.0000    0.0000        36
         -1,VERB,V     1.0000    0.0000    0.0000         3
             1,ADV     1.0000    0.0000    0.0000       103
          -2,PROPN     1.0000    0.0000    0.0000       218
   2,NOUN,ARGM-ADJ     1.0000    0.0000    0.0000        17
       1,NOUN,ARG3     1.0000    0.0000    0.0000         4
      -1,NOUN,ARG1     1.0000    0.0000    0.0000       136
  -2,VERB,ARGM-LOC     1.0000    0.0000    0.0000         8
  -1,VERB,ARGM-GOL     1.0000    0.0000    0.0000        13
  -1,VERB,ARGM-PRP     1.0000    0.0000    0.0000        54
       1,NOUN,ARG0     1.0000    0.0000    0.0000       112
   1,NOUN,ARGM-LVB     1.0000    0.0000    0.0000        42
   1,NOUN,ARGM-ADJ     1.0000    0.0000    0.0000       167
  -1,VERB,ARGM-PRR     1.0000    0.0000    0.0000        62
            -1,NUM     1.0000    0.0000    0.0000       229
     1,VERB,R-ARG1     1.0000    0.0000    0.0000        30
  -1,VERB,ARGM-LOC     1.0000    0.0000    0.0000       127
   1,NOUN,ARGM-LOC     1.0000    0.0000    0.0000         3
      -2,NOUN,ARG1     1.0000    0.0000    0.0000        18
       2,VERB,ARG0     1.0000    0.0000    0.0000        21
  -1,NOUN,ARGM-PRD     1.0000    0.0000    0.0000         8
      -1,VERB,ARG0     1.0000    0.0000    0.0000        50
       3,VERB,ARG0     1.0000    0.0000    0.0000         5
     3,VERB,R-ARG0     1.0000    0.0000    0.0000         1
   2,VERB,ARGM-ADV     1.0000    0.0000    0.0000        11
           -2,NOUN     1.0000    0.0000    0.0000       434
           -4,NOUN     1.0000    0.0000    0.0000       104
   -1,AUX,ARGM-NEG     1.0000    0.0000    0.0000        23
       2,NOUN,ARG1     1.0000    0.0000    0.0000         7
       -1,ADJ,ARG1     1.0000    0.0000    0.0000        26
          -3,PUNCT     1.0000    0.0000    0.0000       263
  -1,VERB,ARGM-PRD     1.0000    0.0000    0.0000        16
          -6,PUNCT     1.0000    0.0000    0.0000        31
    1,AUX,ARGM-ADV     1.0000    0.0000    0.0000        22
  -1,NOUN,ARGM-ADJ     1.0000    0.0000    0.0000        30
       -1,ADJ,ARG0     1.0000    0.0000    0.0000        15
           -2,PRON     1.0000    0.0000    0.0000        36
   1,VERB,ARGM-TMP     1.0000    0.0000    0.0000       133
          -8,PUNCT     1.0000    0.0000    0.0000        14
          -9,PUNCT     1.0000    0.0000    0.0000         6
         -10,PUNCT     1.0000    0.0000    0.0000         4
         -11,PUNCT     1.0000    0.0000    0.0000         4
    1,ADJ,ARGM-ADV     1.0000    0.0000    0.0000         6
  -1,VERB,ARGM-MNR     1.0000    0.0000    0.0000        60
           2,PROPN     1.0000    0.0000    0.0000       127
   1,VERB,ARGM-DIS     1.0000    0.0000    0.0000        98
   1,NOUN,ARGM-NEG     1.0000    0.0000    0.0000        17
        2,AUX,ARG1     1.0000    0.0000    0.0000        72
           4,PROPN     1.0000    0.0000    0.0000        13
           3,PROPN     1.0000    0.0000    0.0000        36
       -1,ADJ,ARG2     1.0000    0.0000    0.0000        37
      -2,NOUN,ARG2     1.0000    0.0000    0.0000         3
  -2,VERB,ARGM-ADV     1.0000    0.0000    0.0000        13
    -1,VERB,C-ARG1     1.0000    0.0000    0.0000        44
   1,NOUN,ARGM-TMP     1.0000    0.0000    0.0000        28
            2,VERB     1.0000    0.0000    0.0000        18
  -2,VERB,ARGM-TMP     1.0000    0.0000    0.0000        14
      -1,NOUN,ARG0     1.0000    0.0000    0.0000        16
  -2,NOUN,ARGM-PRD     1.0000    0.0000    0.0000         1
           -2,VERB     1.0000    0.0000    0.0000        53
  -1,NOUN,ARGM-TMP     1.0000    0.0000    0.0000        13
          -7,PUNCT     1.0000    0.0000    0.0000        24
   1,NOUN,ARGM-MNR     1.0000    0.0000    0.0000        31
  -1,VERB,ARGM-CAU     1.0000    0.0000    0.0000        14
       -2,ADJ,ARG2     1.0000    0.0000    0.0000         2
            -2,ADJ     1.0000    0.0000    0.0000       111
  -4,VERB,ARGM-ADV     1.0000    0.0000    0.0000         3
      1,AUX,R-ARG1     1.0000    0.0000    0.0000        10
        1,ADJ,ARG2     1.0000    0.0000    0.0000         1
  -2,NOUN,ARGM-ADJ     1.0000    0.0000    0.0000         3
             2,ADJ     1.0000    0.0000    0.0000        23
    1,ADJ,ARGM-EXT     1.0000    0.0000    0.0000        58
 1,VERB,R-ARGM-MNR     1.0000    0.0000    0.0000         8
          -3,PROPN     1.0000    0.0000    0.0000       139
      -4,NOUN,ARG1     1.0000    0.0000    0.0000         1
   1,VERB,ARGM-MNR     1.0000    0.0000    0.0000        29
         -19,PUNCT     1.0000    0.0000    0.0000         1
  -1,VERB,ARGM-EXT     1.0000    0.0000    0.0000         9
             1,DET     1.0000    0.0000    0.0000        16
            -1,DET     1.0000    0.0000    0.0000        69
       2,NOUN,ARG0     1.0000    0.0000    0.0000        10
           -5,NOUN     1.0000    0.0000    0.0000        44
   1,VERB,ARGM-LOC     1.0000    0.0000    0.0000        21
 1,VERB,R-ARGM-LOC     1.0000    0.0000    0.0000         7
           -9,NOUN     1.0000    0.0000    0.0000         8
       -2,ADJ,ARG1     1.0000    0.0000    0.0000         3
       -3,AUX,ARG1     1.0000    0.0000    0.0000         1
            -6,ADJ     1.0000    0.0000    0.0000         3
       2,VERB,ARG1     1.0000    0.0000    0.0000        18
   1,VERB,ARGM-PRR     1.0000    0.0000    0.0000         3
  -1,NOUN,ARGM-PRP     1.0000    0.0000    0.0000         3
   -1,AUX,ARGM-PRD     1.0000    0.0000    0.0000         1
  -3,VERB,ARGM-ADV     1.0000    0.0000    0.0000         2
       1,VERB,ARG2     1.0000    0.0000    0.0000        26
   1,NOUN,ARGM-PRP     1.0000    0.0000    0.0000         2
  -2,NOUN,ARGM-TMP     1.0000    0.0000    0.0000         3
      -2,NOUN,ARG0     1.0000    0.0000    0.0000         4
             1,SYM     1.0000    0.0000    0.0000        25
            -1,SYM     1.0000    0.0000    0.0000        61
   1,VERB,ARGM-EXT     1.0000    0.0000    0.0000        24
     -1,ADJ,C-ARG1     1.0000    0.0000    0.0000         3
            -3,ADJ     1.0000    0.0000    0.0000        31
            -4,ADJ     1.0000    0.0000    0.0000        11
      -2,VERB,ARG2     1.0000    0.0000    0.0000        12
    1,AUX,ARGM-MOD     1.0000    0.0000    0.0000        68
       -1,VERB,C-V     1.0000    0.0000    0.0000        15
   1,NOUN,ARGM-PRD     1.0000    0.0000    0.0000        10
      -3,NOUN,ARG3     1.0000    0.0000    0.0000         2
             2,NUM     1.0000    0.0000    0.0000         4
             1,NUM     1.0000    0.0000    0.0000        71
   3,VERB,ARGM-TMP     1.0000    0.0000    0.0000         2
   3,VERB,ARGM-ADV     1.0000    0.0000    0.0000         3
      -3,NOUN,ARG0     1.0000    0.0000    0.0000         1
       4,VERB,ARG0     1.0000    0.0000    0.0000         1
        1,AUX,ARG2     1.0000    0.0000    0.0000        28
      -3,NOUN,ARG1     1.0000    0.0000    0.0000         5
  -1,VERB,ARGM-COM     1.0000    0.0000    0.0000        11
            3,VERB     1.0000    0.0000    0.0000         4
  -2,VERB,ARGM-MNR     1.0000    0.0000    0.0000         2
    -1,NOUN,R-ARG1     1.0000    0.0000    0.0000         1
      -3,VERB,ARG1     1.0000    0.0000    0.0000         6
  -1,VERB,ARGM-DIS     1.0000    0.0000    0.0000        13
           -5,VERB     1.0000    0.0000    0.0000         4
   -1,AUX,ARGM-TMP     1.0000    0.0000    0.0000        23
       5,VERB,ARG0     1.0000    0.0000    0.0000         1
      -3,VERB,ARG2     1.0000    0.0000    0.0000         3
       4,VERB,ARG1     1.0000    0.0000    0.0000         2
          -4,PROPN     1.0000    0.0000    0.0000        75
          -5,PROPN     1.0000    0.0000    0.0000        45
          -6,PROPN     1.0000    0.0000    0.0000        10
   3,VERB,ARGM-DIS     1.0000    0.0000    0.0000         2
   1,VERB,ARGM-PRD     1.0000    0.0000    0.0000         1
       -1,ADJ,ARG3     1.0000    0.0000    0.0000         7
   2,NOUN,ARGM-GOL     1.0000    0.0000    0.0000         2
    2,AUX,ARGM-DIS     1.0000    0.0000    0.0000         3
   2,VERB,ARGM-CAU     1.0000    0.0000    0.0000         3
    1,ADJ,ARGM-CXN     1.0000    0.0000    0.0000         5
             2,AUX     1.0000    0.0000    0.0000         1
             1,AUX     1.0000    0.0000    0.0000         1
 -1,ADJ,C-ARGM-CXN     1.0000    0.0000    0.0000         5
  -1,NOUN,ARGM-LOC     1.0000    0.0000    0.0000        18
          -7,PROPN     1.0000    0.0000    0.0000        11
   -1,AUX,ARGM-MNR     1.0000    0.0000    0.0000         2
   1,NOUN,ARGM-ADV     1.0000    0.0000    0.0000         2
  -2,NOUN,ARGM-ADV     1.0000    0.0000    0.0000         5
           -3,VERB     1.0000    0.0000    0.0000        15
   -1,AUX,ARGM-EXT     1.0000    0.0000    0.0000         3
   2,NOUN,ARGM-LOC     1.0000    0.0000    0.0000         2
 1,NOUN,R-ARGM-ADJ     1.0000    0.0000    0.0000         1
            1,INTJ     1.0000    0.0000    0.0000         4
           -1,INTJ     1.0000    0.0000    0.0000        10
   4,VERB,ARGM-ADV     1.0000    0.0000    0.0000         3
   1,NOUN,ARGM-EXT     1.0000    0.0000    0.0000         5
      -5,NOUN,ARG1     1.0000    0.0000    0.0000         1
  -1,NOUN,ARGM-CAU     1.0000    0.0000    0.0000         1
  -1,VERB,ARGM-DIR     1.0000    0.0000    0.0000        39
   2,NOUN,ARGM-DIS     1.0000    0.0000    0.0000         2
   2,VERB,ARGM-DIS     1.0000    0.0000    0.0000         3
  -1,VERB,ARGM-NEG     1.0000    0.0000    0.0000         2
       2,VERB,ARG2     1.0000    0.0000    0.0000         2
    -3,VERB,C-ARG1     1.0000    0.0000    0.0000         1
   1,VERB,ARGM-CAU     1.0000    0.0000    0.0000        11
    -1,NOUN,C-ARG3     1.0000    0.0000    0.0000         1
    1,AUX,ARGM-NEG     1.0000    0.0000    0.0000         8
   -1,AUX,ARGM-CAU     1.0000    0.0000    0.0000         1
   -2,AUX,ARGM-DIS     1.0000    0.0000    0.0000         1
            -2,NUM     1.0000    0.0000    0.0000        71
  -1,NOUN,ARGM-LVB     1.0000    0.0000    0.0000         4
  -2,VERB,ARGM-DIS     1.0000    0.0000    0.0000         3
              -1,X     1.0000    0.0000    0.0000       184
            -2,ADV     1.0000    0.0000    0.0000        20
  -4,NOUN,ARGM-MNR     1.0000    0.0000    0.0000         1
            -2,SYM     1.0000    0.0000    0.0000        14
            -3,SYM     1.0000    0.0000    0.0000         1
   -1,AUX,ARGM-DIS     1.0000    0.0000    0.0000         6
   1,NOUN,ARGM-DIS     1.0000    0.0000    0.0000         3
   2,VERB,ARGM-MNR     1.0000    0.0000    0.0000         1
            -3,NUM     1.0000    0.0000    0.0000        24
            -4,NUM     1.0000    0.0000    0.0000         7
            -5,NUM     1.0000    0.0000    0.0000         2
            -6,NUM     1.0000    0.0000    0.0000         4
            -7,NUM     1.0000    0.0000    0.0000         2
  -2,NOUN,ARGM-PRP     1.0000    0.0000    0.0000         1
    2,AUX,ARGM-ADV     1.0000    0.0000    0.0000        12
              -2,X     1.0000    0.0000    0.0000        31
             2,ADV     1.0000    0.0000    0.0000         5
        2,AUX,ARG2     1.0000    0.0000    0.0000         2
   2,NOUN,ARGM-TMP     1.0000    0.0000    0.0000         5
  -1,NOUN,ARGM-EXT     1.0000    0.0000    0.0000         2
      -1,VERB,ARG5     1.0000    0.0000    0.0000         1
       3,NOUN,ARG0     1.0000    0.0000    0.0000         2
               2,X     1.0000    0.0000    0.0000         2
               1,X     1.0000    0.0000    0.0000         4
   3,NOUN,ARGM-TMP     1.0000    0.0000    0.0000         2
   2,NOUN,ARGM-ADV     1.0000    0.0000    0.0000         4
   -1,ADJ,ARGM-TMP     1.0000    0.0000    0.0000         1
   1,NOUN,ARGM-MOD     1.0000    0.0000    0.0000         7
      -4,NOUN,ARG4     1.0000    0.0000    0.0000         1
            -2,DET     1.0000    0.0000    0.0000        13
            -1,ADP     1.0000    0.0000    0.0000         7
            -2,ADP     1.0000    0.0000    0.0000         3
  -2,VERB,ARGM-GOL     1.0000    0.0000    0.0000         1
      -2,VERB,ARG0     1.0000    0.0000    0.0000         1
           -6,NOUN     1.0000    0.0000    0.0000        20
         -12,PUNCT     1.0000    0.0000    0.0000         1
      -2,NOUN,ARG3     1.0000    0.0000    0.0000         1
    2,AUX,ARGM-TMP     1.0000    0.0000    0.0000         2
   2,VERB,ARGM-PRR     1.0000    0.0000    0.0000         1
  -2,NOUN,ARGM-MOD     1.0000    0.0000    0.0000         1
  -2,NOUN,ARGM-LVB     1.0000    0.0000    0.0000         1
   2,NOUN,ARGM-PRD     1.0000    0.0000    0.0000         1
  -1,NOUN,ARGM-ADV     1.0000    0.0000    0.0000         8
           7,PROPN     1.0000    0.0000    0.0000         2
           6,PROPN     1.0000    0.0000    0.0000         1
           5,PROPN     1.0000    0.0000    0.0000         1
  -3,NOUN,ARGM-ADV     1.0000    0.0000    0.0000         1
      1,ADJ,R-ARG1     1.0000    0.0000    0.0000         1
    1,ADJ,ARGM-MOD     1.0000    0.0000    0.0000         1
     1,VERB,R-ARG2     1.0000    0.0000    0.0000         1
  -1,NOUN,ARGM-MOD     1.0000    0.0000    0.0000         1
  -1,NOUN,ARGM-GOL     1.0000    0.0000    0.0000         2
          -8,PROPN     1.0000    0.0000    0.0000         2
          -9,PROPN     1.0000    0.0000    0.0000         6
 3,VERB,R-ARGM-ADV     1.0000    0.0000    0.0000         1
  -1,NOUN,ARGM-COM     1.0000    0.0000    0.0000         2
   3,NOUN,ARGM-ADJ     1.0000    0.0000    0.0000         5
       3,VERB,ARG1     1.0000    0.0000    0.0000         1
 1,VERB,R-ARGM-DIR     1.0000    0.0000    0.0000         1
    2,AUX,ARGM-CAU     1.0000    0.0000    0.0000         2
  -3,VERB,ARGM-PRP     1.0000    0.0000    0.0000         2
   2,NOUN,ARGM-MNR     1.0000    0.0000    0.0000         2
           -3,PRON     1.0000    0.0000    0.0000         7
          -1,SCONJ     1.0000    0.0000    0.0000         1
   -1,AUX,ARGM-PRP     1.0000    0.0000    0.0000         4
           -4,VERB     1.0000    0.0000    0.0000         2
        1,ADJ,ARG1     1.0000    0.0000    0.0000         2
         -1,NOUN,V     1.0000    0.0000    0.0000         1
           -7,NOUN     1.0000    0.0000    0.0000         7
           -8,NOUN     1.0000    0.0000    0.0000         8
   2,VERB,ARGM-TMP     1.0000    0.0000    0.0000         3
    -1,VERB,C-ARG0     1.0000    0.0000    0.0000         2
         -10,PROPN     1.0000    0.0000    0.0000         2
   2,NOUN,ARGM-LVB     1.0000    0.0000    0.0000         5
   -2,AUX,ARGM-ADV     1.0000    0.0000    0.0000         3
            -5,ADJ     1.0000    0.0000    0.0000         4
    1,ADJ,ARGM-ADJ     1.0000    0.0000    0.0000         2
    -1,VERB,C-ARG2     1.0000    0.0000    0.0000         6
  -3,VERB,ARGM-LOC     1.0000    0.0000    0.0000         1
   5,VERB,ARGM-ADV     1.0000    0.0000    0.0000         1
            -1,AUX     1.0000    0.0000    0.0000         3
            -2,AUX     1.0000    0.0000    0.0000         1
   9,NOUN,ARGM-ADV     1.0000    0.0000    0.0000         1
       3,NOUN,ARG1     1.0000    0.0000    0.0000         1
     1,NOUN,R-ARG0     1.0000    0.0000    0.0000         2
       -2,AUX,ARG1     1.0000    0.0000    0.0000         2
            5,NOUN     1.0000    0.0000    0.0000         4
      -5,VERB,ARG1     1.0000    0.0000    0.0000         1
   1,VERB,ARG1-DSP     1.0000    0.0000    0.0000         4
-1,VERB,C-ARG1-DSP     1.0000    0.0000    0.0000         1
   -1,ADJ,ARGM-NEG     1.0000    0.0000    0.0000         1
            2,PRON     1.0000    0.0000    0.0000         3
      -4,VERB,ARG1     1.0000    0.0000    0.0000         1
  -3,VERB,ARGM-GOL     1.0000    0.0000    0.0000         1
   -1,ADJ,ARGM-PRP     1.0000    0.0000    0.0000         2
       -3,ADJ,ARG0     1.0000    0.0000    0.0000         1
      -1,NOUN,ARG3     1.0000    0.0000    0.0000         2
   -2,AUX,ARGM-CAU     1.0000    0.0000    0.0000         1
  -1,NOUN,ARGM-DIR     1.0000    0.0000    0.0000         4
   -1,ADJ,ARGM-EXT     1.0000    0.0000    0.0000         1
    2,AUX,ARGM-LOC     1.0000    0.0000    0.0000         1
   -3,ADJ,ARGM-CXN     1.0000    0.0000    0.0000         1
   2,NOUN,ARGM-NEG     1.0000    0.0000    0.0000         1
   1,NOUN,ARGM-CAU     1.0000    0.0000    0.0000         1
             3,ADV     1.0000    0.0000    0.0000         1
   -1,ADJ,ARGM-CXN     1.0000    0.0000    0.0000         6
      -2,VERB,ARG3     1.0000    0.0000    0.0000         2
             2,DET     1.0000    0.0000    0.0000         2
   4,NOUN,ARGM-CAU     1.0000    0.0000    0.0000         1
  -2,VERB,ARGM-DIR     1.0000    0.0000    0.0000         1
  -2,VERB,ARGM-PRP     1.0000    0.0000    0.0000         1
            -3,ADV     1.0000    0.0000    0.0000         1
-1,VERB,C-ARGM-LOC     1.0000    0.0000    0.0000         1
       1,VERB,ARGA     1.0000    0.0000    0.0000         2
  -3,VERB,ARGM-CAU     1.0000    0.0000    0.0000         1
  -3,VERB,ARGM-DIS     1.0000    0.0000    0.0000         1
            1,PART     1.0000    0.0000    0.0000         1
   1,VERB,ARGM-PRP     1.0000    0.0000    0.0000         3
  -1,NOUN,ARGM-MNR     1.0000    0.0000    0.0000         1
       1,VERB,ARG3     1.0000    0.0000    0.0000         2
   -1,AUX,ARGM-GOL     1.0000    0.0000    0.0000         2
  -1,NOUN,ARGM-DIS     1.0000    0.0000    0.0000         5
    1,ADJ,ARGM-LVB     1.0000    0.0000    0.0000         1
    -2,VERB,C-ARG1     1.0000    0.0000    0.0000         1
  -2,NOUN,ARGM-MNR     1.0000    0.0000    0.0000         1
 1,VERB,R-ARGM-TMP     1.0000    0.0000    0.0000         1
             1,ADP     1.0000    0.0000    0.0000         4
     -1,AUX,C-ARG2     1.0000    0.0000    0.0000         1
    -1,VERB,C-ARG3     1.0000    0.0000    0.0000         1
    1,ADJ,ARGM-NEG     1.0000    0.0000    0.0000         1
   2,NOUN,ARGM-DIR     1.0000    0.0000    0.0000         1
  -2,VERB,ARGM-CAU     1.0000    0.0000    0.0000         3
       -2,ADJ,ARG0     1.0000    0.0000    0.0000         2
    -1,NOUN,C-ARG1     1.0000    0.0000    0.0000         1
       -2,AUX,ARG2     1.0000    0.0000    0.0000         1
   1,VERB,ARGM-DIR     1.0000    0.0000    0.0000         1
     -2,ADJ,C-ARG1     1.0000    0.0000    0.0000         1
  -2,VERB,ARGM-PRR     1.0000    0.0000    0.0000         1
        3,AUX,ARG1     1.0000    0.0000    0.0000         1
    2,AUX,ARGM-MOD     1.0000    0.0000    0.0000         1
    2,AUX,ARGM-NEG     1.0000    0.0000    0.0000         1

          accuracy                         0.1723     25096
         macro avg     0.9911    0.0041    0.0022     25096
      weighted avg     0.7153    0.1723    0.0768     25096

2021-10-01 12:22:21,966 ----------------------------------------------------------------------------------------------------
