2021-10-03 18:43:54,219 ----------------------------------------------------------------------------------------------------
2021-10-03 18:43:54,221 Model: "SequenceTagger(
  (embeddings): StackedEmbeddings(
    (list_embedding_0): ELMoEmbeddings(model=0-elmo-original-top)
    (list_embedding_1): TransformerWordEmbeddings(
      (model): RobertaModel(
        (embeddings): RobertaEmbeddings(
          (word_embeddings): Embedding(50265, 1024, padding_idx=1)
          (position_embeddings): Embedding(514, 1024, padding_idx=1)
          (token_type_embeddings): Embedding(1, 1024)
          (LayerNorm): LayerNorm((1024,), eps=1e-05, elementwise_affine=True)
          (dropout): Dropout(p=0.1, inplace=False)
        )
        (encoder): RobertaEncoder(
          (layer): ModuleList(
            (0): RobertaLayer(
              (attention): RobertaAttention(
                (self): RobertaSelfAttention(
                  (query): Linear(in_features=1024, out_features=1024, bias=True)
                  (key): Linear(in_features=1024, out_features=1024, bias=True)
                  (value): Linear(in_features=1024, out_features=1024, bias=True)
                  (dropout): Dropout(p=0.1, inplace=False)
                )
                (output): RobertaSelfOutput(
                  (dense): Linear(in_features=1024, out_features=1024, bias=True)
                  (LayerNorm): LayerNorm((1024,), eps=1e-05, elementwise_affine=True)
                  (dropout): Dropout(p=0.1, inplace=False)
                )
              )
              (intermediate): RobertaIntermediate(
                (dense): Linear(in_features=1024, out_features=4096, bias=True)
              )
              (output): RobertaOutput(
                (dense): Linear(in_features=4096, out_features=1024, bias=True)
                (LayerNorm): LayerNorm((1024,), eps=1e-05, elementwise_affine=True)
                (dropout): Dropout(p=0.1, inplace=False)
              )
            )
            (1): RobertaLayer(
              (attention): RobertaAttention(
                (self): RobertaSelfAttention(
                  (query): Linear(in_features=1024, out_features=1024, bias=True)
                  (key): Linear(in_features=1024, out_features=1024, bias=True)
                  (value): Linear(in_features=1024, out_features=1024, bias=True)
                  (dropout): Dropout(p=0.1, inplace=False)
                )
                (output): RobertaSelfOutput(
                  (dense): Linear(in_features=1024, out_features=1024, bias=True)
                  (LayerNorm): LayerNorm((1024,), eps=1e-05, elementwise_affine=True)
                  (dropout): Dropout(p=0.1, inplace=False)
                )
              )
              (intermediate): RobertaIntermediate(
                (dense): Linear(in_features=1024, out_features=4096, bias=True)
              )
              (output): RobertaOutput(
                (dense): Linear(in_features=4096, out_features=1024, bias=True)
                (LayerNorm): LayerNorm((1024,), eps=1e-05, elementwise_affine=True)
                (dropout): Dropout(p=0.1, inplace=False)
              )
            )
            (2): RobertaLayer(
              (attention): RobertaAttention(
                (self): RobertaSelfAttention(
                  (query): Linear(in_features=1024, out_features=1024, bias=True)
                  (key): Linear(in_features=1024, out_features=1024, bias=True)
                  (value): Linear(in_features=1024, out_features=1024, bias=True)
                  (dropout): Dropout(p=0.1, inplace=False)
                )
                (output): RobertaSelfOutput(
                  (dense): Linear(in_features=1024, out_features=1024, bias=True)
                  (LayerNorm): LayerNorm((1024,), eps=1e-05, elementwise_affine=True)
                  (dropout): Dropout(p=0.1, inplace=False)
                )
              )
              (intermediate): RobertaIntermediate(
                (dense): Linear(in_features=1024, out_features=4096, bias=True)
              )
              (output): RobertaOutput(
                (dense): Linear(in_features=4096, out_features=1024, bias=True)
                (LayerNorm): LayerNorm((1024,), eps=1e-05, elementwise_affine=True)
                (dropout): Dropout(p=0.1, inplace=False)
              )
            )
            (3): RobertaLayer(
              (attention): RobertaAttention(
                (self): RobertaSelfAttention(
                  (query): Linear(in_features=1024, out_features=1024, bias=True)
                  (key): Linear(in_features=1024, out_features=1024, bias=True)
                  (value): Linear(in_features=1024, out_features=1024, bias=True)
                  (dropout): Dropout(p=0.1, inplace=False)
                )
                (output): RobertaSelfOutput(
                  (dense): Linear(in_features=1024, out_features=1024, bias=True)
                  (LayerNorm): LayerNorm((1024,), eps=1e-05, elementwise_affine=True)
                  (dropout): Dropout(p=0.1, inplace=False)
                )
              )
              (intermediate): RobertaIntermediate(
                (dense): Linear(in_features=1024, out_features=4096, bias=True)
              )
              (output): RobertaOutput(
                (dense): Linear(in_features=4096, out_features=1024, bias=True)
                (LayerNorm): LayerNorm((1024,), eps=1e-05, elementwise_affine=True)
                (dropout): Dropout(p=0.1, inplace=False)
              )
            )
            (4): RobertaLayer(
              (attention): RobertaAttention(
                (self): RobertaSelfAttention(
                  (query): Linear(in_features=1024, out_features=1024, bias=True)
                  (key): Linear(in_features=1024, out_features=1024, bias=True)
                  (value): Linear(in_features=1024, out_features=1024, bias=True)
                  (dropout): Dropout(p=0.1, inplace=False)
                )
                (output): RobertaSelfOutput(
                  (dense): Linear(in_features=1024, out_features=1024, bias=True)
                  (LayerNorm): LayerNorm((1024,), eps=1e-05, elementwise_affine=True)
                  (dropout): Dropout(p=0.1, inplace=False)
                )
              )
              (intermediate): RobertaIntermediate(
                (dense): Linear(in_features=1024, out_features=4096, bias=True)
              )
              (output): RobertaOutput(
                (dense): Linear(in_features=4096, out_features=1024, bias=True)
                (LayerNorm): LayerNorm((1024,), eps=1e-05, elementwise_affine=True)
                (dropout): Dropout(p=0.1, inplace=False)
              )
            )
            (5): RobertaLayer(
              (attention): RobertaAttention(
                (self): RobertaSelfAttention(
                  (query): Linear(in_features=1024, out_features=1024, bias=True)
                  (key): Linear(in_features=1024, out_features=1024, bias=True)
                  (value): Linear(in_features=1024, out_features=1024, bias=True)
                  (dropout): Dropout(p=0.1, inplace=False)
                )
                (output): RobertaSelfOutput(
                  (dense): Linear(in_features=1024, out_features=1024, bias=True)
                  (LayerNorm): LayerNorm((1024,), eps=1e-05, elementwise_affine=True)
                  (dropout): Dropout(p=0.1, inplace=False)
                )
              )
              (intermediate): RobertaIntermediate(
                (dense): Linear(in_features=1024, out_features=4096, bias=True)
              )
              (output): RobertaOutput(
                (dense): Linear(in_features=4096, out_features=1024, bias=True)
                (LayerNorm): LayerNorm((1024,), eps=1e-05, elementwise_affine=True)
                (dropout): Dropout(p=0.1, inplace=False)
              )
            )
            (6): RobertaLayer(
              (attention): RobertaAttention(
                (self): RobertaSelfAttention(
                  (query): Linear(in_features=1024, out_features=1024, bias=True)
                  (key): Linear(in_features=1024, out_features=1024, bias=True)
                  (value): Linear(in_features=1024, out_features=1024, bias=True)
                  (dropout): Dropout(p=0.1, inplace=False)
                )
                (output): RobertaSelfOutput(
                  (dense): Linear(in_features=1024, out_features=1024, bias=True)
                  (LayerNorm): LayerNorm((1024,), eps=1e-05, elementwise_affine=True)
                  (dropout): Dropout(p=0.1, inplace=False)
                )
              )
              (intermediate): RobertaIntermediate(
                (dense): Linear(in_features=1024, out_features=4096, bias=True)
              )
              (output): RobertaOutput(
                (dense): Linear(in_features=4096, out_features=1024, bias=True)
                (LayerNorm): LayerNorm((1024,), eps=1e-05, elementwise_affine=True)
                (dropout): Dropout(p=0.1, inplace=False)
              )
            )
            (7): RobertaLayer(
              (attention): RobertaAttention(
                (self): RobertaSelfAttention(
                  (query): Linear(in_features=1024, out_features=1024, bias=True)
                  (key): Linear(in_features=1024, out_features=1024, bias=True)
                  (value): Linear(in_features=1024, out_features=1024, bias=True)
                  (dropout): Dropout(p=0.1, inplace=False)
                )
                (output): RobertaSelfOutput(
                  (dense): Linear(in_features=1024, out_features=1024, bias=True)
                  (LayerNorm): LayerNorm((1024,), eps=1e-05, elementwise_affine=True)
                  (dropout): Dropout(p=0.1, inplace=False)
                )
              )
              (intermediate): RobertaIntermediate(
                (dense): Linear(in_features=1024, out_features=4096, bias=True)
              )
              (output): RobertaOutput(
                (dense): Linear(in_features=4096, out_features=1024, bias=True)
                (LayerNorm): LayerNorm((1024,), eps=1e-05, elementwise_affine=True)
                (dropout): Dropout(p=0.1, inplace=False)
              )
            )
            (8): RobertaLayer(
              (attention): RobertaAttention(
                (self): RobertaSelfAttention(
                  (query): Linear(in_features=1024, out_features=1024, bias=True)
                  (key): Linear(in_features=1024, out_features=1024, bias=True)
                  (value): Linear(in_features=1024, out_features=1024, bias=True)
                  (dropout): Dropout(p=0.1, inplace=False)
                )
                (output): RobertaSelfOutput(
                  (dense): Linear(in_features=1024, out_features=1024, bias=True)
                  (LayerNorm): LayerNorm((1024,), eps=1e-05, elementwise_affine=True)
                  (dropout): Dropout(p=0.1, inplace=False)
                )
              )
              (intermediate): RobertaIntermediate(
                (dense): Linear(in_features=1024, out_features=4096, bias=True)
              )
              (output): RobertaOutput(
                (dense): Linear(in_features=4096, out_features=1024, bias=True)
                (LayerNorm): LayerNorm((1024,), eps=1e-05, elementwise_affine=True)
                (dropout): Dropout(p=0.1, inplace=False)
              )
            )
            (9): RobertaLayer(
              (attention): RobertaAttention(
                (self): RobertaSelfAttention(
                  (query): Linear(in_features=1024, out_features=1024, bias=True)
                  (key): Linear(in_features=1024, out_features=1024, bias=True)
                  (value): Linear(in_features=1024, out_features=1024, bias=True)
                  (dropout): Dropout(p=0.1, inplace=False)
                )
                (output): RobertaSelfOutput(
                  (dense): Linear(in_features=1024, out_features=1024, bias=True)
                  (LayerNorm): LayerNorm((1024,), eps=1e-05, elementwise_affine=True)
                  (dropout): Dropout(p=0.1, inplace=False)
                )
              )
              (intermediate): RobertaIntermediate(
                (dense): Linear(in_features=1024, out_features=4096, bias=True)
              )
              (output): RobertaOutput(
                (dense): Linear(in_features=4096, out_features=1024, bias=True)
                (LayerNorm): LayerNorm((1024,), eps=1e-05, elementwise_affine=True)
                (dropout): Dropout(p=0.1, inplace=False)
              )
            )
            (10): RobertaLayer(
              (attention): RobertaAttention(
                (self): RobertaSelfAttention(
                  (query): Linear(in_features=1024, out_features=1024, bias=True)
                  (key): Linear(in_features=1024, out_features=1024, bias=True)
                  (value): Linear(in_features=1024, out_features=1024, bias=True)
                  (dropout): Dropout(p=0.1, inplace=False)
                )
                (output): RobertaSelfOutput(
                  (dense): Linear(in_features=1024, out_features=1024, bias=True)
                  (LayerNorm): LayerNorm((1024,), eps=1e-05, elementwise_affine=True)
                  (dropout): Dropout(p=0.1, inplace=False)
                )
              )
              (intermediate): RobertaIntermediate(
                (dense): Linear(in_features=1024, out_features=4096, bias=True)
              )
              (output): RobertaOutput(
                (dense): Linear(in_features=4096, out_features=1024, bias=True)
                (LayerNorm): LayerNorm((1024,), eps=1e-05, elementwise_affine=True)
                (dropout): Dropout(p=0.1, inplace=False)
              )
            )
            (11): RobertaLayer(
              (attention): RobertaAttention(
                (self): RobertaSelfAttention(
                  (query): Linear(in_features=1024, out_features=1024, bias=True)
                  (key): Linear(in_features=1024, out_features=1024, bias=True)
                  (value): Linear(in_features=1024, out_features=1024, bias=True)
                  (dropout): Dropout(p=0.1, inplace=False)
                )
                (output): RobertaSelfOutput(
                  (dense): Linear(in_features=1024, out_features=1024, bias=True)
                  (LayerNorm): LayerNorm((1024,), eps=1e-05, elementwise_affine=True)
                  (dropout): Dropout(p=0.1, inplace=False)
                )
              )
              (intermediate): RobertaIntermediate(
                (dense): Linear(in_features=1024, out_features=4096, bias=True)
              )
              (output): RobertaOutput(
                (dense): Linear(in_features=4096, out_features=1024, bias=True)
                (LayerNorm): LayerNorm((1024,), eps=1e-05, elementwise_affine=True)
                (dropout): Dropout(p=0.1, inplace=False)
              )
            )
            (12): RobertaLayer(
              (attention): RobertaAttention(
                (self): RobertaSelfAttention(
                  (query): Linear(in_features=1024, out_features=1024, bias=True)
                  (key): Linear(in_features=1024, out_features=1024, bias=True)
                  (value): Linear(in_features=1024, out_features=1024, bias=True)
                  (dropout): Dropout(p=0.1, inplace=False)
                )
                (output): RobertaSelfOutput(
                  (dense): Linear(in_features=1024, out_features=1024, bias=True)
                  (LayerNorm): LayerNorm((1024,), eps=1e-05, elementwise_affine=True)
                  (dropout): Dropout(p=0.1, inplace=False)
                )
              )
              (intermediate): RobertaIntermediate(
                (dense): Linear(in_features=1024, out_features=4096, bias=True)
              )
              (output): RobertaOutput(
                (dense): Linear(in_features=4096, out_features=1024, bias=True)
                (LayerNorm): LayerNorm((1024,), eps=1e-05, elementwise_affine=True)
                (dropout): Dropout(p=0.1, inplace=False)
              )
            )
            (13): RobertaLayer(
              (attention): RobertaAttention(
                (self): RobertaSelfAttention(
                  (query): Linear(in_features=1024, out_features=1024, bias=True)
                  (key): Linear(in_features=1024, out_features=1024, bias=True)
                  (value): Linear(in_features=1024, out_features=1024, bias=True)
                  (dropout): Dropout(p=0.1, inplace=False)
                )
                (output): RobertaSelfOutput(
                  (dense): Linear(in_features=1024, out_features=1024, bias=True)
                  (LayerNorm): LayerNorm((1024,), eps=1e-05, elementwise_affine=True)
                  (dropout): Dropout(p=0.1, inplace=False)
                )
              )
              (intermediate): RobertaIntermediate(
                (dense): Linear(in_features=1024, out_features=4096, bias=True)
              )
              (output): RobertaOutput(
                (dense): Linear(in_features=4096, out_features=1024, bias=True)
                (LayerNorm): LayerNorm((1024,), eps=1e-05, elementwise_affine=True)
                (dropout): Dropout(p=0.1, inplace=False)
              )
            )
            (14): RobertaLayer(
              (attention): RobertaAttention(
                (self): RobertaSelfAttention(
                  (query): Linear(in_features=1024, out_features=1024, bias=True)
                  (key): Linear(in_features=1024, out_features=1024, bias=True)
                  (value): Linear(in_features=1024, out_features=1024, bias=True)
                  (dropout): Dropout(p=0.1, inplace=False)
                )
                (output): RobertaSelfOutput(
                  (dense): Linear(in_features=1024, out_features=1024, bias=True)
                  (LayerNorm): LayerNorm((1024,), eps=1e-05, elementwise_affine=True)
                  (dropout): Dropout(p=0.1, inplace=False)
                )
              )
              (intermediate): RobertaIntermediate(
                (dense): Linear(in_features=1024, out_features=4096, bias=True)
              )
              (output): RobertaOutput(
                (dense): Linear(in_features=4096, out_features=1024, bias=True)
                (LayerNorm): LayerNorm((1024,), eps=1e-05, elementwise_affine=True)
                (dropout): Dropout(p=0.1, inplace=False)
              )
            )
            (15): RobertaLayer(
              (attention): RobertaAttention(
                (self): RobertaSelfAttention(
                  (query): Linear(in_features=1024, out_features=1024, bias=True)
                  (key): Linear(in_features=1024, out_features=1024, bias=True)
                  (value): Linear(in_features=1024, out_features=1024, bias=True)
                  (dropout): Dropout(p=0.1, inplace=False)
                )
                (output): RobertaSelfOutput(
                  (dense): Linear(in_features=1024, out_features=1024, bias=True)
                  (LayerNorm): LayerNorm((1024,), eps=1e-05, elementwise_affine=True)
                  (dropout): Dropout(p=0.1, inplace=False)
                )
              )
              (intermediate): RobertaIntermediate(
                (dense): Linear(in_features=1024, out_features=4096, bias=True)
              )
              (output): RobertaOutput(
                (dense): Linear(in_features=4096, out_features=1024, bias=True)
                (LayerNorm): LayerNorm((1024,), eps=1e-05, elementwise_affine=True)
                (dropout): Dropout(p=0.1, inplace=False)
              )
            )
            (16): RobertaLayer(
              (attention): RobertaAttention(
                (self): RobertaSelfAttention(
                  (query): Linear(in_features=1024, out_features=1024, bias=True)
                  (key): Linear(in_features=1024, out_features=1024, bias=True)
                  (value): Linear(in_features=1024, out_features=1024, bias=True)
                  (dropout): Dropout(p=0.1, inplace=False)
                )
                (output): RobertaSelfOutput(
                  (dense): Linear(in_features=1024, out_features=1024, bias=True)
                  (LayerNorm): LayerNorm((1024,), eps=1e-05, elementwise_affine=True)
                  (dropout): Dropout(p=0.1, inplace=False)
                )
              )
              (intermediate): RobertaIntermediate(
                (dense): Linear(in_features=1024, out_features=4096, bias=True)
              )
              (output): RobertaOutput(
                (dense): Linear(in_features=4096, out_features=1024, bias=True)
                (LayerNorm): LayerNorm((1024,), eps=1e-05, elementwise_affine=True)
                (dropout): Dropout(p=0.1, inplace=False)
              )
            )
            (17): RobertaLayer(
              (attention): RobertaAttention(
                (self): RobertaSelfAttention(
                  (query): Linear(in_features=1024, out_features=1024, bias=True)
                  (key): Linear(in_features=1024, out_features=1024, bias=True)
                  (value): Linear(in_features=1024, out_features=1024, bias=True)
                  (dropout): Dropout(p=0.1, inplace=False)
                )
                (output): RobertaSelfOutput(
                  (dense): Linear(in_features=1024, out_features=1024, bias=True)
                  (LayerNorm): LayerNorm((1024,), eps=1e-05, elementwise_affine=True)
                  (dropout): Dropout(p=0.1, inplace=False)
                )
              )
              (intermediate): RobertaIntermediate(
                (dense): Linear(in_features=1024, out_features=4096, bias=True)
              )
              (output): RobertaOutput(
                (dense): Linear(in_features=4096, out_features=1024, bias=True)
                (LayerNorm): LayerNorm((1024,), eps=1e-05, elementwise_affine=True)
                (dropout): Dropout(p=0.1, inplace=False)
              )
            )
            (18): RobertaLayer(
              (attention): RobertaAttention(
                (self): RobertaSelfAttention(
                  (query): Linear(in_features=1024, out_features=1024, bias=True)
                  (key): Linear(in_features=1024, out_features=1024, bias=True)
                  (value): Linear(in_features=1024, out_features=1024, bias=True)
                  (dropout): Dropout(p=0.1, inplace=False)
                )
                (output): RobertaSelfOutput(
                  (dense): Linear(in_features=1024, out_features=1024, bias=True)
                  (LayerNorm): LayerNorm((1024,), eps=1e-05, elementwise_affine=True)
                  (dropout): Dropout(p=0.1, inplace=False)
                )
              )
              (intermediate): RobertaIntermediate(
                (dense): Linear(in_features=1024, out_features=4096, bias=True)
              )
              (output): RobertaOutput(
                (dense): Linear(in_features=4096, out_features=1024, bias=True)
                (LayerNorm): LayerNorm((1024,), eps=1e-05, elementwise_affine=True)
                (dropout): Dropout(p=0.1, inplace=False)
              )
            )
            (19): RobertaLayer(
              (attention): RobertaAttention(
                (self): RobertaSelfAttention(
                  (query): Linear(in_features=1024, out_features=1024, bias=True)
                  (key): Linear(in_features=1024, out_features=1024, bias=True)
                  (value): Linear(in_features=1024, out_features=1024, bias=True)
                  (dropout): Dropout(p=0.1, inplace=False)
                )
                (output): RobertaSelfOutput(
                  (dense): Linear(in_features=1024, out_features=1024, bias=True)
                  (LayerNorm): LayerNorm((1024,), eps=1e-05, elementwise_affine=True)
                  (dropout): Dropout(p=0.1, inplace=False)
                )
              )
              (intermediate): RobertaIntermediate(
                (dense): Linear(in_features=1024, out_features=4096, bias=True)
              )
              (output): RobertaOutput(
                (dense): Linear(in_features=4096, out_features=1024, bias=True)
                (LayerNorm): LayerNorm((1024,), eps=1e-05, elementwise_affine=True)
                (dropout): Dropout(p=0.1, inplace=False)
              )
            )
            (20): RobertaLayer(
              (attention): RobertaAttention(
                (self): RobertaSelfAttention(
                  (query): Linear(in_features=1024, out_features=1024, bias=True)
                  (key): Linear(in_features=1024, out_features=1024, bias=True)
                  (value): Linear(in_features=1024, out_features=1024, bias=True)
                  (dropout): Dropout(p=0.1, inplace=False)
                )
                (output): RobertaSelfOutput(
                  (dense): Linear(in_features=1024, out_features=1024, bias=True)
                  (LayerNorm): LayerNorm((1024,), eps=1e-05, elementwise_affine=True)
                  (dropout): Dropout(p=0.1, inplace=False)
                )
              )
              (intermediate): RobertaIntermediate(
                (dense): Linear(in_features=1024, out_features=4096, bias=True)
              )
              (output): RobertaOutput(
                (dense): Linear(in_features=4096, out_features=1024, bias=True)
                (LayerNorm): LayerNorm((1024,), eps=1e-05, elementwise_affine=True)
                (dropout): Dropout(p=0.1, inplace=False)
              )
            )
            (21): RobertaLayer(
              (attention): RobertaAttention(
                (self): RobertaSelfAttention(
                  (query): Linear(in_features=1024, out_features=1024, bias=True)
                  (key): Linear(in_features=1024, out_features=1024, bias=True)
                  (value): Linear(in_features=1024, out_features=1024, bias=True)
                  (dropout): Dropout(p=0.1, inplace=False)
                )
                (output): RobertaSelfOutput(
                  (dense): Linear(in_features=1024, out_features=1024, bias=True)
                  (LayerNorm): LayerNorm((1024,), eps=1e-05, elementwise_affine=True)
                  (dropout): Dropout(p=0.1, inplace=False)
                )
              )
              (intermediate): RobertaIntermediate(
                (dense): Linear(in_features=1024, out_features=4096, bias=True)
              )
              (output): RobertaOutput(
                (dense): Linear(in_features=4096, out_features=1024, bias=True)
                (LayerNorm): LayerNorm((1024,), eps=1e-05, elementwise_affine=True)
                (dropout): Dropout(p=0.1, inplace=False)
              )
            )
            (22): RobertaLayer(
              (attention): RobertaAttention(
                (self): RobertaSelfAttention(
                  (query): Linear(in_features=1024, out_features=1024, bias=True)
                  (key): Linear(in_features=1024, out_features=1024, bias=True)
                  (value): Linear(in_features=1024, out_features=1024, bias=True)
                  (dropout): Dropout(p=0.1, inplace=False)
                )
                (output): RobertaSelfOutput(
                  (dense): Linear(in_features=1024, out_features=1024, bias=True)
                  (LayerNorm): LayerNorm((1024,), eps=1e-05, elementwise_affine=True)
                  (dropout): Dropout(p=0.1, inplace=False)
                )
              )
              (intermediate): RobertaIntermediate(
                (dense): Linear(in_features=1024, out_features=4096, bias=True)
              )
              (output): RobertaOutput(
                (dense): Linear(in_features=4096, out_features=1024, bias=True)
                (LayerNorm): LayerNorm((1024,), eps=1e-05, elementwise_affine=True)
                (dropout): Dropout(p=0.1, inplace=False)
              )
            )
            (23): RobertaLayer(
              (attention): RobertaAttention(
                (self): RobertaSelfAttention(
                  (query): Linear(in_features=1024, out_features=1024, bias=True)
                  (key): Linear(in_features=1024, out_features=1024, bias=True)
                  (value): Linear(in_features=1024, out_features=1024, bias=True)
                  (dropout): Dropout(p=0.1, inplace=False)
                )
                (output): RobertaSelfOutput(
                  (dense): Linear(in_features=1024, out_features=1024, bias=True)
                  (LayerNorm): LayerNorm((1024,), eps=1e-05, elementwise_affine=True)
                  (dropout): Dropout(p=0.1, inplace=False)
                )
              )
              (intermediate): RobertaIntermediate(
                (dense): Linear(in_features=1024, out_features=4096, bias=True)
              )
              (output): RobertaOutput(
                (dense): Linear(in_features=4096, out_features=1024, bias=True)
                (LayerNorm): LayerNorm((1024,), eps=1e-05, elementwise_affine=True)
                (dropout): Dropout(p=0.1, inplace=False)
              )
            )
          )
        )
        (pooler): RobertaPooler(
          (dense): Linear(in_features=1024, out_features=1024, bias=True)
          (activation): Tanh()
        )
      )
    )
    (list_embedding_2): OneHotEmbeddings(
      min_freq=3
      (embedding_layer): Embedding(18, 41)
    )
    (list_embedding_3): OneHotEmbeddings(
      min_freq=3
      (embedding_layer): Embedding(22, 22)
    )
  )
  (word_dropout): WordDropout(p=0.05)
  (embedding2nn): Linear(in_features=4159, out_features=4159, bias=True)
  (rnn): LSTM(4159, 900, num_layers=2, batch_first=True, dropout=0.5, bidirectional=True)
  (linear): Linear(in_features=1800, out_features=551, bias=True)
  (beta): 1.0
  (weights): None
  (weight_tensor) None
)"
2021-10-03 18:43:54,222 ----------------------------------------------------------------------------------------------------
2021-10-03 18:43:54,222 Corpus: "Corpus: 2508 train + 2002 dev + 2077 test sentences"
2021-10-03 18:43:54,236 ----------------------------------------------------------------------------------------------------
2021-10-03 18:43:54,238 Parameters:
2021-10-03 18:43:54,238  - learning_rate: "0.95"
2021-10-03 18:43:54,238  - mini_batch_size: "32"
2021-10-03 18:43:54,238  - patience: "3"
2021-10-03 18:43:54,238  - anneal_factor: "0.5"
2021-10-03 18:43:54,238  - max_epochs: "120"
2021-10-03 18:43:54,238  - shuffle: "True"
2021-10-03 18:43:54,238  - train_with_dev: "False"
2021-10-03 18:43:54,238  - batch_growth_annealing: "False"
2021-10-03 18:43:54,238 ----------------------------------------------------------------------------------------------------
2021-10-03 18:43:54,238 Model training base path: "model/flattened/upos/goldpos/goldframes/0.95-900-2-0-0-0-elmo-original-top-1-transformer-word-roberta-large-2-uposembeddings-3-one-hot-182e0"
2021-10-03 18:43:54,238 ----------------------------------------------------------------------------------------------------
2021-10-03 18:43:54,239 Device: cuda:1
2021-10-03 18:43:54,239 ----------------------------------------------------------------------------------------------------
2021-10-03 18:43:54,239 Embeddings storage mode: gpu
2021-10-03 18:43:54,279 ----------------------------------------------------------------------------------------------------
2021-10-03 18:44:04,478 epoch 1 - iter 7/79 - loss 7.54226487 - samples/sec: 21.97 - lr: 0.950000
2021-10-03 18:44:14,124 epoch 1 - iter 14/79 - loss 6.89476800 - samples/sec: 23.22 - lr: 0.950000
2021-10-03 18:44:19,949 ----------------------------------------------------------------------------------------------------
2021-10-03 18:44:19,949 Exiting from training early.
2021-10-03 18:44:19,949 Saving model ...
