2021-06-24 16:56:03,342 ----------------------------------------------------------------------------------------------------
2021-06-24 16:56:03,343 Model: "SequenceTagger(
  (embeddings): StackedEmbeddings(
    (list_embedding_0): VerbEmbedding()
    (list_embedding_1): ELMoEmbeddings(model=1-elmo-original-all)
  )
  (dropout): Dropout(p=0.1, inplace=False)
  (word_dropout): WordDropout(p=0.05)
  (locked_dropout): LockedDropout(p=0.5)
  (embedding2nn): Linear(in_features=3073, out_features=3073, bias=True)
  (rnn): LSTM(3073, 2048, batch_first=True, bidirectional=True)
  (linear): Linear(in_features=4096, out_features=159, bias=True)
  (beta): 1.0
  (weights): None
  (weight_tensor) None
)"
2021-06-24 16:56:03,344 ----------------------------------------------------------------------------------------------------
2021-06-24 16:56:03,344 Corpus: "Corpus: 12543 train + 2002 dev + 2077 test sentences"
2021-06-24 16:56:03,345 ----------------------------------------------------------------------------------------------------
2021-06-24 16:56:03,345 Parameters:
2021-06-24 16:56:03,345  - learning_rate: "0.1"
2021-06-24 16:56:03,346  - mini_batch_size: "32"
2021-06-24 16:56:03,346  - patience: "3"
2021-06-24 16:56:03,346  - anneal_factor: "0.5"
2021-06-24 16:56:03,347  - max_epochs: "150"
2021-06-24 16:56:03,347  - shuffle: "True"
2021-06-24 16:56:03,347  - train_with_dev: "False"
2021-06-24 16:56:03,348  - batch_growth_annealing: "False"
2021-06-24 16:56:03,348 ----------------------------------------------------------------------------------------------------
2021-06-24 16:56:03,348 Model training base path: "/vol/fob-vol2/mi16/bektasal/Desktop/thesis/ThesisDev/modelout"
2021-06-24 16:56:03,349 ----------------------------------------------------------------------------------------------------
2021-06-24 16:56:03,349 Device: cuda:0
2021-06-24 16:56:03,349 ----------------------------------------------------------------------------------------------------
2021-06-24 16:56:03,350 Embeddings storage mode: gpu
2021-06-24 16:56:03,356 ----------------------------------------------------------------------------------------------------
2021-06-24 16:57:07,184 ----------------------------------------------------------------------------------------------------
2021-06-24 16:57:07,186 Exiting from training early.
2021-06-24 16:57:07,186 Saving model ...
