2021-10-04 12:42:19,984 ----------------------------------------------------------------------------------------------------
2021-10-04 12:42:19,985 Model: "SequenceTagger(
  (embeddings): StackedEmbeddings(
    (list_embedding_0): WordEmbeddings('glove')
    (list_embedding_1): OneHotEmbeddings(
      min_freq=3
      (embedding_layer): Embedding(18, 41)
    )
    (list_embedding_2): OneHotEmbeddings(
      min_freq=3
      (embedding_layer): Embedding(22, 22)
    )
  )
  (word_dropout): WordDropout(p=0.05)
  (embedding2nn): Linear(in_features=163, out_features=163, bias=True)
  (rnn): LSTM(163, 900, batch_first=True, bidirectional=True)
  (linear): Linear(in_features=1800, out_features=1160, bias=True)
  (beta): 1.0
  (weights): None
  (weight_tensor) None
)"
2021-10-04 12:42:19,985 ----------------------------------------------------------------------------------------------------
2021-10-04 12:42:19,995 Corpus: "Corpus: 2508 train + 2002 dev + 2077 test sentences"
2021-10-04 12:42:20,016 ----------------------------------------------------------------------------------------------------
2021-10-04 12:42:20,028 Parameters:
2021-10-04 12:42:20,100  - learning_rate: "0.1"
2021-10-04 12:42:20,105  - mini_batch_size: "32"
2021-10-04 12:42:20,109  - patience: "3"
2021-10-04 12:42:20,109  - anneal_factor: "0.5"
2021-10-04 12:42:20,109  - max_epochs: "120"
2021-10-04 12:42:20,109  - shuffle: "True"
2021-10-04 12:42:20,109  - train_with_dev: "False"
2021-10-04 12:42:20,113  - batch_growth_annealing: "False"
2021-10-04 12:42:20,113 ----------------------------------------------------------------------------------------------------
2021-10-04 12:42:20,113 Model training base path: "model/srlreplaced/upos/goldpos/goldframes/0.1-900-1-0-0-0-glove-english-1-uposembeddings-2-one-hot-c004b"
2021-10-04 12:42:20,133 ----------------------------------------------------------------------------------------------------
2021-10-04 12:42:20,133 Device: cpu
2021-10-04 12:42:20,137 ----------------------------------------------------------------------------------------------------
2021-10-04 12:42:20,137 Embeddings storage mode: gpu
2021-10-04 12:42:20,152 ----------------------------------------------------------------------------------------------------
2021-10-04 12:42:22,923 ----------------------------------------------------------------------------------------------------
2021-10-04 12:42:22,923 Exiting from training early.
2021-10-04 12:42:22,923 Saving model ...
