2021-10-06 17:41:40,868 ----------------------------------------------------------------------------------------------------
2021-10-06 17:41:40,869 Model: "SequenceTagger(
  (embeddings): StackedEmbeddings(
    (list_embedding_0): FlairEmbeddings(
      (lm): LanguageModel(
        (drop): Dropout(p=0.05, inplace=False)
        (encoder): Embedding(300, 100)
        (rnn): LSTM(100, 2048)
        (decoder): Linear(in_features=2048, out_features=300, bias=True)
      )
    )
    (list_embedding_1): FlairEmbeddings(
      (lm): LanguageModel(
        (drop): Dropout(p=0.05, inplace=False)
        (encoder): Embedding(300, 100)
        (rnn): LSTM(100, 2048)
        (decoder): Linear(in_features=2048, out_features=300, bias=True)
      )
    )
  )
  (dropout): Dropout(p=0.2, inplace=False)
  (word_dropout): WordDropout(p=0.05)
  (locked_dropout): LockedDropout(p=0.3)
  (embedding2nn): Linear(in_features=4096, out_features=4096, bias=True)
  (rnn): LSTM(4096, 500, batch_first=True, bidirectional=True)
  (linear): Linear(in_features=1000, out_features=978, bias=True)
  (beta): 1.0
  (weights): None
  (weight_tensor) None
)"
2021-10-06 17:41:40,883 ----------------------------------------------------------------------------------------------------
2021-10-06 17:41:40,885 Corpus: "Corpus: 12543 train + 2002 dev + 2077 test sentences"
2021-10-06 17:41:40,885 ----------------------------------------------------------------------------------------------------
2021-10-06 17:41:40,885 Parameters:
2021-10-06 17:41:40,885  - learning_rate: "0.75"
2021-10-06 17:41:40,885  - mini_batch_size: "32"
2021-10-06 17:41:40,885  - patience: "3"
2021-10-06 17:41:40,885  - anneal_factor: "0.5"
2021-10-06 17:41:40,885  - max_epochs: "3"
2021-10-06 17:41:40,885  - shuffle: "True"
2021-10-06 17:41:40,885  - train_with_dev: "False"
2021-10-06 17:41:40,885  - batch_growth_annealing: "False"
2021-10-06 17:41:40,885 ----------------------------------------------------------------------------------------------------
2021-10-06 17:41:40,885 Model training base path: "model/srlreplaced/upos/goldpos/goldframes/689d525b-d233-4be7-b025-e84318b7110f"
2021-10-06 17:41:40,905 ----------------------------------------------------------------------------------------------------
2021-10-06 17:41:40,906 Device: cuda:0
2021-10-06 17:41:40,907 ----------------------------------------------------------------------------------------------------
2021-10-06 17:41:40,907 Embeddings storage mode: gpu
2021-10-06 17:41:40,916 ----------------------------------------------------------------------------------------------------
2021-10-06 17:41:46,582 epoch 1 - iter 39/392 - loss 5.26161684 - samples/sec: 220.34 - lr: 0.750000
2021-10-06 17:41:50,853 epoch 1 - iter 78/392 - loss 4.58208356 - samples/sec: 292.28 - lr: 0.750000
2021-10-06 17:41:55,408 epoch 1 - iter 117/392 - loss 4.04746037 - samples/sec: 274.07 - lr: 0.750000
2021-10-06 17:41:59,582 epoch 1 - iter 156/392 - loss 3.65613656 - samples/sec: 299.13 - lr: 0.750000
2021-10-06 17:42:04,226 epoch 1 - iter 195/392 - loss 3.47365104 - samples/sec: 268.82 - lr: 0.750000
2021-10-06 17:42:09,562 epoch 1 - iter 234/392 - loss 3.37223779 - samples/sec: 234.00 - lr: 0.750000
2021-10-06 17:42:14,102 epoch 1 - iter 273/392 - loss 3.24772453 - samples/sec: 275.01 - lr: 0.750000
2021-10-06 17:42:18,497 epoch 1 - iter 312/392 - loss 3.13547211 - samples/sec: 284.14 - lr: 0.750000
2021-10-06 17:42:22,492 epoch 1 - iter 351/392 - loss 3.02423765 - samples/sec: 312.53 - lr: 0.750000
2021-10-06 17:42:27,198 epoch 1 - iter 390/392 - loss 2.93441055 - samples/sec: 265.34 - lr: 0.750000
2021-10-06 17:42:27,524 ----------------------------------------------------------------------------------------------------
2021-10-06 17:42:27,524 EPOCH 1 done: loss 2.9308 - lr 0.7500000
2021-10-06 17:42:34,840 DEV : loss 1.8089478015899658 - score 0.5283
2021-10-06 17:42:34,850 BAD EPOCHS (no improvement): 0
2021-10-06 17:42:38,863 ----------------------------------------------------------------------------------------------------
2021-10-06 17:42:40,200 epoch 2 - iter 39/392 - loss 1.94631212 - samples/sec: 935.40 - lr: 0.750000
2021-10-06 17:42:41,645 epoch 2 - iter 78/392 - loss 1.92594521 - samples/sec: 864.73 - lr: 0.750000
2021-10-06 17:42:43,030 epoch 2 - iter 117/392 - loss 1.90563219 - samples/sec: 901.98 - lr: 0.750000
2021-10-06 17:42:44,476 epoch 2 - iter 156/392 - loss 1.87913421 - samples/sec: 863.67 - lr: 0.750000
2021-10-06 17:42:45,846 epoch 2 - iter 195/392 - loss 1.86061874 - samples/sec: 911.78 - lr: 0.750000
2021-10-06 17:42:47,189 epoch 2 - iter 234/392 - loss 1.83694259 - samples/sec: 930.35 - lr: 0.750000
2021-10-06 17:42:48,538 epoch 2 - iter 273/392 - loss 1.81331997 - samples/sec: 926.22 - lr: 0.750000
2021-10-06 17:42:49,882 epoch 2 - iter 312/392 - loss 1.79352270 - samples/sec: 929.77 - lr: 0.750000
2021-10-06 17:42:51,234 epoch 2 - iter 351/392 - loss 1.77625987 - samples/sec: 924.15 - lr: 0.750000
2021-10-06 17:42:52,614 epoch 2 - iter 390/392 - loss 1.76129877 - samples/sec: 904.97 - lr: 0.750000
2021-10-06 17:42:52,680 ----------------------------------------------------------------------------------------------------
2021-10-06 17:42:52,680 EPOCH 2 done: loss 1.7610 - lr 0.7500000
2021-10-06 17:42:54,519 DEV : loss 1.4205693006515503 - score 0.6156
2021-10-06 17:42:54,528 BAD EPOCHS (no improvement): 0
2021-10-06 17:42:58,777 ----------------------------------------------------------------------------------------------------
2021-10-06 17:43:00,177 epoch 3 - iter 39/392 - loss 1.50468431 - samples/sec: 893.36 - lr: 0.750000
2021-10-06 17:43:01,624 epoch 3 - iter 78/392 - loss 1.51788529 - samples/sec: 863.90 - lr: 0.750000
2021-10-06 17:43:03,030 epoch 3 - iter 117/392 - loss 1.50899091 - samples/sec: 889.79 - lr: 0.750000
2021-10-06 17:43:04,453 epoch 3 - iter 156/392 - loss 1.51055994 - samples/sec: 878.17 - lr: 0.750000
2021-10-06 17:43:05,911 epoch 3 - iter 195/392 - loss 1.50768558 - samples/sec: 857.24 - lr: 0.750000
2021-10-06 17:43:07,269 epoch 3 - iter 234/392 - loss 1.49460409 - samples/sec: 920.57 - lr: 0.750000
2021-10-06 17:43:08,741 epoch 3 - iter 273/392 - loss 1.49014732 - samples/sec: 849.27 - lr: 0.750000
2021-10-06 17:43:10,109 epoch 3 - iter 312/392 - loss 1.48471909 - samples/sec: 914.14 - lr: 0.750000
2021-10-06 17:43:11,517 epoch 3 - iter 351/392 - loss 1.47903140 - samples/sec: 887.73 - lr: 0.750000
2021-10-06 17:43:12,908 epoch 3 - iter 390/392 - loss 1.46845921 - samples/sec: 898.24 - lr: 0.750000
2021-10-06 17:43:12,980 ----------------------------------------------------------------------------------------------------
2021-10-06 17:43:12,980 EPOCH 3 done: loss 1.4689 - lr 0.7500000
2021-10-06 17:43:14,857 DEV : loss 1.241707444190979 - score 0.6512
2021-10-06 17:43:14,867 BAD EPOCHS (no improvement): 0
2021-10-06 17:43:27,119 ----------------------------------------------------------------------------------------------------
2021-10-06 17:43:27,119 Testing using best model ...
2021-10-06 17:43:27,119 loading file model/srlreplaced/upos/goldpos/goldframes/689d525b-d233-4be7-b025-e84318b7110f/best-model.pt
2021-10-06 17:43:34,188 	0.6505
2021-10-06 17:43:34,188 
Results:
- F-score (micro): 0.6505
- F-score (macro): 0.1011
- Accuracy (incl. no class): 0.6505

By class:
                      precision    recall  f1-score   support

          1,NOUN,det     0.9165    0.9271    0.9218      1385
    1,FRAME,ARGM-ADJ     0.5376    0.5291    0.5333       189
        1,FRAME,ARG1     0.7190    0.6980    0.7083       755
           2,ADJ,cop     1.0000    0.0000    0.0000         9
           1,ADJ,cop     0.8724    0.8940    0.8831       283
           1,ADJ,det     0.6452    0.6452    0.6452        31
    1,FRAME,ARGM-EXT     0.5526    0.7241    0.6269        87
       -1,FRAME,ARG2     0.7447    0.4829    0.5859       876
        -1,ADJ,punct     0.6279    0.5329    0.5765       152
        -1,ROOT,root     0.8318    0.9315    0.8788      1709
        2,FRAME,ARG1     0.5542    0.6345    0.5916       145
         1,VERB,mark     0.8317    0.9500    0.8869       640
        1,FRAME,ARG0     0.8081    0.8424    0.8249       920
       -1,PRON,advcl     1.0000    0.0000    0.0000         2
        1,PROPN,case     0.8486    0.8201    0.8341       328
       -1,FRAME,ARG1     0.6559    0.8315    0.7333      1685
       -1,VERB,punct     0.5567    0.7939    0.6545       495
         4,NOUN,case     1.0000    0.0000    0.0000         5
         2,NOUN,case     0.5263    0.6569    0.5844       137
    4,NOUN,nmod:poss     1.0000    0.0000    0.0000         2
    2,NOUN,nmod:poss     0.6562    0.6774    0.6667        31
     1,NOUN,compound     0.7061    0.6653    0.6851       502
        1,NOUN,punct     0.5353    0.7461    0.6234       193
     2,NOUN,compound     0.3281    0.4200    0.3684        50
        -1,NOUN,conj     0.3399    0.8466    0.4851       163
       -1,NOUN,punct     0.6364    0.5738    0.6034       305
           1,NOUN,cc     0.6723    0.8634    0.7560       183
           2,NOUN,cc     0.4375    0.2333    0.3043        30
       1,NOUN,advmod     0.3333    0.4571    0.3855        35
        -2,NOUN,conj     0.1622    0.1224    0.1395        49
          2,NOUN,det     0.6300    0.7371    0.6793       194
        1,ADJ,advmod     0.8727    0.6316    0.7328       152
         1,NOUN,amod     0.7053    0.8435    0.7683       735
         1,ADJ,punct     0.5000    0.1867    0.2718        75
         2,NOUN,amod     0.4396    0.4545    0.4469        88
       -1,FRAME,ARG4     0.5556    0.0909    0.1562        55
       2,PROPN,punct     0.1765    0.1875    0.1818        16
        1,VERB,punct     0.5433    0.8901    0.6747       282
        2,PROPN,case     0.5465    0.5949    0.5697        79
    1,PROPN,compound     0.5461    0.6696    0.6016       336
       -1,PROPN,nmod     0.4286    0.1667    0.2400        36
       -1,PROPN,flat     0.6975    0.8513    0.7667       195
       -2,PROPN,flat     0.7143    0.3125    0.4348        48
      -4,PROPN,punct     1.0000    0.0000    0.0000        18
      -3,PROPN,punct     0.1875    0.0667    0.0984        45
        2,NOUN,punct     0.1538    0.0513    0.0769        39
    1,FRAME,ARGM-DIS     0.7097    0.6947    0.7021        95
         1,NOUN,case     0.8307    0.9036    0.8656      1037
    1,FRAME,ARGM-ADV     0.5210    0.6596    0.5822       188
          1,NOUN,cop     0.7175    0.8944    0.7962       142
        -1,PRON,amod     0.8333    0.2941    0.4348        17
   -1,FRAME,ARGM-ADV     0.1721    0.2000    0.1850       105
    1,NOUN,obl:npmod     1.0000    0.0000    0.0000         2
    1,FRAME,ARGM-TMP     0.7798    0.5449    0.6415       156
  1,FRAME,R-ARGM-TMP     1.0000    0.0000    0.0000         2
         1,NOUN,mark     0.7222    0.6842    0.7027        19
       -3,NOUN,punct     0.1111    0.0571    0.0755        35
        1,FRAME,ARG2     0.6500    0.1912    0.2955        68
       -1,PROPN,case     0.7273    0.8333    0.7767        48
    1,FRAME,ARGM-MOD     0.9787    0.9641    0.9713       334
       -2,FRAME,ARG1     0.3962    0.5915    0.4746       142
       -2,VERB,punct     0.5168    0.5987    0.5547       309
        2,FRAME,ARG0     0.7125    0.8382    0.7703       272
          1,VERB,aux     0.8556    0.9758    0.9118       413
    1,FRAME,ARGM-NEG     0.8324    0.9490    0.8869       157
   -2,FRAME,ARGM-ADV     0.5000    0.0667    0.1176        45
   -1,NOUN,acl:relcl     0.4852    0.8119    0.6074       101
   -1,FRAME,ARGM-TMP     0.6680    0.6494    0.6586       251
           1,VERB,cc     0.8511    0.9231    0.8856       260
            1,ADJ,cc     0.7381    0.6392    0.6851        97
          1,VERB,cop     1.0000    0.0000    0.0000         7
        1,ADV,advmod     0.4490    0.3929    0.4190        56
       1,VERB,advmod     0.2941    0.2703    0.2817        37
        -1,VERB,conj     0.3891    0.8121    0.5261       149
   -1,FRAME,ARGM-LOC     0.3026    0.5985    0.4020       137
       -4,VERB,punct     0.0750    0.0429    0.0545        70
          2,NOUN,cop     0.2500    0.1765    0.2069        17
         1,PRON,case     0.7939    0.8525    0.8221       122
        -1,ADV,fixed     0.7778    0.2692    0.4000        26
        -1,VERB,expl     0.8571    0.7500    0.8000         8
       -1,FRAME,ARG3     1.0000    0.0000    0.0000        61
      -1,VERB,advmod     0.3000    0.1875    0.2308        16
          -1,ADV,obl     0.0000    0.0000    0.0000        22
      1,FRAME,R-ARG0     0.7959    0.9512    0.8667        41
    -1,ADJ,acl:relcl     1.0000    0.0000    0.0000         3
    1,NOUN,nmod:poss     0.8075    0.8594    0.8327       249
       -3,FRAME,ARG1     1.0000    0.0000    0.0000        16
          -1,FRAME,V     1.0000    0.0000    0.0000         4
        -3,VERB,conj     1.0000    0.0000    0.0000        19
        -2,VERB,conj     0.1034    0.0588    0.0750        51
        -1,FRAME,C-V     0.4348    0.7143    0.5405        14
       -5,VERB,punct     1.0000    0.0000    0.0000        29
       -3,VERB,punct     0.3738    0.4583    0.4118       168
       -2,PROPN,nmod     1.0000    0.0000    0.0000        16
-1,VERB,compound:prt     0.6627    0.8730    0.7534        63
        1,FRAME,ARG3     1.0000    0.0000    0.0000         5
     1,VERB,aux:pass     0.8624    0.8545    0.8584       110
   -1,PRON,acl:relcl     1.0000    0.0000    0.0000         7
   -2,FRAME,ARGM-LOC     1.0000    0.0000    0.0000        20
   -1,FRAME,ARGM-GOL     1.0000    0.0000    0.0000        15
   -1,FRAME,ARGM-PRP     0.4054    0.2679    0.3226        56
    1,FRAME,ARGM-LVB     0.6667    0.1250    0.2105        48
   -1,FRAME,ARGM-PRR     1.0000    0.0476    0.0909        63
          1,ADJ,case     0.7500    0.1765    0.2857        17
        -1,NOUN,nmod     0.3759    0.7877    0.5089       325
          -1,ADJ,obl     0.3333    0.1071    0.1622        28
         -1,NUM,nmod     0.1333    0.0625    0.0851        32
      2,FRAME,R-ARG1     0.4400    1.0000    0.6111        11
       1,NOUN,nummod     0.6856    0.9236    0.7870       144
    2,FRAME,ARGM-LOC     1.0000    0.0000    0.0000         6
       2,NOUN,nummod     1.0000    0.0000    0.0000         8
         1,PROPN,det     0.6538    0.7312    0.6904        93
       -1,VERB,xcomp     0.1667    0.0606    0.0889        33
    1,FRAME,ARGM-LOC     0.2857    0.1000    0.1481        20
       -2,FRAME,ARG2     1.0000    0.0000    0.0000        42
   -1,FRAME,ARGM-PRD     0.0000    0.0000    0.0000        23
         -1,NOUN,acl     0.3366    0.8118    0.4759        85
       -1,FRAME,ARG0     0.2308    0.0741    0.1121        81
        3,FRAME,ARG0     1.0000    0.0000    0.0000        19
      3,FRAME,R-ARG0     1.0000    0.0000    0.0000         2
        3,VERB,punct     1.0000    0.0000    0.0000         8
    2,FRAME,ARGM-ADV     0.4348    0.2273    0.2985        44
   -2,NOUN,acl:relcl     1.0000    0.0000    0.0000        12
   1,NOUN,det:predet     0.4615    0.6316    0.5333        19
      -1,NOUN,advmod     0.4444    0.1739    0.2500        23
       -7,VERB,punct     1.0000    0.0000    0.0000         4
   -1,FRAME,ARGM-NEG     0.8519    0.8846    0.8679        26
        -4,VERB,conj     1.0000    0.0000    0.0000         7
        -1,PRON,nmod     1.0000    0.0000    0.0000        11
        4,VERB,punct     1.0000    0.0000    0.0000         3
           4,VERB,cc     1.0000    0.0000    0.0000         1
          1,ADJ,mark     0.7692    0.4167    0.5405        48
   -1,FRAME,ARGM-ADJ     1.0000    0.0000    0.0000        27
   -2,PRON,acl:relcl     0.3750    0.1667    0.2308        18
        -9,VERB,conj     1.0000    0.0000    0.0000         1
      -10,VERB,punct     1.0000    0.0000    0.0000         2
   -1,FRAME,ARGM-MNR     0.3714    0.2203    0.2766        59
         2,PROPN,det     0.4615    0.7059    0.5581        34
         1,VERB,expl     0.9000    0.8372    0.8675        43
           1,ADJ,aux     1.0000    0.0000    0.0000        11
        4,PROPN,case     1.0000    0.0000    0.0000         5
         4,PROPN,det     1.0000    0.0000    0.0000         5
    2,PROPN,compound     0.1667    0.1458    0.1556        48
     -1,FRAME,C-ARG1     0.5000    0.1389    0.2174        36
       -6,VERB,punct     1.0000    0.0000    0.0000        15
    2,FRAME,ARGM-DIS     0.5161    0.5926    0.5517        27
        -1,ADP,fixed     0.4286    0.1875    0.2609        16
         -1,VERB,obj     1.0000    0.0000    0.0000         4
    2,FRAME,ARGM-TMP     0.4706    0.5161    0.4923        31
       1,PROPN,punct     0.5196    0.5300    0.5248       100
      -1,PROPN,appos     0.2381    0.4444    0.3101        45
           <UNKNOWN>     0.0000    1.0000    0.0000         0
       -1,NOUN,appos     0.4714    0.5323    0.5000        62
         2,VERB,mark     1.0000    0.0000    0.0000        11
       -2,FRAME,ARG0     1.0000    0.0000    0.0000         8
   -4,FRAME,ARGM-TMP     1.0000    0.0000    0.0000         2
       -2,NOUN,punct     0.3976    0.4125    0.4049        80
        -1,NOUN,amod     0.0000    0.0000    0.0000        11
        -1,NOUN,case     0.6154    0.5714    0.5926        14
         -1,ADJ,conj     0.5714    0.3544    0.4375        79
        3,FRAME,ARG1     1.0000    0.0000    0.0000        29
    1,FRAME,ARGM-MNR     0.2381    0.0943    0.1351        53
        1,PROPN,amod     0.2000    0.0556    0.0870        18
    1,ADJ,cc:preconj     1.0000    0.0000    0.0000         1
   -2,FRAME,ARGM-CAU     1.0000    0.0000    0.0000         8
         -2,ADJ,conj     0.0833    0.0435    0.0571        23
        -1,ADJ,fixed     1.0000    0.0000    0.0000         6
          1,PROPN,cc     0.6154    0.6250    0.6202        64
       -1,PROPN,conj     0.4561    0.3881    0.4194        67
   -2,FRAME,ARGM-TMP     0.0000    0.0000    0.0000        43
     -2,FRAME,C-ARG1     1.0000    0.0000    0.0000        11
   -3,FRAME,ARGM-ADV     1.0000    0.0000    0.0000        16
   -1,FRAME,ARGM-CAU     1.0000    0.0000    0.0000        10
          1,NUM,nmod     1.0000    0.0000    0.0000         2
          1,NUM,case     0.7432    0.7534    0.7483        73
   -6,FRAME,ARGM-ADV     1.0000    0.0000    0.0000         2
      1,FRAME,R-ARG1     0.7222    0.4483    0.5532        29
   -2,FRAME,ARGM-ADJ     1.0000    0.0000    0.0000         6
   -1,VERB,parataxis     1.0000    0.0513    0.0976        39
        -2,NOUN,nmod     0.3125    0.1087    0.1613        46
      -1,NOUN,nummod     0.3333    0.0769    0.1250        13
         1,NUM,punct     0.4500    0.5806    0.5070        31
         -2,NUM,conj     1.0000    0.0000    0.0000         1
          2,NUM,case     1.0000    0.0000    0.0000         1
      1,NUM,compound     0.0000    0.0000    0.0000         8
         -2,NUM,nmod     1.0000    0.0000    0.0000         2
         2,NUM,punct     1.0000    0.0000    0.0000        20
         -6,NUM,conj     1.0000    0.0000    0.0000         1
            1,NUM,cc     0.5000    0.3750    0.4286         8
         -7,NUM,conj     1.0000    0.0000    0.0000         1
        -8,NUM,punct     1.0000    0.0000    0.0000         1
  1,FRAME,R-ARGM-MNR     1.0000    0.0000    0.0000         8
       -2,PROPN,conj     0.0000    0.0000    0.0000        33
       -3,PROPN,conj     1.0000    0.0000    0.0000         9
    2,FRAME,ARGM-MNR     0.4000    0.2222    0.2857         9
         -1,NUM,conj     0.0000    0.0000    0.0000         8
        -1,NUM,punct     0.0000    0.0000    0.0000        18
     -1,NUM,compound     1.0000    0.0000    0.0000         6
       -4,NOUN,punct     1.0000    0.0000    0.0000        24
   -4,NOUN,acl:relcl     1.0000    0.0000    0.0000         4
      -1,PROPN,punct     0.5780    0.5385    0.5575       117
   -1,FRAME,ARGM-EXT     0.1667    0.2857    0.2105        14
    -1,NOUN,compound     1.0000    0.0000    0.0000         7
          1,DET,case     1.0000    0.0000    0.0000         9
         -1,DET,nmod     1.0000    0.0000    0.0000        13
         -3,NUM,conj     1.0000    0.0000    0.0000         1
   -3,FRAME,ARGM-TMP     1.0000    0.0000    0.0000         4
       10,FRAME,ARG0     1.0000    0.0000    0.0000         1
       -2,PROPN,case     1.0000    0.0000    0.0000         7
    -1,ADJ,parataxis     1.0000    0.0000    0.0000        16
    3,FRAME,ARGM-LOC     1.0000    0.0000    0.0000         1
  3,FRAME,R-ARGM-LOC     1.0000    0.0000    0.0000         1
    3,FRAME,ARGM-ADV     1.0000    0.0000    0.0000        12
    2,FRAME,ARGM-MOD     0.7377    0.9184    0.8182        49
    2,FRAME,ARGM-NEG     0.4000    0.1667    0.2353        12
       -5,NOUN,punct     1.0000    0.0000    0.0000        10
   1,NOUN,cc:preconj     1.0000    0.0000    0.0000         3
          2,PROPN,cc     0.0000    0.0000    0.0000        16
        -3,NOUN,conj     1.0000    0.0000    0.0000        15
     -3,PROPN,advmod     1.0000    0.0000    0.0000         1
          1,ADJ,expl     1.0000    0.0000    0.0000         4
     1,VERB,compound     1.0000    0.0000    0.0000         7
         4,NOUN,amod     1.0000    0.0000    0.0000         3
        4,NOUN,punct     1.0000    0.0000    0.0000         5
        -2,ADJ,punct     0.3143    0.1897    0.2366        58
       -4,FRAME,ARG1     1.0000    0.0000    0.0000         4
   1,PROPN,nmod:poss     1.0000    0.0000    0.0000         9
   -4,FRAME,ARGM-LOC     1.0000    0.0000    0.0000         1
        -6,ADJ,punct     1.0000    0.0000    0.0000         3
         3,VERB,mark     1.0000    0.0000    0.0000         3
         -2,NOUN,acl     1.0000    0.0000    0.0000         8
     1,ADV,obl:npmod     0.8333    0.3846    0.5263        13
         -4,NOUN,acl     1.0000    0.0000    0.0000         2
    2,FRAME,ARGM-PRR     1.0000    0.0000    0.0000         2
   -3,FRAME,ARGM-PRP     1.0000    0.0000    0.0000         2
         -1,ADV,conj     0.0000    0.0000    0.0000        12
        -1,ADV,punct     0.0000    0.0000    0.0000        26
   -4,FRAME,ARGM-PRD     1.0000    0.0000    0.0000         1
       -1,VERB,fixed     1.0000    0.0000    0.0000         5
        1,NUM,advmod     0.2273    0.4167    0.2941        12
         1,PROPN,cop     0.4615    0.7059    0.5581        17
    1,FRAME,ARGM-PRP     1.0000    0.0000    0.0000         5
        1,SYM,nummod     1.0000    0.0000    0.0000        10
         -1,SYM,nmod     1.0000    0.0000    0.0000         3
      4,PROPN,advmod     1.0000    0.0000    0.0000         1
    3,PROPN,compound     1.0000    0.0000    0.0000        11
         -1,ADJ,nmod     1.0000    0.0000    0.0000         6
   -3,NOUN,parataxis     1.0000    0.0000    0.0000         1
       -1,VERB,advcl     1.0000    0.0000    0.0000         6
      -2,NOUN,advmod     1.0000    0.0000    0.0000         2
       -9,NOUN,punct     1.0000    0.0000    0.0000         1
         2,NOUN,mark     1.0000    0.0000    0.0000         4
        -2,ADV,advcl     1.0000    0.0000    0.0000         3
        -4,ADJ,punct     1.0000    0.0000    0.0000         9
        2,VERB,punct     1.0000    0.0000    0.0000         9
           2,VERB,cc     1.0000    0.0000    0.0000        10
          -1,X,punct     0.8571    0.4000    0.5455        30
       -1,INTJ,punct     0.8333    0.4762    0.6061        21
       -1,VERB,ccomp     1.0000    0.0000    0.0000         3
          1,SYM,case     1.0000    0.0000    0.0000        11
    -1,SYM,nmod:tmod     1.0000    0.0000    0.0000         1
  1,FRAME,R-ARGM-LOC     1.0000    0.0000    0.0000         4
  -1,PROPN,acl:relcl     1.0000    0.0000    0.0000         5
      2,PROPN,advmod     1.0000    0.0000    0.0000         1
        3,PROPN,case     0.2000    0.0526    0.0833        19
      -2,PROPN,punct     0.5072    0.5932    0.5469        59
      -2,PROPN,appos     0.1538    0.1538    0.1538        13
    1,FRAME,ARGM-PRD     1.0000    0.0000    0.0000        11
     -1,PROPN,nummod     0.3208    0.6071    0.4198        28
    1,NUM,nmod:npmod     1.0000    0.0000    0.0000         2
    4,FRAME,ARGM-TMP     1.0000    0.0000    0.0000         1
        4,FRAME,ARG0     1.0000    0.0000    0.0000         2
         3,NOUN,mark     1.0000    0.0000    0.0000         5
       -3,FRAME,ARG0     1.0000    0.0000    0.0000         1
         3,PROPN,det     0.0000    0.0000    0.0000        13
       -4,PROPN,nmod     1.0000    0.0000    0.0000         1
        7,FRAME,ARG0     1.0000    0.0000    0.0000         1
         -1,PRON,cop     0.6667    0.4000    0.5000        15
          1,PRON,cop     0.1429    0.2500    0.1818         4
       -2,PRON,punct     1.0000    0.0000    0.0000         9
   1,VERB,nsubj:pass     1.0000    0.0000    0.0000         2
        -4,NOUN,conj     1.0000    0.0000    0.0000        11
            1,ADV,cc     0.4286    0.4286    0.4286        14
      1,PROPN,advmod     1.0000    0.1429    0.2500         7
        -1,PROPN,acl     1.0000    0.0000    0.0000         5
          1,NOUN,aux     1.0000    0.0000    0.0000         6
        -1,ADJ,xcomp     1.0000    0.0000    0.0000         2
         3,ADV,punct     1.0000    0.0000    0.0000         1
        2,ADV,advmod     1.0000    0.0000    0.0000         1
          2,ADV,mark     1.0000    0.0000    0.0000         2
  -5,PROPN,parataxis     1.0000    0.0000    0.0000         2
   -2,FRAME,ARGM-COM     1.0000    0.0000    0.0000         2
      -8,PROPN,punct     1.0000    0.0000    0.0000         3
   2,VERB,csubj:pass     1.0000    0.0000    0.0000         1
   -2,FRAME,ARGM-MNR     1.0000    0.0000    0.0000         8
     -1,FRAME,R-ARG1     1.0000    0.0000    0.0000         1
       -7,FRAME,ARG1     1.0000    0.0000    0.0000         2
          -2,ADJ,obl     1.0000    0.0000    0.0000         7
   -1,FRAME,ARGM-COM     1.0000    0.0000    0.0000        11
   -3,FRAME,ARGM-DIS     1.0000    0.0000    0.0000         3
          1,ADV,case     0.1818    0.4000    0.2500        10
     -3,FRAME,C-ARG1     1.0000    0.0000    0.0000         4
      2,FRAME,R-ARG0     0.7500    0.3000    0.4286        10
        -5,VERB,conj     1.0000    0.0000    0.0000         1
       -8,VERB,punct     1.0000    0.0000    0.0000         2
        5,FRAME,ARG1     1.0000    0.0000    0.0000         2
  -2,PROPN,acl:relcl     1.0000    0.0000    0.0000         3
       -1,PROPN,list     0.7500    0.1579    0.2609        19
        6,FRAME,ARG0     1.0000    0.0000    0.0000         1
         -1,VERB,obl     1.0000    0.0000    0.0000         6
       -4,FRAME,ARG2     1.0000    0.0000    0.0000         1
       -4,VERB,advcl     1.0000    0.0000    0.0000         2
        5,VERB,punct     1.0000    0.0000    0.0000         3
        7,FRAME,ARG1     1.0000    0.0000    0.0000         1
        2,PROPN,amod     1.0000    0.0000    0.0000         7
       -3,PROPN,nmod     1.0000    0.0000    0.0000         4
           1,ADV,cop     0.6000    0.2308    0.3333        13
    -1,ADV,acl:relcl     1.0000    0.0000    0.0000         4
    3,FRAME,ARGM-DIS     1.0000    0.0000    0.0000         5
       -2,PROPN,list     1.0000    0.0250    0.0488        40
       -3,PROPN,list     0.1875    0.0750    0.1071        40
       -4,PROPN,list     0.0000    0.0000    0.0000        27
      1,ADV,obl:tmod     1.0000    0.0000    0.0000         1
        -3,PROPN,acl     1.0000    0.0000    0.0000         2
  -1,NOUN,nmod:npmod     1.0000    0.0000    0.0000         4
      -5,PROPN,punct     1.0000    0.0000    0.0000        12
       -5,PROPN,list     1.0000    0.0000    0.0000        16
      -6,PROPN,punct     1.0000    0.0000    0.0000         3
    1,FRAME,ARGM-GOL     1.0000    0.0000    0.0000         2
        2,FRAME,ARG2     1.0000    0.0000    0.0000        10
       -3,PROPN,flat     1.0000    0.0000    0.0000         6
    4,FRAME,ARGM-DIS     1.0000    0.0000    0.0000         1
    2,FRAME,ARGM-CAU     1.0000    0.0000    0.0000         7
    1,FRAME,ARGM-CXN     0.0000    0.0000    0.0000         5
          2,AUX,mark     1.0000    0.0000    0.0000         1
           1,AUX,aux     1.0000    0.0000    0.0000         1
 -2,FRAME,C-ARGM-CXN     1.0000    0.0000    0.0000         1
       5,PROPN,punct     1.0000    0.0000    0.0000         1
    4,PROPN,compound     1.0000    0.0000    0.0000         3
       4,PROPN,punct     1.0000    0.0000    0.0000         2
      -7,PROPN,appos     1.0000    0.0000    0.0000         1
       -2,NOUN,appos     1.0000    0.0000    0.0000        10
       -4,PROPN,conj     1.0000    0.0000    0.0000         7
       2,NOUN,advmod     1.0000    0.0000    0.0000         5
           1,NUM,det     1.0000    0.0000    0.0000         7
          1,NUM,amod     1.0000    0.0000    0.0000         3
      1,PROPN,nummod     1.0000    0.0000    0.0000         5
      1,ADJ,compound     1.0000    0.0000    0.0000         4
        2,NUM,advmod     1.0000    0.0000    0.0000         2
       -5,PROPN,nmod     1.0000    0.0000    0.0000         1
         2,PROPN,cop     1.0000    0.0000    0.0000         8
        1,DET,advmod     1.0000    0.0000    0.0000         1
       -5,PROPN,conj     1.0000    0.0000    0.0000         4
         2,ADJ,punct     1.0000    0.0000    0.0000         3
          2,ADJ,mark     1.0000    0.0000    0.0000         5
        2,ADJ,advmod     1.0000    0.0000    0.0000         1
          1,ADJ,amod     1.0000    0.0000    0.0000        10
       2,VERB,advmod     1.0000    0.0000    0.0000         1
   2,VERB,reparandum     1.0000    0.0000    0.0000         1
        2,VERB,nsubj     1.0000    0.0000    0.0000         1
        3,PROPN,amod     1.0000    0.0000    0.0000         1
       -3,FRAME,ARG2     1.0000    0.0000    0.0000         5
  2,FRAME,R-ARGM-LOC     1.0000    0.0000    0.0000         2
            2,ADJ,cc     1.0000    0.0000    0.0000         5
  2,FRAME,R-ARGM-ADJ     1.0000    0.0000    0.0000         1
       1,PROPN,nsubj     1.0000    0.0000    0.0000         1
   -1,FRAME,ARGM-DIR     0.4062    0.3333    0.3662        39
    4,FRAME,ARGM-ADV     1.0000    0.0000    0.0000         5
       -6,FRAME,ARG1     1.0000    0.0000    0.0000         1
       -1,VERB,nsubj     1.0000    0.0000    0.0000         2
          4,NOUN,cop     1.0000    0.0000    0.0000         2
          1,INTJ,cop     1.0000    0.0000    0.0000         1
        1,INTJ,punct     1.0000    0.0000    0.0000         4
    3,NOUN,nmod:poss     1.0000    0.0000    0.0000         3
    6,FRAME,ARGM-ADV     1.0000    0.0000    0.0000         3
         1,PRON,mark     1.0000    0.0000    0.0000         2
        1,PRON,punct     1.0000    0.0000    0.0000         1
   -4,FRAME,ARGM-ADV     1.0000    0.0000    0.0000         2
      -1,SCONJ,fixed     1.0000    0.0000    0.0000         7
         -4,ADJ,conj     1.0000    0.0000    0.0000         1
         -2,PRON,acl     1.0000    0.0000    0.0000         1
       -1,PRON,punct     1.0000    0.0000    0.0000        16
           1,SYM,cop     1.0000    0.0000    0.0000         3
       -1,SYM,nummod     0.6047    0.8125    0.6933        32
   -1,SYM,nmod:npmod     1.0000    0.0000    0.0000         1
     -1,FRAME,C-ARG3     1.0000    0.0000    0.0000         2
   -1,FRAME,ARGM-DIS     0.8000    0.1905    0.3077        21
          -1,ADJ,cop     1.0000    0.0000    0.0000         4
    -1,NUM,nmod:tmod     1.0000    0.0000    0.0000         2
         -1,INTJ,obl     1.0000    0.0000    0.0000         2
          1,VERB,obj     1.0000    0.0000    0.0000         1
   -1,FRAME,ARGM-LVB     1.0000    0.0000    0.0000         2
   -2,FRAME,ARGM-DIS     1.0000    0.0000    0.0000         5
   -2,FRAME,ARGM-PRD     1.0000    0.0000    0.0000         2
        -3,ADJ,punct     1.0000    0.0000    0.0000        18
      -5,PROPN,appos     1.0000    0.0000    0.0000         6
        -1,PRON,conj     1.0000    0.0000    0.0000         6
    -1,INTJ,vocative     1.0000    0.0000    0.0000         4
       -2,FRAME,ARG3     1.0000    0.0000    0.0000         2
   -1,NOUN,parataxis     0.5714    0.1379    0.2222        29
   -1,NOUN,nmod:tmod     1.0000    0.0000    0.0000         8
  -1,PROPN,parataxis     1.0000    0.0000    0.0000         7
   1,PROPN,discourse     1.0000    0.0000    0.0000         2
   -2,FRAME,ARGM-DIR     1.0000    0.0000    0.0000         5
        1,VERB,advcl     1.0000    0.0000    0.0000         2
         -2,ADV,conj     1.0000    0.0000    0.0000         4
        -2,ADV,punct     1.0000    0.0000    0.0000         6
        4,FRAME,ARG1     1.0000    0.0000    0.0000         7
    3,NOUN,parataxis     1.0000    0.0000    0.0000         1
        -1,ADJ,advcl     1.0000    0.0000    0.0000        11
      -2,VERB,advmod     1.0000    0.0000    0.0000         1
 -1,FRAME,C-ARGM-CXN     1.0000    0.0000    0.0000         4
          3,NOUN,det     0.5714    0.0952    0.1633        42
          -1,SYM,acl     1.0000    0.0000    0.0000         1
            1,SYM,cc     1.0000    0.0000    0.0000         3
         -1,SYM,conj     1.0000    0.0000    0.0000         2
         3,NOUN,amod     1.0000    0.0000    0.0000        15
           4,NOUN,cc     1.0000    0.0000    0.0000         2
          4,NOUN,det     1.0000    0.0000    0.0000         4
   -3,FRAME,ARGM-LOC     1.0000    0.0000    0.0000         2
   -2,FRAME,ARGM-EXT     1.0000    0.0000    0.0000         1
       -1,X,goeswith     0.1429    0.1250    0.1333         8
       -8,PROPN,list     1.0000    0.0000    0.0000        10
       -9,PROPN,list     1.0000    0.0000    0.0000         3
        1,NUM,nummod     1.0000    0.2917    0.4516        24
      -13,PROPN,list     1.0000    0.0000    0.0000         1
        -1,NUM,appos     1.0000    0.0000    0.0000         9
      3,PROPN,nummod     1.0000    0.0000    0.0000         1
      -15,PROPN,list     1.0000    0.0000    0.0000         1
      -16,PROPN,list     1.0000    0.0000    0.0000         2
      -18,PROPN,list     1.0000    0.0000    0.0000         1
          -1,X,appos     1.0000    0.0000    0.0000         6
        1,X,compound     1.0000    0.0000    0.0000         5
    -2,NUM,nmod:tmod     0.8000    1.0000    0.8889        20
            1,DET,cc     1.0000    0.0000    0.0000         2
         -1,DET,conj     1.0000    0.0000    0.0000         1
         1,ADV,punct     1.0000    0.0000    0.0000         7
          -1,ADV,cop     1.0000    0.5385    0.7000        13
        -1,SYM,punct     0.0000    0.0000    0.0000         2
        -1,SYM,appos     1.0000    0.0000    0.0000         1
         -2,SYM,conj     1.0000    0.0000    0.0000         1
      -3,PROPN,appos     1.0000    0.0000    0.0000         6
      -4,PROPN,appos     1.0000    0.0000    0.0000         4
         3,NOUN,case     0.5000    0.0588    0.1053        34
   -3,VERB,parataxis     1.0000    0.0000    0.0000         7
    3,FRAME,ARGM-MNR     1.0000    0.0000    0.0000         1
    -1,VERB,aux:pass     1.0000    0.0000    0.0000         4
      1,ADJ,vocative     1.0000    0.0000    0.0000         1
           1,X,punct     0.8636    0.5588    0.6786        34
  -2,PROPN,parataxis     1.0000    0.0000    0.0000         1
        -2,NUM,punct     1.0000    0.0000    0.0000         6
       -1,NUM,advmod     1.0000    0.0000    0.0000         3
      2,PROPN,nummod     1.0000    0.0000    0.0000         3
        1,ADJ,nummod     1.0000    0.0000    0.0000         2
     1,ADJ,nmod:poss     1.0000    0.0000    0.0000         2
     3,NOUN,compound     1.0000    0.0000    0.0000         6
        1,VERB,nsubj     1.0000    0.0000    0.0000        14
       -6,PROPN,list     1.0000    0.0000    0.0000        11
       -7,PROPN,list     1.0000    0.0000    0.0000         3
          -2,X,punct     1.0000    0.0000    0.0000         2
           -1,X,flat     1.0000    0.0000    0.0000         1
         1,ADJ,nsubj     1.0000    0.0000    0.0000         7
         2,ADV,punct     1.0000    0.0000    0.0000         1
           1,NUM,cop     0.5000    0.2727    0.3529        11
    2,FRAME,ARGM-ADJ     1.0000    0.0000    0.0000         2
           1,SYM,det     1.0000    0.0000    0.0000         2
      1,SYM,compound     1.0000    0.0000    0.0000         1
       -1,FRAME,ARG5     1.0000    0.0000    0.0000         1
       -1,SYM,advmod     1.0000    0.0000    0.0000         1
            1,X,case     0.6667    0.4000    0.5000         5
        -1,NOUN,list     1.0000    0.0000    0.0000        18
       -2,X,goeswith     0.0000    0.0000    0.0000         3
          -3,X,punct     1.0000    0.0000    0.0000         1
       -3,X,goeswith     1.0000    0.0000    0.0000         1
         -3,X,nummod     1.0000    0.0000    0.0000         1
   -1,NUM,nmod:npmod     1.0000    0.0000    0.0000         2
          -1,NUM,obl     1.0000    0.0000    0.0000         2
            2,X,case     1.0000    0.0000    0.0000         1
           2,X,punct     1.0000    0.0000    0.0000         1
       -1,PROPN,amod     1.0000    0.0000    0.0000         2
    -2,ADJ,parataxis     1.0000    0.0000    0.0000         6
       -1,ADJ,orphan     1.0000    0.0000    0.0000         1
         -1,VERB,cop     1.0000    0.0000    0.0000         1
        3,NOUN,punct     1.0000    0.0000    0.0000         4
         -2,DET,nmod     1.0000    0.0000    0.0000         8
    2,VERB,parataxis     1.0000    0.0000    0.0000         1
       -1,NOUN,advcl     1.0000    0.0000    0.0000         4
   -4,VERB,parataxis     1.0000    0.0000    0.0000         3
     1,NOUN,goeswith     0.0000    1.0000    0.0000         0
   -2,FRAME,ARGM-GOL     1.0000    0.0000    0.0000         2
           1,PRON,cc     0.5714    0.4444    0.5000         9
        -2,PRON,conj     1.0000    0.0000    0.0000         2
   -2,FRAME,ARGM-PRP     1.0000    0.0000    0.0000         8
        -3,NOUN,nmod     1.0000    0.0000    0.0000        14
   1,VERB,cc:preconj     1.0000    0.0000    0.0000         3
     -1,SYM,compound     1.0000    0.0000    0.0000         2
         -2,SYM,nmod     1.0000    0.0000    0.0000         1
       -6,NOUN,punct     1.0000    0.0000    0.0000         2
        -2,NOUN,amod     1.0000    0.0000    0.0000         1
     1,NOUN,vocative     1.0000    0.0000    0.0000         1
    3,FRAME,ARGM-TMP     1.0000    0.0000    0.0000         6
       -1,ADV,advmod     1.0000    0.0000    0.0000         2
        -1,ADJ,ccomp     1.0000    0.0000    0.0000         5
          1,ADV,mark     1.0000    0.0000    0.0000         3
   -2,VERB,parataxis     1.0000    0.0500    0.0952        20
         2,PRON,mark     1.0000    0.0000    0.0000         2
        1,PRON,nsubj     1.0000    0.0000    0.0000         1
         -1,PRON,det     1.0000    0.0000    0.0000         3
    3,FRAME,ARGM-PRR     1.0000    0.0000    0.0000         1
   -3,FRAME,ARGM-MOD     1.0000    0.0000    0.0000         1
   -3,FRAME,ARGM-LVB     1.0000    0.0000    0.0000         1
     -1,ADJ,compound     1.0000    0.0000    0.0000         1
    2,FRAME,ARGM-PRD     1.0000    0.0000    0.0000         1
       -1,ADJ,advmod     1.0000    0.0000    0.0000         6
       -1,X,compound     1.0000    0.0000    0.0000         1
   -2,FRAME,ARGM-LVB     1.0000    0.0000    0.0000         2
        7,PROPN,case     1.0000    0.0000    0.0000         1
         7,PROPN,det     1.0000    0.0000    0.0000         1
   -5,FRAME,ARGM-ADV     1.0000    0.0000    0.0000         1
          4,PROPN,cc     1.0000    0.0000    0.0000         1
   4,PROPN,nmod:poss     1.0000    0.0000    0.0000         1
    3,FRAME,ARGM-CAU     1.0000    0.0000    0.0000         2
      2,FRAME,R-ARG2     1.0000    0.0000    0.0000         1
   -1,FRAME,ARGM-MOD     1.0000    0.0000    0.0000         1
   -3,FRAME,ARGM-GOL     1.0000    0.0000    0.0000         2
          2,NUM,mark     1.0000    0.0000    0.0000         1
           2,NUM,cop     1.0000    0.0000    0.0000         1
          -1,NUM,acl     1.0000    0.0000    0.0000         1
          -1,AUX,obj     1.0000    0.0000    0.0000         1
     -1,AUX,obl:tmod     1.0000    0.0000    0.0000         1
        -1,AUX,advcl     1.0000    0.0000    0.0000         2
        -1,AUX,punct     1.0000    0.0000    0.0000         2
  5,FRAME,R-ARGM-ADV     1.0000    0.0000    0.0000         1
        1,NOUN,appos     0.0000    1.0000    0.0000         0
        -4,NOUN,nmod     1.0000    0.0000    0.0000         2
        2,NUM,nummod     1.0000    0.0000    0.0000         3
  3,FRAME,R-ARGM-DIR     1.0000    0.0000    0.0000         1
   1,VERB,reparandum     1.0000    0.0000    0.0000         1
    1,FRAME,ARGM-CAU     1.0000    0.0000    0.0000         8
   -5,FRAME,ARGM-PRP     1.0000    0.0000    0.0000         1
        3,FRAME,ARG2     1.0000    0.0000    0.0000         1
   -3,PRON,acl:relcl     1.0000    0.0000    0.0000         3
   -2,NOUN,nmod:tmod     1.0000    0.0000    0.0000         1
        -3,NOUN,list     1.0000    0.0000    0.0000        15
        -4,NOUN,list     1.0000    0.0000    0.0000        21
        -2,NOUN,list     1.0000    0.0000    0.0000        11
        1,NOUN,nsubj     1.0000    0.0000    0.0000         5
     1,ADJ,obl:npmod     1.0000    0.0000    0.0000         8
       1,PRON,advmod     1.0000    0.0000    0.0000         9
        -6,NOUN,conj     1.0000    0.0000    0.0000         2
        -8,NOUN,conj     1.0000    0.0000    0.0000         3
    -3,ADJ,parataxis     1.0000    0.0000    0.0000         1
     -1,FRAME,C-ARG0     1.0000    0.0000    0.0000         2
   -1,X,flat:foreign     1.0000    0.0000    0.0000         2
   -2,X,flat:foreign     1.0000    0.0000    0.0000         2
   -3,X,flat:foreign     1.0000    0.0000    0.0000         2
   -4,X,flat:foreign     1.0000    0.0000    0.0000         1
   1,NOUN,nmod:npmod     1.0000    0.0000    0.0000         1
  1,PROPN,reparandum     1.0000    0.0000    0.0000         1
   -2,VERB,discourse     1.0000    0.0000    0.0000         3
        -1,ADP,advcl     1.0000    0.0000    0.0000         1
       3,PROPN,punct     1.0000    0.0000    0.0000         4
       -1,PRON,appos     1.0000    0.0000    0.0000         2
        -5,NOUN,conj     1.0000    0.0000    0.0000         5
        -7,NOUN,conj     1.0000    0.0000    0.0000         3
    -2,NUM,parataxis     1.0000    0.0000    0.0000         3
           3,VERB,cc     1.0000    0.0000    0.0000         2
        -1,PRON,case     1.0000    0.0000    0.0000         2
    -1,ADV,discourse     1.0000    0.0000    0.0000         1
        -1,ADV,appos     1.0000    0.0000    0.0000         1
          1,VERB,obl     1.0000    0.0000    0.0000         1
         -5,ADJ,conj     1.0000    0.0000    0.0000         1
         -3,ADJ,conj     1.0000    0.0000    0.0000         4
          -4,ADJ,obl     1.0000    0.0000    0.0000         1
      -1,PROPN,xcomp     1.0000    0.0000    0.0000         1
         -1,NOUN,obl     1.0000    0.0000    0.0000         2
    1,FRAME,ARGM-PRR     1.0000    0.0000    0.0000         1
         -3,NOUN,acl     1.0000    0.0000    0.0000         3
       -8,NOUN,punct     1.0000    0.0000    0.0000         1
       -4,NOUN,appos     1.0000    0.0000    0.0000         1
       1,PUNCT,punct     1.0000    0.0000    0.0000         1
      -1,PUNCT,punct     1.0000    0.0000    0.0000         1
     -1,FRAME,C-ARG2     1.0000    0.0000    0.0000         7
         -1,PRON,acl     1.0000    0.0000    0.0000         2
   2,NOUN,cc:preconj     1.0000    0.0000    0.0000         1
  -1,PRON,cc:preconj     1.0000    0.0000    0.0000         1
        -1,AUX,xcomp     1.0000    0.0000    0.0000         1
         -2,AUX,conj     1.0000    0.0000    0.0000         2
      -1,X,parataxis     1.0000    0.0000    0.0000         1
    2,NOUN,discourse     1.0000    0.0000    0.0000         2
    9,FRAME,ARGM-ADV     1.0000    0.0000    0.0000         1
        -3,NOUN,amod     1.0000    0.0000    0.0000         1
            1,ADP,cc     1.0000    0.0000    0.0000         4
         -1,ADP,conj     1.0000    0.0000    0.0000         4
          1,SYM,amod     1.0000    0.0000    0.0000         1
       -7,PROPN,conj     1.0000    0.0000    0.0000         1
        2,X,compound     1.0000    0.0000    0.0000         1
           -1,X,list     1.0000    0.0000    0.0000         2
           -2,X,list     1.0000    0.0000    0.0000         4
  -1,PROPN,nmod:tmod     1.0000    0.0000    0.0000         3
      -7,PROPN,punct     1.0000    0.0000    0.0000         1
           -1,X,conj     1.0000    0.0000    0.0000         2
    1,VERB,discourse     1.0000    0.0000    0.0000         2
     1,VERB,vocative     1.0000    0.0000    0.0000         2
     1,ADV,discourse     1.0000    0.0000    0.0000         1
       -3,NOUN,appos     1.0000    0.0000    0.0000         1
       -2,FRAME,ARG4     1.0000    0.0000    0.0000         1
        -2,ADV,fixed     1.0000    0.0000    0.0000         1
         5,NOUN,mark     1.0000    0.0000    0.0000         1
        5,NOUN,punct     1.0000    0.0000    0.0000         3
    1,FRAME,ARG1-DSP     1.0000    0.0000    0.0000         4
    1,NOUN,parataxis     1.0000    0.0000    0.0000         1
 -2,FRAME,C-ARG1-DSP     1.0000    0.0000    0.0000         1
        2,PRON,punct     1.0000    0.0000    0.0000         1
         -1,X,advmod     1.0000    0.0000    0.0000         1
      -1,X,acl:relcl     1.0000    0.0000    0.0000         1
       -5,FRAME,ARG1     1.0000    0.0000    0.0000         1
    2,NOUN,parataxis     1.0000    0.0000    0.0000         1
           3,NOUN,cc     1.0000    0.0000    0.0000         4
        -1,ADV,advcl     1.0000    0.0000    0.0000         2
   -3,FRAME,ARGM-CAU     1.0000    0.0000    0.0000         3
        -5,NOUN,nmod     1.0000    0.0000    0.0000         1
  -1,PROPN,discourse     1.0000    0.0000    0.0000         1
        -2,FRAME,C-V     1.0000    0.0000    0.0000         1
    -1,ADV,obl:npmod     1.0000    0.0000    0.0000         1
          1,NUM,mark     1.0000    0.0000    0.0000         2
   -1,PRON,discourse     1.0000    0.0000    0.0000         2
   -1,VERB,discourse     1.0000    0.0000    0.0000         5
   -1,PROPN,compound     1.0000    0.0000    0.0000         1
   -1,PRON,parataxis     1.0000    0.0000    0.0000         3
     1,SYM,parataxis     1.0000    0.0000    0.0000         1
        -2,SYM,punct     1.0000    0.0000    0.0000         1
  -3,PROPN,parataxis     1.0000    0.0000    0.0000         1
          1,AUX,expl     1.0000    0.0000    0.0000         2
            1,AUX,cc     1.0000    0.0000    0.0000         1
        -2,AUX,punct     1.0000    0.0000    0.0000         3
         2,NOUN,expl     1.0000    0.0000    0.0000         1
    1,VERB,obl:npmod     1.0000    0.0000    0.0000         1
   -1,NOUN,discourse     1.0000    0.0000    0.0000         4
              1,X,cc     1.0000    0.0000    0.0000         1
           -2,X,conj     1.0000    0.0000    0.0000         1
         1,NOUN,nmod     1.0000    0.0000    0.0000         3
   -3,NOUN,acl:relcl     1.0000    0.0000    0.0000         1
        -1,PROPN,cop     1.0000    0.0000    0.0000         1
   -2,NOUN,parataxis     1.0000    0.0000    0.0000         2
    -1,DET,discourse     1.0000    0.0000    0.0000         1
           2,ADV,aux     1.0000    0.0000    0.0000         1
   -1,FRAME,ARGM-CXN     1.0000    0.0000    0.0000         7
          1,CCONJ,cc     1.0000    0.0000    0.0000         1
       1,CCONJ,punct     1.0000    0.0000    0.0000         1
         1,ADV,nsubj     1.0000    0.0000    0.0000         1
           1,ADV,aux     1.0000    0.0000    0.0000         1
          -1,ADJ,obj     1.0000    0.0000    0.0000         2
            3,ADV,cc     1.0000    0.0000    0.0000         1
            2,ADV,cc     1.0000    0.0000    0.0000         1
           2,ADV,cop     1.0000    0.0000    0.0000         1
  -3,PROPN,discourse     1.0000    0.0000    0.0000         1
           1,INTJ,cc     1.0000    0.0000    0.0000         1
           1,ADJ,obl     1.0000    0.0000    0.0000         1
          2,DET,case     1.0000    0.0000    0.0000         2
    1,DET,det:predet     1.0000    0.0000    0.0000         1
          -1,ADJ,acl     1.0000    0.0000    0.0000         1
    1,DET,nmod:npmod     1.0000    0.0000    0.0000         1
         1,PROPN,dep     1.0000    0.0000    0.0000         1
          2,PRON,cop     1.0000    0.0000    0.0000         1
     2,ADJ,discourse     1.0000    0.0000    0.0000         1
         1,ADJ,advcl     1.0000    0.0000    0.0000         1
    -2,ADJ,discourse     1.0000    0.0000    0.0000         1
        -6,VERB,conj     1.0000    0.0000    0.0000         1
        -8,VERB,conj     1.0000    0.0000    0.0000         1
        -3,PRON,conj     1.0000    0.0000    0.0000         1
         1,NUM,advcl     1.0000    0.0000    0.0000         1
 -1,FRAME,C-ARGM-LOC     1.0000    0.0000    0.0000         1
    -1,ADJ,discourse     1.0000    0.0000    0.0000         4
       -6,PROPN,conj     1.0000    0.0000    0.0000         1
    -1,NUM,acl:relcl     1.0000    0.0000    0.0000         1
           1,ADJ,obj     1.0000    0.0000    0.0000         1
          -3,ADJ,obl     1.0000    0.0000    0.0000         1
        1,FRAME,ARGA     1.0000    0.0000    0.0000         2
    -1,DET,acl:relcl     1.0000    0.0000    0.0000         3
         1,DET,punct     1.0000    0.0000    0.0000         2
           1,DET,cop     1.0000    0.0000    0.0000         1
        -1,DET,punct     1.0000    0.0000    0.0000         3
   -2,PROPN,compound     1.0000    0.0000    0.0000         2
        -4,NOUN,amod     1.0000    0.0000    0.0000         1
   -4,NOUN,parataxis     1.0000    0.0000    0.0000         1
   -7,NOUN,parataxis     1.0000    0.0000    0.0000         1
        2,PROPN,nmod     1.0000    0.0000    0.0000         1
           1,ADV,det     1.0000    0.0000    0.0000         2
    1,NOUN,discourse     1.0000    0.0000    0.0000         1
         -2,PRON,cop     1.0000    0.0000    0.0000         1
       1,PART,advmod     1.0000    0.0000    0.0000         1
    4,FRAME,ARGM-CAU     1.0000    0.0000    0.0000         1
   -6,VERB,parataxis     1.0000    0.0000    0.0000         1
      1,ADP,goeswith     1.0000    0.0000    0.0000         1
       -9,VERB,punct     1.0000    0.0000    0.0000         1
      -1,PRON,advmod     1.0000    0.0000    0.0000         2
    -1,VERB,compound     1.0000    0.0000    0.0000         3
    3,FRAME,ARGM-MOD     1.0000    0.0000    0.0000         3
       -2,VERB,advcl     1.0000    0.0000    0.0000         1
      3,FRAME,R-ARG1     1.0000    0.0000    0.0000         1
         3,PROPN,cop     1.0000    0.0000    0.0000         1
        -1,ADV,xcomp     1.0000    0.0000    0.0000         1
           5,VERB,cc     1.0000    0.0000    0.0000         1
        3,VERB,advcl     1.0000    0.0000    0.0000         1
   2,PROPN,nmod:poss     1.0000    0.0000    0.0000         2
       -3,FRAME,ARG3     1.0000    0.0000    0.0000         1
         1,ADV,advcl     1.0000    0.0000    0.0000         1
        -3,ADV,punct     1.0000    0.0000    0.0000         1
   2,NOUN,det:predet     1.0000    0.0000    0.0000         1
    -2,ADV,parataxis     1.0000    0.0000    0.0000         1
        -4,ADV,punct     1.0000    0.0000    0.0000         1
         1,AUX,punct     1.0000    0.0000    0.0000         2
        1,AUX,advmod     1.0000    0.0000    0.0000         1
         1,AUX,advcl     1.0000    0.0000    0.0000         1
         1,AUX,nsubj     1.0000    0.0000    0.0000         2
   -3,VERB,discourse     1.0000    0.0000    0.0000         3
    -1,ADV,parataxis     1.0000    0.0000    0.0000         2
        -9,NOUN,conj     1.0000    0.0000    0.0000         1
       -10,NOUN,conj     1.0000    0.0000    0.0000         2
       3,NOUN,nummod     1.0000    0.0000    0.0000         1
       -13,NOUN,conj     1.0000    0.0000    0.0000         2
       -15,NOUN,nmod     1.0000    0.0000    0.0000         1
   -2,NOUN,discourse     1.0000    0.0000    0.0000         1
        2,FRAME,ARG3     1.0000    0.0000    0.0000         1
   -1,INTJ,discourse     1.0000    0.0000    0.0000         1
   -2,INTJ,discourse     1.0000    0.0000    0.0000         1
       -3,INTJ,punct     1.0000    0.0000    0.0000         1
          1,ADV,amod     1.0000    0.0000    0.0000         3
        1,PROPN,mark     1.0000    0.0000    0.0000         1
       4,NOUN,nummod     1.0000    0.0000    0.0000         1
       -4,PROPN,flat     1.0000    0.0000    0.0000         1
          1,NUM,list     1.0000    0.0000    0.0000         1
   -1,PROPN,vocative     1.0000    0.0000    0.0000         1
        -1,VERB,list     1.0000    0.0000    0.0000         1
           1,PART,cc     1.0000    0.0000    0.0000         3
      -14,NOUN,punct     1.0000    0.0000    0.0000         1
     -1,PROPN,advmod     1.0000    0.0000    0.0000         1
       -1,PRON,xcomp     1.0000    0.0000    0.0000         1
         1,PART,mark     1.0000    0.0000    0.0000         1
        -2,ADV,ccomp     1.0000    0.0000    0.0000         1
       -2,DET,advmod     1.0000    0.0000    0.0000         1
           1,ADP,aux     1.0000    0.0000    0.0000         2
           1,ADP,cop     1.0000    0.0000    0.0000         2
   -2,PRON,parataxis     1.0000    0.0000    0.0000         1
           1,ADV,obl     1.0000    0.0000    0.0000         1
          -3,ADV,obl     1.0000    0.0000    0.0000         1
          2,ADJ,case     1.0000    0.0000    0.0000         1
       -1,VERB,appos     1.0000    0.0000    0.0000         1
    1,FRAME,ARGM-DIR     1.0000    0.0000    0.0000         2
    -1,NUM,parataxis     1.0000    0.0000    0.0000         1
      1,ADJ,goeswith     1.0000    0.0000    0.0000         2
        2,PROPN,mark     1.0000    0.0000    0.0000         2
       -1,PART,punct     1.0000    0.0000    0.0000         2
        1,SYM,advmod     1.0000    0.0000    0.0000         1
        5,NOUN,nsubj     1.0000    0.0000    0.0000         1
      1,ADJ,aux:pass     1.0000    0.0000    0.0000         1
         1,INTJ,amod     1.0000    0.0000    0.0000         1
       -2,INTJ,punct     1.0000    0.0000    0.0000         1
        -5,ADJ,punct     1.0000    0.0000    0.0000         1
       -1,NOUN,csubj     1.0000    0.0000    0.0000         1
          3,NOUN,cop     1.0000    0.0000    0.0000         1
        1,PART,punct     1.0000    0.0000    0.0000         1
         -1,AUX,conj     1.0000    0.0000    0.0000         1
         -1,ADJ,expl     1.0000    0.0000    0.0000         1
         -1,NOUN,cop     1.0000    0.0000    0.0000         1
          1,AUX,mark     1.0000    0.0000    0.0000         1
     1,ADJ,discourse     1.0000    0.0000    0.0000         1

            accuracy                         0.6505     25096
           macro avg     0.8781    0.1064    0.1011     25096
        weighted avg     0.6993    0.6505    0.6165     25096

2021-10-06 17:43:34,192 ----------------------------------------------------------------------------------------------------
