2021-10-01 12:40:00,405 ----------------------------------------------------------------------------------------------------
2021-10-01 12:40:00,405 Model: "SequenceTagger(
  (embeddings): StackedEmbeddings(
    (list_embedding_0): ELMoEmbeddings(model=0-0-0-0-0-0-0-0-0-elmo-original-all)
  )
  (word_dropout): WordDropout(p=0.05)
  (embedding2nn): Linear(in_features=3072, out_features=3072, bias=True)
  (rnn): LSTM(3072, 1024, batch_first=True, bidirectional=True)
  (linear): Linear(in_features=2048, out_features=551, bias=True)
  (beta): 1.0
  (weights): None
  (weight_tensor) None
)"
2021-10-01 12:40:00,408 ----------------------------------------------------------------------------------------------------
2021-10-01 12:40:00,409 Corpus: "Corpus: 2508 train + 2002 dev + 2077 test sentences"
2021-10-01 12:40:00,409 ----------------------------------------------------------------------------------------------------
2021-10-01 12:40:00,409 Parameters:
2021-10-01 12:40:00,409  - learning_rate: "0.001"
2021-10-01 12:40:00,409  - mini_batch_size: "32"
2021-10-01 12:40:00,409  - patience: "3"
2021-10-01 12:40:00,409  - anneal_factor: "0.5"
2021-10-01 12:40:00,409  - max_epochs: "120"
2021-10-01 12:40:00,409  - shuffle: "True"
2021-10-01 12:40:00,409  - train_with_dev: "False"
2021-10-01 12:40:00,409  - batch_growth_annealing: "False"
2021-10-01 12:40:00,409 ----------------------------------------------------------------------------------------------------
2021-10-01 12:40:00,409 Model training base path: "model/flattened/upos/goldpos/goldframes/0.001-1024-1-0-0-0-0-0-0-0-0-0-0-0-elmo-original-all-ed789"
2021-10-01 12:40:00,420 ----------------------------------------------------------------------------------------------------
2021-10-01 12:40:00,423 Device: cuda:1
2021-10-01 12:40:00,423 ----------------------------------------------------------------------------------------------------
2021-10-01 12:40:00,423 Embeddings storage mode: gpu
2021-10-01 12:40:00,436 ----------------------------------------------------------------------------------------------------
2021-10-01 12:40:02,091 epoch 1 - iter 7/79 - loss 6.31034960 - samples/sec: 135.39 - lr: 0.001000
2021-10-01 12:40:03,800 epoch 1 - iter 14/79 - loss 6.30848295 - samples/sec: 131.10 - lr: 0.001000
2021-10-01 12:40:05,491 epoch 1 - iter 21/79 - loss 6.30719348 - samples/sec: 132.53 - lr: 0.001000
2021-10-01 12:40:07,165 epoch 1 - iter 28/79 - loss 6.30416363 - samples/sec: 133.81 - lr: 0.001000
2021-10-01 12:40:08,541 epoch 1 - iter 35/79 - loss 6.30063599 - samples/sec: 162.93 - lr: 0.001000
2021-10-01 12:40:10,292 epoch 1 - iter 42/79 - loss 6.29715348 - samples/sec: 127.97 - lr: 0.001000
2021-10-01 12:40:11,892 epoch 1 - iter 49/79 - loss 6.29401241 - samples/sec: 139.99 - lr: 0.001000
2021-10-01 12:40:13,111 epoch 1 - iter 56/79 - loss 6.29140369 - samples/sec: 183.91 - lr: 0.001000
2021-10-01 12:40:14,245 epoch 1 - iter 63/79 - loss 6.28748504 - samples/sec: 197.66 - lr: 0.001000
2021-10-01 12:40:15,286 epoch 1 - iter 70/79 - loss 6.28362931 - samples/sec: 215.11 - lr: 0.001000
2021-10-01 12:40:16,206 epoch 1 - iter 77/79 - loss 6.28001429 - samples/sec: 243.65 - lr: 0.001000
2021-10-01 12:40:16,471 ----------------------------------------------------------------------------------------------------
2021-10-01 12:40:16,472 EPOCH 1 done: loss 6.2784 - lr 0.0010000
2021-10-01 12:40:25,982 DEV : loss 6.234218120574951 - score 0.0521
2021-10-01 12:40:25,995 BAD EPOCHS (no improvement): 0
2021-10-01 12:40:37,293 ----------------------------------------------------------------------------------------------------
2021-10-01 12:40:37,643 epoch 2 - iter 7/79 - loss 6.23420286 - samples/sec: 642.43 - lr: 0.001000
2021-10-01 12:40:38,003 epoch 2 - iter 14/79 - loss 6.23321428 - samples/sec: 623.11 - lr: 0.001000
2021-10-01 12:40:38,311 epoch 2 - iter 21/79 - loss 6.23026775 - samples/sec: 727.59 - lr: 0.001000
2021-10-01 12:40:38,655 epoch 2 - iter 28/79 - loss 6.22767787 - samples/sec: 651.67 - lr: 0.001000
2021-10-01 12:40:38,958 epoch 2 - iter 35/79 - loss 6.22336988 - samples/sec: 741.36 - lr: 0.001000
2021-10-01 12:40:39,285 epoch 2 - iter 42/79 - loss 6.21930830 - samples/sec: 684.98 - lr: 0.001000
2021-10-01 12:40:39,605 epoch 2 - iter 49/79 - loss 6.21554684 - samples/sec: 700.97 - lr: 0.001000
2021-10-01 12:40:39,933 epoch 2 - iter 56/79 - loss 6.21313203 - samples/sec: 685.56 - lr: 0.001000
2021-10-01 12:40:40,270 epoch 2 - iter 63/79 - loss 6.21003278 - samples/sec: 663.92 - lr: 0.001000
2021-10-01 12:40:40,622 epoch 2 - iter 70/79 - loss 6.20595578 - samples/sec: 637.18 - lr: 0.001000
2021-10-01 12:40:40,967 epoch 2 - iter 77/79 - loss 6.20318678 - samples/sec: 651.44 - lr: 0.001000
2021-10-01 12:40:41,039 ----------------------------------------------------------------------------------------------------
2021-10-01 12:40:41,039 EPOCH 2 done: loss 6.2023 - lr 0.0010000
2021-10-01 12:40:42,750 DEV : loss 6.154181957244873 - score 0.1268
2021-10-01 12:40:42,760 BAD EPOCHS (no improvement): 0
2021-10-01 12:40:52,855 ----------------------------------------------------------------------------------------------------
2021-10-01 12:40:53,219 epoch 3 - iter 7/79 - loss 6.16184500 - samples/sec: 616.43 - lr: 0.001000
2021-10-01 12:40:53,556 epoch 3 - iter 14/79 - loss 6.15443328 - samples/sec: 665.09 - lr: 0.001000
2021-10-01 12:40:53,885 epoch 3 - iter 21/79 - loss 6.14980716 - samples/sec: 683.13 - lr: 0.001000
2021-10-01 12:40:54,235 epoch 3 - iter 28/79 - loss 6.14767476 - samples/sec: 640.63 - lr: 0.001000
2021-10-01 12:40:54,582 epoch 3 - iter 35/79 - loss 6.14387226 - samples/sec: 645.20 - lr: 0.001000
2021-10-01 12:40:54,889 epoch 3 - iter 42/79 - loss 6.14158902 - samples/sec: 730.77 - lr: 0.001000
2021-10-01 12:40:55,213 epoch 3 - iter 49/79 - loss 6.13865934 - samples/sec: 693.00 - lr: 0.001000
2021-10-01 12:40:55,548 epoch 3 - iter 56/79 - loss 6.13568099 - samples/sec: 668.66 - lr: 0.001000
2021-10-01 12:40:55,874 epoch 3 - iter 63/79 - loss 6.13122055 - samples/sec: 687.35 - lr: 0.001000
2021-10-01 12:40:56,185 epoch 3 - iter 70/79 - loss 6.12683903 - samples/sec: 722.39 - lr: 0.001000
2021-10-01 12:40:56,527 epoch 3 - iter 77/79 - loss 6.12235877 - samples/sec: 655.30 - lr: 0.001000
2021-10-01 12:40:56,600 ----------------------------------------------------------------------------------------------------
2021-10-01 12:40:56,600 EPOCH 3 done: loss 6.1216 - lr 0.0010000
2021-10-01 12:40:58,296 DEV : loss 6.0673322677612305 - score 0.1486
2021-10-01 12:40:58,305 BAD EPOCHS (no improvement): 0
2021-10-01 12:41:04,318 ----------------------------------------------------------------------------------------------------
2021-10-01 12:41:04,663 epoch 4 - iter 7/79 - loss 6.07172339 - samples/sec: 649.82 - lr: 0.001000
2021-10-01 12:41:04,981 epoch 4 - iter 14/79 - loss 6.07442658 - samples/sec: 705.22 - lr: 0.001000
2021-10-01 12:41:05,309 epoch 4 - iter 21/79 - loss 6.06989493 - samples/sec: 684.54 - lr: 0.001000
2021-10-01 12:41:05,654 epoch 4 - iter 28/79 - loss 6.06438054 - samples/sec: 649.92 - lr: 0.001000
2021-10-01 12:41:05,979 epoch 4 - iter 35/79 - loss 6.06195142 - samples/sec: 690.04 - lr: 0.001000
2021-10-01 12:41:06,327 epoch 4 - iter 42/79 - loss 6.05615786 - samples/sec: 644.53 - lr: 0.001000
2021-10-01 12:41:06,655 epoch 4 - iter 49/79 - loss 6.05074839 - samples/sec: 683.67 - lr: 0.001000
2021-10-01 12:41:06,981 epoch 4 - iter 56/79 - loss 6.04642751 - samples/sec: 687.20 - lr: 0.001000
2021-10-01 12:41:07,317 epoch 4 - iter 63/79 - loss 6.04182255 - samples/sec: 668.47 - lr: 0.001000
2021-10-01 12:41:07,648 epoch 4 - iter 70/79 - loss 6.03847329 - samples/sec: 677.27 - lr: 0.001000
2021-10-01 12:41:07,986 epoch 4 - iter 77/79 - loss 6.03464457 - samples/sec: 663.37 - lr: 0.001000
2021-10-01 12:41:08,064 ----------------------------------------------------------------------------------------------------
2021-10-01 12:41:08,064 EPOCH 4 done: loss 6.0327 - lr 0.0010000
2021-10-01 12:41:09,762 DEV : loss 5.969841480255127 - score 0.1575
2021-10-01 12:41:09,772 BAD EPOCHS (no improvement): 0
2021-10-01 12:41:17,824 ----------------------------------------------------------------------------------------------------
2021-10-01 12:41:18,199 epoch 5 - iter 7/79 - loss 5.98045322 - samples/sec: 598.70 - lr: 0.001000
2021-10-01 12:41:18,726 epoch 5 - iter 14/79 - loss 5.97074441 - samples/sec: 696.64 - lr: 0.001000
2021-10-01 12:41:19,064 epoch 5 - iter 21/79 - loss 5.96568403 - samples/sec: 664.29 - lr: 0.001000
2021-10-01 12:41:19,395 epoch 5 - iter 28/79 - loss 5.96582704 - samples/sec: 677.34 - lr: 0.001000
2021-10-01 12:41:19,748 epoch 5 - iter 35/79 - loss 5.96172868 - samples/sec: 634.99 - lr: 0.001000
2021-10-01 12:41:20,061 epoch 5 - iter 42/79 - loss 5.95874612 - samples/sec: 716.84 - lr: 0.001000
2021-10-01 12:41:20,390 epoch 5 - iter 49/79 - loss 5.95344882 - samples/sec: 682.14 - lr: 0.001000
2021-10-01 12:41:20,711 epoch 5 - iter 56/79 - loss 5.95139226 - samples/sec: 698.14 - lr: 0.001000
2021-10-01 12:41:21,037 epoch 5 - iter 63/79 - loss 5.94483864 - samples/sec: 687.63 - lr: 0.001000
2021-10-01 12:41:21,395 epoch 5 - iter 70/79 - loss 5.93955878 - samples/sec: 626.50 - lr: 0.001000
2021-10-01 12:41:21,700 epoch 5 - iter 77/79 - loss 5.93422475 - samples/sec: 735.48 - lr: 0.001000
2021-10-01 12:41:21,773 ----------------------------------------------------------------------------------------------------
2021-10-01 12:41:21,773 EPOCH 5 done: loss 5.9320 - lr 0.0010000
2021-10-01 12:41:23,468 DEV : loss 5.857208728790283 - score 0.1606
2021-10-01 12:41:23,479 BAD EPOCHS (no improvement): 0
2021-10-01 12:41:28,154 ----------------------------------------------------------------------------------------------------
2021-10-01 12:41:28,476 epoch 6 - iter 7/79 - loss 5.86654043 - samples/sec: 697.72 - lr: 0.001000
2021-10-01 12:41:28,818 epoch 6 - iter 14/79 - loss 5.86280271 - samples/sec: 656.19 - lr: 0.001000
2021-10-01 12:41:29,151 epoch 6 - iter 21/79 - loss 5.85435472 - samples/sec: 672.63 - lr: 0.001000
2021-10-01 12:41:29,480 epoch 6 - iter 28/79 - loss 5.85287699 - samples/sec: 681.88 - lr: 0.001000
2021-10-01 12:41:29,830 epoch 6 - iter 35/79 - loss 5.85282921 - samples/sec: 640.85 - lr: 0.001000
2021-10-01 12:41:30,191 epoch 6 - iter 42/79 - loss 5.84604712 - samples/sec: 621.31 - lr: 0.001000
2021-10-01 12:41:30,511 epoch 6 - iter 49/79 - loss 5.84053471 - samples/sec: 699.81 - lr: 0.001000
2021-10-01 12:41:30,848 epoch 6 - iter 56/79 - loss 5.83590534 - samples/sec: 664.99 - lr: 0.001000
2021-10-01 12:41:31,186 epoch 6 - iter 63/79 - loss 5.82901467 - samples/sec: 664.66 - lr: 0.001000
2021-10-01 12:41:31,511 epoch 6 - iter 70/79 - loss 5.82255821 - samples/sec: 688.72 - lr: 0.001000
2021-10-01 12:41:31,846 epoch 6 - iter 77/79 - loss 5.81620016 - samples/sec: 669.49 - lr: 0.001000
2021-10-01 12:41:31,915 ----------------------------------------------------------------------------------------------------
2021-10-01 12:41:31,916 EPOCH 6 done: loss 5.8155 - lr 0.0010000
2021-10-01 12:41:33,695 DEV : loss 5.72498893737793 - score 0.1602
2021-10-01 12:41:33,704 BAD EPOCHS (no improvement): 1
2021-10-01 12:41:33,706 ----------------------------------------------------------------------------------------------------
2021-10-01 12:41:34,048 epoch 7 - iter 7/79 - loss 5.76536982 - samples/sec: 658.97 - lr: 0.001000
2021-10-01 12:41:34,350 epoch 7 - iter 14/79 - loss 5.76213632 - samples/sec: 740.78 - lr: 0.001000
2021-10-01 12:41:34,695 epoch 7 - iter 21/79 - loss 5.74084261 - samples/sec: 650.71 - lr: 0.001000
2021-10-01 12:41:34,996 epoch 7 - iter 28/79 - loss 5.72767435 - samples/sec: 745.50 - lr: 0.001000
2021-10-01 12:41:35,317 epoch 7 - iter 35/79 - loss 5.72015582 - samples/sec: 698.89 - lr: 0.001000
2021-10-01 12:41:35,669 epoch 7 - iter 42/79 - loss 5.70779739 - samples/sec: 636.34 - lr: 0.001000
2021-10-01 12:41:35,975 epoch 7 - iter 49/79 - loss 5.70226225 - samples/sec: 733.49 - lr: 0.001000
2021-10-01 12:41:36,325 epoch 7 - iter 56/79 - loss 5.69615814 - samples/sec: 640.32 - lr: 0.001000
2021-10-01 12:41:36,663 epoch 7 - iter 63/79 - loss 5.68804684 - samples/sec: 663.67 - lr: 0.001000
2021-10-01 12:41:36,995 epoch 7 - iter 70/79 - loss 5.68130406 - samples/sec: 676.01 - lr: 0.001000
2021-10-01 12:41:37,343 epoch 7 - iter 77/79 - loss 5.67498182 - samples/sec: 644.53 - lr: 0.001000
2021-10-01 12:41:37,413 ----------------------------------------------------------------------------------------------------
2021-10-01 12:41:37,414 EPOCH 7 done: loss 5.6723 - lr 0.0010000
2021-10-01 12:41:39,139 DEV : loss 5.566568374633789 - score 0.1591
2021-10-01 12:41:39,149 BAD EPOCHS (no improvement): 2
2021-10-01 12:41:39,186 ----------------------------------------------------------------------------------------------------
2021-10-01 12:41:39,541 epoch 8 - iter 7/79 - loss 5.59191166 - samples/sec: 633.40 - lr: 0.001000
2021-10-01 12:41:39,881 epoch 8 - iter 14/79 - loss 5.57970977 - samples/sec: 657.92 - lr: 0.001000
2021-10-01 12:41:40,214 epoch 8 - iter 21/79 - loss 5.56640784 - samples/sec: 675.23 - lr: 0.001000
2021-10-01 12:41:40,540 epoch 8 - iter 28/79 - loss 5.56998609 - samples/sec: 687.59 - lr: 0.001000
2021-10-01 12:41:40,881 epoch 8 - iter 35/79 - loss 5.55991524 - samples/sec: 657.76 - lr: 0.001000
2021-10-01 12:41:41,240 epoch 8 - iter 42/79 - loss 5.56242869 - samples/sec: 623.46 - lr: 0.001000
2021-10-01 12:41:41,602 epoch 8 - iter 49/79 - loss 5.55280377 - samples/sec: 620.66 - lr: 0.001000
2021-10-01 12:41:41,939 epoch 8 - iter 56/79 - loss 5.54311903 - samples/sec: 665.17 - lr: 0.001000
2021-10-01 12:41:42,245 epoch 8 - iter 63/79 - loss 5.53214381 - samples/sec: 732.03 - lr: 0.001000
2021-10-01 12:41:42,559 epoch 8 - iter 70/79 - loss 5.52126681 - samples/sec: 716.31 - lr: 0.001000
2021-10-01 12:41:42,877 epoch 8 - iter 77/79 - loss 5.51336188 - samples/sec: 703.64 - lr: 0.001000
2021-10-01 12:41:42,943 ----------------------------------------------------------------------------------------------------
2021-10-01 12:41:42,943 EPOCH 8 done: loss 5.5114 - lr 0.0010000
2021-10-01 12:41:45,515 DEV : loss 5.3804497718811035 - score 0.1587
2021-10-01 12:41:45,525 BAD EPOCHS (no improvement): 3
2021-10-01 12:41:45,527 ----------------------------------------------------------------------------------------------------
2021-10-01 12:41:45,857 epoch 9 - iter 7/79 - loss 5.39485802 - samples/sec: 679.07 - lr: 0.001000
2021-10-01 12:41:46,184 epoch 9 - iter 14/79 - loss 5.39884472 - samples/sec: 686.26 - lr: 0.001000
2021-10-01 12:41:46,492 epoch 9 - iter 21/79 - loss 5.37714654 - samples/sec: 727.74 - lr: 0.001000
2021-10-01 12:41:46,829 epoch 9 - iter 28/79 - loss 5.36624745 - samples/sec: 665.42 - lr: 0.001000
2021-10-01 12:41:47,169 epoch 9 - iter 35/79 - loss 5.35642737 - samples/sec: 659.88 - lr: 0.001000
2021-10-01 12:41:47,508 epoch 9 - iter 42/79 - loss 5.34770182 - samples/sec: 662.41 - lr: 0.001000
2021-10-01 12:41:47,824 epoch 9 - iter 49/79 - loss 5.33901510 - samples/sec: 708.36 - lr: 0.001000
2021-10-01 12:41:48,164 epoch 9 - iter 56/79 - loss 5.33072341 - samples/sec: 660.07 - lr: 0.001000
2021-10-01 12:41:48,517 epoch 9 - iter 63/79 - loss 5.32400559 - samples/sec: 635.08 - lr: 0.001000
2021-10-01 12:41:48,847 epoch 9 - iter 70/79 - loss 5.32450254 - samples/sec: 679.71 - lr: 0.001000
2021-10-01 12:41:49,206 epoch 9 - iter 77/79 - loss 5.31133483 - samples/sec: 624.57 - lr: 0.001000
2021-10-01 12:41:49,282 ----------------------------------------------------------------------------------------------------
2021-10-01 12:41:49,282 EPOCH 9 done: loss 5.3099 - lr 0.0010000
2021-10-01 12:41:50,993 DEV : loss 5.16487455368042 - score 0.1576
2021-10-01 12:41:51,002 BAD EPOCHS (no improvement): 4
2021-10-01 12:41:51,004 ----------------------------------------------------------------------------------------------------
2021-10-01 12:41:51,320 epoch 10 - iter 7/79 - loss 5.15361718 - samples/sec: 712.16 - lr: 0.000500
2021-10-01 12:41:51,656 epoch 10 - iter 14/79 - loss 5.16440960 - samples/sec: 667.40 - lr: 0.000500
2021-10-01 12:41:51,976 epoch 10 - iter 21/79 - loss 5.16003581 - samples/sec: 699.68 - lr: 0.000500
2021-10-01 12:41:52,298 epoch 10 - iter 28/79 - loss 5.16756690 - samples/sec: 697.03 - lr: 0.000500
2021-10-01 12:41:52,632 epoch 10 - iter 35/79 - loss 5.16982929 - samples/sec: 672.21 - lr: 0.000500
2021-10-01 12:41:52,967 epoch 10 - iter 42/79 - loss 5.16751888 - samples/sec: 668.27 - lr: 0.000500
2021-10-01 12:41:53,304 epoch 10 - iter 49/79 - loss 5.16162702 - samples/sec: 666.42 - lr: 0.000500
2021-10-01 12:41:53,630 epoch 10 - iter 56/79 - loss 5.16112673 - samples/sec: 687.26 - lr: 0.000500
2021-10-01 12:41:53,952 epoch 10 - iter 63/79 - loss 5.15670345 - samples/sec: 697.58 - lr: 0.000500
2021-10-01 12:41:54,308 epoch 10 - iter 70/79 - loss 5.15561657 - samples/sec: 629.63 - lr: 0.000500
2021-10-01 12:41:54,646 epoch 10 - iter 77/79 - loss 5.15390017 - samples/sec: 662.57 - lr: 0.000500
2021-10-01 12:41:54,721 ----------------------------------------------------------------------------------------------------
2021-10-01 12:41:54,721 EPOCH 10 done: loss 5.1532 - lr 0.0005000
2021-10-01 12:41:56,414 DEV : loss 5.0507941246032715 - score 0.1575
2021-10-01 12:41:56,423 BAD EPOCHS (no improvement): 1
2021-10-01 12:41:56,424 ----------------------------------------------------------------------------------------------------
2021-10-01 12:41:56,778 epoch 11 - iter 7/79 - loss 5.13436903 - samples/sec: 636.52 - lr: 0.000500
2021-10-01 12:41:57,125 epoch 11 - iter 14/79 - loss 5.11724758 - samples/sec: 645.37 - lr: 0.000500
2021-10-01 12:41:57,451 epoch 11 - iter 21/79 - loss 5.08426142 - samples/sec: 688.27 - lr: 0.000500
2021-10-01 12:41:57,781 epoch 11 - iter 28/79 - loss 5.08059946 - samples/sec: 679.67 - lr: 0.000500
2021-10-01 12:41:58,101 epoch 11 - iter 35/79 - loss 5.07567774 - samples/sec: 701.79 - lr: 0.000500
2021-10-01 12:41:58,446 epoch 11 - iter 42/79 - loss 5.07267894 - samples/sec: 649.39 - lr: 0.000500
2021-10-01 12:41:58,792 epoch 11 - iter 49/79 - loss 5.06907055 - samples/sec: 648.17 - lr: 0.000500
2021-10-01 12:41:59,119 epoch 11 - iter 56/79 - loss 5.05792013 - samples/sec: 685.85 - lr: 0.000500
2021-10-01 12:41:59,438 epoch 11 - iter 63/79 - loss 5.05464573 - samples/sec: 704.14 - lr: 0.000500
2021-10-01 12:41:59,763 epoch 11 - iter 70/79 - loss 5.05068047 - samples/sec: 690.74 - lr: 0.000500
2021-10-01 12:42:00,089 epoch 11 - iter 77/79 - loss 5.04840175 - samples/sec: 686.01 - lr: 0.000500
2021-10-01 12:42:00,161 ----------------------------------------------------------------------------------------------------
2021-10-01 12:42:00,161 EPOCH 11 done: loss 5.0463 - lr 0.0005000
2021-10-01 12:42:01,861 DEV : loss 4.936265468597412 - score 0.1574
2021-10-01 12:42:01,871 BAD EPOCHS (no improvement): 2
2021-10-01 12:42:01,873 ----------------------------------------------------------------------------------------------------
2021-10-01 12:42:02,194 epoch 12 - iter 7/79 - loss 4.99665124 - samples/sec: 700.60 - lr: 0.000500
2021-10-01 12:42:02,527 epoch 12 - iter 14/79 - loss 4.98634468 - samples/sec: 673.73 - lr: 0.000500
2021-10-01 12:42:02,835 epoch 12 - iter 21/79 - loss 4.97046219 - samples/sec: 728.61 - lr: 0.000500
2021-10-01 12:42:03,170 epoch 12 - iter 28/79 - loss 4.96753706 - samples/sec: 668.83 - lr: 0.000500
2021-10-01 12:42:03,509 epoch 12 - iter 35/79 - loss 4.96494526 - samples/sec: 662.08 - lr: 0.000500
2021-10-01 12:42:03,845 epoch 12 - iter 42/79 - loss 4.96456796 - samples/sec: 666.89 - lr: 0.000500
2021-10-01 12:42:04,190 epoch 12 - iter 49/79 - loss 4.96738296 - samples/sec: 650.40 - lr: 0.000500
2021-10-01 12:42:04,529 epoch 12 - iter 56/79 - loss 4.95952631 - samples/sec: 660.89 - lr: 0.000500
2021-10-01 12:42:04,861 epoch 12 - iter 63/79 - loss 4.95388356 - samples/sec: 674.80 - lr: 0.000500
2021-10-01 12:42:05,200 epoch 12 - iter 70/79 - loss 4.94385333 - samples/sec: 662.22 - lr: 0.000500
2021-10-01 12:42:05,559 epoch 12 - iter 77/79 - loss 4.93825985 - samples/sec: 625.02 - lr: 0.000500
2021-10-01 12:42:05,640 ----------------------------------------------------------------------------------------------------
2021-10-01 12:42:05,640 EPOCH 12 done: loss 4.9381 - lr 0.0005000
2021-10-01 12:42:07,369 DEV : loss 4.825045585632324 - score 0.1573
2021-10-01 12:42:07,379 BAD EPOCHS (no improvement): 3
2021-10-01 12:42:07,397 ----------------------------------------------------------------------------------------------------
2021-10-01 12:42:07,725 epoch 13 - iter 7/79 - loss 4.85869517 - samples/sec: 685.15 - lr: 0.000500
2021-10-01 12:42:08,061 epoch 13 - iter 14/79 - loss 4.91728166 - samples/sec: 667.02 - lr: 0.000500
2021-10-01 12:42:08,400 epoch 13 - iter 21/79 - loss 4.89756028 - samples/sec: 660.88 - lr: 0.000500
2021-10-01 12:42:08,753 epoch 13 - iter 28/79 - loss 4.90344465 - samples/sec: 635.87 - lr: 0.000500
2021-10-01 12:42:09,069 epoch 13 - iter 35/79 - loss 4.90153874 - samples/sec: 710.31 - lr: 0.000500
2021-10-01 12:42:09,382 epoch 13 - iter 42/79 - loss 4.87083547 - samples/sec: 714.88 - lr: 0.000500
2021-10-01 12:42:09,735 epoch 13 - iter 49/79 - loss 4.87045270 - samples/sec: 634.75 - lr: 0.000500
2021-10-01 12:42:10,054 epoch 13 - iter 56/79 - loss 4.86460819 - samples/sec: 703.44 - lr: 0.000500
2021-10-01 12:42:10,371 epoch 13 - iter 63/79 - loss 4.85338435 - samples/sec: 708.36 - lr: 0.000500
2021-10-01 12:42:10,666 epoch 13 - iter 70/79 - loss 4.84955547 - samples/sec: 761.12 - lr: 0.000500
2021-10-01 12:42:11,018 epoch 13 - iter 77/79 - loss 4.84079689 - samples/sec: 635.58 - lr: 0.000500
2021-10-01 12:42:11,087 ----------------------------------------------------------------------------------------------------
2021-10-01 12:42:11,087 EPOCH 13 done: loss 4.8419 - lr 0.0005000
2021-10-01 12:42:12,818 DEV : loss 4.721286773681641 - score 0.1576
2021-10-01 12:42:12,828 BAD EPOCHS (no improvement): 4
2021-10-01 12:42:12,841 ----------------------------------------------------------------------------------------------------
2021-10-01 12:42:13,168 epoch 14 - iter 7/79 - loss 4.80329943 - samples/sec: 687.54 - lr: 0.000250
2021-10-01 12:42:13,509 epoch 14 - iter 14/79 - loss 4.84072603 - samples/sec: 657.73 - lr: 0.000250
2021-10-01 12:42:13,851 epoch 14 - iter 21/79 - loss 4.80310236 - samples/sec: 655.55 - lr: 0.000250
2021-10-01 12:42:14,175 epoch 14 - iter 28/79 - loss 4.79404514 - samples/sec: 691.68 - lr: 0.000250
2021-10-01 12:42:14,508 epoch 14 - iter 35/79 - loss 4.81346792 - samples/sec: 674.34 - lr: 0.000250
2021-10-01 12:42:14,865 epoch 14 - iter 42/79 - loss 4.80024954 - samples/sec: 627.76 - lr: 0.000250
2021-10-01 12:42:15,192 epoch 14 - iter 49/79 - loss 4.79234046 - samples/sec: 685.92 - lr: 0.000250
2021-10-01 12:42:15,512 epoch 14 - iter 56/79 - loss 4.77903012 - samples/sec: 700.30 - lr: 0.000250
2021-10-01 12:42:15,837 epoch 14 - iter 63/79 - loss 4.77783726 - samples/sec: 690.16 - lr: 0.000250
2021-10-01 12:42:16,185 epoch 14 - iter 70/79 - loss 4.77234909 - samples/sec: 644.44 - lr: 0.000250
2021-10-01 12:42:16,499 epoch 14 - iter 77/79 - loss 4.77134254 - samples/sec: 713.60 - lr: 0.000250
2021-10-01 12:42:16,582 ----------------------------------------------------------------------------------------------------
2021-10-01 12:42:16,582 EPOCH 14 done: loss 4.7730 - lr 0.0002500
2021-10-01 12:42:18,310 DEV : loss 4.673099040985107 - score 0.1578
2021-10-01 12:42:18,320 BAD EPOCHS (no improvement): 1
2021-10-01 12:42:18,322 ----------------------------------------------------------------------------------------------------
2021-10-01 12:42:18,678 epoch 15 - iter 7/79 - loss 4.66099964 - samples/sec: 631.12 - lr: 0.000250
2021-10-01 12:42:19,013 epoch 15 - iter 14/79 - loss 4.68723461 - samples/sec: 669.64 - lr: 0.000250
2021-10-01 12:42:19,360 epoch 15 - iter 21/79 - loss 4.70065680 - samples/sec: 647.94 - lr: 0.000250
2021-10-01 12:42:19,688 epoch 15 - iter 28/79 - loss 4.74194072 - samples/sec: 682.26 - lr: 0.000250
2021-10-01 12:42:20,028 epoch 15 - iter 35/79 - loss 4.72880492 - samples/sec: 661.06 - lr: 0.000250
2021-10-01 12:42:20,357 epoch 15 - iter 42/79 - loss 4.71674115 - samples/sec: 681.51 - lr: 0.000250
2021-10-01 12:42:20,678 epoch 15 - iter 49/79 - loss 4.71953861 - samples/sec: 698.93 - lr: 0.000250
2021-10-01 12:42:20,989 epoch 15 - iter 56/79 - loss 4.72170982 - samples/sec: 720.72 - lr: 0.000250
2021-10-01 12:42:21,362 epoch 15 - iter 63/79 - loss 4.72831223 - samples/sec: 600.44 - lr: 0.000250
2021-10-01 12:42:21,684 epoch 15 - iter 70/79 - loss 4.73328539 - samples/sec: 697.33 - lr: 0.000250
2021-10-01 12:42:22,018 epoch 15 - iter 77/79 - loss 4.72592475 - samples/sec: 670.53 - lr: 0.000250
2021-10-01 12:42:22,088 ----------------------------------------------------------------------------------------------------
2021-10-01 12:42:22,088 EPOCH 15 done: loss 4.7275 - lr 0.0002500
2021-10-01 12:42:23,789 DEV : loss 4.627352237701416 - score 0.1581
2021-10-01 12:42:23,799 BAD EPOCHS (no improvement): 2
2021-10-01 12:42:23,801 ----------------------------------------------------------------------------------------------------
2021-10-01 12:42:24,121 epoch 16 - iter 7/79 - loss 4.64689745 - samples/sec: 702.23 - lr: 0.000250
2021-10-01 12:42:24,460 epoch 16 - iter 14/79 - loss 4.70075791 - samples/sec: 661.33 - lr: 0.000250
2021-10-01 12:42:24,813 epoch 16 - iter 21/79 - loss 4.68586418 - samples/sec: 634.91 - lr: 0.000250
2021-10-01 12:42:25,139 epoch 16 - iter 28/79 - loss 4.68484730 - samples/sec: 688.56 - lr: 0.000250
2021-10-01 12:42:25,464 epoch 16 - iter 35/79 - loss 4.67946622 - samples/sec: 688.97 - lr: 0.000250
2021-10-01 12:42:25,824 epoch 16 - iter 42/79 - loss 4.68170830 - samples/sec: 622.94 - lr: 0.000250
2021-10-01 12:42:26,182 epoch 16 - iter 49/79 - loss 4.67636507 - samples/sec: 627.08 - lr: 0.000250
2021-10-01 12:42:26,521 epoch 16 - iter 56/79 - loss 4.67688426 - samples/sec: 662.31 - lr: 0.000250
2021-10-01 12:42:26,818 epoch 16 - iter 63/79 - loss 4.68184965 - samples/sec: 753.95 - lr: 0.000250
2021-10-01 12:42:27,157 epoch 16 - iter 70/79 - loss 4.67783758 - samples/sec: 661.28 - lr: 0.000250
2021-10-01 12:42:27,498 epoch 16 - iter 77/79 - loss 4.67370314 - samples/sec: 658.45 - lr: 0.000250
2021-10-01 12:42:27,564 ----------------------------------------------------------------------------------------------------
2021-10-01 12:42:27,564 EPOCH 16 done: loss 4.6735 - lr 0.0002500
2021-10-01 12:42:29,262 DEV : loss 4.583600997924805 - score 0.1587
2021-10-01 12:42:29,272 BAD EPOCHS (no improvement): 3
2021-10-01 12:42:29,284 ----------------------------------------------------------------------------------------------------
2021-10-01 12:42:29,600 epoch 17 - iter 7/79 - loss 4.63769415 - samples/sec: 709.86 - lr: 0.000250
2021-10-01 12:42:29,930 epoch 17 - iter 14/79 - loss 4.64455237 - samples/sec: 680.28 - lr: 0.000250
2021-10-01 12:42:30,265 epoch 17 - iter 21/79 - loss 4.63788046 - samples/sec: 669.37 - lr: 0.000250
2021-10-01 12:42:30,602 epoch 17 - iter 28/79 - loss 4.63773961 - samples/sec: 665.24 - lr: 0.000250
2021-10-01 12:42:30,925 epoch 17 - iter 35/79 - loss 4.64249432 - samples/sec: 693.54 - lr: 0.000250
2021-10-01 12:42:31,235 epoch 17 - iter 42/79 - loss 4.63955535 - samples/sec: 723.77 - lr: 0.000250
2021-10-01 12:42:31,576 epoch 17 - iter 49/79 - loss 4.64022731 - samples/sec: 657.11 - lr: 0.000250
2021-10-01 12:42:31,911 epoch 17 - iter 56/79 - loss 4.64303390 - samples/sec: 669.34 - lr: 0.000250
2021-10-01 12:42:32,278 epoch 17 - iter 63/79 - loss 4.65087412 - samples/sec: 610.50 - lr: 0.000250
2021-10-01 12:42:32,629 epoch 17 - iter 70/79 - loss 4.64902502 - samples/sec: 640.37 - lr: 0.000250
2021-10-01 12:42:32,952 epoch 17 - iter 77/79 - loss 4.64497262 - samples/sec: 693.49 - lr: 0.000250
2021-10-01 12:42:33,020 ----------------------------------------------------------------------------------------------------
2021-10-01 12:42:33,020 EPOCH 17 done: loss 4.6435 - lr 0.0002500
2021-10-01 12:42:34,722 DEV : loss 4.542575836181641 - score 0.1589
2021-10-01 12:42:34,732 BAD EPOCHS (no improvement): 4
2021-10-01 12:42:34,739 ----------------------------------------------------------------------------------------------------
2021-10-01 12:42:35,089 epoch 18 - iter 7/79 - loss 4.62121500 - samples/sec: 642.23 - lr: 0.000125
2021-10-01 12:42:35,406 epoch 18 - iter 14/79 - loss 4.60011329 - samples/sec: 707.47 - lr: 0.000125
2021-10-01 12:42:35,721 epoch 18 - iter 21/79 - loss 4.59076963 - samples/sec: 712.12 - lr: 0.000125
2021-10-01 12:42:36,057 epoch 18 - iter 28/79 - loss 4.58662811 - samples/sec: 666.94 - lr: 0.000125
2021-10-01 12:42:36,388 epoch 18 - iter 35/79 - loss 4.59688174 - samples/sec: 677.99 - lr: 0.000125
2021-10-01 12:42:36,717 epoch 18 - iter 42/79 - loss 4.59603127 - samples/sec: 681.29 - lr: 0.000125
2021-10-01 12:42:37,039 epoch 18 - iter 49/79 - loss 4.59751913 - samples/sec: 695.22 - lr: 0.000125
2021-10-01 12:42:37,368 epoch 18 - iter 56/79 - loss 4.60278988 - samples/sec: 682.27 - lr: 0.000125
2021-10-01 12:42:37,728 epoch 18 - iter 63/79 - loss 4.60677215 - samples/sec: 623.82 - lr: 0.000125
2021-10-01 12:42:38,043 epoch 18 - iter 70/79 - loss 4.60744059 - samples/sec: 710.31 - lr: 0.000125
2021-10-01 12:42:38,387 epoch 18 - iter 77/79 - loss 4.61674774 - samples/sec: 653.01 - lr: 0.000125
2021-10-01 12:42:38,463 ----------------------------------------------------------------------------------------------------
2021-10-01 12:42:38,463 EPOCH 18 done: loss 4.6152 - lr 0.0001250
2021-10-01 12:42:40,179 DEV : loss 4.52304744720459 - score 0.159
2021-10-01 12:42:40,189 BAD EPOCHS (no improvement): 1
2021-10-01 12:42:40,190 ----------------------------------------------------------------------------------------------------
2021-10-01 12:42:40,513 epoch 19 - iter 7/79 - loss 4.60106073 - samples/sec: 697.40 - lr: 0.000125
2021-10-01 12:42:40,830 epoch 19 - iter 14/79 - loss 4.56955712 - samples/sec: 707.59 - lr: 0.000125
2021-10-01 12:42:41,201 epoch 19 - iter 21/79 - loss 4.61487182 - samples/sec: 604.70 - lr: 0.000125
2021-10-01 12:42:41,537 epoch 19 - iter 28/79 - loss 4.60375638 - samples/sec: 666.16 - lr: 0.000125
2021-10-01 12:42:41,855 epoch 19 - iter 35/79 - loss 4.59403533 - samples/sec: 704.64 - lr: 0.000125
2021-10-01 12:42:42,169 epoch 19 - iter 42/79 - loss 4.59373423 - samples/sec: 715.35 - lr: 0.000125
2021-10-01 12:42:42,520 epoch 19 - iter 49/79 - loss 4.59659686 - samples/sec: 638.14 - lr: 0.000125
2021-10-01 12:42:42,835 epoch 19 - iter 56/79 - loss 4.60012523 - samples/sec: 713.06 - lr: 0.000125
2021-10-01 12:42:43,168 epoch 19 - iter 63/79 - loss 4.59618665 - samples/sec: 672.81 - lr: 0.000125
2021-10-01 12:42:43,525 epoch 19 - iter 70/79 - loss 4.60034817 - samples/sec: 628.22 - lr: 0.000125
2021-10-01 12:42:43,848 epoch 19 - iter 77/79 - loss 4.59804573 - samples/sec: 693.56 - lr: 0.000125
2021-10-01 12:42:43,925 ----------------------------------------------------------------------------------------------------
2021-10-01 12:42:43,925 EPOCH 19 done: loss 4.6013 - lr 0.0001250
2021-10-01 12:42:45,619 DEV : loss 4.504138469696045 - score 0.1594
2021-10-01 12:42:45,628 BAD EPOCHS (no improvement): 2
2021-10-01 12:42:45,631 ----------------------------------------------------------------------------------------------------
2021-10-01 12:42:45,964 epoch 20 - iter 7/79 - loss 4.56087821 - samples/sec: 674.38 - lr: 0.000125
2021-10-01 12:42:46,284 epoch 20 - iter 14/79 - loss 4.56397966 - samples/sec: 701.32 - lr: 0.000125
2021-10-01 12:42:46,649 epoch 20 - iter 21/79 - loss 4.58925145 - samples/sec: 613.63 - lr: 0.000125
2021-10-01 12:42:46,969 epoch 20 - iter 28/79 - loss 4.59167693 - samples/sec: 702.29 - lr: 0.000125
2021-10-01 12:42:47,304 epoch 20 - iter 35/79 - loss 4.59996354 - samples/sec: 669.17 - lr: 0.000125
2021-10-01 12:42:47,644 epoch 20 - iter 42/79 - loss 4.60567238 - samples/sec: 658.77 - lr: 0.000125
2021-10-01 12:42:47,953 epoch 20 - iter 49/79 - loss 4.58850114 - samples/sec: 725.28 - lr: 0.000125
2021-10-01 12:42:48,272 epoch 20 - iter 56/79 - loss 4.59471198 - samples/sec: 703.02 - lr: 0.000125
2021-10-01 12:42:48,619 epoch 20 - iter 63/79 - loss 4.60154354 - samples/sec: 646.16 - lr: 0.000125
2021-10-01 12:42:48,935 epoch 20 - iter 70/79 - loss 4.58600471 - samples/sec: 711.20 - lr: 0.000125
2021-10-01 12:42:49,287 epoch 20 - iter 77/79 - loss 4.58467260 - samples/sec: 636.45 - lr: 0.000125
2021-10-01 12:42:49,356 ----------------------------------------------------------------------------------------------------
2021-10-01 12:42:49,356 EPOCH 20 done: loss 4.5807 - lr 0.0001250
2021-10-01 12:42:51,095 DEV : loss 4.485671043395996 - score 0.1596
2021-10-01 12:42:51,106 BAD EPOCHS (no improvement): 3
2021-10-01 12:42:51,119 ----------------------------------------------------------------------------------------------------
2021-10-01 12:42:51,468 epoch 21 - iter 7/79 - loss 4.63981438 - samples/sec: 643.37 - lr: 0.000125
2021-10-01 12:42:51,812 epoch 21 - iter 14/79 - loss 4.61347178 - samples/sec: 651.80 - lr: 0.000125
2021-10-01 12:42:52,146 epoch 21 - iter 21/79 - loss 4.59920817 - samples/sec: 672.20 - lr: 0.000125
2021-10-01 12:42:52,484 epoch 21 - iter 28/79 - loss 4.58460196 - samples/sec: 662.98 - lr: 0.000125
2021-10-01 12:42:52,801 epoch 21 - iter 35/79 - loss 4.58466008 - samples/sec: 707.61 - lr: 0.000125
2021-10-01 12:42:53,117 epoch 21 - iter 42/79 - loss 4.57242130 - samples/sec: 711.01 - lr: 0.000125
2021-10-01 12:42:53,450 epoch 21 - iter 49/79 - loss 4.57690409 - samples/sec: 673.16 - lr: 0.000125
2021-10-01 12:42:53,780 epoch 21 - iter 56/79 - loss 4.57586801 - samples/sec: 678.46 - lr: 0.000125
2021-10-01 12:42:54,131 epoch 21 - iter 63/79 - loss 4.58242445 - samples/sec: 640.19 - lr: 0.000125
2021-10-01 12:42:54,439 epoch 21 - iter 70/79 - loss 4.56863368 - samples/sec: 727.82 - lr: 0.000125
2021-10-01 12:42:54,790 epoch 21 - iter 77/79 - loss 4.56722600 - samples/sec: 638.39 - lr: 0.000125
2021-10-01 12:42:54,855 ----------------------------------------------------------------------------------------------------
2021-10-01 12:42:54,855 EPOCH 21 done: loss 4.5638 - lr 0.0001250
2021-10-01 12:42:57,384 DEV : loss 4.467715263366699 - score 0.1599
2021-10-01 12:42:57,393 BAD EPOCHS (no improvement): 4
2021-10-01 12:42:57,395 ----------------------------------------------------------------------------------------------------
2021-10-01 12:42:57,395 ----------------------------------------------------------------------------------------------------
2021-10-01 12:42:57,395 learning rate too small - quitting training!
2021-10-01 12:42:57,396 ----------------------------------------------------------------------------------------------------
2021-10-01 12:43:20,003 ----------------------------------------------------------------------------------------------------
2021-10-01 12:43:20,004 Testing using best model ...
2021-10-01 12:43:20,005 loading file model/flattened/upos/goldpos/goldframes/0.001-1024-1-0-0-0-0-0-0-0-0-0-0-0-elmo-original-all-ed789/best-model.pt
2021-10-01 12:43:30,713 	0.1703
2021-10-01 12:43:30,713 
Results:
- F-score (micro): 0.1703
- F-score (macro): 0.0016
- Accuracy (incl. no class): 0.1703

By class:
                    precision    recall  f1-score   support

           -1,ROOT     0.1339    0.6466    0.2218      1709
          -1,PUNCT     0.4341    0.0269    0.0507      2081
       1,VERB,ARG1     1.0000    0.0000    0.0000       332
           1,PROPN     1.0000    0.0000    0.0000       501
      -1,VERB,ARG2     1.0000    0.0000    0.0000       407
       1,VERB,ARG0     1.0000    0.0000    0.0000      1064
            4,NOUN     1.0000    0.0000    0.0000        27
            1,NOUN     0.1862    0.8896    0.3079      3497
            3,NOUN     1.0000    0.0000    0.0000        91
            2,NOUN     1.0000    0.0000    0.0000       520
      -1,VERB,ARG1     1.0000    0.0000    0.0000      1563
      -1,VERB,ARG4     1.0000    0.0000    0.0000        55
          -5,PUNCT     1.0000    0.0000    0.0000        67
          -2,PUNCT     1.0000    0.0000    0.0000       614
    1,AUX,ARGM-DIS     1.0000    0.0000    0.0000        17
       -1,AUX,ARG1     1.0000    0.0000    0.0000        51
           -1,PRON     1.0000    0.0000    0.0000       132
       -1,AUX,ARG2     1.0000    0.0000    0.0000       429
    1,AUX,ARGM-TMP     1.0000    0.0000    0.0000        19
  1,AUX,R-ARGM-TMP     1.0000    0.0000    0.0000         1
        1,AUX,ARG1     1.0000    0.0000    0.0000       397
           -3,NOUN     1.0000    0.0000    0.0000       198
       1,NOUN,ARG2     1.0000    0.0000    0.0000        20
            1,VERB     1.0000    0.0000    0.0000       761
       1,NOUN,ARG1     1.0000    0.0000    0.0000       106
          -1,PROPN     1.0000    0.0000    0.0000       497
      -1,NOUN,ARG2     1.0000    0.0000    0.0000        30
   1,VERB,ARGM-MOD     1.0000    0.0000    0.0000       309
           -1,VERB     1.0000    0.0000    0.0000       191
   1,VERB,ARGM-ADV     1.0000    0.0000    0.0000       188
  -1,VERB,ARGM-ADV     1.0000    0.0000    0.0000        97
  -1,VERB,ARGM-TMP     1.0000    0.0000    0.0000       246
   -1,AUX,ARGM-ADV     1.0000    0.0000    0.0000        39
   -1,AUX,ARGM-LOC     1.0000    0.0000    0.0000         6
          -4,PUNCT     1.0000    0.0000    0.0000       111
           -1,NOUN     0.3333    0.0006    0.0011      1810
            1,PRON     1.0000    0.0000    0.0000       107
            -1,ADV     1.0000    0.0000    0.0000       168
      -1,VERB,ARG3     1.0000    0.0000    0.0000        50
             1,ADJ     1.0000    0.0000    0.0000       528
     1,VERB,R-ARG0     1.0000    0.0000    0.0000        50
            -1,ADJ     1.0000    0.0000    0.0000       396
   1,VERB,ARGM-NEG     1.0000    0.0000    0.0000       141
      -2,VERB,ARG1     1.0000    0.0000    0.0000        36
         -1,VERB,V     1.0000    0.0000    0.0000         3
             1,ADV     1.0000    0.0000    0.0000       103
          -2,PROPN     1.0000    0.0000    0.0000       218
   2,NOUN,ARGM-ADJ     1.0000    0.0000    0.0000        17
       1,NOUN,ARG3     1.0000    0.0000    0.0000         4
      -1,NOUN,ARG1     1.0000    0.0000    0.0000       136
  -2,VERB,ARGM-LOC     1.0000    0.0000    0.0000         8
  -1,VERB,ARGM-GOL     1.0000    0.0000    0.0000        13
  -1,VERB,ARGM-PRP     1.0000    0.0000    0.0000        54
       1,NOUN,ARG0     1.0000    0.0000    0.0000       112
   1,NOUN,ARGM-LVB     1.0000    0.0000    0.0000        42
   1,NOUN,ARGM-ADJ     1.0000    0.0000    0.0000       167
  -1,VERB,ARGM-PRR     1.0000    0.0000    0.0000        62
            -1,NUM     1.0000    0.0000    0.0000       229
     1,VERB,R-ARG1     1.0000    0.0000    0.0000        30
  -1,VERB,ARGM-LOC     1.0000    0.0000    0.0000       127
   1,NOUN,ARGM-LOC     1.0000    0.0000    0.0000         3
      -2,NOUN,ARG1     1.0000    0.0000    0.0000        18
       2,VERB,ARG0     1.0000    0.0000    0.0000        21
  -1,NOUN,ARGM-PRD     1.0000    0.0000    0.0000         8
      -1,VERB,ARG0     1.0000    0.0000    0.0000        50
       3,VERB,ARG0     1.0000    0.0000    0.0000         5
     3,VERB,R-ARG0     1.0000    0.0000    0.0000         1
   2,VERB,ARGM-ADV     1.0000    0.0000    0.0000        11
           -2,NOUN     1.0000    0.0000    0.0000       434
           -4,NOUN     1.0000    0.0000    0.0000       104
   -1,AUX,ARGM-NEG     1.0000    0.0000    0.0000        23
       2,NOUN,ARG1     1.0000    0.0000    0.0000         7
       -1,ADJ,ARG1     1.0000    0.0000    0.0000        26
          -3,PUNCT     1.0000    0.0000    0.0000       263
  -1,VERB,ARGM-PRD     1.0000    0.0000    0.0000        16
          -6,PUNCT     1.0000    0.0000    0.0000        31
    1,AUX,ARGM-ADV     1.0000    0.0000    0.0000        22
  -1,NOUN,ARGM-ADJ     1.0000    0.0000    0.0000        30
       -1,ADJ,ARG0     1.0000    0.0000    0.0000        15
           -2,PRON     1.0000    0.0000    0.0000        36
   1,VERB,ARGM-TMP     1.0000    0.0000    0.0000       133
          -8,PUNCT     1.0000    0.0000    0.0000        14
          -9,PUNCT     1.0000    0.0000    0.0000         6
         -10,PUNCT     1.0000    0.0000    0.0000         4
         -11,PUNCT     1.0000    0.0000    0.0000         4
    1,ADJ,ARGM-ADV     1.0000    0.0000    0.0000         6
  -1,VERB,ARGM-MNR     1.0000    0.0000    0.0000        60
           2,PROPN     1.0000    0.0000    0.0000       127
   1,VERB,ARGM-DIS     1.0000    0.0000    0.0000        98
   1,NOUN,ARGM-NEG     1.0000    0.0000    0.0000        17
        2,AUX,ARG1     1.0000    0.0000    0.0000        72
           4,PROPN     1.0000    0.0000    0.0000        13
           3,PROPN     1.0000    0.0000    0.0000        36
       -1,ADJ,ARG2     1.0000    0.0000    0.0000        37
      -2,NOUN,ARG2     1.0000    0.0000    0.0000         3
  -2,VERB,ARGM-ADV     1.0000    0.0000    0.0000        13
    -1,VERB,C-ARG1     1.0000    0.0000    0.0000        44
   1,NOUN,ARGM-TMP     1.0000    0.0000    0.0000        28
            2,VERB     1.0000    0.0000    0.0000        18
  -2,VERB,ARGM-TMP     1.0000    0.0000    0.0000        14
      -1,NOUN,ARG0     1.0000    0.0000    0.0000        16
  -2,NOUN,ARGM-PRD     1.0000    0.0000    0.0000         1
           -2,VERB     1.0000    0.0000    0.0000        53
  -1,NOUN,ARGM-TMP     1.0000    0.0000    0.0000        13
          -7,PUNCT     1.0000    0.0000    0.0000        24
   1,NOUN,ARGM-MNR     1.0000    0.0000    0.0000        31
  -1,VERB,ARGM-CAU     1.0000    0.0000    0.0000        14
       -2,ADJ,ARG2     1.0000    0.0000    0.0000         2
            -2,ADJ     1.0000    0.0000    0.0000       111
  -4,VERB,ARGM-ADV     1.0000    0.0000    0.0000         3
      1,AUX,R-ARG1     1.0000    0.0000    0.0000        10
        1,ADJ,ARG2     1.0000    0.0000    0.0000         1
  -2,NOUN,ARGM-ADJ     1.0000    0.0000    0.0000         3
             2,ADJ     1.0000    0.0000    0.0000        23
    1,ADJ,ARGM-EXT     1.0000    0.0000    0.0000        58
 1,VERB,R-ARGM-MNR     1.0000    0.0000    0.0000         8
          -3,PROPN     1.0000    0.0000    0.0000       139
      -4,NOUN,ARG1     1.0000    0.0000    0.0000         1
   1,VERB,ARGM-MNR     1.0000    0.0000    0.0000        29
         -19,PUNCT     1.0000    0.0000    0.0000         1
  -1,VERB,ARGM-EXT     1.0000    0.0000    0.0000         9
             1,DET     1.0000    0.0000    0.0000        16
            -1,DET     1.0000    0.0000    0.0000        69
       2,NOUN,ARG0     1.0000    0.0000    0.0000        10
           -5,NOUN     1.0000    0.0000    0.0000        44
   1,VERB,ARGM-LOC     1.0000    0.0000    0.0000        21
 1,VERB,R-ARGM-LOC     1.0000    0.0000    0.0000         7
           -9,NOUN     1.0000    0.0000    0.0000         8
       -2,ADJ,ARG1     1.0000    0.0000    0.0000         3
       -3,AUX,ARG1     1.0000    0.0000    0.0000         1
            -6,ADJ     1.0000    0.0000    0.0000         3
       2,VERB,ARG1     1.0000    0.0000    0.0000        18
   1,VERB,ARGM-PRR     1.0000    0.0000    0.0000         3
  -1,NOUN,ARGM-PRP     1.0000    0.0000    0.0000         3
   -1,AUX,ARGM-PRD     1.0000    0.0000    0.0000         1
  -3,VERB,ARGM-ADV     1.0000    0.0000    0.0000         2
       1,VERB,ARG2     1.0000    0.0000    0.0000        26
   1,NOUN,ARGM-PRP     1.0000    0.0000    0.0000         2
  -2,NOUN,ARGM-TMP     1.0000    0.0000    0.0000         3
      -2,NOUN,ARG0     1.0000    0.0000    0.0000         4
             1,SYM     1.0000    0.0000    0.0000        25
            -1,SYM     1.0000    0.0000    0.0000        61
   1,VERB,ARGM-EXT     1.0000    0.0000    0.0000        24
     -1,ADJ,C-ARG1     1.0000    0.0000    0.0000         3
            -3,ADJ     1.0000    0.0000    0.0000        31
            -4,ADJ     1.0000    0.0000    0.0000        11
      -2,VERB,ARG2     1.0000    0.0000    0.0000        12
    1,AUX,ARGM-MOD     1.0000    0.0000    0.0000        68
       -1,VERB,C-V     1.0000    0.0000    0.0000        15
   1,NOUN,ARGM-PRD     1.0000    0.0000    0.0000        10
      -3,NOUN,ARG3     1.0000    0.0000    0.0000         2
             2,NUM     1.0000    0.0000    0.0000         4
             1,NUM     1.0000    0.0000    0.0000        71
   3,VERB,ARGM-TMP     1.0000    0.0000    0.0000         2
   3,VERB,ARGM-ADV     1.0000    0.0000    0.0000         3
      -3,NOUN,ARG0     1.0000    0.0000    0.0000         1
       4,VERB,ARG0     1.0000    0.0000    0.0000         1
        1,AUX,ARG2     1.0000    0.0000    0.0000        28
      -3,NOUN,ARG1     1.0000    0.0000    0.0000         5
  -1,VERB,ARGM-COM     1.0000    0.0000    0.0000        11
            3,VERB     1.0000    0.0000    0.0000         4
  -2,VERB,ARGM-MNR     1.0000    0.0000    0.0000         2
    -1,NOUN,R-ARG1     1.0000    0.0000    0.0000         1
      -3,VERB,ARG1     1.0000    0.0000    0.0000         6
  -1,VERB,ARGM-DIS     1.0000    0.0000    0.0000        13
           -5,VERB     1.0000    0.0000    0.0000         4
   -1,AUX,ARGM-TMP     1.0000    0.0000    0.0000        23
       5,VERB,ARG0     1.0000    0.0000    0.0000         1
      -3,VERB,ARG2     1.0000    0.0000    0.0000         3
       4,VERB,ARG1     1.0000    0.0000    0.0000         2
          -4,PROPN     1.0000    0.0000    0.0000        75
          -5,PROPN     1.0000    0.0000    0.0000        45
          -6,PROPN     1.0000    0.0000    0.0000        10
   3,VERB,ARGM-DIS     1.0000    0.0000    0.0000         2
   1,VERB,ARGM-PRD     1.0000    0.0000    0.0000         1
       -1,ADJ,ARG3     1.0000    0.0000    0.0000         7
   2,NOUN,ARGM-GOL     1.0000    0.0000    0.0000         2
    2,AUX,ARGM-DIS     1.0000    0.0000    0.0000         3
   2,VERB,ARGM-CAU     1.0000    0.0000    0.0000         3
    1,ADJ,ARGM-CXN     1.0000    0.0000    0.0000         5
             2,AUX     1.0000    0.0000    0.0000         1
             1,AUX     1.0000    0.0000    0.0000         1
 -1,ADJ,C-ARGM-CXN     1.0000    0.0000    0.0000         5
  -1,NOUN,ARGM-LOC     1.0000    0.0000    0.0000        18
          -7,PROPN     1.0000    0.0000    0.0000        11
   -1,AUX,ARGM-MNR     1.0000    0.0000    0.0000         2
   1,NOUN,ARGM-ADV     1.0000    0.0000    0.0000         2
  -2,NOUN,ARGM-ADV     1.0000    0.0000    0.0000         5
           -3,VERB     1.0000    0.0000    0.0000        15
   -1,AUX,ARGM-EXT     1.0000    0.0000    0.0000         3
   2,NOUN,ARGM-LOC     1.0000    0.0000    0.0000         2
 1,NOUN,R-ARGM-ADJ     1.0000    0.0000    0.0000         1
            1,INTJ     1.0000    0.0000    0.0000         4
           -1,INTJ     1.0000    0.0000    0.0000        10
   4,VERB,ARGM-ADV     1.0000    0.0000    0.0000         3
   1,NOUN,ARGM-EXT     1.0000    0.0000    0.0000         5
      -5,NOUN,ARG1     1.0000    0.0000    0.0000         1
  -1,NOUN,ARGM-CAU     1.0000    0.0000    0.0000         1
  -1,VERB,ARGM-DIR     1.0000    0.0000    0.0000        39
   2,NOUN,ARGM-DIS     1.0000    0.0000    0.0000         2
   2,VERB,ARGM-DIS     1.0000    0.0000    0.0000         3
  -1,VERB,ARGM-NEG     1.0000    0.0000    0.0000         2
       2,VERB,ARG2     1.0000    0.0000    0.0000         2
    -3,VERB,C-ARG1     1.0000    0.0000    0.0000         1
   1,VERB,ARGM-CAU     1.0000    0.0000    0.0000        11
    -1,NOUN,C-ARG3     1.0000    0.0000    0.0000         1
    1,AUX,ARGM-NEG     1.0000    0.0000    0.0000         8
   -1,AUX,ARGM-CAU     1.0000    0.0000    0.0000         1
   -2,AUX,ARGM-DIS     1.0000    0.0000    0.0000         1
            -2,NUM     1.0000    0.0000    0.0000        71
  -1,NOUN,ARGM-LVB     1.0000    0.0000    0.0000         4
  -2,VERB,ARGM-DIS     1.0000    0.0000    0.0000         3
              -1,X     1.0000    0.0000    0.0000       184
            -2,ADV     1.0000    0.0000    0.0000        20
  -4,NOUN,ARGM-MNR     1.0000    0.0000    0.0000         1
            -2,SYM     1.0000    0.0000    0.0000        14
            -3,SYM     1.0000    0.0000    0.0000         1
   -1,AUX,ARGM-DIS     1.0000    0.0000    0.0000         6
   1,NOUN,ARGM-DIS     1.0000    0.0000    0.0000         3
   2,VERB,ARGM-MNR     1.0000    0.0000    0.0000         1
            -3,NUM     1.0000    0.0000    0.0000        24
            -4,NUM     1.0000    0.0000    0.0000         7
            -5,NUM     1.0000    0.0000    0.0000         2
            -6,NUM     1.0000    0.0000    0.0000         4
            -7,NUM     1.0000    0.0000    0.0000         2
  -2,NOUN,ARGM-PRP     1.0000    0.0000    0.0000         1
    2,AUX,ARGM-ADV     1.0000    0.0000    0.0000        12
              -2,X     1.0000    0.0000    0.0000        31
             2,ADV     1.0000    0.0000    0.0000         5
        2,AUX,ARG2     1.0000    0.0000    0.0000         2
   2,NOUN,ARGM-TMP     1.0000    0.0000    0.0000         5
  -1,NOUN,ARGM-EXT     1.0000    0.0000    0.0000         2
      -1,VERB,ARG5     1.0000    0.0000    0.0000         1
       3,NOUN,ARG0     1.0000    0.0000    0.0000         2
               2,X     1.0000    0.0000    0.0000         2
               1,X     1.0000    0.0000    0.0000         4
   3,NOUN,ARGM-TMP     1.0000    0.0000    0.0000         2
   2,NOUN,ARGM-ADV     1.0000    0.0000    0.0000         4
   -1,ADJ,ARGM-TMP     1.0000    0.0000    0.0000         1
   1,NOUN,ARGM-MOD     1.0000    0.0000    0.0000         7
      -4,NOUN,ARG4     1.0000    0.0000    0.0000         1
            -2,DET     1.0000    0.0000    0.0000        13
            -1,ADP     1.0000    0.0000    0.0000         7
            -2,ADP     1.0000    0.0000    0.0000         3
  -2,VERB,ARGM-GOL     1.0000    0.0000    0.0000         1
      -2,VERB,ARG0     1.0000    0.0000    0.0000         1
           -6,NOUN     1.0000    0.0000    0.0000        20
         -12,PUNCT     1.0000    0.0000    0.0000         1
      -2,NOUN,ARG3     1.0000    0.0000    0.0000         1
    2,AUX,ARGM-TMP     1.0000    0.0000    0.0000         2
   2,VERB,ARGM-PRR     1.0000    0.0000    0.0000         1
  -2,NOUN,ARGM-MOD     1.0000    0.0000    0.0000         1
  -2,NOUN,ARGM-LVB     1.0000    0.0000    0.0000         1
   2,NOUN,ARGM-PRD     1.0000    0.0000    0.0000         1
  -1,NOUN,ARGM-ADV     1.0000    0.0000    0.0000         8
           7,PROPN     1.0000    0.0000    0.0000         2
           6,PROPN     1.0000    0.0000    0.0000         1
           5,PROPN     1.0000    0.0000    0.0000         1
  -3,NOUN,ARGM-ADV     1.0000    0.0000    0.0000         1
      1,ADJ,R-ARG1     1.0000    0.0000    0.0000         1
    1,ADJ,ARGM-MOD     1.0000    0.0000    0.0000         1
     1,VERB,R-ARG2     1.0000    0.0000    0.0000         1
  -1,NOUN,ARGM-MOD     1.0000    0.0000    0.0000         1
  -1,NOUN,ARGM-GOL     1.0000    0.0000    0.0000         2
          -8,PROPN     1.0000    0.0000    0.0000         2
          -9,PROPN     1.0000    0.0000    0.0000         6
 3,VERB,R-ARGM-ADV     1.0000    0.0000    0.0000         1
  -1,NOUN,ARGM-COM     1.0000    0.0000    0.0000         2
   3,NOUN,ARGM-ADJ     1.0000    0.0000    0.0000         5
       3,VERB,ARG1     1.0000    0.0000    0.0000         1
 1,VERB,R-ARGM-DIR     1.0000    0.0000    0.0000         1
    2,AUX,ARGM-CAU     1.0000    0.0000    0.0000         2
  -3,VERB,ARGM-PRP     1.0000    0.0000    0.0000         2
   2,NOUN,ARGM-MNR     1.0000    0.0000    0.0000         2
           -3,PRON     1.0000    0.0000    0.0000         7
          -1,SCONJ     1.0000    0.0000    0.0000         1
   -1,AUX,ARGM-PRP     1.0000    0.0000    0.0000         4
           -4,VERB     1.0000    0.0000    0.0000         2
        1,ADJ,ARG1     1.0000    0.0000    0.0000         2
         -1,NOUN,V     1.0000    0.0000    0.0000         1
           -7,NOUN     1.0000    0.0000    0.0000         7
           -8,NOUN     1.0000    0.0000    0.0000         8
   2,VERB,ARGM-TMP     1.0000    0.0000    0.0000         3
    -1,VERB,C-ARG0     1.0000    0.0000    0.0000         2
         -10,PROPN     1.0000    0.0000    0.0000         2
   2,NOUN,ARGM-LVB     1.0000    0.0000    0.0000         5
   -2,AUX,ARGM-ADV     1.0000    0.0000    0.0000         3
            -5,ADJ     1.0000    0.0000    0.0000         4
    1,ADJ,ARGM-ADJ     1.0000    0.0000    0.0000         2
    -1,VERB,C-ARG2     1.0000    0.0000    0.0000         6
  -3,VERB,ARGM-LOC     1.0000    0.0000    0.0000         1
   5,VERB,ARGM-ADV     1.0000    0.0000    0.0000         1
            -1,AUX     1.0000    0.0000    0.0000         3
            -2,AUX     1.0000    0.0000    0.0000         1
   9,NOUN,ARGM-ADV     1.0000    0.0000    0.0000         1
       3,NOUN,ARG1     1.0000    0.0000    0.0000         1
     1,NOUN,R-ARG0     1.0000    0.0000    0.0000         2
       -2,AUX,ARG1     1.0000    0.0000    0.0000         2
            5,NOUN     1.0000    0.0000    0.0000         4
      -5,VERB,ARG1     1.0000    0.0000    0.0000         1
   1,VERB,ARG1-DSP     1.0000    0.0000    0.0000         4
-1,VERB,C-ARG1-DSP     1.0000    0.0000    0.0000         1
   -1,ADJ,ARGM-NEG     1.0000    0.0000    0.0000         1
            2,PRON     1.0000    0.0000    0.0000         3
      -4,VERB,ARG1     1.0000    0.0000    0.0000         1
  -3,VERB,ARGM-GOL     1.0000    0.0000    0.0000         1
   -1,ADJ,ARGM-PRP     1.0000    0.0000    0.0000         2
       -3,ADJ,ARG0     1.0000    0.0000    0.0000         1
      -1,NOUN,ARG3     1.0000    0.0000    0.0000         2
   -2,AUX,ARGM-CAU     1.0000    0.0000    0.0000         1
  -1,NOUN,ARGM-DIR     1.0000    0.0000    0.0000         4
   -1,ADJ,ARGM-EXT     1.0000    0.0000    0.0000         1
    2,AUX,ARGM-LOC     1.0000    0.0000    0.0000         1
   -3,ADJ,ARGM-CXN     1.0000    0.0000    0.0000         1
   2,NOUN,ARGM-NEG     1.0000    0.0000    0.0000         1
   1,NOUN,ARGM-CAU     1.0000    0.0000    0.0000         1
             3,ADV     1.0000    0.0000    0.0000         1
   -1,ADJ,ARGM-CXN     1.0000    0.0000    0.0000         6
      -2,VERB,ARG3     1.0000    0.0000    0.0000         2
             2,DET     1.0000    0.0000    0.0000         2
   4,NOUN,ARGM-CAU     1.0000    0.0000    0.0000         1
  -2,VERB,ARGM-DIR     1.0000    0.0000    0.0000         1
  -2,VERB,ARGM-PRP     1.0000    0.0000    0.0000         1
            -3,ADV     1.0000    0.0000    0.0000         1
-1,VERB,C-ARGM-LOC     1.0000    0.0000    0.0000         1
       1,VERB,ARGA     1.0000    0.0000    0.0000         2
  -3,VERB,ARGM-CAU     1.0000    0.0000    0.0000         1
  -3,VERB,ARGM-DIS     1.0000    0.0000    0.0000         1
            1,PART     1.0000    0.0000    0.0000         1
   1,VERB,ARGM-PRP     1.0000    0.0000    0.0000         3
  -1,NOUN,ARGM-MNR     1.0000    0.0000    0.0000         1
       1,VERB,ARG3     1.0000    0.0000    0.0000         2
   -1,AUX,ARGM-GOL     1.0000    0.0000    0.0000         2
  -1,NOUN,ARGM-DIS     1.0000    0.0000    0.0000         5
    1,ADJ,ARGM-LVB     1.0000    0.0000    0.0000         1
    -2,VERB,C-ARG1     1.0000    0.0000    0.0000         1
  -2,NOUN,ARGM-MNR     1.0000    0.0000    0.0000         1
 1,VERB,R-ARGM-TMP     1.0000    0.0000    0.0000         1
             1,ADP     1.0000    0.0000    0.0000         4
     -1,AUX,C-ARG2     1.0000    0.0000    0.0000         1
    -1,VERB,C-ARG3     1.0000    0.0000    0.0000         1
    1,ADJ,ARGM-NEG     1.0000    0.0000    0.0000         1
   2,NOUN,ARGM-DIR     1.0000    0.0000    0.0000         1
  -2,VERB,ARGM-CAU     1.0000    0.0000    0.0000         3
       -2,ADJ,ARG0     1.0000    0.0000    0.0000         2
    -1,NOUN,C-ARG1     1.0000    0.0000    0.0000         1
       -2,AUX,ARG2     1.0000    0.0000    0.0000         1
   1,VERB,ARGM-DIR     1.0000    0.0000    0.0000         1
     -2,ADJ,C-ARG1     1.0000    0.0000    0.0000         1
  -2,VERB,ARGM-PRR     1.0000    0.0000    0.0000         1
        3,AUX,ARG1     1.0000    0.0000    0.0000         1
    2,AUX,ARGM-MOD     1.0000    0.0000    0.0000         1
    2,AUX,ARGM-NEG     1.0000    0.0000    0.0000         1

          accuracy                         0.1703     25096
         macro avg     0.9917    0.0044    0.0016     25096
      weighted avg     0.7326    0.1703    0.0623     25096

2021-10-01 12:43:30,716 ----------------------------------------------------------------------------------------------------
