2021-10-01 13:20:49,890 ----------------------------------------------------------------------------------------------------
2021-10-01 13:20:49,890 Model: "SequenceTagger(
  (embeddings): StackedEmbeddings(
    (list_embedding_0): ELMoEmbeddings(model=0-0-0-0-0-0-0-0-0-0-0-0-elmo-original-all)
  )
  (word_dropout): WordDropout(p=0.05)
  (embedding2nn): Linear(in_features=3072, out_features=3072, bias=True)
  (rnn): LSTM(3072, 2048, batch_first=True, bidirectional=True)
  (linear): Linear(in_features=4096, out_features=551, bias=True)
  (beta): 1.0
  (weights): None
  (weight_tensor) None
)"
2021-10-01 13:20:49,916 ----------------------------------------------------------------------------------------------------
2021-10-01 13:20:49,928 Corpus: "Corpus: 2508 train + 2002 dev + 2077 test sentences"
2021-10-01 13:20:49,944 ----------------------------------------------------------------------------------------------------
2021-10-01 13:20:49,954 Parameters:
2021-10-01 13:20:49,966  - learning_rate: "0.001"
2021-10-01 13:20:49,968  - mini_batch_size: "32"
2021-10-01 13:20:49,968  - patience: "3"
2021-10-01 13:20:49,968  - anneal_factor: "0.5"
2021-10-01 13:20:49,968  - max_epochs: "120"
2021-10-01 13:20:49,968  - shuffle: "True"
2021-10-01 13:20:49,968  - train_with_dev: "False"
2021-10-01 13:20:49,968  - batch_growth_annealing: "False"
2021-10-01 13:20:49,968 ----------------------------------------------------------------------------------------------------
2021-10-01 13:20:49,968 Model training base path: "model/flattened/upos/goldpos/goldframes/0.001-2048-1-0-0-0-0-0-0-0-0-0-0-0-0-0-0-elmo-original-all-a1481"
2021-10-01 13:20:49,978 ----------------------------------------------------------------------------------------------------
2021-10-01 13:20:49,997 Device: cuda:1
2021-10-01 13:20:49,999 ----------------------------------------------------------------------------------------------------
2021-10-01 13:20:49,999 Embeddings storage mode: gpu
2021-10-01 13:20:50,019 ----------------------------------------------------------------------------------------------------
2021-10-01 13:20:52,102 epoch 1 - iter 7/79 - loss 6.30409895 - samples/sec: 107.59 - lr: 0.001000
2021-10-01 13:20:54,272 epoch 1 - iter 14/79 - loss 6.30382572 - samples/sec: 103.26 - lr: 0.001000
2021-10-01 13:20:56,408 epoch 1 - iter 21/79 - loss 6.30114601 - samples/sec: 104.89 - lr: 0.001000
2021-10-01 13:20:58,529 epoch 1 - iter 28/79 - loss 6.29946070 - samples/sec: 105.67 - lr: 0.001000
2021-10-01 13:21:00,282 epoch 1 - iter 35/79 - loss 6.29726291 - samples/sec: 127.83 - lr: 0.001000
2021-10-01 13:21:02,504 epoch 1 - iter 42/79 - loss 6.29454111 - samples/sec: 100.83 - lr: 0.001000
2021-10-01 13:21:04,521 epoch 1 - iter 49/79 - loss 6.29150155 - samples/sec: 111.10 - lr: 0.001000
2021-10-01 13:21:06,053 epoch 1 - iter 56/79 - loss 6.28836496 - samples/sec: 146.25 - lr: 0.001000
2021-10-01 13:21:07,511 epoch 1 - iter 63/79 - loss 6.28567472 - samples/sec: 153.67 - lr: 0.001000
2021-10-01 13:21:08,844 epoch 1 - iter 70/79 - loss 6.28240350 - samples/sec: 168.22 - lr: 0.001000
2021-10-01 13:21:10,016 epoch 1 - iter 77/79 - loss 6.27926187 - samples/sec: 191.12 - lr: 0.001000
2021-10-01 13:21:10,354 ----------------------------------------------------------------------------------------------------
2021-10-01 13:21:10,354 EPOCH 1 done: loss 6.2780 - lr 0.0010000
2021-10-01 13:21:20,752 DEV : loss 6.241175174713135 - score 0.0866
2021-10-01 13:21:20,762 BAD EPOCHS (no improvement): 0
2021-10-01 13:21:37,445 ----------------------------------------------------------------------------------------------------
2021-10-01 13:21:38,162 epoch 2 - iter 7/79 - loss 6.24142381 - samples/sec: 313.04 - lr: 0.001000
2021-10-01 13:21:38,829 epoch 2 - iter 14/79 - loss 6.23702758 - samples/sec: 336.06 - lr: 0.001000
2021-10-01 13:21:39,581 epoch 2 - iter 21/79 - loss 6.23510333 - samples/sec: 298.04 - lr: 0.001000
2021-10-01 13:21:40,314 epoch 2 - iter 28/79 - loss 6.23156960 - samples/sec: 305.57 - lr: 0.001000
2021-10-01 13:21:41,000 epoch 2 - iter 35/79 - loss 6.22825858 - samples/sec: 326.62 - lr: 0.001000
2021-10-01 13:21:41,785 epoch 2 - iter 42/79 - loss 6.22492887 - samples/sec: 285.55 - lr: 0.001000
2021-10-01 13:21:42,525 epoch 2 - iter 49/79 - loss 6.22261622 - samples/sec: 303.21 - lr: 0.001000
2021-10-01 13:21:43,277 epoch 2 - iter 56/79 - loss 6.21966010 - samples/sec: 297.96 - lr: 0.001000
2021-10-01 13:21:44,028 epoch 2 - iter 63/79 - loss 6.21714001 - samples/sec: 298.14 - lr: 0.001000
2021-10-01 13:21:44,695 epoch 2 - iter 70/79 - loss 6.21375213 - samples/sec: 336.22 - lr: 0.001000
2021-10-01 13:21:45,480 epoch 2 - iter 77/79 - loss 6.21061002 - samples/sec: 285.55 - lr: 0.001000
2021-10-01 13:21:45,643 ----------------------------------------------------------------------------------------------------
2021-10-01 13:21:45,643 EPOCH 2 done: loss 6.2098 - lr 0.0010000
2021-10-01 13:21:49,207 DEV : loss 6.169191837310791 - score 0.1662
2021-10-01 13:21:49,217 BAD EPOCHS (no improvement): 0
2021-10-01 13:22:06,024 ----------------------------------------------------------------------------------------------------
2021-10-01 13:22:06,738 epoch 3 - iter 7/79 - loss 6.16974476 - samples/sec: 313.98 - lr: 0.001000
2021-10-01 13:22:07,506 epoch 3 - iter 14/79 - loss 6.16657332 - samples/sec: 291.98 - lr: 0.001000
2021-10-01 13:22:08,208 epoch 3 - iter 21/79 - loss 6.16488754 - samples/sec: 319.09 - lr: 0.001000
2021-10-01 13:22:09,017 epoch 3 - iter 28/79 - loss 6.16114642 - samples/sec: 277.07 - lr: 0.001000
2021-10-01 13:22:09,820 epoch 3 - iter 35/79 - loss 6.16055314 - samples/sec: 279.25 - lr: 0.001000
2021-10-01 13:22:10,559 epoch 3 - iter 42/79 - loss 6.15704209 - samples/sec: 303.37 - lr: 0.001000
2021-10-01 13:22:11,315 epoch 3 - iter 49/79 - loss 6.15371733 - samples/sec: 296.35 - lr: 0.001000
2021-10-01 13:22:12,064 epoch 3 - iter 56/79 - loss 6.14885154 - samples/sec: 299.33 - lr: 0.001000
2021-10-01 13:22:12,745 epoch 3 - iter 63/79 - loss 6.14372174 - samples/sec: 328.79 - lr: 0.001000
2021-10-01 13:22:13,465 epoch 3 - iter 70/79 - loss 6.14050743 - samples/sec: 311.29 - lr: 0.001000
2021-10-01 13:22:14,170 epoch 3 - iter 77/79 - loss 6.13766025 - samples/sec: 318.09 - lr: 0.001000
2021-10-01 13:22:14,344 ----------------------------------------------------------------------------------------------------
2021-10-01 13:22:14,345 EPOCH 3 done: loss 6.1367 - lr 0.0010000
2021-10-01 13:22:16,903 DEV : loss 6.0905280113220215 - score 0.1781
2021-10-01 13:22:16,913 BAD EPOCHS (no improvement): 0
2021-10-01 13:22:41,067 ----------------------------------------------------------------------------------------------------
2021-10-01 13:22:41,786 epoch 4 - iter 7/79 - loss 6.10606357 - samples/sec: 312.04 - lr: 0.001000
2021-10-01 13:22:42,538 epoch 4 - iter 14/79 - loss 6.09583664 - samples/sec: 298.05 - lr: 0.001000
2021-10-01 13:22:43,244 epoch 4 - iter 21/79 - loss 6.09219161 - samples/sec: 317.58 - lr: 0.001000
2021-10-01 13:22:43,989 epoch 4 - iter 28/79 - loss 6.08788623 - samples/sec: 300.58 - lr: 0.001000
2021-10-01 13:22:44,698 epoch 4 - iter 35/79 - loss 6.08523840 - samples/sec: 316.13 - lr: 0.001000
2021-10-01 13:22:45,419 epoch 4 - iter 42/79 - loss 6.08147219 - samples/sec: 311.17 - lr: 0.001000
2021-10-01 13:22:46,178 epoch 4 - iter 49/79 - loss 6.07639502 - samples/sec: 295.32 - lr: 0.001000
2021-10-01 13:22:46,903 epoch 4 - iter 56/79 - loss 6.07257267 - samples/sec: 309.10 - lr: 0.001000
2021-10-01 13:22:47,704 epoch 4 - iter 63/79 - loss 6.06770707 - samples/sec: 279.76 - lr: 0.001000
2021-10-01 13:22:48,494 epoch 4 - iter 70/79 - loss 6.06232057 - samples/sec: 283.52 - lr: 0.001000
2021-10-01 13:22:49,199 epoch 4 - iter 77/79 - loss 6.05783368 - samples/sec: 318.17 - lr: 0.001000
2021-10-01 13:22:49,369 ----------------------------------------------------------------------------------------------------
2021-10-01 13:22:49,370 EPOCH 4 done: loss 6.0564 - lr 0.0010000
2021-10-01 13:22:52,028 DEV : loss 6.0020527839660645 - score 0.1782
2021-10-01 13:22:52,037 BAD EPOCHS (no improvement): 0
2021-10-01 13:23:03,641 ----------------------------------------------------------------------------------------------------
2021-10-01 13:23:04,428 epoch 5 - iter 7/79 - loss 6.01815762 - samples/sec: 285.12 - lr: 0.001000
2021-10-01 13:23:05,154 epoch 5 - iter 14/79 - loss 6.00656162 - samples/sec: 308.41 - lr: 0.001000
2021-10-01 13:23:05,938 epoch 5 - iter 21/79 - loss 6.00127667 - samples/sec: 286.16 - lr: 0.001000
2021-10-01 13:23:06,703 epoch 5 - iter 28/79 - loss 5.99619378 - samples/sec: 292.85 - lr: 0.001000
2021-10-01 13:23:07,418 epoch 5 - iter 35/79 - loss 5.99183077 - samples/sec: 313.30 - lr: 0.001000
2021-10-01 13:23:08,151 epoch 5 - iter 42/79 - loss 5.98579129 - samples/sec: 305.89 - lr: 0.001000
2021-10-01 13:23:08,856 epoch 5 - iter 49/79 - loss 5.98185549 - samples/sec: 318.07 - lr: 0.001000
2021-10-01 13:23:09,644 epoch 5 - iter 56/79 - loss 5.97815379 - samples/sec: 284.41 - lr: 0.001000
2021-10-01 13:23:10,321 epoch 5 - iter 63/79 - loss 5.97328521 - samples/sec: 330.79 - lr: 0.001000
2021-10-01 13:23:10,995 epoch 5 - iter 70/79 - loss 5.97042490 - samples/sec: 332.93 - lr: 0.001000
2021-10-01 13:23:11,760 epoch 5 - iter 77/79 - loss 5.96443132 - samples/sec: 292.89 - lr: 0.001000
2021-10-01 13:23:11,952 ----------------------------------------------------------------------------------------------------
2021-10-01 13:23:11,953 EPOCH 5 done: loss 5.9637 - lr 0.0010000
2021-10-01 13:23:14,513 DEV : loss 5.898929595947266 - score 0.172
2021-10-01 13:23:14,523 BAD EPOCHS (no improvement): 1
2021-10-01 13:23:14,525 ----------------------------------------------------------------------------------------------------
2021-10-01 13:23:15,325 epoch 6 - iter 7/79 - loss 5.90351507 - samples/sec: 280.27 - lr: 0.001000
2021-10-01 13:23:16,026 epoch 6 - iter 14/79 - loss 5.90954208 - samples/sec: 319.97 - lr: 0.001000
2021-10-01 13:23:16,775 epoch 6 - iter 21/79 - loss 5.90081085 - samples/sec: 299.30 - lr: 0.001000
2021-10-01 13:23:17,481 epoch 6 - iter 28/79 - loss 5.89389564 - samples/sec: 317.39 - lr: 0.001000
2021-10-01 13:23:18,266 epoch 6 - iter 35/79 - loss 5.89175027 - samples/sec: 285.43 - lr: 0.001000
2021-10-01 13:23:18,981 epoch 6 - iter 42/79 - loss 5.88502717 - samples/sec: 313.67 - lr: 0.001000
2021-10-01 13:23:19,693 epoch 6 - iter 49/79 - loss 5.88060595 - samples/sec: 314.46 - lr: 0.001000
2021-10-01 13:23:20,491 epoch 6 - iter 56/79 - loss 5.87881549 - samples/sec: 280.98 - lr: 0.001000
2021-10-01 13:23:21,200 epoch 6 - iter 63/79 - loss 5.87132602 - samples/sec: 316.31 - lr: 0.001000
2021-10-01 13:23:21,903 epoch 6 - iter 70/79 - loss 5.86435886 - samples/sec: 318.48 - lr: 0.001000
2021-10-01 13:23:22,635 epoch 6 - iter 77/79 - loss 5.85705579 - samples/sec: 306.50 - lr: 0.001000
2021-10-01 13:23:22,792 ----------------------------------------------------------------------------------------------------
2021-10-01 13:23:22,792 EPOCH 6 done: loss 5.8553 - lr 0.0010000
2021-10-01 13:23:25,357 DEV : loss 5.775897979736328 - score 0.1622
2021-10-01 13:23:25,367 BAD EPOCHS (no improvement): 2
2021-10-01 13:23:25,369 ----------------------------------------------------------------------------------------------------
2021-10-01 13:23:26,045 epoch 7 - iter 7/79 - loss 5.76889208 - samples/sec: 331.99 - lr: 0.001000
2021-10-01 13:23:26,817 epoch 7 - iter 14/79 - loss 5.77703868 - samples/sec: 290.28 - lr: 0.001000
2021-10-01 13:23:27,612 epoch 7 - iter 21/79 - loss 5.77348334 - samples/sec: 281.90 - lr: 0.001000
2021-10-01 13:23:28,398 epoch 7 - iter 28/79 - loss 5.77448916 - samples/sec: 285.13 - lr: 0.001000
2021-10-01 13:23:29,153 epoch 7 - iter 35/79 - loss 5.76590539 - samples/sec: 296.83 - lr: 0.001000
2021-10-01 13:23:29,846 epoch 7 - iter 42/79 - loss 5.76119038 - samples/sec: 323.65 - lr: 0.001000
2021-10-01 13:23:30,575 epoch 7 - iter 49/79 - loss 5.75428425 - samples/sec: 307.41 - lr: 0.001000
2021-10-01 13:23:31,296 epoch 7 - iter 56/79 - loss 5.74869183 - samples/sec: 311.07 - lr: 0.001000
2021-10-01 13:23:31,976 epoch 7 - iter 63/79 - loss 5.73967078 - samples/sec: 329.22 - lr: 0.001000
2021-10-01 13:23:32,700 epoch 7 - iter 70/79 - loss 5.73317029 - samples/sec: 309.85 - lr: 0.001000
2021-10-01 13:23:33,384 epoch 7 - iter 77/79 - loss 5.72530046 - samples/sec: 327.41 - lr: 0.001000
2021-10-01 13:23:33,534 ----------------------------------------------------------------------------------------------------
2021-10-01 13:23:33,535 EPOCH 7 done: loss 5.7221 - lr 0.0010000
2021-10-01 13:23:36,132 DEV : loss 5.626044273376465 - score 0.1566
2021-10-01 13:23:36,143 BAD EPOCHS (no improvement): 3
2021-10-01 13:23:36,145 ----------------------------------------------------------------------------------------------------
2021-10-01 13:23:36,872 epoch 8 - iter 7/79 - loss 5.64997217 - samples/sec: 308.67 - lr: 0.001000
2021-10-01 13:23:37,612 epoch 8 - iter 14/79 - loss 5.64207871 - samples/sec: 302.53 - lr: 0.001000
2021-10-01 13:23:38,322 epoch 8 - iter 21/79 - loss 5.63270548 - samples/sec: 315.90 - lr: 0.001000
2021-10-01 13:23:39,087 epoch 8 - iter 28/79 - loss 5.62890041 - samples/sec: 292.78 - lr: 0.001000
2021-10-01 13:23:39,844 epoch 8 - iter 35/79 - loss 5.62056578 - samples/sec: 296.13 - lr: 0.001000
2021-10-01 13:23:40,558 epoch 8 - iter 42/79 - loss 5.61223904 - samples/sec: 313.80 - lr: 0.001000
2021-10-01 13:23:41,253 epoch 8 - iter 49/79 - loss 5.60265746 - samples/sec: 322.72 - lr: 0.001000
2021-10-01 13:23:41,999 epoch 8 - iter 56/79 - loss 5.59196700 - samples/sec: 300.62 - lr: 0.001000
2021-10-01 13:23:42,726 epoch 8 - iter 63/79 - loss 5.58267817 - samples/sec: 308.36 - lr: 0.001000
2021-10-01 13:23:43,520 epoch 8 - iter 70/79 - loss 5.57524694 - samples/sec: 282.18 - lr: 0.001000
2021-10-01 13:23:44,277 epoch 8 - iter 77/79 - loss 5.56728861 - samples/sec: 296.05 - lr: 0.001000
2021-10-01 13:23:44,421 ----------------------------------------------------------------------------------------------------
2021-10-01 13:23:44,421 EPOCH 8 done: loss 5.5657 - lr 0.0010000
2021-10-01 13:23:47,010 DEV : loss 5.444681167602539 - score 0.1539
2021-10-01 13:23:47,020 BAD EPOCHS (no improvement): 4
2021-10-01 13:23:47,021 ----------------------------------------------------------------------------------------------------
2021-10-01 13:23:47,766 epoch 9 - iter 7/79 - loss 5.47217028 - samples/sec: 310.66 - lr: 0.000500
2021-10-01 13:23:48,501 epoch 9 - iter 14/79 - loss 5.48191558 - samples/sec: 305.03 - lr: 0.000500
2021-10-01 13:23:49,240 epoch 9 - iter 21/79 - loss 5.47055106 - samples/sec: 303.28 - lr: 0.000500
2021-10-01 13:23:50,020 epoch 9 - iter 28/79 - loss 5.45703084 - samples/sec: 287.49 - lr: 0.000500
2021-10-01 13:23:50,736 epoch 9 - iter 35/79 - loss 5.45813193 - samples/sec: 313.02 - lr: 0.000500
2021-10-01 13:23:51,460 epoch 9 - iter 42/79 - loss 5.45366168 - samples/sec: 309.52 - lr: 0.000500
2021-10-01 13:23:52,274 epoch 9 - iter 49/79 - loss 5.44872941 - samples/sec: 275.35 - lr: 0.000500
2021-10-01 13:23:53,035 epoch 9 - iter 56/79 - loss 5.44384590 - samples/sec: 294.48 - lr: 0.000500
2021-10-01 13:23:53,774 epoch 9 - iter 63/79 - loss 5.43563185 - samples/sec: 303.15 - lr: 0.000500
2021-10-01 13:23:54,467 epoch 9 - iter 70/79 - loss 5.42907936 - samples/sec: 323.86 - lr: 0.000500
2021-10-01 13:23:55,193 epoch 9 - iter 77/79 - loss 5.42367671 - samples/sec: 308.38 - lr: 0.000500
2021-10-01 13:23:55,356 ----------------------------------------------------------------------------------------------------
2021-10-01 13:23:55,356 EPOCH 9 done: loss 5.4221 - lr 0.0005000
2021-10-01 13:23:57,932 DEV : loss 5.340400218963623 - score 0.1533
2021-10-01 13:23:57,941 BAD EPOCHS (no improvement): 1
2021-10-01 13:23:57,944 ----------------------------------------------------------------------------------------------------
2021-10-01 13:23:58,686 epoch 10 - iter 7/79 - loss 5.32094274 - samples/sec: 302.09 - lr: 0.000500
2021-10-01 13:23:59,429 epoch 10 - iter 14/79 - loss 5.35105859 - samples/sec: 301.85 - lr: 0.000500
2021-10-01 13:24:00,205 epoch 10 - iter 21/79 - loss 5.32498330 - samples/sec: 288.59 - lr: 0.000500
2021-10-01 13:24:00,934 epoch 10 - iter 28/79 - loss 5.33842964 - samples/sec: 307.50 - lr: 0.000500
2021-10-01 13:24:01,646 epoch 10 - iter 35/79 - loss 5.33134470 - samples/sec: 314.82 - lr: 0.000500
2021-10-01 13:24:02,406 epoch 10 - iter 42/79 - loss 5.32750469 - samples/sec: 294.95 - lr: 0.000500
2021-10-01 13:24:03,149 epoch 10 - iter 49/79 - loss 5.33227025 - samples/sec: 301.73 - lr: 0.000500
2021-10-01 13:24:03,882 epoch 10 - iter 56/79 - loss 5.32829800 - samples/sec: 305.52 - lr: 0.000500
2021-10-01 13:24:04,565 epoch 10 - iter 63/79 - loss 5.33182164 - samples/sec: 328.15 - lr: 0.000500
2021-10-01 13:24:05,295 epoch 10 - iter 70/79 - loss 5.32350593 - samples/sec: 307.23 - lr: 0.000500
2021-10-01 13:24:06,082 epoch 10 - iter 77/79 - loss 5.32214962 - samples/sec: 284.69 - lr: 0.000500
2021-10-01 13:24:06,252 ----------------------------------------------------------------------------------------------------
2021-10-01 13:24:06,252 EPOCH 10 done: loss 5.3209 - lr 0.0005000
2021-10-01 13:24:08,846 DEV : loss 5.228506565093994 - score 0.1526
2021-10-01 13:24:08,856 BAD EPOCHS (no improvement): 2
2021-10-01 13:24:08,859 ----------------------------------------------------------------------------------------------------
2021-10-01 13:24:09,572 epoch 11 - iter 7/79 - loss 5.30303281 - samples/sec: 314.36 - lr: 0.000500
2021-10-01 13:24:10,259 epoch 11 - iter 14/79 - loss 5.26312130 - samples/sec: 326.21 - lr: 0.000500
2021-10-01 13:24:10,936 epoch 11 - iter 21/79 - loss 5.24523154 - samples/sec: 331.10 - lr: 0.000500
2021-10-01 13:24:11,662 epoch 11 - iter 28/79 - loss 5.24035064 - samples/sec: 308.56 - lr: 0.000500
2021-10-01 13:24:12,385 epoch 11 - iter 35/79 - loss 5.23307947 - samples/sec: 310.23 - lr: 0.000500
2021-10-01 13:24:13,125 epoch 11 - iter 42/79 - loss 5.22754291 - samples/sec: 302.93 - lr: 0.000500
2021-10-01 13:24:13,877 epoch 11 - iter 49/79 - loss 5.22250520 - samples/sec: 297.98 - lr: 0.000500
2021-10-01 13:24:14,590 epoch 11 - iter 56/79 - loss 5.22083869 - samples/sec: 314.28 - lr: 0.000500
2021-10-01 13:24:15,338 epoch 11 - iter 63/79 - loss 5.21117098 - samples/sec: 299.61 - lr: 0.000500
2021-10-01 13:24:16,090 epoch 11 - iter 70/79 - loss 5.20959388 - samples/sec: 297.94 - lr: 0.000500
2021-10-01 13:24:16,845 epoch 11 - iter 77/79 - loss 5.20616931 - samples/sec: 296.88 - lr: 0.000500
2021-10-01 13:24:17,000 ----------------------------------------------------------------------------------------------------
2021-10-01 13:24:17,000 EPOCH 11 done: loss 5.2054 - lr 0.0005000
2021-10-01 13:24:19,565 DEV : loss 5.109898090362549 - score 0.152
2021-10-01 13:24:19,575 BAD EPOCHS (no improvement): 3
2021-10-01 13:24:19,583 ----------------------------------------------------------------------------------------------------
2021-10-01 13:24:20,298 epoch 12 - iter 7/79 - loss 5.14743028 - samples/sec: 313.84 - lr: 0.000500
2021-10-01 13:24:21,013 epoch 12 - iter 14/79 - loss 5.14251903 - samples/sec: 313.22 - lr: 0.000500
2021-10-01 13:24:21,774 epoch 12 - iter 21/79 - loss 5.14139016 - samples/sec: 294.51 - lr: 0.000500
2021-10-01 13:24:22,467 epoch 12 - iter 28/79 - loss 5.14236399 - samples/sec: 323.78 - lr: 0.000500
2021-10-01 13:24:23,163 epoch 12 - iter 35/79 - loss 5.13043994 - samples/sec: 321.95 - lr: 0.000500
2021-10-01 13:24:23,881 epoch 12 - iter 42/79 - loss 5.12525515 - samples/sec: 312.35 - lr: 0.000500
2021-10-01 13:24:24,640 epoch 12 - iter 49/79 - loss 5.12140465 - samples/sec: 295.16 - lr: 0.000500
2021-10-01 13:24:25,366 epoch 12 - iter 56/79 - loss 5.11387466 - samples/sec: 308.77 - lr: 0.000500
2021-10-01 13:24:26,141 epoch 12 - iter 63/79 - loss 5.10415969 - samples/sec: 289.18 - lr: 0.000500
2021-10-01 13:24:26,908 epoch 12 - iter 70/79 - loss 5.10117376 - samples/sec: 292.17 - lr: 0.000500
2021-10-01 13:24:27,615 epoch 12 - iter 77/79 - loss 5.09824514 - samples/sec: 317.18 - lr: 0.000500
2021-10-01 13:24:27,824 ----------------------------------------------------------------------------------------------------
2021-10-01 13:24:27,824 EPOCH 12 done: loss 5.0989 - lr 0.0005000
2021-10-01 13:24:30,379 DEV : loss 4.9896650314331055 - score 0.1516
2021-10-01 13:24:30,389 BAD EPOCHS (no improvement): 4
2021-10-01 13:24:30,391 ----------------------------------------------------------------------------------------------------
2021-10-01 13:24:31,124 epoch 13 - iter 7/79 - loss 5.03633220 - samples/sec: 306.02 - lr: 0.000250
2021-10-01 13:24:31,908 epoch 13 - iter 14/79 - loss 5.04085071 - samples/sec: 285.62 - lr: 0.000250
2021-10-01 13:24:32,591 epoch 13 - iter 21/79 - loss 5.03761973 - samples/sec: 328.29 - lr: 0.000250
2021-10-01 13:24:33,366 epoch 13 - iter 28/79 - loss 5.03321850 - samples/sec: 289.06 - lr: 0.000250
2021-10-01 13:24:34,107 epoch 13 - iter 35/79 - loss 5.03709679 - samples/sec: 302.72 - lr: 0.000250
2021-10-01 13:24:34,853 epoch 13 - iter 42/79 - loss 5.03492959 - samples/sec: 300.21 - lr: 0.000250
2021-10-01 13:24:35,557 epoch 13 - iter 49/79 - loss 5.02725570 - samples/sec: 318.70 - lr: 0.000250
2021-10-01 13:24:36,324 epoch 13 - iter 56/79 - loss 5.01994790 - samples/sec: 291.99 - lr: 0.000250
2021-10-01 13:24:37,070 epoch 13 - iter 63/79 - loss 5.01760567 - samples/sec: 300.63 - lr: 0.000250
2021-10-01 13:24:37,804 epoch 13 - iter 70/79 - loss 5.01505937 - samples/sec: 305.09 - lr: 0.000250
2021-10-01 13:24:38,546 epoch 13 - iter 77/79 - loss 5.01131411 - samples/sec: 302.04 - lr: 0.000250
2021-10-01 13:24:38,695 ----------------------------------------------------------------------------------------------------
2021-10-01 13:24:38,696 EPOCH 13 done: loss 5.0088 - lr 0.0002500
2021-10-01 13:24:41,240 DEV : loss 4.929853439331055 - score 0.1515
2021-10-01 13:24:41,249 BAD EPOCHS (no improvement): 1
2021-10-01 13:24:41,251 ----------------------------------------------------------------------------------------------------
2021-10-01 13:24:42,060 epoch 14 - iter 7/79 - loss 4.96112129 - samples/sec: 277.17 - lr: 0.000250
2021-10-01 13:24:42,796 epoch 14 - iter 14/79 - loss 4.95997443 - samples/sec: 304.76 - lr: 0.000250
2021-10-01 13:24:43,512 epoch 14 - iter 21/79 - loss 4.95875772 - samples/sec: 312.91 - lr: 0.000250
2021-10-01 13:24:44,222 epoch 14 - iter 28/79 - loss 4.96497221 - samples/sec: 315.55 - lr: 0.000250
2021-10-01 13:24:44,925 epoch 14 - iter 35/79 - loss 4.96576260 - samples/sec: 318.94 - lr: 0.000250
2021-10-01 13:24:45,628 epoch 14 - iter 42/79 - loss 4.96837338 - samples/sec: 319.05 - lr: 0.000250
2021-10-01 13:24:46,383 epoch 14 - iter 49/79 - loss 4.97082912 - samples/sec: 296.81 - lr: 0.000250
2021-10-01 13:24:47,126 epoch 14 - iter 56/79 - loss 4.97098782 - samples/sec: 301.52 - lr: 0.000250
2021-10-01 13:24:47,840 epoch 14 - iter 63/79 - loss 4.96558669 - samples/sec: 313.65 - lr: 0.000250
2021-10-01 13:24:48,575 epoch 14 - iter 70/79 - loss 4.95642026 - samples/sec: 305.18 - lr: 0.000250
2021-10-01 13:24:49,307 epoch 14 - iter 77/79 - loss 4.95593189 - samples/sec: 306.22 - lr: 0.000250
2021-10-01 13:24:49,490 ----------------------------------------------------------------------------------------------------
2021-10-01 13:24:49,490 EPOCH 14 done: loss 4.9515 - lr 0.0002500
2021-10-01 13:24:52,039 DEV : loss 4.871097564697266 - score 0.1516
2021-10-01 13:24:52,049 BAD EPOCHS (no improvement): 2
2021-10-01 13:24:52,050 ----------------------------------------------------------------------------------------------------
2021-10-01 13:24:52,828 epoch 15 - iter 7/79 - loss 4.89724200 - samples/sec: 288.54 - lr: 0.000250
2021-10-01 13:24:53,605 epoch 15 - iter 14/79 - loss 4.91381959 - samples/sec: 288.16 - lr: 0.000250
2021-10-01 13:24:54,348 epoch 15 - iter 21/79 - loss 4.92025714 - samples/sec: 301.62 - lr: 0.000250
2021-10-01 13:24:55,004 epoch 15 - iter 28/79 - loss 4.91421648 - samples/sec: 342.11 - lr: 0.000250
2021-10-01 13:24:55,740 epoch 15 - iter 35/79 - loss 4.92663460 - samples/sec: 304.17 - lr: 0.000250
2021-10-01 13:24:56,477 epoch 15 - iter 42/79 - loss 4.91559857 - samples/sec: 304.31 - lr: 0.000250
2021-10-01 13:24:57,198 epoch 15 - iter 49/79 - loss 4.90226250 - samples/sec: 311.01 - lr: 0.000250
2021-10-01 13:24:57,919 epoch 15 - iter 56/79 - loss 4.90260763 - samples/sec: 310.67 - lr: 0.000250
2021-10-01 13:24:58,662 epoch 15 - iter 63/79 - loss 4.90977598 - samples/sec: 301.68 - lr: 0.000250
2021-10-01 13:24:59,395 epoch 15 - iter 70/79 - loss 4.90862483 - samples/sec: 305.68 - lr: 0.000250
2021-10-01 13:25:00,102 epoch 15 - iter 77/79 - loss 4.90793997 - samples/sec: 317.12 - lr: 0.000250
2021-10-01 13:25:00,257 ----------------------------------------------------------------------------------------------------
2021-10-01 13:25:00,257 EPOCH 15 done: loss 4.9011 - lr 0.0002500
2021-10-01 13:25:03,746 DEV : loss 4.814331531524658 - score 0.1519
2021-10-01 13:25:03,755 BAD EPOCHS (no improvement): 3
2021-10-01 13:25:03,818 ----------------------------------------------------------------------------------------------------
2021-10-01 13:25:04,590 epoch 16 - iter 7/79 - loss 4.86056478 - samples/sec: 290.38 - lr: 0.000250
2021-10-01 13:25:05,289 epoch 16 - iter 14/79 - loss 4.88382118 - samples/sec: 320.59 - lr: 0.000250
2021-10-01 13:25:06,025 epoch 16 - iter 21/79 - loss 4.85810341 - samples/sec: 304.54 - lr: 0.000250
2021-10-01 13:25:06,672 epoch 16 - iter 28/79 - loss 4.86416912 - samples/sec: 346.38 - lr: 0.000250
2021-10-01 13:25:07,389 epoch 16 - iter 35/79 - loss 4.84786436 - samples/sec: 312.50 - lr: 0.000250
2021-10-01 13:25:08,204 epoch 16 - iter 42/79 - loss 4.84687962 - samples/sec: 275.20 - lr: 0.000250
2021-10-01 13:25:09,019 epoch 16 - iter 49/79 - loss 4.85733817 - samples/sec: 274.71 - lr: 0.000250
2021-10-01 13:25:09,732 epoch 16 - iter 56/79 - loss 4.85268520 - samples/sec: 314.32 - lr: 0.000250
2021-10-01 13:25:10,467 epoch 16 - iter 63/79 - loss 4.85069797 - samples/sec: 305.00 - lr: 0.000250
2021-10-01 13:25:11,139 epoch 16 - iter 70/79 - loss 4.84815498 - samples/sec: 333.92 - lr: 0.000250
2021-10-01 13:25:11,856 epoch 16 - iter 77/79 - loss 4.84940399 - samples/sec: 312.38 - lr: 0.000250
2021-10-01 13:25:12,029 ----------------------------------------------------------------------------------------------------
2021-10-01 13:25:12,029 EPOCH 16 done: loss 4.8523 - lr 0.0002500
2021-10-01 13:25:15,508 DEV : loss 4.760152339935303 - score 0.1521
2021-10-01 13:25:15,517 BAD EPOCHS (no improvement): 4
2021-10-01 13:25:15,540 ----------------------------------------------------------------------------------------------------
2021-10-01 13:25:16,310 epoch 17 - iter 7/79 - loss 4.80683041 - samples/sec: 291.15 - lr: 0.000125
2021-10-01 13:25:17,036 epoch 17 - iter 14/79 - loss 4.82746758 - samples/sec: 308.57 - lr: 0.000125
2021-10-01 13:25:17,753 epoch 17 - iter 21/79 - loss 4.80450437 - samples/sec: 312.51 - lr: 0.000125
2021-10-01 13:25:18,568 epoch 17 - iter 28/79 - loss 4.80894198 - samples/sec: 274.96 - lr: 0.000125
2021-10-01 13:25:19,236 epoch 17 - iter 35/79 - loss 4.80975432 - samples/sec: 335.46 - lr: 0.000125
2021-10-01 13:25:19,970 epoch 17 - iter 42/79 - loss 4.80925116 - samples/sec: 305.73 - lr: 0.000125
2021-10-01 13:25:20,728 epoch 17 - iter 49/79 - loss 4.81105816 - samples/sec: 295.32 - lr: 0.000125
2021-10-01 13:25:21,390 epoch 17 - iter 56/79 - loss 4.81081528 - samples/sec: 338.85 - lr: 0.000125
2021-10-01 13:25:22,131 epoch 17 - iter 63/79 - loss 4.81251954 - samples/sec: 302.36 - lr: 0.000125
2021-10-01 13:25:22,841 epoch 17 - iter 70/79 - loss 4.81754316 - samples/sec: 315.52 - lr: 0.000125
2021-10-01 13:25:23,591 epoch 17 - iter 77/79 - loss 4.81687587 - samples/sec: 299.07 - lr: 0.000125
2021-10-01 13:25:23,749 ----------------------------------------------------------------------------------------------------
2021-10-01 13:25:23,749 EPOCH 17 done: loss 4.8148 - lr 0.0001250
2021-10-01 13:25:26,305 DEV : loss 4.7339677810668945 - score 0.1524
2021-10-01 13:25:26,315 BAD EPOCHS (no improvement): 1
2021-10-01 13:25:26,321 ----------------------------------------------------------------------------------------------------
2021-10-01 13:25:27,080 epoch 18 - iter 7/79 - loss 4.78665638 - samples/sec: 295.76 - lr: 0.000125
2021-10-01 13:25:27,848 epoch 18 - iter 14/79 - loss 4.75301341 - samples/sec: 291.77 - lr: 0.000125
2021-10-01 13:25:28,554 epoch 18 - iter 21/79 - loss 4.74476642 - samples/sec: 317.38 - lr: 0.000125
2021-10-01 13:25:29,257 epoch 18 - iter 28/79 - loss 4.77626220 - samples/sec: 319.04 - lr: 0.000125
2021-10-01 13:25:30,070 epoch 18 - iter 35/79 - loss 4.78877821 - samples/sec: 275.54 - lr: 0.000125
2021-10-01 13:25:30,787 epoch 18 - iter 42/79 - loss 4.79618573 - samples/sec: 312.38 - lr: 0.000125
2021-10-01 13:25:31,488 epoch 18 - iter 49/79 - loss 4.80056478 - samples/sec: 320.02 - lr: 0.000125
2021-10-01 13:25:32,238 epoch 18 - iter 56/79 - loss 4.79338046 - samples/sec: 298.60 - lr: 0.000125
2021-10-01 13:25:32,912 epoch 18 - iter 63/79 - loss 4.78839435 - samples/sec: 332.54 - lr: 0.000125
2021-10-01 13:25:33,595 epoch 18 - iter 70/79 - loss 4.78643477 - samples/sec: 328.30 - lr: 0.000125
2021-10-01 13:25:34,316 epoch 18 - iter 77/79 - loss 4.78775962 - samples/sec: 311.13 - lr: 0.000125
2021-10-01 13:25:34,486 ----------------------------------------------------------------------------------------------------
2021-10-01 13:25:34,486 EPOCH 18 done: loss 4.7861 - lr 0.0001250
2021-10-01 13:25:37,057 DEV : loss 4.708354949951172 - score 0.1529
2021-10-01 13:25:37,067 BAD EPOCHS (no improvement): 2
2021-10-01 13:25:37,078 ----------------------------------------------------------------------------------------------------
2021-10-01 13:25:37,786 epoch 19 - iter 7/79 - loss 4.71119547 - samples/sec: 316.85 - lr: 0.000125
2021-10-01 13:25:38,567 epoch 19 - iter 14/79 - loss 4.76657632 - samples/sec: 286.84 - lr: 0.000125
2021-10-01 13:25:39,320 epoch 19 - iter 21/79 - loss 4.76526939 - samples/sec: 297.54 - lr: 0.000125
2021-10-01 13:25:40,091 epoch 19 - iter 28/79 - loss 4.75657683 - samples/sec: 290.75 - lr: 0.000125
2021-10-01 13:25:40,862 epoch 19 - iter 35/79 - loss 4.76520282 - samples/sec: 290.80 - lr: 0.000125
2021-10-01 13:25:41,596 epoch 19 - iter 42/79 - loss 4.76191021 - samples/sec: 305.47 - lr: 0.000125
2021-10-01 13:25:42,292 epoch 19 - iter 49/79 - loss 4.75748555 - samples/sec: 321.73 - lr: 0.000125
2021-10-01 13:25:43,035 epoch 19 - iter 56/79 - loss 4.75166471 - samples/sec: 301.97 - lr: 0.000125
2021-10-01 13:25:43,790 epoch 19 - iter 63/79 - loss 4.75576974 - samples/sec: 296.85 - lr: 0.000125
2021-10-01 13:25:44,500 epoch 19 - iter 70/79 - loss 4.75514697 - samples/sec: 315.53 - lr: 0.000125
2021-10-01 13:25:45,213 epoch 19 - iter 77/79 - loss 4.75985105 - samples/sec: 314.50 - lr: 0.000125
2021-10-01 13:25:45,375 ----------------------------------------------------------------------------------------------------
2021-10-01 13:25:45,375 EPOCH 19 done: loss 4.7636 - lr 0.0001250
2021-10-01 13:25:48,028 DEV : loss 4.683393478393555 - score 0.1533
2021-10-01 13:25:48,038 BAD EPOCHS (no improvement): 3
2021-10-01 13:25:48,070 ----------------------------------------------------------------------------------------------------
2021-10-01 13:25:48,802 epoch 20 - iter 7/79 - loss 4.73832451 - samples/sec: 306.40 - lr: 0.000125
2021-10-01 13:25:49,524 epoch 20 - iter 14/79 - loss 4.75352989 - samples/sec: 310.35 - lr: 0.000125
2021-10-01 13:25:50,237 epoch 20 - iter 21/79 - loss 4.75585676 - samples/sec: 314.41 - lr: 0.000125
2021-10-01 13:25:51,013 epoch 20 - iter 28/79 - loss 4.74263585 - samples/sec: 288.62 - lr: 0.000125
2021-10-01 13:25:51,709 epoch 20 - iter 35/79 - loss 4.74843833 - samples/sec: 322.16 - lr: 0.000125
2021-10-01 13:25:52,474 epoch 20 - iter 42/79 - loss 4.74186852 - samples/sec: 293.05 - lr: 0.000125
2021-10-01 13:25:53,176 epoch 20 - iter 49/79 - loss 4.73468085 - samples/sec: 319.14 - lr: 0.000125
2021-10-01 13:25:53,951 epoch 20 - iter 56/79 - loss 4.73754739 - samples/sec: 289.36 - lr: 0.000125
2021-10-01 13:25:54,667 epoch 20 - iter 63/79 - loss 4.73881800 - samples/sec: 313.00 - lr: 0.000125
2021-10-01 13:25:55,361 epoch 20 - iter 70/79 - loss 4.73684952 - samples/sec: 322.94 - lr: 0.000125
2021-10-01 13:25:56,144 epoch 20 - iter 77/79 - loss 4.73818871 - samples/sec: 286.38 - lr: 0.000125
2021-10-01 13:25:56,305 ----------------------------------------------------------------------------------------------------
2021-10-01 13:25:56,305 EPOCH 20 done: loss 4.7393 - lr 0.0001250
2021-10-01 13:25:58,859 DEV : loss 4.659132957458496 - score 0.1534
2021-10-01 13:25:58,869 BAD EPOCHS (no improvement): 4
2021-10-01 13:25:58,871 ----------------------------------------------------------------------------------------------------
2021-10-01 13:25:58,871 ----------------------------------------------------------------------------------------------------
2021-10-01 13:25:58,871 learning rate too small - quitting training!
2021-10-01 13:25:58,871 ----------------------------------------------------------------------------------------------------
2021-10-01 13:26:24,537 ----------------------------------------------------------------------------------------------------
2021-10-01 13:26:24,538 Testing using best model ...
2021-10-01 13:26:24,538 loading file model/flattened/upos/goldpos/goldframes/0.001-2048-1-0-0-0-0-0-0-0-0-0-0-0-0-0-0-elmo-original-all-a1481/best-model.pt
2021-10-01 13:26:38,020 	0.1848
2021-10-01 13:26:38,020 
Results:
- F-score (micro): 0.1848
- F-score (macro): 0.0024
- Accuracy (incl. no class): 0.1848

By class:
                    precision    recall  f1-score   support

           -1,ROOT     0.1610    0.4459    0.2365      1709
          -1,PUNCT     0.4593    0.2412    0.3163      2081
       1,VERB,ARG1     1.0000    0.0000    0.0000       332
           1,PROPN     1.0000    0.0000    0.0000       501
      -1,VERB,ARG2     1.0000    0.0000    0.0000       407
            1,NOUN     0.1751    0.9648    0.2964      3497
       1,VERB,ARG0     1.0000    0.0000    0.0000      1064
            4,NOUN     1.0000    0.0000    0.0000        27
            3,NOUN     1.0000    0.0000    0.0000        91
            2,NOUN     1.0000    0.0000    0.0000       520
      -1,VERB,ARG1     0.0000    0.0000    0.0000      1563
      -1,VERB,ARG4     1.0000    0.0000    0.0000        55
          -5,PUNCT     1.0000    0.0000    0.0000        67
          -2,PUNCT     1.0000    0.0000    0.0000       614
    1,AUX,ARGM-DIS     1.0000    0.0000    0.0000        17
       -1,AUX,ARG1     1.0000    0.0000    0.0000        51
           -1,PRON     1.0000    0.0000    0.0000       132
       -1,AUX,ARG2     1.0000    0.0000    0.0000       429
    1,AUX,ARGM-TMP     1.0000    0.0000    0.0000        19
  1,AUX,R-ARGM-TMP     1.0000    0.0000    0.0000         1
        1,AUX,ARG1     1.0000    0.0000    0.0000       397
           -3,NOUN     1.0000    0.0000    0.0000       198
       1,NOUN,ARG2     1.0000    0.0000    0.0000        20
            1,VERB     1.0000    0.0000    0.0000       761
       1,NOUN,ARG1     1.0000    0.0000    0.0000       106
          -1,PROPN     1.0000    0.0000    0.0000       497
      -1,NOUN,ARG2     1.0000    0.0000    0.0000        30
   1,VERB,ARGM-MOD     1.0000    0.0000    0.0000       309
           -1,VERB     1.0000    0.0000    0.0000       191
   1,VERB,ARGM-ADV     1.0000    0.0000    0.0000       188
  -1,VERB,ARGM-ADV     1.0000    0.0000    0.0000        97
  -1,VERB,ARGM-TMP     1.0000    0.0000    0.0000       246
   -1,AUX,ARGM-ADV     1.0000    0.0000    0.0000        39
   -1,AUX,ARGM-LOC     1.0000    0.0000    0.0000         6
          -4,PUNCT     1.0000    0.0000    0.0000       111
           -1,NOUN     0.0000    0.0000    0.0000      1810
            1,PRON     1.0000    0.0000    0.0000       107
            -1,ADV     1.0000    0.0000    0.0000       168
      -1,VERB,ARG3     1.0000    0.0000    0.0000        50
             1,ADJ     1.0000    0.0000    0.0000       528
     1,VERB,R-ARG0     1.0000    0.0000    0.0000        50
            -1,ADJ     1.0000    0.0000    0.0000       396
   1,VERB,ARGM-NEG     1.0000    0.0000    0.0000       141
      -2,VERB,ARG1     1.0000    0.0000    0.0000        36
         -1,VERB,V     1.0000    0.0000    0.0000         3
             1,ADV     1.0000    0.0000    0.0000       103
          -2,PROPN     1.0000    0.0000    0.0000       218
   2,NOUN,ARGM-ADJ     1.0000    0.0000    0.0000        17
       1,NOUN,ARG3     1.0000    0.0000    0.0000         4
      -1,NOUN,ARG1     1.0000    0.0000    0.0000       136
  -2,VERB,ARGM-LOC     1.0000    0.0000    0.0000         8
  -1,VERB,ARGM-GOL     1.0000    0.0000    0.0000        13
  -1,VERB,ARGM-PRP     1.0000    0.0000    0.0000        54
       1,NOUN,ARG0     1.0000    0.0000    0.0000       112
   1,NOUN,ARGM-LVB     1.0000    0.0000    0.0000        42
   1,NOUN,ARGM-ADJ     1.0000    0.0000    0.0000       167
  -1,VERB,ARGM-PRR     1.0000    0.0000    0.0000        62
            -1,NUM     1.0000    0.0000    0.0000       229
     1,VERB,R-ARG1     1.0000    0.0000    0.0000        30
  -1,VERB,ARGM-LOC     1.0000    0.0000    0.0000       127
   1,NOUN,ARGM-LOC     1.0000    0.0000    0.0000         3
      -2,NOUN,ARG1     1.0000    0.0000    0.0000        18
       2,VERB,ARG0     1.0000    0.0000    0.0000        21
  -1,NOUN,ARGM-PRD     1.0000    0.0000    0.0000         8
      -1,VERB,ARG0     1.0000    0.0000    0.0000        50
       3,VERB,ARG0     1.0000    0.0000    0.0000         5
     3,VERB,R-ARG0     1.0000    0.0000    0.0000         1
   2,VERB,ARGM-ADV     1.0000    0.0000    0.0000        11
           -2,NOUN     1.0000    0.0000    0.0000       434
           -4,NOUN     1.0000    0.0000    0.0000       104
   -1,AUX,ARGM-NEG     1.0000    0.0000    0.0000        23
       2,NOUN,ARG1     1.0000    0.0000    0.0000         7
       -1,ADJ,ARG1     1.0000    0.0000    0.0000        26
          -3,PUNCT     1.0000    0.0000    0.0000       263
  -1,VERB,ARGM-PRD     1.0000    0.0000    0.0000        16
          -6,PUNCT     1.0000    0.0000    0.0000        31
    1,AUX,ARGM-ADV     1.0000    0.0000    0.0000        22
  -1,NOUN,ARGM-ADJ     1.0000    0.0000    0.0000        30
       -1,ADJ,ARG0     1.0000    0.0000    0.0000        15
           -2,PRON     1.0000    0.0000    0.0000        36
   1,VERB,ARGM-TMP     1.0000    0.0000    0.0000       133
          -8,PUNCT     1.0000    0.0000    0.0000        14
          -9,PUNCT     1.0000    0.0000    0.0000         6
         -10,PUNCT     1.0000    0.0000    0.0000         4
         -11,PUNCT     1.0000    0.0000    0.0000         4
    1,ADJ,ARGM-ADV     1.0000    0.0000    0.0000         6
  -1,VERB,ARGM-MNR     1.0000    0.0000    0.0000        60
           2,PROPN     1.0000    0.0000    0.0000       127
   1,VERB,ARGM-DIS     1.0000    0.0000    0.0000        98
   1,NOUN,ARGM-NEG     1.0000    0.0000    0.0000        17
        2,AUX,ARG1     1.0000    0.0000    0.0000        72
           4,PROPN     1.0000    0.0000    0.0000        13
           3,PROPN     1.0000    0.0000    0.0000        36
       -1,ADJ,ARG2     1.0000    0.0000    0.0000        37
      -2,NOUN,ARG2     1.0000    0.0000    0.0000         3
  -2,VERB,ARGM-ADV     1.0000    0.0000    0.0000        13
    -1,VERB,C-ARG1     1.0000    0.0000    0.0000        44
   1,NOUN,ARGM-TMP     1.0000    0.0000    0.0000        28
            2,VERB     1.0000    0.0000    0.0000        18
  -2,VERB,ARGM-TMP     1.0000    0.0000    0.0000        14
      -1,NOUN,ARG0     1.0000    0.0000    0.0000        16
  -2,NOUN,ARGM-PRD     1.0000    0.0000    0.0000         1
           -2,VERB     1.0000    0.0000    0.0000        53
  -1,NOUN,ARGM-TMP     1.0000    0.0000    0.0000        13
          -7,PUNCT     1.0000    0.0000    0.0000        24
   1,NOUN,ARGM-MNR     1.0000    0.0000    0.0000        31
  -1,VERB,ARGM-CAU     1.0000    0.0000    0.0000        14
       -2,ADJ,ARG2     1.0000    0.0000    0.0000         2
            -2,ADJ     1.0000    0.0000    0.0000       111
  -4,VERB,ARGM-ADV     1.0000    0.0000    0.0000         3
      1,AUX,R-ARG1     1.0000    0.0000    0.0000        10
        1,ADJ,ARG2     1.0000    0.0000    0.0000         1
  -2,NOUN,ARGM-ADJ     1.0000    0.0000    0.0000         3
             2,ADJ     1.0000    0.0000    0.0000        23
    1,ADJ,ARGM-EXT     1.0000    0.0000    0.0000        58
 1,VERB,R-ARGM-MNR     1.0000    0.0000    0.0000         8
          -3,PROPN     1.0000    0.0000    0.0000       139
      -4,NOUN,ARG1     1.0000    0.0000    0.0000         1
   1,VERB,ARGM-MNR     1.0000    0.0000    0.0000        29
         -19,PUNCT     1.0000    0.0000    0.0000         1
  -1,VERB,ARGM-EXT     1.0000    0.0000    0.0000         9
             1,DET     1.0000    0.0000    0.0000        16
            -1,DET     1.0000    0.0000    0.0000        69
       2,NOUN,ARG0     1.0000    0.0000    0.0000        10
           -5,NOUN     1.0000    0.0000    0.0000        44
   1,VERB,ARGM-LOC     1.0000    0.0000    0.0000        21
 1,VERB,R-ARGM-LOC     1.0000    0.0000    0.0000         7
           -9,NOUN     1.0000    0.0000    0.0000         8
       -2,ADJ,ARG1     1.0000    0.0000    0.0000         3
       -3,AUX,ARG1     1.0000    0.0000    0.0000         1
            -6,ADJ     1.0000    0.0000    0.0000         3
       2,VERB,ARG1     1.0000    0.0000    0.0000        18
   1,VERB,ARGM-PRR     1.0000    0.0000    0.0000         3
  -1,NOUN,ARGM-PRP     1.0000    0.0000    0.0000         3
   -1,AUX,ARGM-PRD     1.0000    0.0000    0.0000         1
  -3,VERB,ARGM-ADV     1.0000    0.0000    0.0000         2
       1,VERB,ARG2     1.0000    0.0000    0.0000        26
   1,NOUN,ARGM-PRP     1.0000    0.0000    0.0000         2
  -2,NOUN,ARGM-TMP     1.0000    0.0000    0.0000         3
      -2,NOUN,ARG0     1.0000    0.0000    0.0000         4
             1,SYM     1.0000    0.0000    0.0000        25
            -1,SYM     1.0000    0.0000    0.0000        61
   1,VERB,ARGM-EXT     1.0000    0.0000    0.0000        24
     -1,ADJ,C-ARG1     1.0000    0.0000    0.0000         3
            -3,ADJ     1.0000    0.0000    0.0000        31
            -4,ADJ     1.0000    0.0000    0.0000        11
      -2,VERB,ARG2     1.0000    0.0000    0.0000        12
    1,AUX,ARGM-MOD     1.0000    0.0000    0.0000        68
       -1,VERB,C-V     1.0000    0.0000    0.0000        15
   1,NOUN,ARGM-PRD     1.0000    0.0000    0.0000        10
      -3,NOUN,ARG3     1.0000    0.0000    0.0000         2
             2,NUM     1.0000    0.0000    0.0000         4
             1,NUM     1.0000    0.0000    0.0000        71
   3,VERB,ARGM-TMP     1.0000    0.0000    0.0000         2
   3,VERB,ARGM-ADV     1.0000    0.0000    0.0000         3
      -3,NOUN,ARG0     1.0000    0.0000    0.0000         1
       4,VERB,ARG0     1.0000    0.0000    0.0000         1
        1,AUX,ARG2     1.0000    0.0000    0.0000        28
      -3,NOUN,ARG1     1.0000    0.0000    0.0000         5
  -1,VERB,ARGM-COM     1.0000    0.0000    0.0000        11
            3,VERB     1.0000    0.0000    0.0000         4
  -2,VERB,ARGM-MNR     1.0000    0.0000    0.0000         2
    -1,NOUN,R-ARG1     1.0000    0.0000    0.0000         1
      -3,VERB,ARG1     1.0000    0.0000    0.0000         6
  -1,VERB,ARGM-DIS     1.0000    0.0000    0.0000        13
           -5,VERB     1.0000    0.0000    0.0000         4
   -1,AUX,ARGM-TMP     1.0000    0.0000    0.0000        23
       5,VERB,ARG0     1.0000    0.0000    0.0000         1
      -3,VERB,ARG2     1.0000    0.0000    0.0000         3
       4,VERB,ARG1     1.0000    0.0000    0.0000         2
          -4,PROPN     1.0000    0.0000    0.0000        75
          -5,PROPN     1.0000    0.0000    0.0000        45
          -6,PROPN     1.0000    0.0000    0.0000        10
   3,VERB,ARGM-DIS     1.0000    0.0000    0.0000         2
   1,VERB,ARGM-PRD     1.0000    0.0000    0.0000         1
       -1,ADJ,ARG3     1.0000    0.0000    0.0000         7
   2,NOUN,ARGM-GOL     1.0000    0.0000    0.0000         2
    2,AUX,ARGM-DIS     1.0000    0.0000    0.0000         3
   2,VERB,ARGM-CAU     1.0000    0.0000    0.0000         3
    1,ADJ,ARGM-CXN     1.0000    0.0000    0.0000         5
             2,AUX     1.0000    0.0000    0.0000         1
             1,AUX     1.0000    0.0000    0.0000         1
 -1,ADJ,C-ARGM-CXN     1.0000    0.0000    0.0000         5
  -1,NOUN,ARGM-LOC     1.0000    0.0000    0.0000        18
          -7,PROPN     1.0000    0.0000    0.0000        11
   -1,AUX,ARGM-MNR     1.0000    0.0000    0.0000         2
   1,NOUN,ARGM-ADV     1.0000    0.0000    0.0000         2
  -2,NOUN,ARGM-ADV     1.0000    0.0000    0.0000         5
           -3,VERB     1.0000    0.0000    0.0000        15
   -1,AUX,ARGM-EXT     1.0000    0.0000    0.0000         3
   2,NOUN,ARGM-LOC     1.0000    0.0000    0.0000         2
 1,NOUN,R-ARGM-ADJ     1.0000    0.0000    0.0000         1
            1,INTJ     1.0000    0.0000    0.0000         4
           -1,INTJ     1.0000    0.0000    0.0000        10
   4,VERB,ARGM-ADV     1.0000    0.0000    0.0000         3
   1,NOUN,ARGM-EXT     1.0000    0.0000    0.0000         5
      -5,NOUN,ARG1     1.0000    0.0000    0.0000         1
  -1,NOUN,ARGM-CAU     1.0000    0.0000    0.0000         1
  -1,VERB,ARGM-DIR     1.0000    0.0000    0.0000        39
   2,NOUN,ARGM-DIS     1.0000    0.0000    0.0000         2
   2,VERB,ARGM-DIS     1.0000    0.0000    0.0000         3
  -1,VERB,ARGM-NEG     1.0000    0.0000    0.0000         2
       2,VERB,ARG2     1.0000    0.0000    0.0000         2
    -3,VERB,C-ARG1     1.0000    0.0000    0.0000         1
   1,VERB,ARGM-CAU     1.0000    0.0000    0.0000        11
    -1,NOUN,C-ARG3     1.0000    0.0000    0.0000         1
    1,AUX,ARGM-NEG     1.0000    0.0000    0.0000         8
   -1,AUX,ARGM-CAU     1.0000    0.0000    0.0000         1
   -2,AUX,ARGM-DIS     1.0000    0.0000    0.0000         1
            -2,NUM     1.0000    0.0000    0.0000        71
  -1,NOUN,ARGM-LVB     1.0000    0.0000    0.0000         4
  -2,VERB,ARGM-DIS     1.0000    0.0000    0.0000         3
              -1,X     1.0000    0.0000    0.0000       184
            -2,ADV     1.0000    0.0000    0.0000        20
  -4,NOUN,ARGM-MNR     1.0000    0.0000    0.0000         1
            -2,SYM     1.0000    0.0000    0.0000        14
            -3,SYM     1.0000    0.0000    0.0000         1
   -1,AUX,ARGM-DIS     1.0000    0.0000    0.0000         6
   1,NOUN,ARGM-DIS     1.0000    0.0000    0.0000         3
   2,VERB,ARGM-MNR     1.0000    0.0000    0.0000         1
            -3,NUM     1.0000    0.0000    0.0000        24
            -4,NUM     1.0000    0.0000    0.0000         7
            -5,NUM     1.0000    0.0000    0.0000         2
            -6,NUM     1.0000    0.0000    0.0000         4
            -7,NUM     1.0000    0.0000    0.0000         2
  -2,NOUN,ARGM-PRP     1.0000    0.0000    0.0000         1
    2,AUX,ARGM-ADV     1.0000    0.0000    0.0000        12
              -2,X     1.0000    0.0000    0.0000        31
             2,ADV     1.0000    0.0000    0.0000         5
        2,AUX,ARG2     1.0000    0.0000    0.0000         2
   2,NOUN,ARGM-TMP     1.0000    0.0000    0.0000         5
  -1,NOUN,ARGM-EXT     1.0000    0.0000    0.0000         2
      -1,VERB,ARG5     1.0000    0.0000    0.0000         1
       3,NOUN,ARG0     1.0000    0.0000    0.0000         2
               2,X     1.0000    0.0000    0.0000         2
               1,X     1.0000    0.0000    0.0000         4
   3,NOUN,ARGM-TMP     1.0000    0.0000    0.0000         2
   2,NOUN,ARGM-ADV     1.0000    0.0000    0.0000         4
   -1,ADJ,ARGM-TMP     1.0000    0.0000    0.0000         1
   1,NOUN,ARGM-MOD     1.0000    0.0000    0.0000         7
      -4,NOUN,ARG4     1.0000    0.0000    0.0000         1
            -2,DET     1.0000    0.0000    0.0000        13
            -1,ADP     1.0000    0.0000    0.0000         7
            -2,ADP     1.0000    0.0000    0.0000         3
  -2,VERB,ARGM-GOL     1.0000    0.0000    0.0000         1
      -2,VERB,ARG0     1.0000    0.0000    0.0000         1
           -6,NOUN     1.0000    0.0000    0.0000        20
         -12,PUNCT     1.0000    0.0000    0.0000         1
      -2,NOUN,ARG3     1.0000    0.0000    0.0000         1
    2,AUX,ARGM-TMP     1.0000    0.0000    0.0000         2
   2,VERB,ARGM-PRR     1.0000    0.0000    0.0000         1
  -2,NOUN,ARGM-MOD     1.0000    0.0000    0.0000         1
  -2,NOUN,ARGM-LVB     1.0000    0.0000    0.0000         1
   2,NOUN,ARGM-PRD     1.0000    0.0000    0.0000         1
  -1,NOUN,ARGM-ADV     1.0000    0.0000    0.0000         8
           7,PROPN     1.0000    0.0000    0.0000         2
           6,PROPN     1.0000    0.0000    0.0000         1
           5,PROPN     1.0000    0.0000    0.0000         1
  -3,NOUN,ARGM-ADV     1.0000    0.0000    0.0000         1
      1,ADJ,R-ARG1     1.0000    0.0000    0.0000         1
    1,ADJ,ARGM-MOD     1.0000    0.0000    0.0000         1
     1,VERB,R-ARG2     1.0000    0.0000    0.0000         1
  -1,NOUN,ARGM-MOD     1.0000    0.0000    0.0000         1
  -1,NOUN,ARGM-GOL     1.0000    0.0000    0.0000         2
          -8,PROPN     1.0000    0.0000    0.0000         2
          -9,PROPN     1.0000    0.0000    0.0000         6
 3,VERB,R-ARGM-ADV     1.0000    0.0000    0.0000         1
  -1,NOUN,ARGM-COM     1.0000    0.0000    0.0000         2
   3,NOUN,ARGM-ADJ     1.0000    0.0000    0.0000         5
       3,VERB,ARG1     1.0000    0.0000    0.0000         1
 1,VERB,R-ARGM-DIR     1.0000    0.0000    0.0000         1
    2,AUX,ARGM-CAU     1.0000    0.0000    0.0000         2
  -3,VERB,ARGM-PRP     1.0000    0.0000    0.0000         2
   2,NOUN,ARGM-MNR     1.0000    0.0000    0.0000         2
           -3,PRON     1.0000    0.0000    0.0000         7
          -1,SCONJ     1.0000    0.0000    0.0000         1
   -1,AUX,ARGM-PRP     1.0000    0.0000    0.0000         4
           -4,VERB     1.0000    0.0000    0.0000         2
        1,ADJ,ARG1     1.0000    0.0000    0.0000         2
         -1,NOUN,V     1.0000    0.0000    0.0000         1
           -7,NOUN     1.0000    0.0000    0.0000         7
           -8,NOUN     1.0000    0.0000    0.0000         8
   2,VERB,ARGM-TMP     1.0000    0.0000    0.0000         3
    -1,VERB,C-ARG0     1.0000    0.0000    0.0000         2
         -10,PROPN     1.0000    0.0000    0.0000         2
   2,NOUN,ARGM-LVB     1.0000    0.0000    0.0000         5
   -2,AUX,ARGM-ADV     1.0000    0.0000    0.0000         3
            -5,ADJ     1.0000    0.0000    0.0000         4
    1,ADJ,ARGM-ADJ     1.0000    0.0000    0.0000         2
    -1,VERB,C-ARG2     1.0000    0.0000    0.0000         6
  -3,VERB,ARGM-LOC     1.0000    0.0000    0.0000         1
   5,VERB,ARGM-ADV     1.0000    0.0000    0.0000         1
            -1,AUX     1.0000    0.0000    0.0000         3
            -2,AUX     1.0000    0.0000    0.0000         1
   9,NOUN,ARGM-ADV     1.0000    0.0000    0.0000         1
       3,NOUN,ARG1     1.0000    0.0000    0.0000         1
     1,NOUN,R-ARG0     1.0000    0.0000    0.0000         2
       -2,AUX,ARG1     1.0000    0.0000    0.0000         2
            5,NOUN     1.0000    0.0000    0.0000         4
      -5,VERB,ARG1     1.0000    0.0000    0.0000         1
   1,VERB,ARG1-DSP     1.0000    0.0000    0.0000         4
-1,VERB,C-ARG1-DSP     1.0000    0.0000    0.0000         1
   -1,ADJ,ARGM-NEG     1.0000    0.0000    0.0000         1
            2,PRON     1.0000    0.0000    0.0000         3
      -4,VERB,ARG1     1.0000    0.0000    0.0000         1
  -3,VERB,ARGM-GOL     1.0000    0.0000    0.0000         1
   -1,ADJ,ARGM-PRP     1.0000    0.0000    0.0000         2
       -3,ADJ,ARG0     1.0000    0.0000    0.0000         1
      -1,NOUN,ARG3     1.0000    0.0000    0.0000         2
   -2,AUX,ARGM-CAU     1.0000    0.0000    0.0000         1
  -1,NOUN,ARGM-DIR     1.0000    0.0000    0.0000         4
   -1,ADJ,ARGM-EXT     1.0000    0.0000    0.0000         1
    2,AUX,ARGM-LOC     1.0000    0.0000    0.0000         1
   -3,ADJ,ARGM-CXN     1.0000    0.0000    0.0000         1
   2,NOUN,ARGM-NEG     1.0000    0.0000    0.0000         1
   1,NOUN,ARGM-CAU     1.0000    0.0000    0.0000         1
             3,ADV     1.0000    0.0000    0.0000         1
   -1,ADJ,ARGM-CXN     1.0000    0.0000    0.0000         6
      -2,VERB,ARG3     1.0000    0.0000    0.0000         2
             2,DET     1.0000    0.0000    0.0000         2
   4,NOUN,ARGM-CAU     1.0000    0.0000    0.0000         1
  -2,VERB,ARGM-DIR     1.0000    0.0000    0.0000         1
  -2,VERB,ARGM-PRP     1.0000    0.0000    0.0000         1
            -3,ADV     1.0000    0.0000    0.0000         1
-1,VERB,C-ARGM-LOC     1.0000    0.0000    0.0000         1
       1,VERB,ARGA     1.0000    0.0000    0.0000         2
  -3,VERB,ARGM-CAU     1.0000    0.0000    0.0000         1
  -3,VERB,ARGM-DIS     1.0000    0.0000    0.0000         1
            1,PART     1.0000    0.0000    0.0000         1
   1,VERB,ARGM-PRP     1.0000    0.0000    0.0000         3
  -1,NOUN,ARGM-MNR     1.0000    0.0000    0.0000         1
       1,VERB,ARG3     1.0000    0.0000    0.0000         2
   -1,AUX,ARGM-GOL     1.0000    0.0000    0.0000         2
  -1,NOUN,ARGM-DIS     1.0000    0.0000    0.0000         5
    1,ADJ,ARGM-LVB     1.0000    0.0000    0.0000         1
    -2,VERB,C-ARG1     1.0000    0.0000    0.0000         1
  -2,NOUN,ARGM-MNR     1.0000    0.0000    0.0000         1
 1,VERB,R-ARGM-TMP     1.0000    0.0000    0.0000         1
             1,ADP     1.0000    0.0000    0.0000         4
     -1,AUX,C-ARG2     1.0000    0.0000    0.0000         1
    -1,VERB,C-ARG3     1.0000    0.0000    0.0000         1
    1,ADJ,ARGM-NEG     1.0000    0.0000    0.0000         1
   2,NOUN,ARGM-DIR     1.0000    0.0000    0.0000         1
  -2,VERB,ARGM-CAU     1.0000    0.0000    0.0000         3
       -2,ADJ,ARG0     1.0000    0.0000    0.0000         2
    -1,NOUN,C-ARG1     1.0000    0.0000    0.0000         1
       -2,AUX,ARG2     1.0000    0.0000    0.0000         1
   1,VERB,ARGM-DIR     1.0000    0.0000    0.0000         1
     -2,ADJ,C-ARG1     1.0000    0.0000    0.0000         1
  -2,VERB,ARGM-PRR     1.0000    0.0000    0.0000         1
        3,AUX,ARG1     1.0000    0.0000    0.0000         1
    2,AUX,ARGM-MOD     1.0000    0.0000    0.0000         1
    2,AUX,ARGM-NEG     1.0000    0.0000    0.0000         1

          accuracy                         0.1848     25096
         macro avg     0.9881    0.0047    0.0024     25096
      weighted avg     0.6487    0.1848    0.0836     25096

2021-10-01 13:26:38,023 ----------------------------------------------------------------------------------------------------
