2021-09-29 18:54:10,150 ----------------------------------------------------------------------------------------------------
2021-09-29 18:54:10,150 Model: "SequenceTagger(
  (embeddings): StackedEmbeddings(
    (list_embedding_0): ELMoEmbeddings(model=0-0-0-0-elmo-small-all)
  )
  (dropout): Dropout(p=0.2, inplace=False)
  (word_dropout): WordDropout(p=0.05)
  (locked_dropout): LockedDropout(p=0.1)
  (embedding2nn): Linear(in_features=3072, out_features=3072, bias=True)
  (rnn): GRU(3072, 1024, num_layers=4, batch_first=True, dropout=0.5, bidirectional=True)
  (linear): Linear(in_features=2048, out_features=3118, bias=True)
  (beta): 1.0
  (weights): None
  (weight_tensor) None
)"
2021-09-29 18:54:10,152 ----------------------------------------------------------------------------------------------------
2021-09-29 18:54:10,152 Corpus: "Corpus: 2508 train + 2002 dev + 2077 test sentences"
2021-09-29 18:54:10,152 ----------------------------------------------------------------------------------------------------
2021-09-29 18:54:10,152 Parameters:
2021-09-29 18:54:10,152  - learning_rate: "0.2"
2021-09-29 18:54:10,152  - mini_batch_size: "32"
2021-09-29 18:54:10,152  - patience: "3"
2021-09-29 18:54:10,153  - anneal_factor: "0.5"
2021-09-29 18:54:10,153  - max_epochs: "120"
2021-09-29 18:54:10,153  - shuffle: "True"
2021-09-29 18:54:10,153  - train_with_dev: "False"
2021-09-29 18:54:10,153  - batch_growth_annealing: "False"
2021-09-29 18:54:10,153 ----------------------------------------------------------------------------------------------------
2021-09-29 18:54:10,153 Model training base path: "model/srlextended/upos/goldpos/goldframes/0.2-1024-4-0.2-0.1-0-0-0-0-elmo-small-all-dd96f"
2021-09-29 18:54:10,153 ----------------------------------------------------------------------------------------------------
2021-09-29 18:54:10,153 Device: cuda:1
2021-09-29 18:54:10,154 ----------------------------------------------------------------------------------------------------
2021-09-29 18:54:10,154 Embeddings storage mode: gpu
2021-09-29 18:54:10,158 ----------------------------------------------------------------------------------------------------
2021-09-29 18:54:13,006 epoch 1 - iter 7/79 - loss 7.91950628 - samples/sec: 78.68 - lr: 0.200000
2021-09-29 18:54:16,097 epoch 1 - iter 14/79 - loss 7.30376829 - samples/sec: 72.49 - lr: 0.200000
2021-09-29 18:54:19,016 epoch 1 - iter 21/79 - loss 6.99311125 - samples/sec: 76.75 - lr: 0.200000
2021-09-29 18:54:21,593 ----------------------------------------------------------------------------------------------------
2021-09-29 18:54:21,593 Exiting from training early.
2021-09-29 18:54:21,593 Saving model ...
