2021-10-07 15:14:08,770 ----------------------------------------------------------------------------------------------------
2021-10-07 15:14:08,771 Model: "SequenceTagger(
  (embeddings): StackedEmbeddings(
    (list_embedding_0): CharacterEmbeddings(
      (char_embedding): Embedding(275, 25)
      (char_rnn): LSTM(25, 25, bidirectional=True)
    )
    (list_embedding_1): WordEmbeddings('glove')
  )
  (dropout): Dropout(p=0.1, inplace=False)
  (word_dropout): WordDropout(p=0.05)
  (embedding2nn): Linear(in_features=150, out_features=150, bias=True)
  (rnn): LSTM(150, 800, num_layers=2, batch_first=True, dropout=0.5, bidirectional=True)
  (linear): Linear(in_features=1600, out_features=463, bias=True)
  (beta): 1.0
  (weights): None
  (weight_tensor) None
)"
2021-10-07 15:14:08,771 ----------------------------------------------------------------------------------------------------
2021-10-07 15:14:08,771 Corpus: "Corpus: 2508 train + 2002 dev + 2077 test sentences"
2021-10-07 15:14:08,771 ----------------------------------------------------------------------------------------------------
2021-10-07 15:14:08,771 Parameters:
2021-10-07 15:14:08,771  - learning_rate: "0.95"
2021-10-07 15:14:08,771  - mini_batch_size: "32"
2021-10-07 15:14:08,771  - patience: "3"
2021-10-07 15:14:08,771  - anneal_factor: "0.5"
2021-10-07 15:14:08,771  - max_epochs: "120"
2021-10-07 15:14:08,771  - shuffle: "True"
2021-10-07 15:14:08,771  - train_with_dev: "False"
2021-10-07 15:14:08,771  - batch_growth_annealing: "False"
2021-10-07 15:14:08,771 ----------------------------------------------------------------------------------------------------
2021-10-07 15:14:08,772 Model training base path: "model/flattened/upos/goldpos/goldframes/875b0ee2-d871-487d-9bfc-d2a5181af950"
2021-10-07 15:14:08,772 ----------------------------------------------------------------------------------------------------
2021-10-07 15:14:08,772 Device: cuda:1
2021-10-07 15:14:08,772 ----------------------------------------------------------------------------------------------------
2021-10-07 15:14:08,772 Embeddings storage mode: gpu
2021-10-07 15:14:08,823 ----------------------------------------------------------------------------------------------------
2021-10-07 15:14:13,408 epoch 1 - iter 7/79 - loss 5.77759750 - samples/sec: 48.87 - lr: 0.950000
2021-10-07 15:14:18,263 epoch 1 - iter 14/79 - loss 5.28602638 - samples/sec: 46.15 - lr: 0.950000
2021-10-07 15:14:22,750 epoch 1 - iter 21/79 - loss 4.89522105 - samples/sec: 49.95 - lr: 0.950000
2021-10-07 15:14:26,880 epoch 1 - iter 28/79 - loss 4.72568052 - samples/sec: 54.25 - lr: 0.950000
2021-10-07 15:14:30,474 epoch 1 - iter 35/79 - loss 4.63819842 - samples/sec: 62.34 - lr: 0.950000
2021-10-07 15:14:35,184 epoch 1 - iter 42/79 - loss 4.54487741 - samples/sec: 47.57 - lr: 0.950000
2021-10-07 15:14:39,701 epoch 1 - iter 49/79 - loss 4.44831438 - samples/sec: 49.61 - lr: 0.950000
2021-10-07 15:14:43,312 epoch 1 - iter 56/79 - loss 4.36695127 - samples/sec: 62.06 - lr: 0.950000
2021-10-07 15:14:45,880 epoch 1 - iter 63/79 - loss 4.26157858 - samples/sec: 87.24 - lr: 0.950000
2021-10-07 15:14:48,667 epoch 1 - iter 70/79 - loss 4.17904214 - samples/sec: 80.39 - lr: 0.950000
2021-10-07 15:14:51,158 epoch 1 - iter 77/79 - loss 4.12132206 - samples/sec: 89.98 - lr: 0.950000
2021-10-07 15:14:51,602 ----------------------------------------------------------------------------------------------------
2021-10-07 15:14:51,603 EPOCH 1 done: loss 4.0908 - lr 0.9500000
2021-10-07 15:15:05,585 DEV : loss 3.4304683208465576 - score 0.1387
2021-10-07 15:15:05,596 BAD EPOCHS (no improvement): 0
2021-10-07 15:15:14,438 ----------------------------------------------------------------------------------------------------
2021-10-07 15:15:17,994 epoch 2 - iter 7/79 - loss 3.40824887 - samples/sec: 63.01 - lr: 0.950000
2021-10-07 15:15:21,495 epoch 2 - iter 14/79 - loss 3.41572162 - samples/sec: 64.03 - lr: 0.950000
2021-10-07 15:15:24,908 epoch 2 - iter 21/79 - loss 3.39986886 - samples/sec: 65.65 - lr: 0.950000
2021-10-07 15:15:28,206 epoch 2 - iter 28/79 - loss 3.43045831 - samples/sec: 67.94 - lr: 0.950000
2021-10-07 15:15:32,117 epoch 2 - iter 35/79 - loss 3.44181457 - samples/sec: 57.30 - lr: 0.950000
2021-10-07 15:15:35,530 epoch 2 - iter 42/79 - loss 3.42493933 - samples/sec: 65.65 - lr: 0.950000
2021-10-07 15:15:38,964 epoch 2 - iter 49/79 - loss 3.42878819 - samples/sec: 65.26 - lr: 0.950000
2021-10-07 15:15:42,767 epoch 2 - iter 56/79 - loss 3.42688070 - samples/sec: 58.92 - lr: 0.950000
2021-10-07 15:15:46,575 epoch 2 - iter 63/79 - loss 3.40920247 - samples/sec: 58.84 - lr: 0.950000
2021-10-07 15:15:50,300 epoch 2 - iter 70/79 - loss 3.41715497 - samples/sec: 60.16 - lr: 0.950000
2021-10-07 15:15:53,836 epoch 2 - iter 77/79 - loss 3.40039746 - samples/sec: 63.38 - lr: 0.950000
2021-10-07 15:15:54,459 ----------------------------------------------------------------------------------------------------
2021-10-07 15:15:54,460 EPOCH 2 done: loss 3.3895 - lr 0.9500000
2021-10-07 15:16:07,526 DEV : loss 3.3473145961761475 - score 0.1796
2021-10-07 15:16:07,536 BAD EPOCHS (no improvement): 0
2021-10-07 15:16:14,762 ----------------------------------------------------------------------------------------------------
2021-10-07 15:16:18,146 epoch 3 - iter 7/79 - loss 3.26348455 - samples/sec: 66.22 - lr: 0.950000
2021-10-07 15:16:21,683 epoch 3 - iter 14/79 - loss 3.15176214 - samples/sec: 63.35 - lr: 0.950000
2021-10-07 15:16:25,123 epoch 3 - iter 21/79 - loss 3.10864441 - samples/sec: 65.13 - lr: 0.950000
2021-10-07 15:16:28,771 epoch 3 - iter 28/79 - loss 3.15335431 - samples/sec: 61.43 - lr: 0.950000
2021-10-07 15:16:32,696 epoch 3 - iter 35/79 - loss 3.15741377 - samples/sec: 57.10 - lr: 0.950000
2021-10-07 15:16:36,362 epoch 3 - iter 42/79 - loss 3.14952815 - samples/sec: 61.13 - lr: 0.950000
2021-10-07 15:16:39,987 epoch 3 - iter 49/79 - loss 3.16982486 - samples/sec: 61.82 - lr: 0.950000
2021-10-07 15:16:43,404 epoch 3 - iter 56/79 - loss 3.15351496 - samples/sec: 65.58 - lr: 0.950000
2021-10-07 15:16:47,090 epoch 3 - iter 63/79 - loss 3.15733920 - samples/sec: 60.78 - lr: 0.950000
2021-10-07 15:16:50,922 epoch 3 - iter 70/79 - loss 3.15481974 - samples/sec: 58.48 - lr: 0.950000
2021-10-07 15:16:54,509 epoch 3 - iter 77/79 - loss 3.13932084 - samples/sec: 62.48 - lr: 0.950000
2021-10-07 15:16:55,224 ----------------------------------------------------------------------------------------------------
2021-10-07 15:16:55,224 EPOCH 3 done: loss 3.1419 - lr 0.9500000
2021-10-07 15:17:08,536 DEV : loss 3.1044957637786865 - score 0.1931
2021-10-07 15:17:08,553 BAD EPOCHS (no improvement): 0
2021-10-07 15:17:15,025 ----------------------------------------------------------------------------------------------------
2021-10-07 15:17:18,595 epoch 4 - iter 7/79 - loss 3.09808690 - samples/sec: 62.77 - lr: 0.950000
2021-10-07 15:17:22,235 epoch 4 - iter 14/79 - loss 3.03494201 - samples/sec: 61.56 - lr: 0.950000
2021-10-07 15:17:25,542 epoch 4 - iter 21/79 - loss 2.99431917 - samples/sec: 67.76 - lr: 0.950000
2021-10-07 15:17:29,069 epoch 4 - iter 28/79 - loss 2.97857015 - samples/sec: 63.54 - lr: 0.950000
2021-10-07 15:17:32,373 epoch 4 - iter 35/79 - loss 2.94065841 - samples/sec: 67.82 - lr: 0.950000
2021-10-07 15:17:35,877 epoch 4 - iter 42/79 - loss 2.96799278 - samples/sec: 63.93 - lr: 0.950000
2021-10-07 15:17:39,272 epoch 4 - iter 49/79 - loss 2.94865710 - samples/sec: 66.00 - lr: 0.950000
2021-10-07 15:17:42,922 epoch 4 - iter 56/79 - loss 2.95963786 - samples/sec: 61.39 - lr: 0.950000
2021-10-07 15:17:46,567 epoch 4 - iter 63/79 - loss 2.94891588 - samples/sec: 61.48 - lr: 0.950000
2021-10-07 15:17:49,972 epoch 4 - iter 70/79 - loss 2.93560484 - samples/sec: 65.81 - lr: 0.950000
2021-10-07 15:17:53,528 epoch 4 - iter 77/79 - loss 2.92867993 - samples/sec: 63.01 - lr: 0.950000
2021-10-07 15:17:54,231 ----------------------------------------------------------------------------------------------------
2021-10-07 15:17:54,231 EPOCH 4 done: loss 2.9295 - lr 0.9500000
2021-10-07 15:18:07,677 DEV : loss 2.8353376388549805 - score 0.26
2021-10-07 15:18:07,692 BAD EPOCHS (no improvement): 0
2021-10-07 15:18:12,841 ----------------------------------------------------------------------------------------------------
2021-10-07 15:18:16,541 epoch 5 - iter 7/79 - loss 2.75681656 - samples/sec: 60.56 - lr: 0.950000
2021-10-07 15:18:20,303 epoch 5 - iter 14/79 - loss 2.81957580 - samples/sec: 59.56 - lr: 0.950000
2021-10-07 15:18:23,746 epoch 5 - iter 21/79 - loss 2.78897995 - samples/sec: 65.09 - lr: 0.950000
2021-10-07 15:18:27,480 epoch 5 - iter 28/79 - loss 2.79795048 - samples/sec: 60.01 - lr: 0.950000
2021-10-07 15:18:31,075 epoch 5 - iter 35/79 - loss 2.81721136 - samples/sec: 62.34 - lr: 0.950000
2021-10-07 15:18:34,635 epoch 5 - iter 42/79 - loss 2.81632335 - samples/sec: 62.94 - lr: 0.950000
2021-10-07 15:18:38,220 epoch 5 - iter 49/79 - loss 2.80872759 - samples/sec: 62.51 - lr: 0.950000
2021-10-07 15:18:41,578 epoch 5 - iter 56/79 - loss 2.78110427 - samples/sec: 66.74 - lr: 0.950000
2021-10-07 15:18:45,552 epoch 5 - iter 63/79 - loss 2.78151416 - samples/sec: 56.37 - lr: 0.950000
2021-10-07 15:18:49,215 epoch 5 - iter 70/79 - loss 2.76472009 - samples/sec: 61.17 - lr: 0.950000
2021-10-07 15:18:52,843 epoch 5 - iter 77/79 - loss 2.75689212 - samples/sec: 61.75 - lr: 0.950000
2021-10-07 15:18:53,491 ----------------------------------------------------------------------------------------------------
2021-10-07 15:18:53,491 EPOCH 5 done: loss 2.7569 - lr 0.9500000
2021-10-07 15:19:06,641 DEV : loss 3.3066935539245605 - score 0.1763
2021-10-07 15:19:06,657 BAD EPOCHS (no improvement): 1
2021-10-07 15:19:06,671 ----------------------------------------------------------------------------------------------------
2021-10-07 15:19:10,352 epoch 6 - iter 7/79 - loss 2.92019602 - samples/sec: 60.87 - lr: 0.950000
2021-10-07 15:19:13,812 epoch 6 - iter 14/79 - loss 2.80512580 - samples/sec: 64.77 - lr: 0.950000
2021-10-07 15:19:17,832 epoch 6 - iter 21/79 - loss 2.79379020 - samples/sec: 55.74 - lr: 0.950000
2021-10-07 15:19:21,621 epoch 6 - iter 28/79 - loss 2.78942524 - samples/sec: 59.15 - lr: 0.950000
2021-10-07 15:19:25,215 epoch 6 - iter 35/79 - loss 2.74671186 - samples/sec: 62.36 - lr: 0.950000
2021-10-07 15:19:28,629 epoch 6 - iter 42/79 - loss 2.73105481 - samples/sec: 65.63 - lr: 0.950000
2021-10-07 15:19:32,088 epoch 6 - iter 49/79 - loss 2.71064061 - samples/sec: 64.78 - lr: 0.950000
2021-10-07 15:19:36,112 epoch 6 - iter 56/79 - loss 2.70554279 - samples/sec: 55.69 - lr: 0.950000
2021-10-07 15:19:39,797 epoch 6 - iter 63/79 - loss 2.68029669 - samples/sec: 60.83 - lr: 0.950000
2021-10-07 15:19:43,166 epoch 6 - iter 70/79 - loss 2.67037848 - samples/sec: 66.53 - lr: 0.950000
2021-10-07 15:19:46,694 epoch 6 - iter 77/79 - loss 2.65537574 - samples/sec: 63.54 - lr: 0.950000
2021-10-07 15:19:47,375 ----------------------------------------------------------------------------------------------------
2021-10-07 15:19:47,375 EPOCH 6 done: loss 2.6530 - lr 0.9500000
2021-10-07 15:20:00,675 DEV : loss 2.5491719245910645 - score 0.3336
2021-10-07 15:20:00,693 BAD EPOCHS (no improvement): 0
2021-10-07 15:20:09,460 ----------------------------------------------------------------------------------------------------
2021-10-07 15:20:13,063 epoch 7 - iter 7/79 - loss 2.62852822 - samples/sec: 62.20 - lr: 0.950000
2021-10-07 15:20:16,511 epoch 7 - iter 14/79 - loss 2.50876301 - samples/sec: 64.99 - lr: 0.950000
2021-10-07 15:20:20,277 epoch 7 - iter 21/79 - loss 2.57762502 - samples/sec: 59.50 - lr: 0.950000
2021-10-07 15:20:23,770 epoch 7 - iter 28/79 - loss 2.55948399 - samples/sec: 64.15 - lr: 0.950000
2021-10-07 15:20:27,440 epoch 7 - iter 35/79 - loss 2.54628295 - samples/sec: 61.07 - lr: 0.950000
2021-10-07 15:20:31,077 epoch 7 - iter 42/79 - loss 2.55336567 - samples/sec: 61.61 - lr: 0.950000
2021-10-07 15:20:34,614 epoch 7 - iter 49/79 - loss 2.55518330 - samples/sec: 63.36 - lr: 0.950000
2021-10-07 15:20:38,364 epoch 7 - iter 56/79 - loss 2.55451161 - samples/sec: 59.75 - lr: 0.950000
2021-10-07 15:20:42,201 epoch 7 - iter 63/79 - loss 2.54776541 - samples/sec: 58.39 - lr: 0.950000
2021-10-07 15:20:45,914 epoch 7 - iter 70/79 - loss 2.53582210 - samples/sec: 60.37 - lr: 0.950000
2021-10-07 15:20:49,586 epoch 7 - iter 77/79 - loss 2.52420375 - samples/sec: 61.02 - lr: 0.950000
2021-10-07 15:20:50,152 ----------------------------------------------------------------------------------------------------
2021-10-07 15:20:50,152 EPOCH 7 done: loss 2.5208 - lr 0.9500000
2021-10-07 15:21:04,173 DEV : loss 2.5313589572906494 - score 0.3171
2021-10-07 15:21:04,196 BAD EPOCHS (no improvement): 1
2021-10-07 15:21:04,199 ----------------------------------------------------------------------------------------------------
2021-10-07 15:21:08,290 epoch 8 - iter 7/79 - loss 2.56502301 - samples/sec: 54.78 - lr: 0.950000
2021-10-07 15:21:12,304 epoch 8 - iter 14/79 - loss 2.45633350 - samples/sec: 55.82 - lr: 0.950000
2021-10-07 15:21:16,084 epoch 8 - iter 21/79 - loss 2.47951156 - samples/sec: 59.28 - lr: 0.950000
2021-10-07 15:21:19,466 epoch 8 - iter 28/79 - loss 2.45711098 - samples/sec: 66.26 - lr: 0.950000
2021-10-07 15:21:23,104 epoch 8 - iter 35/79 - loss 2.45487095 - samples/sec: 61.60 - lr: 0.950000
2021-10-07 15:21:26,605 epoch 8 - iter 42/79 - loss 2.44431475 - samples/sec: 63.99 - lr: 0.950000
2021-10-07 15:21:29,862 epoch 8 - iter 49/79 - loss 2.42773561 - samples/sec: 68.80 - lr: 0.950000
2021-10-07 15:21:33,564 epoch 8 - iter 56/79 - loss 2.43609956 - samples/sec: 60.53 - lr: 0.950000
2021-10-07 15:21:37,098 epoch 8 - iter 63/79 - loss 2.43912215 - samples/sec: 63.41 - lr: 0.950000
2021-10-07 15:21:40,229 epoch 8 - iter 70/79 - loss 2.42153598 - samples/sec: 71.57 - lr: 0.950000
2021-10-07 15:21:43,976 epoch 8 - iter 77/79 - loss 2.42900579 - samples/sec: 59.80 - lr: 0.950000
2021-10-07 15:21:44,652 ----------------------------------------------------------------------------------------------------
2021-10-07 15:21:44,652 EPOCH 8 done: loss 2.4335 - lr 0.9500000
2021-10-07 15:21:58,058 DEV : loss 2.4737768173217773 - score 0.3339
2021-10-07 15:21:58,078 BAD EPOCHS (no improvement): 0
2021-10-07 15:22:02,748 ----------------------------------------------------------------------------------------------------
2021-10-07 15:22:06,189 epoch 9 - iter 7/79 - loss 2.42769923 - samples/sec: 65.13 - lr: 0.950000
2021-10-07 15:22:09,828 epoch 9 - iter 14/79 - loss 2.37763211 - samples/sec: 61.58 - lr: 0.950000
2021-10-07 15:22:13,151 epoch 9 - iter 21/79 - loss 2.35063423 - samples/sec: 67.43 - lr: 0.950000
2021-10-07 15:22:16,935 epoch 9 - iter 28/79 - loss 2.37274470 - samples/sec: 59.21 - lr: 0.950000
2021-10-07 15:22:20,328 epoch 9 - iter 35/79 - loss 2.36834964 - samples/sec: 66.05 - lr: 0.950000
2021-10-07 15:22:23,376 epoch 9 - iter 42/79 - loss 2.35796662 - samples/sec: 73.55 - lr: 0.950000
2021-10-07 15:22:26,998 epoch 9 - iter 49/79 - loss 2.34848811 - samples/sec: 61.85 - lr: 0.950000
2021-10-07 15:22:30,567 epoch 9 - iter 56/79 - loss 2.33976257 - samples/sec: 62.79 - lr: 0.950000
2021-10-07 15:22:34,020 epoch 9 - iter 63/79 - loss 2.35349854 - samples/sec: 64.89 - lr: 0.950000
2021-10-07 15:22:37,560 epoch 9 - iter 70/79 - loss 2.35211358 - samples/sec: 63.30 - lr: 0.950000
2021-10-07 15:22:41,078 epoch 9 - iter 77/79 - loss 2.34390850 - samples/sec: 63.69 - lr: 0.950000
2021-10-07 15:22:41,799 ----------------------------------------------------------------------------------------------------
2021-10-07 15:22:41,799 EPOCH 9 done: loss 2.3456 - lr 0.9500000
2021-10-07 15:22:55,022 DEV : loss 2.351827383041382 - score 0.3559
2021-10-07 15:22:55,034 BAD EPOCHS (no improvement): 0
2021-10-07 15:22:58,740 ----------------------------------------------------------------------------------------------------
2021-10-07 15:23:02,058 epoch 10 - iter 7/79 - loss 2.18002195 - samples/sec: 67.53 - lr: 0.950000
2021-10-07 15:23:05,689 epoch 10 - iter 14/79 - loss 2.18635009 - samples/sec: 61.71 - lr: 0.950000
2021-10-07 15:23:09,398 epoch 10 - iter 21/79 - loss 2.22597230 - samples/sec: 60.42 - lr: 0.950000
2021-10-07 15:23:13,319 epoch 10 - iter 28/79 - loss 2.24786233 - samples/sec: 57.15 - lr: 0.950000
2021-10-07 15:23:16,858 epoch 10 - iter 35/79 - loss 2.23248009 - samples/sec: 63.31 - lr: 0.950000
2021-10-07 15:23:20,280 epoch 10 - iter 42/79 - loss 2.21999839 - samples/sec: 65.49 - lr: 0.950000
2021-10-07 15:23:23,876 epoch 10 - iter 49/79 - loss 2.23115161 - samples/sec: 62.30 - lr: 0.950000
2021-10-07 15:23:27,264 epoch 10 - iter 56/79 - loss 2.24486160 - samples/sec: 66.15 - lr: 0.950000
2021-10-07 15:23:30,820 epoch 10 - iter 63/79 - loss 2.25533329 - samples/sec: 62.99 - lr: 0.950000
2021-10-07 15:23:34,403 epoch 10 - iter 70/79 - loss 2.25306541 - samples/sec: 62.54 - lr: 0.950000
2021-10-07 15:23:38,086 epoch 10 - iter 77/79 - loss 2.24297152 - samples/sec: 60.85 - lr: 0.950000
2021-10-07 15:23:38,863 ----------------------------------------------------------------------------------------------------
2021-10-07 15:23:38,863 EPOCH 10 done: loss 2.2357 - lr 0.9500000
2021-10-07 15:23:51,953 DEV : loss 2.3184025287628174 - score 0.3695
2021-10-07 15:23:51,965 BAD EPOCHS (no improvement): 0
2021-10-07 15:23:59,405 ----------------------------------------------------------------------------------------------------
2021-10-07 15:24:02,868 epoch 11 - iter 7/79 - loss 2.12919869 - samples/sec: 64.72 - lr: 0.950000
2021-10-07 15:24:06,348 epoch 11 - iter 14/79 - loss 2.17495900 - samples/sec: 64.39 - lr: 0.950000
2021-10-07 15:24:10,331 epoch 11 - iter 21/79 - loss 2.22634973 - samples/sec: 56.26 - lr: 0.950000
2021-10-07 15:24:14,242 epoch 11 - iter 28/79 - loss 2.21753373 - samples/sec: 57.30 - lr: 0.950000
2021-10-07 15:24:17,454 epoch 11 - iter 35/79 - loss 2.17352411 - samples/sec: 69.76 - lr: 0.950000
2021-10-07 15:24:20,759 epoch 11 - iter 42/79 - loss 2.19250438 - samples/sec: 67.80 - lr: 0.950000
2021-10-07 15:24:23,181 epoch 11 - iter 49/79 - loss 2.17559852 - samples/sec: 92.50 - lr: 0.950000
2021-10-07 15:24:25,665 epoch 11 - iter 56/79 - loss 2.17501112 - samples/sec: 90.22 - lr: 0.950000
2021-10-07 15:24:28,175 epoch 11 - iter 63/79 - loss 2.18039782 - samples/sec: 89.28 - lr: 0.950000
2021-10-07 15:24:31,022 epoch 11 - iter 70/79 - loss 2.17159437 - samples/sec: 78.74 - lr: 0.950000
2021-10-07 15:24:33,717 epoch 11 - iter 77/79 - loss 2.16018048 - samples/sec: 83.17 - lr: 0.950000
2021-10-07 15:24:34,384 ----------------------------------------------------------------------------------------------------
2021-10-07 15:24:34,385 EPOCH 11 done: loss 2.1640 - lr 0.9500000
2021-10-07 15:24:42,745 DEV : loss 2.2150607109069824 - score 0.3709
2021-10-07 15:24:42,760 BAD EPOCHS (no improvement): 0
2021-10-07 15:24:46,519 ----------------------------------------------------------------------------------------------------
2021-10-07 15:24:49,188 epoch 12 - iter 7/79 - loss 2.16112448 - samples/sec: 83.98 - lr: 0.950000
2021-10-07 15:24:51,626 epoch 12 - iter 14/79 - loss 2.14755997 - samples/sec: 91.92 - lr: 0.950000
2021-10-07 15:24:54,159 epoch 12 - iter 21/79 - loss 2.12463407 - samples/sec: 88.49 - lr: 0.950000
2021-10-07 15:24:56,645 epoch 12 - iter 28/79 - loss 2.11020990 - samples/sec: 90.13 - lr: 0.950000
2021-10-07 15:24:59,477 epoch 12 - iter 35/79 - loss 2.10726993 - samples/sec: 79.13 - lr: 0.950000
2021-10-07 15:25:02,359 epoch 12 - iter 42/79 - loss 2.11812624 - samples/sec: 77.77 - lr: 0.950000
2021-10-07 15:25:05,213 epoch 12 - iter 49/79 - loss 2.12137996 - samples/sec: 78.51 - lr: 0.950000
2021-10-07 15:25:08,161 epoch 12 - iter 56/79 - loss 2.13984927 - samples/sec: 76.04 - lr: 0.950000
2021-10-07 15:25:10,520 epoch 12 - iter 63/79 - loss 2.13142815 - samples/sec: 95.00 - lr: 0.950000
2021-10-07 15:25:13,008 epoch 12 - iter 70/79 - loss 2.12688843 - samples/sec: 90.06 - lr: 0.950000
2021-10-07 15:25:15,532 epoch 12 - iter 77/79 - loss 2.11486469 - samples/sec: 88.80 - lr: 0.950000
2021-10-07 15:25:16,035 ----------------------------------------------------------------------------------------------------
2021-10-07 15:25:16,036 EPOCH 12 done: loss 2.1174 - lr 0.9500000
2021-10-07 15:25:24,819 DEV : loss 2.2053892612457275 - score 0.3782
2021-10-07 15:25:24,830 BAD EPOCHS (no improvement): 0
2021-10-07 15:25:28,370 ----------------------------------------------------------------------------------------------------
2021-10-07 15:25:32,132 epoch 13 - iter 7/79 - loss 2.01180451 - samples/sec: 59.56 - lr: 0.950000
2021-10-07 15:25:35,912 epoch 13 - iter 14/79 - loss 2.01907146 - samples/sec: 59.30 - lr: 0.950000
2021-10-07 15:25:39,390 epoch 13 - iter 21/79 - loss 2.00941194 - samples/sec: 64.43 - lr: 0.950000
2021-10-07 15:25:42,999 epoch 13 - iter 28/79 - loss 2.03696904 - samples/sec: 62.08 - lr: 0.950000
2021-10-07 15:25:46,560 epoch 13 - iter 35/79 - loss 2.03411407 - samples/sec: 62.92 - lr: 0.950000
2021-10-07 15:25:50,304 epoch 13 - iter 42/79 - loss 2.04061356 - samples/sec: 59.85 - lr: 0.950000
2021-10-07 15:25:53,732 epoch 13 - iter 49/79 - loss 2.02923851 - samples/sec: 65.37 - lr: 0.950000
2021-10-07 15:25:57,291 epoch 13 - iter 56/79 - loss 2.03807940 - samples/sec: 62.97 - lr: 0.950000
2021-10-07 15:26:00,793 epoch 13 - iter 63/79 - loss 2.02119040 - samples/sec: 63.98 - lr: 0.950000
2021-10-07 15:26:04,492 epoch 13 - iter 70/79 - loss 2.01692749 - samples/sec: 60.59 - lr: 0.950000
2021-10-07 15:26:07,922 epoch 13 - iter 77/79 - loss 2.01064951 - samples/sec: 65.33 - lr: 0.950000
2021-10-07 15:26:08,698 ----------------------------------------------------------------------------------------------------
2021-10-07 15:26:08,698 EPOCH 13 done: loss 2.0173 - lr 0.9500000
2021-10-07 15:26:21,602 DEV : loss 2.617480516433716 - score 0.2964
2021-10-07 15:26:21,612 BAD EPOCHS (no improvement): 1
2021-10-07 15:26:21,638 ----------------------------------------------------------------------------------------------------
2021-10-07 15:26:25,263 epoch 14 - iter 7/79 - loss 2.22131302 - samples/sec: 61.81 - lr: 0.950000
2021-10-07 15:26:28,690 epoch 14 - iter 14/79 - loss 2.01591512 - samples/sec: 65.38 - lr: 0.950000
2021-10-07 15:26:32,277 epoch 14 - iter 21/79 - loss 1.98265323 - samples/sec: 62.47 - lr: 0.950000
2021-10-07 15:26:35,982 epoch 14 - iter 28/79 - loss 1.98008398 - samples/sec: 60.48 - lr: 0.950000
2021-10-07 15:26:39,549 epoch 14 - iter 35/79 - loss 1.97008799 - samples/sec: 62.82 - lr: 0.950000
2021-10-07 15:26:43,189 epoch 14 - iter 42/79 - loss 1.98593744 - samples/sec: 61.55 - lr: 0.950000
2021-10-07 15:26:46,539 epoch 14 - iter 49/79 - loss 1.98106699 - samples/sec: 66.87 - lr: 0.950000
2021-10-07 15:26:50,160 epoch 14 - iter 56/79 - loss 1.98193038 - samples/sec: 61.88 - lr: 0.950000
2021-10-07 15:26:53,616 epoch 14 - iter 63/79 - loss 1.96968321 - samples/sec: 64.83 - lr: 0.950000
2021-10-07 15:26:57,121 epoch 14 - iter 70/79 - loss 1.96199840 - samples/sec: 63.93 - lr: 0.950000
2021-10-07 15:27:00,983 epoch 14 - iter 77/79 - loss 1.96576006 - samples/sec: 58.02 - lr: 0.950000
2021-10-07 15:27:01,746 ----------------------------------------------------------------------------------------------------
2021-10-07 15:27:01,746 EPOCH 14 done: loss 1.9641 - lr 0.9500000
2021-10-07 15:27:15,747 DEV : loss 2.0822935104370117 - score 0.4017
2021-10-07 15:27:15,759 BAD EPOCHS (no improvement): 0
2021-10-07 15:27:19,310 ----------------------------------------------------------------------------------------------------
2021-10-07 15:27:22,909 epoch 15 - iter 7/79 - loss 1.93227054 - samples/sec: 62.26 - lr: 0.950000
2021-10-07 15:27:26,461 epoch 15 - iter 14/79 - loss 1.91840247 - samples/sec: 63.07 - lr: 0.950000
2021-10-07 15:27:30,124 epoch 15 - iter 21/79 - loss 1.95583651 - samples/sec: 61.18 - lr: 0.950000
2021-10-07 15:27:33,807 epoch 15 - iter 28/79 - loss 1.93985984 - samples/sec: 60.86 - lr: 0.950000
2021-10-07 15:27:37,685 epoch 15 - iter 35/79 - loss 1.92407580 - samples/sec: 57.78 - lr: 0.950000
2021-10-07 15:27:41,219 epoch 15 - iter 42/79 - loss 1.92402752 - samples/sec: 63.42 - lr: 0.950000
2021-10-07 15:27:44,894 epoch 15 - iter 49/79 - loss 1.91711431 - samples/sec: 60.98 - lr: 0.950000
2021-10-07 15:27:48,508 epoch 15 - iter 56/79 - loss 1.93107126 - samples/sec: 61.99 - lr: 0.950000
2021-10-07 15:27:52,048 epoch 15 - iter 63/79 - loss 1.92168555 - samples/sec: 63.29 - lr: 0.950000
2021-10-07 15:27:55,284 epoch 15 - iter 70/79 - loss 1.90779797 - samples/sec: 69.25 - lr: 0.950000
2021-10-07 15:27:58,498 epoch 15 - iter 77/79 - loss 1.88923188 - samples/sec: 69.72 - lr: 0.950000
2021-10-07 15:27:59,313 ----------------------------------------------------------------------------------------------------
2021-10-07 15:27:59,313 EPOCH 15 done: loss 1.8923 - lr 0.9500000
2021-10-07 15:28:12,425 DEV : loss 2.05531644821167 - score 0.409
2021-10-07 15:28:12,441 BAD EPOCHS (no improvement): 0
2021-10-07 15:28:20,499 ----------------------------------------------------------------------------------------------------
2021-10-07 15:28:23,994 epoch 16 - iter 7/79 - loss 1.94809507 - samples/sec: 64.12 - lr: 0.950000
2021-10-07 15:28:27,495 epoch 16 - iter 14/79 - loss 1.88954960 - samples/sec: 63.99 - lr: 0.950000
2021-10-07 15:28:31,003 epoch 16 - iter 21/79 - loss 1.82757277 - samples/sec: 63.88 - lr: 0.950000
2021-10-07 15:28:34,492 epoch 16 - iter 28/79 - loss 1.82079287 - samples/sec: 64.22 - lr: 0.950000
2021-10-07 15:28:38,136 epoch 16 - iter 35/79 - loss 1.82417924 - samples/sec: 61.49 - lr: 0.950000
2021-10-07 15:28:41,808 epoch 16 - iter 42/79 - loss 1.81917922 - samples/sec: 61.02 - lr: 0.950000
2021-10-07 15:28:45,459 epoch 16 - iter 49/79 - loss 1.80895584 - samples/sec: 61.38 - lr: 0.950000
2021-10-07 15:28:49,230 epoch 16 - iter 56/79 - loss 1.80728527 - samples/sec: 59.43 - lr: 0.950000
2021-10-07 15:28:52,729 epoch 16 - iter 63/79 - loss 1.80771505 - samples/sec: 64.03 - lr: 0.950000
2021-10-07 15:28:56,270 epoch 16 - iter 70/79 - loss 1.81131632 - samples/sec: 63.29 - lr: 0.950000
2021-10-07 15:29:00,107 epoch 16 - iter 77/79 - loss 1.82270740 - samples/sec: 58.39 - lr: 0.950000
2021-10-07 15:29:00,850 ----------------------------------------------------------------------------------------------------
2021-10-07 15:29:00,850 EPOCH 16 done: loss 1.8242 - lr 0.9500000
2021-10-07 15:29:14,097 DEV : loss 1.9569398164749146 - score 0.4285
2021-10-07 15:29:14,121 BAD EPOCHS (no improvement): 0
2021-10-07 15:29:19,529 ----------------------------------------------------------------------------------------------------
2021-10-07 15:29:23,372 epoch 17 - iter 7/79 - loss 1.83205576 - samples/sec: 58.31 - lr: 0.950000
2021-10-07 15:29:27,118 epoch 17 - iter 14/79 - loss 1.82920435 - samples/sec: 59.83 - lr: 0.950000
2021-10-07 15:29:30,828 epoch 17 - iter 21/79 - loss 1.82061426 - samples/sec: 60.40 - lr: 0.950000
2021-10-07 15:29:34,248 epoch 17 - iter 28/79 - loss 1.80364994 - samples/sec: 65.52 - lr: 0.950000
2021-10-07 15:29:37,570 epoch 17 - iter 35/79 - loss 1.77240656 - samples/sec: 67.45 - lr: 0.950000
2021-10-07 15:29:41,139 epoch 17 - iter 42/79 - loss 1.76714815 - samples/sec: 62.77 - lr: 0.950000
2021-10-07 15:29:44,290 epoch 17 - iter 49/79 - loss 1.77353839 - samples/sec: 71.12 - lr: 0.950000
2021-10-07 15:29:47,522 epoch 17 - iter 56/79 - loss 1.76658965 - samples/sec: 69.32 - lr: 0.950000
2021-10-07 15:29:51,168 epoch 17 - iter 63/79 - loss 1.76073087 - samples/sec: 61.46 - lr: 0.950000
2021-10-07 15:29:54,804 epoch 17 - iter 70/79 - loss 1.75809099 - samples/sec: 61.63 - lr: 0.950000
2021-10-07 15:29:58,616 epoch 17 - iter 77/79 - loss 1.75916452 - samples/sec: 58.78 - lr: 0.950000
2021-10-07 15:29:59,452 ----------------------------------------------------------------------------------------------------
2021-10-07 15:29:59,452 EPOCH 17 done: loss 1.7571 - lr 0.9500000
2021-10-07 15:30:12,436 DEV : loss 1.935381531715393 - score 0.4524
2021-10-07 15:30:12,450 BAD EPOCHS (no improvement): 0
2021-10-07 15:30:18,282 ----------------------------------------------------------------------------------------------------
2021-10-07 15:30:21,778 epoch 18 - iter 7/79 - loss 1.75580931 - samples/sec: 64.09 - lr: 0.950000
2021-10-07 15:30:25,403 epoch 18 - iter 14/79 - loss 1.73140707 - samples/sec: 61.83 - lr: 0.950000
2021-10-07 15:30:29,018 epoch 18 - iter 21/79 - loss 1.73583534 - samples/sec: 61.98 - lr: 0.950000
2021-10-07 15:30:32,777 epoch 18 - iter 28/79 - loss 1.73279907 - samples/sec: 59.62 - lr: 0.950000
2021-10-07 15:30:36,141 epoch 18 - iter 35/79 - loss 1.70697998 - samples/sec: 66.60 - lr: 0.950000
2021-10-07 15:30:39,782 epoch 18 - iter 42/79 - loss 1.71654096 - samples/sec: 61.54 - lr: 0.950000
2021-10-07 15:30:43,204 epoch 18 - iter 49/79 - loss 1.70414680 - samples/sec: 65.48 - lr: 0.950000
2021-10-07 15:30:46,760 epoch 18 - iter 56/79 - loss 1.71139094 - samples/sec: 63.01 - lr: 0.950000
2021-10-07 15:30:50,137 epoch 18 - iter 63/79 - loss 1.70702307 - samples/sec: 66.35 - lr: 0.950000
2021-10-07 15:30:53,729 epoch 18 - iter 70/79 - loss 1.71283379 - samples/sec: 62.37 - lr: 0.950000
2021-10-07 15:30:57,374 epoch 18 - iter 77/79 - loss 1.70973587 - samples/sec: 61.47 - lr: 0.950000
2021-10-07 15:30:58,024 ----------------------------------------------------------------------------------------------------
2021-10-07 15:30:58,024 EPOCH 18 done: loss 1.7003 - lr 0.9500000
2021-10-07 15:31:11,585 DEV : loss 1.8240433931350708 - score 0.4643
2021-10-07 15:31:11,598 BAD EPOCHS (no improvement): 0
2021-10-07 15:31:15,280 ----------------------------------------------------------------------------------------------------
2021-10-07 15:31:18,844 epoch 19 - iter 7/79 - loss 1.56571930 - samples/sec: 62.87 - lr: 0.950000
2021-10-07 15:31:22,305 epoch 19 - iter 14/79 - loss 1.60793346 - samples/sec: 64.74 - lr: 0.950000
2021-10-07 15:31:25,752 epoch 19 - iter 21/79 - loss 1.64690668 - samples/sec: 65.00 - lr: 0.950000
2021-10-07 15:31:29,293 epoch 19 - iter 28/79 - loss 1.65854856 - samples/sec: 63.28 - lr: 0.950000
2021-10-07 15:31:32,996 epoch 19 - iter 35/79 - loss 1.67568840 - samples/sec: 60.52 - lr: 0.950000
2021-10-07 15:31:36,460 epoch 19 - iter 42/79 - loss 1.66827631 - samples/sec: 64.68 - lr: 0.950000
2021-10-07 15:31:40,362 epoch 19 - iter 49/79 - loss 1.66650004 - samples/sec: 57.43 - lr: 0.950000
2021-10-07 15:31:44,091 epoch 19 - iter 56/79 - loss 1.66506360 - samples/sec: 60.09 - lr: 0.950000
2021-10-07 15:31:47,697 epoch 19 - iter 63/79 - loss 1.65988718 - samples/sec: 62.15 - lr: 0.950000
2021-10-07 15:31:51,171 epoch 19 - iter 70/79 - loss 1.64813689 - samples/sec: 64.50 - lr: 0.950000
2021-10-07 15:31:54,623 epoch 19 - iter 77/79 - loss 1.64113943 - samples/sec: 64.90 - lr: 0.950000
2021-10-07 15:31:55,332 ----------------------------------------------------------------------------------------------------
2021-10-07 15:31:55,332 EPOCH 19 done: loss 1.6424 - lr 0.9500000
2021-10-07 15:32:08,959 DEV : loss 2.015533924102783 - score 0.4462
2021-10-07 15:32:08,979 BAD EPOCHS (no improvement): 1
2021-10-07 15:32:08,982 ----------------------------------------------------------------------------------------------------
2021-10-07 15:32:12,546 epoch 20 - iter 7/79 - loss 1.56023923 - samples/sec: 62.89 - lr: 0.950000
2021-10-07 15:32:16,187 epoch 20 - iter 14/79 - loss 1.58002007 - samples/sec: 61.55 - lr: 0.950000
2021-10-07 15:32:19,848 epoch 20 - iter 21/79 - loss 1.56844426 - samples/sec: 61.22 - lr: 0.950000
2021-10-07 15:32:24,188 epoch 20 - iter 28/79 - loss 1.59977135 - samples/sec: 51.63 - lr: 0.950000
2021-10-07 15:32:28,049 epoch 20 - iter 35/79 - loss 1.60167096 - samples/sec: 58.05 - lr: 0.950000
2021-10-07 15:32:31,551 epoch 20 - iter 42/79 - loss 1.60726487 - samples/sec: 64.00 - lr: 0.950000
2021-10-07 15:32:35,382 epoch 20 - iter 49/79 - loss 1.60892688 - samples/sec: 58.48 - lr: 0.950000
2021-10-07 15:32:39,239 epoch 20 - iter 56/79 - loss 1.61723398 - samples/sec: 58.10 - lr: 0.950000
2021-10-07 15:32:42,765 epoch 20 - iter 63/79 - loss 1.60199169 - samples/sec: 63.55 - lr: 0.950000
2021-10-07 15:32:46,710 epoch 20 - iter 70/79 - loss 1.60543868 - samples/sec: 56.80 - lr: 0.950000
2021-10-07 15:32:50,640 epoch 20 - iter 77/79 - loss 1.60026279 - samples/sec: 57.01 - lr: 0.950000
2021-10-07 15:32:51,408 ----------------------------------------------------------------------------------------------------
2021-10-07 15:32:51,408 EPOCH 20 done: loss 1.6000 - lr 0.9500000
2021-10-07 15:33:05,293 DEV : loss 1.8750407695770264 - score 0.4765
2021-10-07 15:33:05,314 BAD EPOCHS (no improvement): 0
2021-10-07 15:33:13,306 ----------------------------------------------------------------------------------------------------
2021-10-07 15:33:16,922 epoch 21 - iter 7/79 - loss 1.61017280 - samples/sec: 61.96 - lr: 0.950000
2021-10-07 15:33:20,279 epoch 21 - iter 14/79 - loss 1.54944999 - samples/sec: 66.76 - lr: 0.950000
2021-10-07 15:33:24,051 epoch 21 - iter 21/79 - loss 1.54695941 - samples/sec: 59.40 - lr: 0.950000
2021-10-07 15:33:27,691 epoch 21 - iter 28/79 - loss 1.55799436 - samples/sec: 61.56 - lr: 0.950000
2021-10-07 15:33:31,079 epoch 21 - iter 35/79 - loss 1.56242633 - samples/sec: 66.15 - lr: 0.950000
2021-10-07 15:33:34,771 epoch 21 - iter 42/79 - loss 1.55833779 - samples/sec: 60.69 - lr: 0.950000
2021-10-07 15:33:38,608 epoch 21 - iter 49/79 - loss 1.56666790 - samples/sec: 58.41 - lr: 0.950000
2021-10-07 15:33:42,119 epoch 21 - iter 56/79 - loss 1.55475791 - samples/sec: 63.83 - lr: 0.950000
2021-10-07 15:33:45,903 epoch 21 - iter 63/79 - loss 1.54344197 - samples/sec: 59.21 - lr: 0.950000
2021-10-07 15:33:49,436 epoch 21 - iter 70/79 - loss 1.53950153 - samples/sec: 63.43 - lr: 0.950000
2021-10-07 15:33:53,057 epoch 21 - iter 77/79 - loss 1.54366705 - samples/sec: 61.88 - lr: 0.950000
2021-10-07 15:33:53,767 ----------------------------------------------------------------------------------------------------
2021-10-07 15:33:53,767 EPOCH 21 done: loss 1.5424 - lr 0.9500000
2021-10-07 15:34:09,704 DEV : loss 1.8180052042007446 - score 0.4728
2021-10-07 15:34:09,713 BAD EPOCHS (no improvement): 1
2021-10-07 15:34:09,717 ----------------------------------------------------------------------------------------------------
2021-10-07 15:34:13,509 epoch 22 - iter 7/79 - loss 1.47397958 - samples/sec: 59.08 - lr: 0.950000
2021-10-07 15:34:16,971 epoch 22 - iter 14/79 - loss 1.45277734 - samples/sec: 64.73 - lr: 0.950000
2021-10-07 15:34:20,641 epoch 22 - iter 21/79 - loss 1.47029616 - samples/sec: 61.05 - lr: 0.950000
2021-10-07 15:34:24,510 epoch 22 - iter 28/79 - loss 1.47431505 - samples/sec: 57.91 - lr: 0.950000
2021-10-07 15:34:28,421 epoch 22 - iter 35/79 - loss 1.47586474 - samples/sec: 57.29 - lr: 0.950000
2021-10-07 15:34:32,102 epoch 22 - iter 42/79 - loss 1.48620098 - samples/sec: 60.88 - lr: 0.950000
2021-10-07 15:34:35,913 epoch 22 - iter 49/79 - loss 1.48643378 - samples/sec: 58.79 - lr: 0.950000
2021-10-07 15:34:39,788 epoch 22 - iter 56/79 - loss 1.48812975 - samples/sec: 57.82 - lr: 0.950000
2021-10-07 15:34:43,009 epoch 22 - iter 63/79 - loss 1.48901205 - samples/sec: 69.57 - lr: 0.950000
2021-10-07 15:34:46,461 epoch 22 - iter 70/79 - loss 1.48714034 - samples/sec: 64.92 - lr: 0.950000
2021-10-07 15:34:49,790 epoch 22 - iter 77/79 - loss 1.48158673 - samples/sec: 67.31 - lr: 0.950000
2021-10-07 15:34:50,391 ----------------------------------------------------------------------------------------------------
2021-10-07 15:34:50,391 EPOCH 22 done: loss 1.4766 - lr 0.9500000
2021-10-07 15:35:03,402 DEV : loss 1.882448673248291 - score 0.4739
2021-10-07 15:35:03,417 BAD EPOCHS (no improvement): 2
2021-10-07 15:35:03,422 ----------------------------------------------------------------------------------------------------
2021-10-07 15:35:07,114 epoch 23 - iter 7/79 - loss 1.45554418 - samples/sec: 60.70 - lr: 0.950000
2021-10-07 15:35:10,892 epoch 23 - iter 14/79 - loss 1.45760557 - samples/sec: 59.32 - lr: 0.950000
2021-10-07 15:35:14,521 epoch 23 - iter 21/79 - loss 1.44582959 - samples/sec: 61.76 - lr: 0.950000
2021-10-07 15:35:18,055 epoch 23 - iter 28/79 - loss 1.46658418 - samples/sec: 63.41 - lr: 0.950000
2021-10-07 15:35:21,560 epoch 23 - iter 35/79 - loss 1.45456923 - samples/sec: 63.92 - lr: 0.950000
2021-10-07 15:35:24,844 epoch 23 - iter 42/79 - loss 1.42833393 - samples/sec: 68.24 - lr: 0.950000
2021-10-07 15:35:28,276 epoch 23 - iter 49/79 - loss 1.42308798 - samples/sec: 65.28 - lr: 0.950000
2021-10-07 15:35:31,818 epoch 23 - iter 56/79 - loss 1.43146241 - samples/sec: 63.27 - lr: 0.950000
2021-10-07 15:35:35,462 epoch 23 - iter 63/79 - loss 1.44324547 - samples/sec: 61.48 - lr: 0.950000
2021-10-07 15:35:38,909 epoch 23 - iter 70/79 - loss 1.43497718 - samples/sec: 65.00 - lr: 0.950000
2021-10-07 15:35:42,579 epoch 23 - iter 77/79 - loss 1.43516748 - samples/sec: 61.07 - lr: 0.950000
2021-10-07 15:35:43,259 ----------------------------------------------------------------------------------------------------
2021-10-07 15:35:43,260 EPOCH 23 done: loss 1.4315 - lr 0.9500000
2021-10-07 15:35:56,760 DEV : loss 1.8642313480377197 - score 0.4849
2021-10-07 15:35:56,770 BAD EPOCHS (no improvement): 0
2021-10-07 15:36:01,809 ----------------------------------------------------------------------------------------------------
2021-10-07 15:36:05,655 epoch 24 - iter 7/79 - loss 1.35745731 - samples/sec: 58.26 - lr: 0.950000
2021-10-07 15:36:09,577 epoch 24 - iter 14/79 - loss 1.38074419 - samples/sec: 57.12 - lr: 0.950000
2021-10-07 15:36:13,405 epoch 24 - iter 21/79 - loss 1.38622413 - samples/sec: 58.53 - lr: 0.950000
2021-10-07 15:36:17,067 epoch 24 - iter 28/79 - loss 1.36923527 - samples/sec: 61.19 - lr: 0.950000
2021-10-07 15:36:20,376 epoch 24 - iter 35/79 - loss 1.38220047 - samples/sec: 67.71 - lr: 0.950000
2021-10-07 15:36:22,830 epoch 24 - iter 42/79 - loss 1.35206888 - samples/sec: 91.33 - lr: 0.950000
2021-10-07 15:36:25,387 epoch 24 - iter 49/79 - loss 1.35423399 - samples/sec: 87.65 - lr: 0.950000
2021-10-07 15:36:28,083 epoch 24 - iter 56/79 - loss 1.34835519 - samples/sec: 83.10 - lr: 0.950000
2021-10-07 15:36:31,386 epoch 24 - iter 63/79 - loss 1.35682872 - samples/sec: 67.86 - lr: 0.950000
2021-10-07 15:36:34,547 epoch 24 - iter 70/79 - loss 1.35382689 - samples/sec: 70.88 - lr: 0.950000
2021-10-07 15:36:37,689 epoch 24 - iter 77/79 - loss 1.35813276 - samples/sec: 71.33 - lr: 0.950000
2021-10-07 15:36:38,368 ----------------------------------------------------------------------------------------------------
2021-10-07 15:36:38,368 EPOCH 24 done: loss 1.3628 - lr 0.9500000
2021-10-07 15:36:47,082 DEV : loss 1.836849570274353 - score 0.4676
2021-10-07 15:36:47,095 BAD EPOCHS (no improvement): 1
2021-10-07 15:36:47,098 ----------------------------------------------------------------------------------------------------
2021-10-07 15:36:49,651 epoch 25 - iter 7/79 - loss 1.33467003 - samples/sec: 87.77 - lr: 0.950000
2021-10-07 15:36:52,207 epoch 25 - iter 14/79 - loss 1.27779365 - samples/sec: 87.67 - lr: 0.950000
2021-10-07 15:36:54,669 epoch 25 - iter 21/79 - loss 1.28591263 - samples/sec: 91.03 - lr: 0.950000
2021-10-07 15:36:57,132 epoch 25 - iter 28/79 - loss 1.27088174 - samples/sec: 90.98 - lr: 0.950000
2021-10-07 15:36:59,601 epoch 25 - iter 35/79 - loss 1.28146534 - samples/sec: 90.73 - lr: 0.950000
2021-10-07 15:37:02,212 epoch 25 - iter 42/79 - loss 1.28666738 - samples/sec: 85.84 - lr: 0.950000
2021-10-07 15:37:04,639 epoch 25 - iter 49/79 - loss 1.28106353 - samples/sec: 92.35 - lr: 0.950000
2021-10-07 15:37:07,008 epoch 25 - iter 56/79 - loss 1.29439124 - samples/sec: 94.58 - lr: 0.950000
2021-10-07 15:37:09,422 epoch 25 - iter 63/79 - loss 1.29793380 - samples/sec: 92.85 - lr: 0.950000
2021-10-07 15:37:12,024 epoch 25 - iter 70/79 - loss 1.30660246 - samples/sec: 86.12 - lr: 0.950000
2021-10-07 15:37:14,693 epoch 25 - iter 77/79 - loss 1.30038579 - samples/sec: 83.96 - lr: 0.950000
2021-10-07 15:37:15,370 ----------------------------------------------------------------------------------------------------
2021-10-07 15:37:15,370 EPOCH 25 done: loss 1.3015 - lr 0.9500000
2021-10-07 15:37:28,540 DEV : loss 1.8134219646453857 - score 0.4901
2021-10-07 15:37:28,555 BAD EPOCHS (no improvement): 0
2021-10-07 15:37:34,999 ----------------------------------------------------------------------------------------------------
2021-10-07 15:37:38,696 epoch 26 - iter 7/79 - loss 1.41100012 - samples/sec: 60.61 - lr: 0.950000
2021-10-07 15:37:42,131 epoch 26 - iter 14/79 - loss 1.32616552 - samples/sec: 65.24 - lr: 0.950000
2021-10-07 15:37:45,911 epoch 26 - iter 21/79 - loss 1.30666691 - samples/sec: 59.28 - lr: 0.950000
2021-10-07 15:37:49,259 epoch 26 - iter 28/79 - loss 1.31150013 - samples/sec: 66.93 - lr: 0.950000
2021-10-07 15:37:52,519 epoch 26 - iter 35/79 - loss 1.28203210 - samples/sec: 68.73 - lr: 0.950000
2021-10-07 15:37:55,990 epoch 26 - iter 42/79 - loss 1.29173490 - samples/sec: 64.56 - lr: 0.950000
2021-10-07 15:37:59,318 epoch 26 - iter 49/79 - loss 1.29425668 - samples/sec: 67.33 - lr: 0.950000
2021-10-07 15:38:02,770 epoch 26 - iter 56/79 - loss 1.29278810 - samples/sec: 64.91 - lr: 0.950000
2021-10-07 15:38:06,598 epoch 26 - iter 63/79 - loss 1.28891824 - samples/sec: 58.54 - lr: 0.950000
2021-10-07 15:38:10,499 epoch 26 - iter 70/79 - loss 1.29004479 - samples/sec: 57.43 - lr: 0.950000
2021-10-07 15:38:14,136 epoch 26 - iter 77/79 - loss 1.28664319 - samples/sec: 61.62 - lr: 0.950000
2021-10-07 15:38:14,753 ----------------------------------------------------------------------------------------------------
2021-10-07 15:38:14,753 EPOCH 26 done: loss 1.2855 - lr 0.9500000
2021-10-07 15:38:27,524 DEV : loss 2.345726490020752 - score 0.4113
2021-10-07 15:38:27,538 BAD EPOCHS (no improvement): 1
2021-10-07 15:38:27,542 ----------------------------------------------------------------------------------------------------
2021-10-07 15:38:31,025 epoch 27 - iter 7/79 - loss 1.46463513 - samples/sec: 64.33 - lr: 0.950000
2021-10-07 15:38:34,401 epoch 27 - iter 14/79 - loss 1.31273176 - samples/sec: 66.37 - lr: 0.950000
2021-10-07 15:38:37,779 epoch 27 - iter 21/79 - loss 1.27506294 - samples/sec: 66.33 - lr: 0.950000
2021-10-07 15:38:41,377 epoch 27 - iter 28/79 - loss 1.25000230 - samples/sec: 62.28 - lr: 0.950000
2021-10-07 15:38:44,923 epoch 27 - iter 35/79 - loss 1.22822295 - samples/sec: 63.18 - lr: 0.950000
2021-10-07 15:38:48,301 epoch 27 - iter 42/79 - loss 1.22907533 - samples/sec: 66.33 - lr: 0.950000
2021-10-07 15:38:52,220 epoch 27 - iter 49/79 - loss 1.23654932 - samples/sec: 57.17 - lr: 0.950000
2021-10-07 15:38:55,865 epoch 27 - iter 56/79 - loss 1.22916952 - samples/sec: 61.49 - lr: 0.950000
2021-10-07 15:38:59,457 epoch 27 - iter 63/79 - loss 1.23668500 - samples/sec: 62.38 - lr: 0.950000
2021-10-07 15:39:03,122 epoch 27 - iter 70/79 - loss 1.23289442 - samples/sec: 61.13 - lr: 0.950000
2021-10-07 15:39:06,838 epoch 27 - iter 77/79 - loss 1.23520423 - samples/sec: 60.30 - lr: 0.950000
2021-10-07 15:39:07,460 ----------------------------------------------------------------------------------------------------
2021-10-07 15:39:07,460 EPOCH 27 done: loss 1.2308 - lr 0.9500000
2021-10-07 15:39:20,808 DEV : loss 1.839383840560913 - score 0.4876
2021-10-07 15:39:20,823 BAD EPOCHS (no improvement): 2
2021-10-07 15:39:20,828 ----------------------------------------------------------------------------------------------------
2021-10-07 15:39:24,253 epoch 28 - iter 7/79 - loss 1.09017982 - samples/sec: 65.43 - lr: 0.950000
2021-10-07 15:39:27,572 epoch 28 - iter 14/79 - loss 1.09933012 - samples/sec: 67.52 - lr: 0.950000
2021-10-07 15:39:31,314 epoch 28 - iter 21/79 - loss 1.13430348 - samples/sec: 59.87 - lr: 0.950000
2021-10-07 15:39:34,767 epoch 28 - iter 28/79 - loss 1.14439553 - samples/sec: 64.90 - lr: 0.950000
2021-10-07 15:39:38,361 epoch 28 - iter 35/79 - loss 1.12874712 - samples/sec: 62.35 - lr: 0.950000
2021-10-07 15:39:42,296 epoch 28 - iter 42/79 - loss 1.13826083 - samples/sec: 56.95 - lr: 0.950000
2021-10-07 15:39:45,948 epoch 28 - iter 49/79 - loss 1.13408246 - samples/sec: 61.37 - lr: 0.950000
2021-10-07 15:39:49,552 epoch 28 - iter 56/79 - loss 1.14178932 - samples/sec: 62.16 - lr: 0.950000
2021-10-07 15:39:52,844 epoch 28 - iter 63/79 - loss 1.14006605 - samples/sec: 68.08 - lr: 0.950000
2021-10-07 15:39:56,266 epoch 28 - iter 70/79 - loss 1.14319967 - samples/sec: 65.46 - lr: 0.950000
2021-10-07 15:39:59,651 epoch 28 - iter 77/79 - loss 1.14127581 - samples/sec: 66.19 - lr: 0.950000
2021-10-07 15:40:00,439 ----------------------------------------------------------------------------------------------------
2021-10-07 15:40:00,439 EPOCH 28 done: loss 1.1436 - lr 0.9500000
2021-10-07 15:40:14,250 DEV : loss 1.7964366674423218 - score 0.49
2021-10-07 15:40:14,263 BAD EPOCHS (no improvement): 3
2021-10-07 15:40:14,287 ----------------------------------------------------------------------------------------------------
2021-10-07 15:40:18,116 epoch 29 - iter 7/79 - loss 1.06034755 - samples/sec: 58.53 - lr: 0.950000
2021-10-07 15:40:21,715 epoch 29 - iter 14/79 - loss 1.02888945 - samples/sec: 62.25 - lr: 0.950000
2021-10-07 15:40:25,625 epoch 29 - iter 21/79 - loss 1.10081853 - samples/sec: 57.31 - lr: 0.950000
2021-10-07 15:40:29,383 epoch 29 - iter 28/79 - loss 1.10993323 - samples/sec: 59.63 - lr: 0.950000
2021-10-07 15:40:32,980 epoch 29 - iter 35/79 - loss 1.08726017 - samples/sec: 62.30 - lr: 0.950000
2021-10-07 15:40:36,801 epoch 29 - iter 42/79 - loss 1.09109986 - samples/sec: 58.65 - lr: 0.950000
2021-10-07 15:40:40,408 epoch 29 - iter 49/79 - loss 1.09272466 - samples/sec: 62.11 - lr: 0.950000
2021-10-07 15:40:44,029 epoch 29 - iter 56/79 - loss 1.08688945 - samples/sec: 61.89 - lr: 0.950000
2021-10-07 15:40:47,926 epoch 29 - iter 63/79 - loss 1.08989613 - samples/sec: 57.50 - lr: 0.950000
2021-10-07 15:40:51,626 epoch 29 - iter 70/79 - loss 1.08694404 - samples/sec: 60.55 - lr: 0.950000
2021-10-07 15:40:55,374 epoch 29 - iter 77/79 - loss 1.09151059 - samples/sec: 59.79 - lr: 0.950000
2021-10-07 15:40:56,061 ----------------------------------------------------------------------------------------------------
2021-10-07 15:40:56,061 EPOCH 29 done: loss 1.0951 - lr 0.9500000
2021-10-07 15:41:10,316 DEV : loss 2.074946403503418 - score 0.4631
2021-10-07 15:41:10,330 BAD EPOCHS (no improvement): 4
2021-10-07 15:41:10,332 ----------------------------------------------------------------------------------------------------
2021-10-07 15:41:13,885 epoch 30 - iter 7/79 - loss 1.10289684 - samples/sec: 63.05 - lr: 0.475000
2021-10-07 15:41:17,494 epoch 30 - iter 14/79 - loss 1.03836662 - samples/sec: 62.10 - lr: 0.475000
2021-10-07 15:41:21,256 epoch 30 - iter 21/79 - loss 1.02344705 - samples/sec: 59.56 - lr: 0.475000
2021-10-07 15:41:25,285 epoch 30 - iter 28/79 - loss 1.00648148 - samples/sec: 55.62 - lr: 0.475000
2021-10-07 15:41:29,568 epoch 30 - iter 35/79 - loss 1.00281148 - samples/sec: 52.31 - lr: 0.475000
2021-10-07 15:41:33,269 epoch 30 - iter 42/79 - loss 1.00952197 - samples/sec: 60.55 - lr: 0.475000
2021-10-07 15:41:36,636 epoch 30 - iter 49/79 - loss 0.99407094 - samples/sec: 66.54 - lr: 0.475000
2021-10-07 15:41:40,288 epoch 30 - iter 56/79 - loss 0.98744866 - samples/sec: 61.36 - lr: 0.475000
2021-10-07 15:41:44,070 epoch 30 - iter 63/79 - loss 0.98280671 - samples/sec: 59.25 - lr: 0.475000
2021-10-07 15:41:47,575 epoch 30 - iter 70/79 - loss 0.97614028 - samples/sec: 63.92 - lr: 0.475000
2021-10-07 15:41:51,269 epoch 30 - iter 77/79 - loss 0.97241487 - samples/sec: 60.66 - lr: 0.475000
2021-10-07 15:41:51,994 ----------------------------------------------------------------------------------------------------
2021-10-07 15:41:51,995 EPOCH 30 done: loss 0.9698 - lr 0.4750000
2021-10-07 15:42:06,114 DEV : loss 1.7040117979049683 - score 0.518
2021-10-07 15:42:06,128 BAD EPOCHS (no improvement): 0
2021-10-07 15:42:20,936 ----------------------------------------------------------------------------------------------------
2021-10-07 15:42:24,554 epoch 31 - iter 7/79 - loss 0.88197232 - samples/sec: 61.94 - lr: 0.475000
2021-10-07 15:42:28,298 epoch 31 - iter 14/79 - loss 0.91364395 - samples/sec: 59.84 - lr: 0.475000
2021-10-07 15:42:31,995 epoch 31 - iter 21/79 - loss 0.93002026 - samples/sec: 60.61 - lr: 0.475000
2021-10-07 15:42:35,580 epoch 31 - iter 28/79 - loss 0.93358016 - samples/sec: 62.51 - lr: 0.475000
2021-10-07 15:42:39,280 epoch 31 - iter 35/79 - loss 0.92213291 - samples/sec: 60.55 - lr: 0.475000
2021-10-07 15:42:42,840 epoch 31 - iter 42/79 - loss 0.91416235 - samples/sec: 62.94 - lr: 0.475000
2021-10-07 15:42:46,437 epoch 31 - iter 49/79 - loss 0.90764038 - samples/sec: 62.29 - lr: 0.475000
2021-10-07 15:42:50,321 epoch 31 - iter 56/79 - loss 0.91106623 - samples/sec: 57.69 - lr: 0.475000
2021-10-07 15:42:54,034 epoch 31 - iter 63/79 - loss 0.91687513 - samples/sec: 60.34 - lr: 0.475000
2021-10-07 15:42:57,839 epoch 31 - iter 70/79 - loss 0.92660606 - samples/sec: 58.89 - lr: 0.475000
2021-10-07 15:43:01,420 epoch 31 - iter 77/79 - loss 0.92802252 - samples/sec: 62.57 - lr: 0.475000
2021-10-07 15:43:02,152 ----------------------------------------------------------------------------------------------------
2021-10-07 15:43:02,152 EPOCH 31 done: loss 0.9227 - lr 0.4750000
2021-10-07 15:43:15,279 DEV : loss 1.7498688697814941 - score 0.5235
2021-10-07 15:43:15,289 BAD EPOCHS (no improvement): 0
2021-10-07 15:43:19,639 ----------------------------------------------------------------------------------------------------
2021-10-07 15:43:23,386 epoch 32 - iter 7/79 - loss 0.91513674 - samples/sec: 59.81 - lr: 0.475000
2021-10-07 15:43:26,956 epoch 32 - iter 14/79 - loss 0.86824107 - samples/sec: 62.77 - lr: 0.475000
2021-10-07 15:43:30,919 epoch 32 - iter 21/79 - loss 0.89370099 - samples/sec: 56.54 - lr: 0.475000
2021-10-07 15:43:34,530 epoch 32 - iter 28/79 - loss 0.88205521 - samples/sec: 62.04 - lr: 0.475000
2021-10-07 15:43:38,285 epoch 32 - iter 35/79 - loss 0.87719466 - samples/sec: 59.68 - lr: 0.475000
2021-10-07 15:43:41,911 epoch 32 - iter 42/79 - loss 0.87272821 - samples/sec: 61.79 - lr: 0.475000
2021-10-07 15:43:45,620 epoch 32 - iter 49/79 - loss 0.87104513 - samples/sec: 60.41 - lr: 0.475000
2021-10-07 15:43:49,075 epoch 32 - iter 56/79 - loss 0.87504996 - samples/sec: 64.85 - lr: 0.475000
2021-10-07 15:43:53,012 epoch 32 - iter 63/79 - loss 0.88054108 - samples/sec: 56.91 - lr: 0.475000
2021-10-07 15:43:56,935 epoch 32 - iter 70/79 - loss 0.89023978 - samples/sec: 57.12 - lr: 0.475000
2021-10-07 15:44:00,528 epoch 32 - iter 77/79 - loss 0.88846852 - samples/sec: 62.38 - lr: 0.475000
2021-10-07 15:44:01,318 ----------------------------------------------------------------------------------------------------
2021-10-07 15:44:01,318 EPOCH 32 done: loss 0.8849 - lr 0.4750000
2021-10-07 15:44:14,369 DEV : loss 1.7897752523422241 - score 0.5311
2021-10-07 15:44:14,384 BAD EPOCHS (no improvement): 0
2021-10-07 15:44:25,511 ----------------------------------------------------------------------------------------------------
2021-10-07 15:44:29,111 epoch 33 - iter 7/79 - loss 0.83028195 - samples/sec: 62.24 - lr: 0.475000
2021-10-07 15:44:32,870 epoch 33 - iter 14/79 - loss 0.82827594 - samples/sec: 59.62 - lr: 0.475000
2021-10-07 15:44:36,507 epoch 33 - iter 21/79 - loss 0.83119963 - samples/sec: 61.60 - lr: 0.475000
2021-10-07 15:44:40,014 epoch 33 - iter 28/79 - loss 0.84468807 - samples/sec: 63.90 - lr: 0.475000
2021-10-07 15:44:43,568 epoch 33 - iter 35/79 - loss 0.85903546 - samples/sec: 63.04 - lr: 0.475000
2021-10-07 15:44:47,135 epoch 33 - iter 42/79 - loss 0.86334615 - samples/sec: 62.82 - lr: 0.475000
2021-10-07 15:44:50,634 epoch 33 - iter 49/79 - loss 0.85823918 - samples/sec: 64.03 - lr: 0.475000
2021-10-07 15:44:54,262 epoch 33 - iter 56/79 - loss 0.85287939 - samples/sec: 61.78 - lr: 0.475000
2021-10-07 15:44:58,367 epoch 33 - iter 63/79 - loss 0.85869404 - samples/sec: 54.59 - lr: 0.475000
2021-10-07 15:45:02,051 epoch 33 - iter 70/79 - loss 0.86369255 - samples/sec: 60.82 - lr: 0.475000
2021-10-07 15:45:05,235 epoch 33 - iter 77/79 - loss 0.86292944 - samples/sec: 70.37 - lr: 0.475000
2021-10-07 15:45:06,023 ----------------------------------------------------------------------------------------------------
2021-10-07 15:45:06,023 EPOCH 33 done: loss 0.8654 - lr 0.4750000
2021-10-07 15:45:18,979 DEV : loss 1.7538752555847168 - score 0.5254
2021-10-07 15:45:18,994 BAD EPOCHS (no improvement): 1
2021-10-07 15:45:18,996 ----------------------------------------------------------------------------------------------------
2021-10-07 15:45:22,500 epoch 34 - iter 7/79 - loss 0.83386116 - samples/sec: 63.98 - lr: 0.475000
2021-10-07 15:45:25,835 epoch 34 - iter 14/79 - loss 0.83072841 - samples/sec: 67.19 - lr: 0.475000
2021-10-07 15:45:29,391 epoch 34 - iter 21/79 - loss 0.84432482 - samples/sec: 63.01 - lr: 0.475000
2021-10-07 15:45:33,100 epoch 34 - iter 28/79 - loss 0.84123477 - samples/sec: 60.41 - lr: 0.475000
2021-10-07 15:45:36,496 epoch 34 - iter 35/79 - loss 0.84340050 - samples/sec: 65.98 - lr: 0.475000
2021-10-07 15:45:39,882 epoch 34 - iter 42/79 - loss 0.84224435 - samples/sec: 66.18 - lr: 0.475000
2021-10-07 15:45:43,300 epoch 34 - iter 49/79 - loss 0.83474660 - samples/sec: 65.55 - lr: 0.475000
2021-10-07 15:45:46,804 epoch 34 - iter 56/79 - loss 0.83883726 - samples/sec: 63.93 - lr: 0.475000
2021-10-07 15:45:50,477 epoch 34 - iter 63/79 - loss 0.83649594 - samples/sec: 61.01 - lr: 0.475000
2021-10-07 15:45:54,113 epoch 34 - iter 70/79 - loss 0.83736448 - samples/sec: 61.64 - lr: 0.475000
2021-10-07 15:45:57,564 epoch 34 - iter 77/79 - loss 0.83769342 - samples/sec: 64.93 - lr: 0.475000
2021-10-07 15:45:58,110 ----------------------------------------------------------------------------------------------------
2021-10-07 15:45:58,110 EPOCH 34 done: loss 0.8302 - lr 0.4750000
2021-10-07 15:46:11,177 DEV : loss 1.777353286743164 - score 0.526
2021-10-07 15:46:11,186 BAD EPOCHS (no improvement): 2
2021-10-07 15:46:11,190 ----------------------------------------------------------------------------------------------------
2021-10-07 15:46:15,218 epoch 35 - iter 7/79 - loss 0.87286643 - samples/sec: 55.63 - lr: 0.475000
2021-10-07 15:46:19,038 epoch 35 - iter 14/79 - loss 0.83651605 - samples/sec: 58.66 - lr: 0.475000
2021-10-07 15:46:22,641 epoch 35 - iter 21/79 - loss 0.81223160 - samples/sec: 62.19 - lr: 0.475000
2021-10-07 15:46:26,457 epoch 35 - iter 28/79 - loss 0.81460394 - samples/sec: 58.71 - lr: 0.475000
2021-10-07 15:46:29,832 epoch 35 - iter 35/79 - loss 0.82466583 - samples/sec: 66.39 - lr: 0.475000
2021-10-07 15:46:33,185 epoch 35 - iter 42/79 - loss 0.82980718 - samples/sec: 66.83 - lr: 0.475000
2021-10-07 15:46:36,997 epoch 35 - iter 49/79 - loss 0.82925611 - samples/sec: 58.78 - lr: 0.475000
2021-10-07 15:46:40,688 epoch 35 - iter 56/79 - loss 0.82875399 - samples/sec: 60.71 - lr: 0.475000
2021-10-07 15:46:44,392 epoch 35 - iter 63/79 - loss 0.82181466 - samples/sec: 60.50 - lr: 0.475000
2021-10-07 15:46:48,080 epoch 35 - iter 70/79 - loss 0.82339659 - samples/sec: 60.76 - lr: 0.475000
2021-10-07 15:46:51,613 epoch 35 - iter 77/79 - loss 0.82246581 - samples/sec: 63.44 - lr: 0.475000
2021-10-07 15:46:52,363 ----------------------------------------------------------------------------------------------------
2021-10-07 15:46:52,364 EPOCH 35 done: loss 0.8235 - lr 0.4750000
2021-10-07 15:47:05,780 DEV : loss 1.782226324081421 - score 0.5224
2021-10-07 15:47:05,789 BAD EPOCHS (no improvement): 3
2021-10-07 15:47:05,791 ----------------------------------------------------------------------------------------------------
2021-10-07 15:47:09,168 epoch 36 - iter 7/79 - loss 0.76747278 - samples/sec: 66.38 - lr: 0.475000
2021-10-07 15:47:12,796 epoch 36 - iter 14/79 - loss 0.77874740 - samples/sec: 61.75 - lr: 0.475000
2021-10-07 15:47:16,272 epoch 36 - iter 21/79 - loss 0.78954970 - samples/sec: 64.47 - lr: 0.475000
2021-10-07 15:47:19,633 epoch 36 - iter 28/79 - loss 0.78198065 - samples/sec: 66.66 - lr: 0.475000
2021-10-07 15:47:23,123 epoch 36 - iter 35/79 - loss 0.78324401 - samples/sec: 64.19 - lr: 0.475000
2021-10-07 15:47:26,890 epoch 36 - iter 42/79 - loss 0.78507588 - samples/sec: 59.48 - lr: 0.475000
2021-10-07 15:47:30,715 epoch 36 - iter 49/79 - loss 0.79397447 - samples/sec: 58.58 - lr: 0.475000
2021-10-07 15:47:34,448 epoch 36 - iter 56/79 - loss 0.79020022 - samples/sec: 60.01 - lr: 0.475000
2021-10-07 15:47:38,074 epoch 36 - iter 63/79 - loss 0.79236167 - samples/sec: 61.79 - lr: 0.475000
2021-10-07 15:47:41,737 epoch 36 - iter 70/79 - loss 0.79281305 - samples/sec: 61.18 - lr: 0.475000
2021-10-07 15:47:45,372 epoch 36 - iter 77/79 - loss 0.79248590 - samples/sec: 61.64 - lr: 0.475000
2021-10-07 15:47:46,021 ----------------------------------------------------------------------------------------------------
2021-10-07 15:47:46,021 EPOCH 36 done: loss 0.7859 - lr 0.4750000
2021-10-07 15:47:56,364 DEV : loss 1.7992886304855347 - score 0.5261
2021-10-07 15:47:56,373 BAD EPOCHS (no improvement): 4
2021-10-07 15:47:56,378 ----------------------------------------------------------------------------------------------------
2021-10-07 15:47:58,832 epoch 37 - iter 7/79 - loss 0.68866507 - samples/sec: 91.29 - lr: 0.237500
2021-10-07 15:48:01,168 epoch 37 - iter 14/79 - loss 0.67071427 - samples/sec: 95.94 - lr: 0.237500
2021-10-07 15:48:03,597 epoch 37 - iter 21/79 - loss 0.67806862 - samples/sec: 92.26 - lr: 0.237500
2021-10-07 15:48:06,080 epoch 37 - iter 28/79 - loss 0.68778769 - samples/sec: 90.24 - lr: 0.237500
2021-10-07 15:48:08,569 epoch 37 - iter 35/79 - loss 0.68759321 - samples/sec: 90.04 - lr: 0.237500
2021-10-07 15:48:11,015 epoch 37 - iter 42/79 - loss 0.69229748 - samples/sec: 91.61 - lr: 0.237500
2021-10-07 15:48:13,770 epoch 37 - iter 49/79 - loss 0.70092189 - samples/sec: 81.34 - lr: 0.237500
2021-10-07 15:48:16,377 epoch 37 - iter 56/79 - loss 0.71093937 - samples/sec: 85.95 - lr: 0.237500
2021-10-07 15:48:18,933 epoch 37 - iter 63/79 - loss 0.71439141 - samples/sec: 87.65 - lr: 0.237500
2021-10-07 15:48:21,510 epoch 37 - iter 70/79 - loss 0.72165147 - samples/sec: 86.96 - lr: 0.237500
2021-10-07 15:48:24,002 epoch 37 - iter 77/79 - loss 0.72552668 - samples/sec: 89.93 - lr: 0.237500
2021-10-07 15:48:24,520 ----------------------------------------------------------------------------------------------------
2021-10-07 15:48:24,520 EPOCH 37 done: loss 0.7260 - lr 0.2375000
2021-10-07 15:48:32,418 DEV : loss 1.750592827796936 - score 0.5328
2021-10-07 15:48:32,428 BAD EPOCHS (no improvement): 0
2021-10-07 15:48:38,061 ----------------------------------------------------------------------------------------------------
2021-10-07 15:48:40,452 epoch 38 - iter 7/79 - loss 0.65878592 - samples/sec: 93.71 - lr: 0.237500
2021-10-07 15:48:43,286 epoch 38 - iter 14/79 - loss 0.67112548 - samples/sec: 79.07 - lr: 0.237500
2021-10-07 15:48:47,070 epoch 38 - iter 21/79 - loss 0.68003180 - samples/sec: 59.22 - lr: 0.237500
2021-10-07 15:48:50,915 epoch 38 - iter 28/79 - loss 0.70407224 - samples/sec: 58.26 - lr: 0.237500
2021-10-07 15:48:54,251 epoch 38 - iter 35/79 - loss 0.70019896 - samples/sec: 67.17 - lr: 0.237500
2021-10-07 15:48:58,115 epoch 38 - iter 42/79 - loss 0.70586622 - samples/sec: 57.98 - lr: 0.237500
2021-10-07 15:49:01,894 epoch 38 - iter 49/79 - loss 0.71306994 - samples/sec: 59.28 - lr: 0.237500
2021-10-07 15:49:05,099 epoch 38 - iter 56/79 - loss 0.70328515 - samples/sec: 69.91 - lr: 0.237500
2021-10-07 15:49:08,628 epoch 38 - iter 63/79 - loss 0.70528915 - samples/sec: 63.49 - lr: 0.237500
2021-10-07 15:49:12,199 epoch 38 - iter 70/79 - loss 0.71187825 - samples/sec: 62.74 - lr: 0.237500
2021-10-07 15:49:15,572 epoch 38 - iter 77/79 - loss 0.70773069 - samples/sec: 66.42 - lr: 0.237500
2021-10-07 15:49:16,264 ----------------------------------------------------------------------------------------------------
2021-10-07 15:49:16,265 EPOCH 38 done: loss 0.7101 - lr 0.2375000
2021-10-07 15:49:29,159 DEV : loss 1.7575931549072266 - score 0.5324
2021-10-07 15:49:29,169 BAD EPOCHS (no improvement): 1
2021-10-07 15:49:29,173 ----------------------------------------------------------------------------------------------------
2021-10-07 15:49:32,550 epoch 39 - iter 7/79 - loss 0.68364259 - samples/sec: 66.33 - lr: 0.237500
2021-10-07 15:49:35,976 epoch 39 - iter 14/79 - loss 0.66449034 - samples/sec: 65.41 - lr: 0.237500
2021-10-07 15:49:39,453 epoch 39 - iter 21/79 - loss 0.65971583 - samples/sec: 64.44 - lr: 0.237500
2021-10-07 15:49:39,954 ----------------------------------------------------------------------------------------------------
2021-10-07 15:49:39,954 Exiting from training early.
2021-10-07 15:49:39,954 Saving model ...
2021-10-07 15:49:45,353 Done.
2021-10-07 15:49:45,353 ----------------------------------------------------------------------------------------------------
2021-10-07 15:49:45,353 Testing using best model ...
2021-10-07 15:49:45,354 loading file model/flattened/upos/goldpos/goldframes/875b0ee2-d871-487d-9bfc-d2a5181af950/best-model.pt
2021-10-07 15:50:02,191 	0.5416
2021-10-07 15:50:02,191 
Results:
- F-score (micro): 0.5416
- F-score (macro): 0.1046
- Accuracy (incl. no class): 0.5416

By class:
                    precision    recall  f1-score   support

            1,NOUN     0.6435    0.7604    0.6971      3497
            2,NOUN     0.4000    0.4231    0.4112       520
   1,NOUN,ARGM-ADJ     0.3553    0.3234    0.3386       167
        1,AUX,ARG1     0.7471    0.8111    0.7778       397
             2,ADJ     0.0000    0.0000    0.0000        23
             1,ADJ     0.6488    0.5739    0.6090       528
    1,ADJ,ARGM-EXT     0.4222    0.3276    0.3689        58
       -1,AUX,ARG2     0.6660    0.7576    0.7088       429
            -1,ADJ     0.4191    0.3207    0.3634       396
           -1,NOUN     0.3694    0.4663    0.4122      1810
           -1,ROOT     0.8010    0.8221    0.8114      1709
       1,VERB,ARG1     0.4181    0.3765    0.3962       332
          -1,PUNCT     0.7564    0.6997    0.7269      2081
   1,VERB,ARGM-ADV     0.4751    0.5585    0.5134       188
           1,PROPN     0.4633    0.4531    0.4581       501
      -1,VERB,ARG2     0.2049    0.1867    0.1954       407
       1,VERB,ARG0     0.7594    0.8365    0.7961      1064
            4,NOUN     1.0000    0.0000    0.0000        27
            3,NOUN     0.1579    0.1319    0.1437        91
      -1,VERB,ARG1     0.5973    0.7345    0.6588      1563
   1,VERB,ARGM-TMP     0.4921    0.7068    0.5802       133
      -1,VERB,ARG4     0.3000    0.1091    0.1600        55
          -5,PUNCT     0.1667    0.1343    0.1488        67
          -3,PUNCT     0.3889    0.4259    0.4065       263
          -2,PUNCT     0.5489    0.5668    0.5577       614
          -1,PROPN     0.3614    0.3541    0.3577       497
          -2,PROPN     0.3318    0.3211    0.3263       218
    1,AUX,ARGM-DIS     0.2778    0.5882    0.3774        17
    1,AUX,ARGM-ADV     0.1818    0.0909    0.1212        22
            1,PRON     0.5310    0.5607    0.5455       107
       -1,AUX,ARG1     0.3000    0.1176    0.1690        51
           -1,PRON     0.2277    0.1742    0.1974       132
   -1,AUX,ARGM-ADV     0.2143    0.2308    0.2222        39
    1,AUX,ARGM-TMP     0.4286    0.1579    0.2308        19
             1,ADV     0.3629    0.4369    0.3965       103
  1,AUX,R-ARGM-TMP     1.0000    0.0000    0.0000         1
           -3,NOUN     0.1382    0.0859    0.1059       198
            -3,ADJ     0.2500    0.0645    0.1026        31
          -7,PUNCT     0.2000    0.0417    0.0690        24
       1,NOUN,ARG2     0.0000    0.0000    0.0000        20
            1,VERB     0.6265    0.7451    0.6807       761
       1,NOUN,ARG1     0.1957    0.1698    0.1818       106
      -1,NOUN,ARG2     0.2105    0.1333    0.1633        30
   1,VERB,ARGM-MOD     0.8957    0.9450    0.9197       309
  -1,VERB,ARGM-ADV     0.1351    0.0515    0.0746        97
           -1,VERB     0.1695    0.2094    0.1874       191
  -1,VERB,ARGM-TMP     0.4950    0.6098    0.5464       246
   -1,AUX,ARGM-LOC     0.0000    0.0000    0.0000         6
          -4,PUNCT     0.2000    0.2252    0.2119       111
            -1,ADV     0.2338    0.1071    0.1469       168
      -1,VERB,ARG3     0.0769    0.0200    0.0317        50
     1,VERB,R-ARG0     0.7679    0.8600    0.8113        50
   1,VERB,ARGM-NEG     0.8165    0.9149    0.8629       141
      -2,VERB,ARG1     0.1667    0.0556    0.0833        36
         -1,VERB,V     1.0000    0.0000    0.0000         3
  -1,VERB,ARGM-MNR     0.1739    0.2000    0.1860        60
   2,NOUN,ARGM-ADJ     0.1250    0.0588    0.0800        17
       1,NOUN,ARG3     1.0000    0.0000    0.0000         4
      -1,NOUN,ARG1     0.2696    0.2279    0.2470       136
  -1,VERB,ARGM-CAU     0.2000    0.0714    0.1053        14
  -2,VERB,ARGM-LOC     1.0000    0.0000    0.0000         8
  -1,VERB,ARGM-LOC     0.2564    0.3937    0.3106       127
  -1,VERB,ARGM-GOL     0.0000    0.0000    0.0000        13
  -1,VERB,ARGM-PRP     0.2131    0.2407    0.2261        54
    -1,VERB,C-ARG1     0.3750    0.1364    0.2000        44
       1,NOUN,ARG0     0.3750    0.2679    0.3125       112
   1,NOUN,ARGM-LVB     0.2258    0.1667    0.1918        42
  -1,VERB,ARGM-PRR     0.3962    0.3387    0.3652        62
            -1,NUM     0.4231    0.3843    0.4027       229
            -1,DET     0.3000    0.1739    0.2202        69
     1,VERB,R-ARG1     0.7000    0.7000    0.7000        30
   1,NOUN,ARGM-LOC     0.0000    0.0000    0.0000         3
   1,VERB,ARGM-LOC     0.4000    0.0952    0.1538        21
      -2,NOUN,ARG1     0.0000    0.0000    0.0000        18
       2,VERB,ARG0     0.5000    0.6190    0.5532        21
  -1,NOUN,ARGM-PRD     1.0000    0.0000    0.0000         8
      -1,VERB,ARG0     0.5098    0.5200    0.5149        50
       3,VERB,ARG0     1.0000    0.0000    0.0000         5
     3,VERB,R-ARG0     1.0000    0.0000    0.0000         1
   2,VERB,ARGM-ADV     1.0000    0.0000    0.0000        11
  -2,VERB,ARGM-ADV     0.0000    0.0000    0.0000        13
           -2,NOUN     0.1818    0.0922    0.1223       434
           -2,VERB     0.0244    0.0189    0.0213        53
           -4,NOUN     0.0822    0.0577    0.0678       104
   -1,AUX,ARGM-NEG     0.6667    0.7826    0.7200        23
       -1,ADJ,ARG0     0.4286    0.2000    0.2727        15
       2,NOUN,ARG1     1.0000    0.0000    0.0000         7
       -1,ADJ,ARG1     0.1429    0.0769    0.1000        26
  -1,VERB,ARGM-PRD     1.0000    0.0000    0.0000        16
   1,NOUN,ARGM-MNR     0.0000    0.0000    0.0000        31
          -6,PUNCT     0.1154    0.0968    0.1053        31
  -1,NOUN,ARGM-ADJ     0.1000    0.0333    0.0500        30
           -2,PRON     0.3214    0.2500    0.2813        36
          -8,PUNCT     0.0000    0.0000    0.0000        14
          -9,PUNCT     1.0000    0.0000    0.0000         6
         -10,PUNCT     1.0000    0.0000    0.0000         4
         -11,PUNCT     1.0000    0.0000    0.0000         4
    1,ADJ,ARGM-ADV     0.0000    0.0000    0.0000         6
           2,PROPN     0.3077    0.2835    0.2951       127
   1,VERB,ARGM-DIS     0.6261    0.7347    0.6761        98
   1,NOUN,ARGM-NEG     0.6667    0.4706    0.5517        17
        2,AUX,ARG1     0.7200    0.7500    0.7347        72
   -1,AUX,ARGM-TMP     0.1818    0.2609    0.2143        23
           4,PROPN     0.1667    0.0769    0.1053        13
           3,PROPN     0.1463    0.1667    0.1558        36
       -1,ADJ,ARG2     0.2927    0.3243    0.3077        37
      -2,NOUN,ARG2     1.0000    0.0000    0.0000         3
   1,NOUN,ARGM-TMP     0.3571    0.1786    0.2381        28
   1,VERB,ARGM-MNR     0.3478    0.2759    0.3077        29
            2,VERB     1.0000    0.0000    0.0000        18
  -2,VERB,ARGM-TMP     0.0000    0.0000    0.0000        14
      -1,NOUN,ARG0     0.1667    0.0625    0.0909        16
  -2,NOUN,ARGM-PRD     1.0000    0.0000    0.0000         1
  -1,NOUN,ARGM-TMP     0.0000    0.0000    0.0000        13
       -2,ADJ,ARG2     1.0000    0.0000    0.0000         2
            -2,ADJ     0.2826    0.1171    0.1656       111
          -3,PROPN     0.2567    0.3453    0.2945       139
  -4,VERB,ARGM-ADV     1.0000    0.0000    0.0000         3
      1,AUX,R-ARG1     0.2857    0.2000    0.2353        10
        1,ADJ,ARG2     1.0000    0.0000    0.0000         1
  -2,NOUN,ARGM-ADJ     1.0000    0.0000    0.0000         3
          -4,PROPN     0.0317    0.0267    0.0290        75
 1,VERB,R-ARGM-MNR     1.0000    0.0000    0.0000         8
          -6,PROPN     0.0000    0.0000    0.0000        10
      -4,NOUN,ARG1     1.0000    0.0000    0.0000         1
          -7,PROPN     0.0000    0.0000    0.0000        11
         -19,PUNCT     1.0000    0.0000    0.0000         1
  -1,VERB,ARGM-EXT     0.2000    0.2222    0.2105         9
             1,DET     0.0000    0.0000    0.0000        16
   1,NOUN,ARGM-EXT     0.0000    0.0000    0.0000         5
       2,NOUN,ARG0     0.0000    0.0000    0.0000        10
           -5,NOUN     0.0952    0.0455    0.0615        44
 1,VERB,R-ARGM-LOC     1.0000    0.1429    0.2500         7
         <UNKNOWN>     0.0000    1.0000    0.0000         0
           -9,NOUN     1.0000    0.0000    0.0000         8
       -2,ADJ,ARG1     1.0000    0.0000    0.0000         3
       -3,AUX,ARG1     1.0000    0.0000    0.0000         1
            -6,ADJ     1.0000    0.0000    0.0000         3
       2,VERB,ARG1     0.0000    0.0000    0.0000        18
   1,NOUN,ARGM-PRD     0.3333    0.2000    0.2500        10
   1,VERB,ARGM-PRR     1.0000    0.0000    0.0000         3
  -1,NOUN,ARGM-PRP     1.0000    0.0000    0.0000         3
   -1,AUX,ARGM-PRD     1.0000    0.0000    0.0000         1
  -3,VERB,ARGM-ADV     1.0000    0.0000    0.0000         2
       1,VERB,ARG2     1.0000    0.0000    0.0000        26
   1,NOUN,ARGM-PRP     1.0000    0.0000    0.0000         2
  -2,NOUN,ARGM-TMP     1.0000    0.0000    0.0000         3
      -2,NOUN,ARG0     1.0000    0.0000    0.0000         4
   1,VERB,ARGM-EXT     0.5556    0.2083    0.3030        24
             1,NUM     0.2778    0.2113    0.2400        71
             1,SYM     0.2727    0.2400    0.2553        25
            -1,SYM     0.2069    0.0984    0.1333        61
     -1,ADJ,C-ARG1     1.0000    0.0000    0.0000         3
            -4,ADJ     1.0000    0.0000    0.0000        11
      -2,VERB,ARG2     1.0000    0.0833    0.1538        12
    1,AUX,ARGM-MOD     0.7973    0.8676    0.8310        68
       -1,VERB,C-V     0.3333    0.4667    0.3889        15
   -2,AUX,ARGM-CAU     0.0000    0.0000    0.0000         1
      -3,NOUN,ARG3     1.0000    0.0000    0.0000         2
             2,NUM     1.0000    0.0000    0.0000         4
   3,VERB,ARGM-TMP     1.0000    0.0000    0.0000         2
   3,VERB,ARGM-ADV     1.0000    0.0000    0.0000         3
      -3,NOUN,ARG0     1.0000    0.0000    0.0000         1
       4,VERB,ARG0     1.0000    0.0000    0.0000         1
        1,AUX,ARG2     0.6000    0.3214    0.4186        28
      -3,NOUN,ARG1     0.0000    0.0000    0.0000         5
  -1,VERB,ARGM-COM     0.0000    0.0000    0.0000        11
            3,VERB     1.0000    0.0000    0.0000         4
  -2,VERB,ARGM-MNR     1.0000    0.0000    0.0000         2
    -1,NOUN,R-ARG1     1.0000    0.0000    0.0000         1
      -3,VERB,ARG1     0.0000    0.0000    0.0000         6
  -1,NOUN,ARGM-LOC     0.1667    0.1111    0.1333        18
  -1,VERB,ARGM-DIS     0.2222    0.1538    0.1818        13
           -5,VERB     1.0000    0.0000    0.0000         4
       5,VERB,ARG0     1.0000    0.0000    0.0000         1
      -3,VERB,ARG2     1.0000    0.0000    0.0000         3
            -2,DET     0.1000    0.0769    0.0870        13
       4,VERB,ARG1     1.0000    0.0000    0.0000         2
          -5,PROPN     0.0000    0.0000    0.0000        45
          -9,PROPN     0.0000    0.0000    0.0000         6
   3,VERB,ARGM-DIS     1.0000    0.0000    0.0000         2
            -2,NUM     0.4098    0.3521    0.3788        71
            -3,NUM     0.0857    0.1250    0.1017        24
   1,VERB,ARGM-PRD     1.0000    0.0000    0.0000         1
       -1,ADJ,ARG3     1.0000    0.0000    0.0000         7
   2,NOUN,ARGM-GOL     1.0000    0.0000    0.0000         2
    2,AUX,ARGM-DIS     1.0000    0.0000    0.0000         3
   2,VERB,ARGM-CAU     1.0000    0.0000    0.0000         3
    1,ADJ,ARGM-CXN     0.0000    0.0000    0.0000         5
             2,AUX     1.0000    0.0000    0.0000         1
             1,AUX     1.0000    0.0000    0.0000         1
 -1,ADJ,C-ARGM-CXN     0.0000    0.0000    0.0000         5
   -1,AUX,ARGM-MNR     1.0000    0.0000    0.0000         2
   1,NOUN,ARGM-ADV     1.0000    0.0000    0.0000         2
  -2,NOUN,ARGM-ADV     1.0000    0.0000    0.0000         5
           -3,VERB     1.0000    0.0000    0.0000        15
    2,AUX,ARGM-MOD     0.0000    0.0000    0.0000         1
   -1,AUX,ARGM-EXT     1.0000    0.0000    0.0000         3
   2,NOUN,ARGM-LOC     1.0000    0.0000    0.0000         2
 1,NOUN,R-ARGM-ADJ     1.0000    0.0000    0.0000         1
            1,INTJ     1.0000    0.0000    0.0000         4
           -1,INTJ     1.0000    0.0000    0.0000        10
   4,VERB,ARGM-ADV     1.0000    0.0000    0.0000         3
      -5,NOUN,ARG1     1.0000    0.0000    0.0000         1
    -1,VERB,C-ARG2     0.1000    0.1667    0.1250         6
  -1,NOUN,ARGM-CAU     1.0000    0.0000    0.0000         1
  -1,VERB,ARGM-DIR     0.1111    0.0769    0.0909        39
   2,NOUN,ARGM-DIS     1.0000    0.0000    0.0000         2
   2,VERB,ARGM-DIS     1.0000    0.0000    0.0000         3
  -1,VERB,ARGM-NEG     1.0000    0.0000    0.0000         2
       2,VERB,ARG2     1.0000    0.0000    0.0000         2
    -3,VERB,C-ARG1     1.0000    0.0000    0.0000         1
  -1,NOUN,ARGM-EXT     0.3333    0.5000    0.4000         2
   1,VERB,ARGM-CAU     1.0000    0.1818    0.3077        11
    -1,NOUN,C-ARG3     1.0000    0.0000    0.0000         1
    1,AUX,ARGM-NEG     1.0000    0.3750    0.5455         8
   -1,AUX,ARGM-CAU     1.0000    0.0000    0.0000         1
   -2,AUX,ARGM-DIS     1.0000    0.0000    0.0000         1
  -1,NOUN,ARGM-LVB     0.0000    0.0000    0.0000         4
  -2,VERB,ARGM-DIS     1.0000    0.0000    0.0000         3
              -1,X     0.4073    0.7283    0.5224       184
   2,NOUN,ARGM-TMP     0.3333    0.2000    0.2500         5
            -2,ADV     1.0000    0.0000    0.0000        20
  -1,NOUN,ARGM-ADV     0.0000    0.0000    0.0000         8
  -4,NOUN,ARGM-MNR     1.0000    0.0000    0.0000         1
              -2,X     0.2727    0.0968    0.1429        31
            -2,SYM     0.0000    0.0000    0.0000        14
            -3,SYM     1.0000    0.0000    0.0000         1
            -4,NUM     0.0000    0.0000    0.0000         7
   -1,AUX,ARGM-DIS     1.0000    0.0000    0.0000         6
   1,NOUN,ARGM-DIS     1.0000    0.0000    0.0000         3
   2,VERB,ARGM-MNR     1.0000    0.0000    0.0000         1
            -5,NUM     1.0000    0.0000    0.0000         2
            -6,NUM     1.0000    0.0000    0.0000         4
            -7,NUM     1.0000    0.0000    0.0000         2
  -2,NOUN,ARGM-PRP     1.0000    0.0000    0.0000         1
    2,AUX,ARGM-ADV     0.0000    0.0000    0.0000        12
             2,ADV     1.0000    0.0000    0.0000         5
        2,AUX,ARG2     1.0000    0.0000    0.0000         2
      -1,VERB,ARG5     1.0000    0.0000    0.0000         1
       3,NOUN,ARG0     1.0000    0.0000    0.0000         2
               2,X     1.0000    0.0000    0.0000         2
               1,X     0.0000    0.0000    0.0000         4
   3,NOUN,ARGM-TMP     1.0000    0.0000    0.0000         2
   2,NOUN,ARGM-ADV     1.0000    0.0000    0.0000         4
   -1,ADJ,ARGM-TMP     1.0000    0.0000    0.0000         1
   1,NOUN,ARGM-MOD     1.0000    0.0000    0.0000         7
      -4,NOUN,ARG4     1.0000    0.0000    0.0000         1
            -1,ADP     1.0000    0.0000    0.0000         7
            -2,ADP     1.0000    0.0000    0.0000         3
  -2,VERB,ARGM-GOL     1.0000    0.0000    0.0000         1
      -2,VERB,ARG0     1.0000    0.0000    0.0000         1
           -6,NOUN     0.0000    0.0000    0.0000        20
         -12,PUNCT     1.0000    0.0000    0.0000         1
      -2,NOUN,ARG3     1.0000    0.0000    0.0000         1
    2,AUX,ARGM-TMP     1.0000    0.0000    0.0000         2
   2,VERB,ARGM-PRR     1.0000    0.0000    0.0000         1
  -2,NOUN,ARGM-MOD     1.0000    0.0000    0.0000         1
  -2,NOUN,ARGM-LVB     1.0000    0.0000    0.0000         1
   2,NOUN,ARGM-PRD     1.0000    0.0000    0.0000         1
           7,PROPN     1.0000    0.0000    0.0000         2
           6,PROPN     1.0000    0.0000    0.0000         1
           5,PROPN     1.0000    0.0000    0.0000         1
  -3,NOUN,ARGM-ADV     1.0000    0.0000    0.0000         1
      1,ADJ,R-ARG1     1.0000    0.0000    0.0000         1
    1,ADJ,ARGM-MOD     1.0000    0.0000    0.0000         1
     1,VERB,R-ARG2     1.0000    0.0000    0.0000         1
  -1,NOUN,ARGM-MOD     1.0000    0.0000    0.0000         1
  -1,NOUN,ARGM-GOL     1.0000    0.0000    0.0000         2
          -8,PROPN     1.0000    0.0000    0.0000         2
 3,VERB,R-ARGM-ADV     1.0000    0.0000    0.0000         1
  -1,NOUN,ARGM-COM     1.0000    0.0000    0.0000         2
   3,NOUN,ARGM-ADJ     1.0000    0.0000    0.0000         5
       3,VERB,ARG1     1.0000    0.0000    0.0000         1
 1,VERB,R-ARGM-DIR     1.0000    0.0000    0.0000         1
    2,AUX,ARGM-CAU     1.0000    0.0000    0.0000         2
  -3,VERB,ARGM-PRP     1.0000    0.0000    0.0000         2
   2,NOUN,ARGM-MNR     1.0000    0.0000    0.0000         2
           -3,PRON     0.0000    0.0000    0.0000         7
          -1,SCONJ     1.0000    0.0000    0.0000         1
   -1,AUX,ARGM-PRP     1.0000    0.0000    0.0000         4
           -4,VERB     1.0000    0.0000    0.0000         2
        1,ADJ,ARG1     1.0000    0.0000    0.0000         2
         -1,NOUN,V     1.0000    0.0000    0.0000         1
           -7,NOUN     0.0000    0.0000    0.0000         7
           -8,NOUN     1.0000    0.0000    0.0000         8
   2,VERB,ARGM-TMP     1.0000    0.0000    0.0000         3
    -1,VERB,C-ARG0     1.0000    0.0000    0.0000         2
         -10,PROPN     1.0000    0.0000    0.0000         2
   2,NOUN,ARGM-LVB     1.0000    0.0000    0.0000         5
   -2,AUX,ARGM-ADV     1.0000    0.0000    0.0000         3
            -5,ADJ     1.0000    0.0000    0.0000         4
    1,ADJ,ARGM-ADJ     1.0000    0.0000    0.0000         2
  -3,VERB,ARGM-LOC     1.0000    0.0000    0.0000         1
   5,VERB,ARGM-ADV     1.0000    0.0000    0.0000         1
            -1,AUX     1.0000    0.0000    0.0000         3
            -2,AUX     1.0000    0.0000    0.0000         1
   9,NOUN,ARGM-ADV     1.0000    0.0000    0.0000         1
       3,NOUN,ARG1     1.0000    0.0000    0.0000         1
     1,NOUN,R-ARG0     1.0000    0.0000    0.0000         2
       -2,AUX,ARG1     1.0000    0.0000    0.0000         2
            5,NOUN     1.0000    0.0000    0.0000         4
      -5,VERB,ARG1     1.0000    0.0000    0.0000         1
   1,VERB,ARG1-DSP     1.0000    0.0000    0.0000         4
-1,VERB,C-ARG1-DSP     1.0000    0.0000    0.0000         1
   -1,ADJ,ARGM-NEG     1.0000    0.0000    0.0000         1
            2,PRON     1.0000    0.0000    0.0000         3
      -4,VERB,ARG1     1.0000    0.0000    0.0000         1
  -3,VERB,ARGM-GOL     1.0000    0.0000    0.0000         1
   -1,ADJ,ARGM-PRP     1.0000    0.0000    0.0000         2
       -3,ADJ,ARG0     1.0000    0.0000    0.0000         1
      -1,NOUN,ARG3     1.0000    0.0000    0.0000         2
  -1,NOUN,ARGM-DIR     1.0000    0.0000    0.0000         4
   -1,ADJ,ARGM-EXT     1.0000    0.0000    0.0000         1
    2,AUX,ARGM-LOC     1.0000    0.0000    0.0000         1
   -3,ADJ,ARGM-CXN     1.0000    0.0000    0.0000         1
   2,NOUN,ARGM-NEG     1.0000    0.0000    0.0000         1
   1,NOUN,ARGM-CAU     1.0000    0.0000    0.0000         1
             3,ADV     1.0000    0.0000    0.0000         1
   -1,ADJ,ARGM-CXN     1.0000    0.0000    0.0000         6
      -2,VERB,ARG3     1.0000    0.0000    0.0000         2
             2,DET     1.0000    0.0000    0.0000         2
   4,NOUN,ARGM-CAU     1.0000    0.0000    0.0000         1
  -2,VERB,ARGM-DIR     1.0000    0.0000    0.0000         1
  -2,VERB,ARGM-PRP     1.0000    0.0000    0.0000         1
            -3,ADV     1.0000    0.0000    0.0000         1
-1,VERB,C-ARGM-LOC     1.0000    0.0000    0.0000         1
       1,VERB,ARGA     1.0000    0.0000    0.0000         2
  -3,VERB,ARGM-CAU     1.0000    0.0000    0.0000         1
  -3,VERB,ARGM-DIS     1.0000    0.0000    0.0000         1
            1,PART     1.0000    0.0000    0.0000         1
   1,VERB,ARGM-PRP     1.0000    0.0000    0.0000         3
  -1,NOUN,ARGM-MNR     1.0000    0.0000    0.0000         1
       1,VERB,ARG3     1.0000    0.0000    0.0000         2
   -1,AUX,ARGM-GOL     1.0000    0.0000    0.0000         2
  -1,NOUN,ARGM-DIS     1.0000    0.0000    0.0000         5
    1,ADJ,ARGM-LVB     1.0000    0.0000    0.0000         1
    -2,VERB,C-ARG1     1.0000    0.0000    0.0000         1
  -2,NOUN,ARGM-MNR     1.0000    0.0000    0.0000         1
 1,VERB,R-ARGM-TMP     1.0000    0.0000    0.0000         1
             1,ADP     1.0000    0.0000    0.0000         4
     -1,AUX,C-ARG2     1.0000    0.0000    0.0000         1
    -1,VERB,C-ARG3     1.0000    0.0000    0.0000         1
    1,ADJ,ARGM-NEG     1.0000    0.0000    0.0000         1
   2,NOUN,ARGM-DIR     1.0000    0.0000    0.0000         1
  -2,VERB,ARGM-CAU     1.0000    0.0000    0.0000         3
       -2,ADJ,ARG0     1.0000    0.0000    0.0000         2
    -1,NOUN,C-ARG1     1.0000    0.0000    0.0000         1
       -2,AUX,ARG2     1.0000    0.0000    0.0000         1
   1,VERB,ARGM-DIR     1.0000    0.0000    0.0000         1
     -2,ADJ,C-ARG1     1.0000    0.0000    0.0000         1
  -2,VERB,ARGM-PRR     1.0000    0.0000    0.0000         1
        3,AUX,ARG1     1.0000    0.0000    0.0000         1
    2,AUX,ARGM-NEG     1.0000    0.0000    0.0000         1

          accuracy                         0.5416     25096
         macro avg     0.6937    0.1059    0.1046     25096
      weighted avg     0.5334    0.5416    0.5204     25096

2021-10-07 15:50:02,193 ----------------------------------------------------------------------------------------------------
