2021-10-07 14:38:38,929 ----------------------------------------------------------------------------------------------------
2021-10-07 14:38:38,930 Model: "SequenceTagger(
  (embeddings): TransformerWordEmbeddings(
    (model): BertModel(
      (embeddings): BertEmbeddings(
        (word_embeddings): Embedding(28996, 768, padding_idx=0)
        (position_embeddings): Embedding(512, 768)
        (token_type_embeddings): Embedding(2, 768)
        (LayerNorm): LayerNorm((768,), eps=1e-12, elementwise_affine=True)
        (dropout): Dropout(p=0.1, inplace=False)
      )
      (encoder): BertEncoder(
        (layer): ModuleList(
          (0): BertLayer(
            (attention): BertAttention(
              (self): BertSelfAttention(
                (query): Linear(in_features=768, out_features=768, bias=True)
                (key): Linear(in_features=768, out_features=768, bias=True)
                (value): Linear(in_features=768, out_features=768, bias=True)
                (dropout): Dropout(p=0.1, inplace=False)
              )
              (output): BertSelfOutput(
                (dense): Linear(in_features=768, out_features=768, bias=True)
                (LayerNorm): LayerNorm((768,), eps=1e-12, elementwise_affine=True)
                (dropout): Dropout(p=0.1, inplace=False)
              )
            )
            (intermediate): BertIntermediate(
              (dense): Linear(in_features=768, out_features=3072, bias=True)
            )
            (output): BertOutput(
              (dense): Linear(in_features=3072, out_features=768, bias=True)
              (LayerNorm): LayerNorm((768,), eps=1e-12, elementwise_affine=True)
              (dropout): Dropout(p=0.1, inplace=False)
            )
          )
          (1): BertLayer(
            (attention): BertAttention(
              (self): BertSelfAttention(
                (query): Linear(in_features=768, out_features=768, bias=True)
                (key): Linear(in_features=768, out_features=768, bias=True)
                (value): Linear(in_features=768, out_features=768, bias=True)
                (dropout): Dropout(p=0.1, inplace=False)
              )
              (output): BertSelfOutput(
                (dense): Linear(in_features=768, out_features=768, bias=True)
                (LayerNorm): LayerNorm((768,), eps=1e-12, elementwise_affine=True)
                (dropout): Dropout(p=0.1, inplace=False)
              )
            )
            (intermediate): BertIntermediate(
              (dense): Linear(in_features=768, out_features=3072, bias=True)
            )
            (output): BertOutput(
              (dense): Linear(in_features=3072, out_features=768, bias=True)
              (LayerNorm): LayerNorm((768,), eps=1e-12, elementwise_affine=True)
              (dropout): Dropout(p=0.1, inplace=False)
            )
          )
          (2): BertLayer(
            (attention): BertAttention(
              (self): BertSelfAttention(
                (query): Linear(in_features=768, out_features=768, bias=True)
                (key): Linear(in_features=768, out_features=768, bias=True)
                (value): Linear(in_features=768, out_features=768, bias=True)
                (dropout): Dropout(p=0.1, inplace=False)
              )
              (output): BertSelfOutput(
                (dense): Linear(in_features=768, out_features=768, bias=True)
                (LayerNorm): LayerNorm((768,), eps=1e-12, elementwise_affine=True)
                (dropout): Dropout(p=0.1, inplace=False)
              )
            )
            (intermediate): BertIntermediate(
              (dense): Linear(in_features=768, out_features=3072, bias=True)
            )
            (output): BertOutput(
              (dense): Linear(in_features=3072, out_features=768, bias=True)
              (LayerNorm): LayerNorm((768,), eps=1e-12, elementwise_affine=True)
              (dropout): Dropout(p=0.1, inplace=False)
            )
          )
          (3): BertLayer(
            (attention): BertAttention(
              (self): BertSelfAttention(
                (query): Linear(in_features=768, out_features=768, bias=True)
                (key): Linear(in_features=768, out_features=768, bias=True)
                (value): Linear(in_features=768, out_features=768, bias=True)
                (dropout): Dropout(p=0.1, inplace=False)
              )
              (output): BertSelfOutput(
                (dense): Linear(in_features=768, out_features=768, bias=True)
                (LayerNorm): LayerNorm((768,), eps=1e-12, elementwise_affine=True)
                (dropout): Dropout(p=0.1, inplace=False)
              )
            )
            (intermediate): BertIntermediate(
              (dense): Linear(in_features=768, out_features=3072, bias=True)
            )
            (output): BertOutput(
              (dense): Linear(in_features=3072, out_features=768, bias=True)
              (LayerNorm): LayerNorm((768,), eps=1e-12, elementwise_affine=True)
              (dropout): Dropout(p=0.1, inplace=False)
            )
          )
          (4): BertLayer(
            (attention): BertAttention(
              (self): BertSelfAttention(
                (query): Linear(in_features=768, out_features=768, bias=True)
                (key): Linear(in_features=768, out_features=768, bias=True)
                (value): Linear(in_features=768, out_features=768, bias=True)
                (dropout): Dropout(p=0.1, inplace=False)
              )
              (output): BertSelfOutput(
                (dense): Linear(in_features=768, out_features=768, bias=True)
                (LayerNorm): LayerNorm((768,), eps=1e-12, elementwise_affine=True)
                (dropout): Dropout(p=0.1, inplace=False)
              )
            )
            (intermediate): BertIntermediate(
              (dense): Linear(in_features=768, out_features=3072, bias=True)
            )
            (output): BertOutput(
              (dense): Linear(in_features=3072, out_features=768, bias=True)
              (LayerNorm): LayerNorm((768,), eps=1e-12, elementwise_affine=True)
              (dropout): Dropout(p=0.1, inplace=False)
            )
          )
          (5): BertLayer(
            (attention): BertAttention(
              (self): BertSelfAttention(
                (query): Linear(in_features=768, out_features=768, bias=True)
                (key): Linear(in_features=768, out_features=768, bias=True)
                (value): Linear(in_features=768, out_features=768, bias=True)
                (dropout): Dropout(p=0.1, inplace=False)
              )
              (output): BertSelfOutput(
                (dense): Linear(in_features=768, out_features=768, bias=True)
                (LayerNorm): LayerNorm((768,), eps=1e-12, elementwise_affine=True)
                (dropout): Dropout(p=0.1, inplace=False)
              )
            )
            (intermediate): BertIntermediate(
              (dense): Linear(in_features=768, out_features=3072, bias=True)
            )
            (output): BertOutput(
              (dense): Linear(in_features=3072, out_features=768, bias=True)
              (LayerNorm): LayerNorm((768,), eps=1e-12, elementwise_affine=True)
              (dropout): Dropout(p=0.1, inplace=False)
            )
          )
          (6): BertLayer(
            (attention): BertAttention(
              (self): BertSelfAttention(
                (query): Linear(in_features=768, out_features=768, bias=True)
                (key): Linear(in_features=768, out_features=768, bias=True)
                (value): Linear(in_features=768, out_features=768, bias=True)
                (dropout): Dropout(p=0.1, inplace=False)
              )
              (output): BertSelfOutput(
                (dense): Linear(in_features=768, out_features=768, bias=True)
                (LayerNorm): LayerNorm((768,), eps=1e-12, elementwise_affine=True)
                (dropout): Dropout(p=0.1, inplace=False)
              )
            )
            (intermediate): BertIntermediate(
              (dense): Linear(in_features=768, out_features=3072, bias=True)
            )
            (output): BertOutput(
              (dense): Linear(in_features=3072, out_features=768, bias=True)
              (LayerNorm): LayerNorm((768,), eps=1e-12, elementwise_affine=True)
              (dropout): Dropout(p=0.1, inplace=False)
            )
          )
          (7): BertLayer(
            (attention): BertAttention(
              (self): BertSelfAttention(
                (query): Linear(in_features=768, out_features=768, bias=True)
                (key): Linear(in_features=768, out_features=768, bias=True)
                (value): Linear(in_features=768, out_features=768, bias=True)
                (dropout): Dropout(p=0.1, inplace=False)
              )
              (output): BertSelfOutput(
                (dense): Linear(in_features=768, out_features=768, bias=True)
                (LayerNorm): LayerNorm((768,), eps=1e-12, elementwise_affine=True)
                (dropout): Dropout(p=0.1, inplace=False)
              )
            )
            (intermediate): BertIntermediate(
              (dense): Linear(in_features=768, out_features=3072, bias=True)
            )
            (output): BertOutput(
              (dense): Linear(in_features=3072, out_features=768, bias=True)
              (LayerNorm): LayerNorm((768,), eps=1e-12, elementwise_affine=True)
              (dropout): Dropout(p=0.1, inplace=False)
            )
          )
          (8): BertLayer(
            (attention): BertAttention(
              (self): BertSelfAttention(
                (query): Linear(in_features=768, out_features=768, bias=True)
                (key): Linear(in_features=768, out_features=768, bias=True)
                (value): Linear(in_features=768, out_features=768, bias=True)
                (dropout): Dropout(p=0.1, inplace=False)
              )
              (output): BertSelfOutput(
                (dense): Linear(in_features=768, out_features=768, bias=True)
                (LayerNorm): LayerNorm((768,), eps=1e-12, elementwise_affine=True)
                (dropout): Dropout(p=0.1, inplace=False)
              )
            )
            (intermediate): BertIntermediate(
              (dense): Linear(in_features=768, out_features=3072, bias=True)
            )
            (output): BertOutput(
              (dense): Linear(in_features=3072, out_features=768, bias=True)
              (LayerNorm): LayerNorm((768,), eps=1e-12, elementwise_affine=True)
              (dropout): Dropout(p=0.1, inplace=False)
            )
          )
          (9): BertLayer(
            (attention): BertAttention(
              (self): BertSelfAttention(
                (query): Linear(in_features=768, out_features=768, bias=True)
                (key): Linear(in_features=768, out_features=768, bias=True)
                (value): Linear(in_features=768, out_features=768, bias=True)
                (dropout): Dropout(p=0.1, inplace=False)
              )
              (output): BertSelfOutput(
                (dense): Linear(in_features=768, out_features=768, bias=True)
                (LayerNorm): LayerNorm((768,), eps=1e-12, elementwise_affine=True)
                (dropout): Dropout(p=0.1, inplace=False)
              )
            )
            (intermediate): BertIntermediate(
              (dense): Linear(in_features=768, out_features=3072, bias=True)
            )
            (output): BertOutput(
              (dense): Linear(in_features=3072, out_features=768, bias=True)
              (LayerNorm): LayerNorm((768,), eps=1e-12, elementwise_affine=True)
              (dropout): Dropout(p=0.1, inplace=False)
            )
          )
          (10): BertLayer(
            (attention): BertAttention(
              (self): BertSelfAttention(
                (query): Linear(in_features=768, out_features=768, bias=True)
                (key): Linear(in_features=768, out_features=768, bias=True)
                (value): Linear(in_features=768, out_features=768, bias=True)
                (dropout): Dropout(p=0.1, inplace=False)
              )
              (output): BertSelfOutput(
                (dense): Linear(in_features=768, out_features=768, bias=True)
                (LayerNorm): LayerNorm((768,), eps=1e-12, elementwise_affine=True)
                (dropout): Dropout(p=0.1, inplace=False)
              )
            )
            (intermediate): BertIntermediate(
              (dense): Linear(in_features=768, out_features=3072, bias=True)
            )
            (output): BertOutput(
              (dense): Linear(in_features=3072, out_features=768, bias=True)
              (LayerNorm): LayerNorm((768,), eps=1e-12, elementwise_affine=True)
              (dropout): Dropout(p=0.1, inplace=False)
            )
          )
          (11): BertLayer(
            (attention): BertAttention(
              (self): BertSelfAttention(
                (query): Linear(in_features=768, out_features=768, bias=True)
                (key): Linear(in_features=768, out_features=768, bias=True)
                (value): Linear(in_features=768, out_features=768, bias=True)
                (dropout): Dropout(p=0.1, inplace=False)
              )
              (output): BertSelfOutput(
                (dense): Linear(in_features=768, out_features=768, bias=True)
                (LayerNorm): LayerNorm((768,), eps=1e-12, elementwise_affine=True)
                (dropout): Dropout(p=0.1, inplace=False)
              )
            )
            (intermediate): BertIntermediate(
              (dense): Linear(in_features=768, out_features=3072, bias=True)
            )
            (output): BertOutput(
              (dense): Linear(in_features=3072, out_features=768, bias=True)
              (LayerNorm): LayerNorm((768,), eps=1e-12, elementwise_affine=True)
              (dropout): Dropout(p=0.1, inplace=False)
            )
          )
        )
      )
      (pooler): BertPooler(
        (dense): Linear(in_features=768, out_features=768, bias=True)
        (activation): Tanh()
      )
    )
  )
  (word_dropout): WordDropout(p=0.05)
  (locked_dropout): LockedDropout(p=0.5)
  (linear): Linear(in_features=768, out_features=978, bias=True)
  (beta): 1.0
  (weights): None
  (weight_tensor) None
)"
2021-10-07 14:38:38,931 ----------------------------------------------------------------------------------------------------
2021-10-07 14:38:38,931 Corpus: "Corpus: 12543 train + 2002 dev + 2077 test sentences"
2021-10-07 14:38:38,931 ----------------------------------------------------------------------------------------------------
2021-10-07 14:38:38,931 Parameters:
2021-10-07 14:38:38,931  - learning_rate: "5e-06"
2021-10-07 14:38:38,931  - mini_batch_size: "4"
2021-10-07 14:38:38,931  - patience: "3"
2021-10-07 14:38:38,931  - anneal_factor: "0.5"
2021-10-07 14:38:38,931  - max_epochs: "20"
2021-10-07 14:38:38,931  - shuffle: "True"
2021-10-07 14:38:38,931  - train_with_dev: "False"
2021-10-07 14:38:38,931  - batch_growth_annealing: "False"
2021-10-07 14:38:38,948 ----------------------------------------------------------------------------------------------------
2021-10-07 14:38:38,948 Model training base path: "model/srlreplaced/upos/transformer/1736ff18-0c43-4a92-973f-9dbd665f0000"
2021-10-07 14:38:38,948 ----------------------------------------------------------------------------------------------------
2021-10-07 14:38:38,948 Device: cuda:1
2021-10-07 14:38:38,948 ----------------------------------------------------------------------------------------------------
2021-10-07 14:38:38,948 Embeddings storage mode: gpu
2021-10-07 14:38:38,969 ----------------------------------------------------------------------------------------------------
2021-10-07 14:39:46,133 epoch 1 - iter 313/3136 - loss 6.01499007 - samples/sec: 18.64 - lr: 0.000005
2021-10-07 14:40:45,696 epoch 1 - iter 626/3136 - loss 5.22479304 - samples/sec: 21.02 - lr: 0.000005
2021-10-07 14:41:45,125 epoch 1 - iter 939/3136 - loss 4.72373230 - samples/sec: 21.07 - lr: 0.000005
2021-10-07 14:42:44,124 epoch 1 - iter 1252/3136 - loss 4.37791967 - samples/sec: 21.22 - lr: 0.000005
2021-10-07 14:43:44,441 epoch 1 - iter 1565/3136 - loss 4.16735666 - samples/sec: 20.76 - lr: 0.000005
2021-10-07 14:44:47,903 epoch 1 - iter 1878/3136 - loss 4.02864575 - samples/sec: 19.73 - lr: 0.000005
2021-10-07 14:45:48,345 epoch 1 - iter 2191/3136 - loss 3.86538238 - samples/sec: 20.72 - lr: 0.000005
2021-10-07 14:46:46,797 epoch 1 - iter 2504/3136 - loss 3.72548603 - samples/sec: 21.42 - lr: 0.000005
2021-10-07 14:47:46,205 epoch 1 - iter 2817/3136 - loss 3.59558959 - samples/sec: 21.08 - lr: 0.000005
2021-10-07 14:48:45,220 epoch 1 - iter 3130/3136 - loss 3.49203615 - samples/sec: 21.22 - lr: 0.000005
2021-10-07 14:48:46,217 ----------------------------------------------------------------------------------------------------
2021-10-07 14:48:46,218 EPOCH 1 done: loss 3.4903 - lr 0.0000050
2021-10-07 14:49:42,351 DEV : loss 2.1804213523864746 - score 0.5544
2021-10-07 14:49:42,362 BAD EPOCHS (no improvement): 4
2021-10-07 14:49:42,367 ----------------------------------------------------------------------------------------------------
2021-10-07 14:50:41,175 epoch 2 - iter 313/3136 - loss 2.42450025 - samples/sec: 21.29 - lr: 0.000005
2021-10-07 14:51:39,922 epoch 2 - iter 626/3136 - loss 2.36875942 - samples/sec: 21.32 - lr: 0.000005
2021-10-07 14:52:38,796 epoch 2 - iter 939/3136 - loss 2.34869957 - samples/sec: 21.27 - lr: 0.000005
2021-10-07 14:53:35,956 epoch 2 - iter 1252/3136 - loss 2.33412690 - samples/sec: 21.91 - lr: 0.000005
2021-10-07 14:54:33,347 epoch 2 - iter 1565/3136 - loss 2.31070560 - samples/sec: 21.82 - lr: 0.000005
2021-10-07 14:55:32,082 epoch 2 - iter 1878/3136 - loss 2.29513348 - samples/sec: 21.32 - lr: 0.000005
2021-10-07 14:56:31,408 epoch 2 - iter 2191/3136 - loss 2.26546051 - samples/sec: 21.11 - lr: 0.000005
2021-10-07 14:57:30,997 epoch 2 - iter 2504/3136 - loss 2.23760774 - samples/sec: 21.01 - lr: 0.000005
2021-10-07 14:58:30,960 epoch 2 - iter 2817/3136 - loss 2.20907475 - samples/sec: 20.88 - lr: 0.000005
2021-10-07 14:59:29,722 epoch 2 - iter 3130/3136 - loss 2.18923371 - samples/sec: 21.31 - lr: 0.000005
2021-10-07 14:59:30,753 ----------------------------------------------------------------------------------------------------
2021-10-07 14:59:30,753 EPOCH 2 done: loss 2.1877 - lr 0.0000049
2021-10-07 15:00:22,259 DEV : loss 1.6756881475448608 - score 0.6368
2021-10-07 15:00:22,273 BAD EPOCHS (no improvement): 4
2021-10-07 15:00:22,288 ----------------------------------------------------------------------------------------------------
2021-10-07 15:01:18,677 epoch 3 - iter 313/3136 - loss 1.77636943 - samples/sec: 22.21 - lr: 0.000005
2021-10-07 15:02:17,598 epoch 3 - iter 626/3136 - loss 1.81495707 - samples/sec: 21.25 - lr: 0.000005
2021-10-07 15:03:17,741 epoch 3 - iter 939/3136 - loss 1.82264098 - samples/sec: 20.82 - lr: 0.000005
2021-10-07 15:04:17,790 epoch 3 - iter 1252/3136 - loss 1.80320220 - samples/sec: 20.85 - lr: 0.000005
2021-10-07 15:05:13,185 epoch 3 - iter 1565/3136 - loss 1.80812251 - samples/sec: 22.60 - lr: 0.000005
2021-10-07 15:06:11,468 epoch 3 - iter 1878/3136 - loss 1.79764038 - samples/sec: 21.48 - lr: 0.000005
2021-10-07 15:07:11,347 epoch 3 - iter 2191/3136 - loss 1.78691130 - samples/sec: 20.91 - lr: 0.000005
2021-10-07 15:08:14,993 epoch 3 - iter 2504/3136 - loss 1.78268472 - samples/sec: 19.67 - lr: 0.000005
2021-10-07 15:09:31,831 epoch 3 - iter 2817/3136 - loss 1.76982903 - samples/sec: 16.30 - lr: 0.000005
2021-10-07 15:10:51,364 epoch 3 - iter 3130/3136 - loss 1.75659443 - samples/sec: 15.74 - lr: 0.000005
2021-10-07 15:10:53,043 ----------------------------------------------------------------------------------------------------
2021-10-07 15:10:53,044 EPOCH 3 done: loss 1.7583 - lr 0.0000047
2021-10-07 15:12:24,293 DEV : loss 1.4742906093597412 - score 0.6794
2021-10-07 15:12:24,307 BAD EPOCHS (no improvement): 4
2021-10-07 15:12:24,313 ----------------------------------------------------------------------------------------------------
2021-10-07 15:13:42,206 epoch 4 - iter 313/3136 - loss 1.65547648 - samples/sec: 16.08 - lr: 0.000005
2021-10-07 15:14:58,630 epoch 4 - iter 626/3136 - loss 1.62928199 - samples/sec: 16.38 - lr: 0.000005
2021-10-07 15:16:12,252 epoch 4 - iter 939/3136 - loss 1.61525422 - samples/sec: 17.01 - lr: 0.000005
2021-10-07 15:17:25,106 epoch 4 - iter 1252/3136 - loss 1.62140514 - samples/sec: 17.19 - lr: 0.000005
2021-10-07 15:18:36,679 epoch 4 - iter 1565/3136 - loss 1.60933893 - samples/sec: 17.49 - lr: 0.000005
2021-10-07 15:19:48,215 epoch 4 - iter 1878/3136 - loss 1.60916520 - samples/sec: 17.50 - lr: 0.000005
2021-10-07 15:20:55,816 epoch 4 - iter 2191/3136 - loss 1.60219654 - samples/sec: 18.52 - lr: 0.000005
2021-10-07 15:22:03,925 epoch 4 - iter 2504/3136 - loss 1.60101805 - samples/sec: 18.38 - lr: 0.000005
2021-10-07 15:23:12,579 epoch 4 - iter 2817/3136 - loss 1.59024769 - samples/sec: 18.24 - lr: 0.000005
2021-10-07 15:24:19,100 epoch 4 - iter 3130/3136 - loss 1.58710636 - samples/sec: 18.82 - lr: 0.000005
2021-10-07 15:24:20,212 ----------------------------------------------------------------------------------------------------
2021-10-07 15:24:20,212 EPOCH 4 done: loss 1.5863 - lr 0.0000045
2021-10-07 15:25:21,878 DEV : loss 1.348880410194397 - score 0.7038
2021-10-07 15:25:21,886 BAD EPOCHS (no improvement): 4
2021-10-07 15:25:21,890 ----------------------------------------------------------------------------------------------------
2021-10-07 15:26:27,804 epoch 5 - iter 313/3136 - loss 1.63018393 - samples/sec: 19.00 - lr: 0.000004
2021-10-07 15:27:34,856 epoch 5 - iter 626/3136 - loss 1.47872531 - samples/sec: 18.68 - lr: 0.000004
2021-10-07 15:28:42,211 epoch 5 - iter 939/3136 - loss 1.43098137 - samples/sec: 18.59 - lr: 0.000004
2021-10-07 15:29:47,242 epoch 5 - iter 1252/3136 - loss 1.41632744 - samples/sec: 19.26 - lr: 0.000004
2021-10-07 15:30:53,513 epoch 5 - iter 1565/3136 - loss 1.41811780 - samples/sec: 18.89 - lr: 0.000004
2021-10-07 15:32:00,294 epoch 5 - iter 1878/3136 - loss 1.41359158 - samples/sec: 18.75 - lr: 0.000004
2021-10-07 15:33:05,968 epoch 5 - iter 2191/3136 - loss 1.41432535 - samples/sec: 19.07 - lr: 0.000004
2021-10-07 15:34:08,055 epoch 5 - iter 2504/3136 - loss 1.40999014 - samples/sec: 20.17 - lr: 0.000004
2021-10-07 15:35:14,295 epoch 5 - iter 2817/3136 - loss 1.41004336 - samples/sec: 18.90 - lr: 0.000004
2021-10-07 15:36:17,968 epoch 5 - iter 3130/3136 - loss 1.40791311 - samples/sec: 19.67 - lr: 0.000004
2021-10-07 15:36:19,157 ----------------------------------------------------------------------------------------------------
2021-10-07 15:36:19,157 EPOCH 5 done: loss 1.4074 - lr 0.0000043
2021-10-07 15:37:13,634 DEV : loss 1.3079719543457031 - score 0.719
2021-10-07 15:37:13,643 BAD EPOCHS (no improvement): 4
2021-10-07 15:37:13,650 ----------------------------------------------------------------------------------------------------
2021-10-07 15:38:19,652 epoch 6 - iter 313/3136 - loss 1.29025431 - samples/sec: 18.97 - lr: 0.000004
2021-10-07 15:39:22,472 epoch 6 - iter 626/3136 - loss 1.26797509 - samples/sec: 19.93 - lr: 0.000004
2021-10-07 15:40:25,216 epoch 6 - iter 939/3136 - loss 1.28752373 - samples/sec: 19.96 - lr: 0.000004
2021-10-07 15:41:30,268 epoch 6 - iter 1252/3136 - loss 1.29831954 - samples/sec: 19.25 - lr: 0.000004
2021-10-07 15:42:32,029 epoch 6 - iter 1565/3136 - loss 1.27449632 - samples/sec: 20.27 - lr: 0.000004
2021-10-07 15:43:35,036 epoch 6 - iter 1878/3136 - loss 1.27223803 - samples/sec: 19.87 - lr: 0.000004
2021-10-07 15:44:37,647 epoch 6 - iter 2191/3136 - loss 1.26140524 - samples/sec: 20.00 - lr: 0.000004
2021-10-07 15:45:41,345 epoch 6 - iter 2504/3136 - loss 1.26899092 - samples/sec: 19.66 - lr: 0.000004
2021-10-07 15:46:45,868 epoch 6 - iter 2817/3136 - loss 1.26276230 - samples/sec: 19.41 - lr: 0.000004
2021-10-07 15:47:50,289 epoch 6 - iter 3130/3136 - loss 1.26250917 - samples/sec: 19.44 - lr: 0.000004
2021-10-07 15:47:51,786 ----------------------------------------------------------------------------------------------------
2021-10-07 15:47:51,787 EPOCH 6 done: loss 1.2626 - lr 0.0000040
2021-10-07 15:48:42,165 DEV : loss 1.2373701333999634 - score 0.7354
2021-10-07 15:48:42,174 BAD EPOCHS (no improvement): 4
2021-10-07 15:48:42,178 ----------------------------------------------------------------------------------------------------
2021-10-07 15:49:45,719 epoch 7 - iter 313/3136 - loss 1.20442044 - samples/sec: 19.71 - lr: 0.000004
2021-10-07 15:50:42,959 epoch 7 - iter 626/3136 - loss 1.21122125 - samples/sec: 21.88 - lr: 0.000004
2021-10-07 15:51:40,406 epoch 7 - iter 939/3136 - loss 1.22705017 - samples/sec: 21.80 - lr: 0.000004
2021-10-07 15:52:38,703 epoch 7 - iter 1252/3136 - loss 1.22381253 - samples/sec: 21.48 - lr: 0.000004
2021-10-07 15:53:39,670 epoch 7 - iter 1565/3136 - loss 1.20972974 - samples/sec: 20.54 - lr: 0.000004
2021-10-07 15:54:44,221 epoch 7 - iter 1878/3136 - loss 1.22116109 - samples/sec: 19.40 - lr: 0.000004
2021-10-07 15:55:47,898 epoch 7 - iter 2191/3136 - loss 1.22047941 - samples/sec: 19.66 - lr: 0.000004
2021-10-07 15:56:51,633 epoch 7 - iter 2504/3136 - loss 1.21497856 - samples/sec: 19.65 - lr: 0.000004
2021-10-07 15:57:56,298 epoch 7 - iter 2817/3136 - loss 1.22289043 - samples/sec: 19.36 - lr: 0.000004
2021-10-07 15:58:59,145 epoch 7 - iter 3130/3136 - loss 1.21755193 - samples/sec: 19.92 - lr: 0.000004
2021-10-07 15:59:00,345 ----------------------------------------------------------------------------------------------------
2021-10-07 15:59:00,345 EPOCH 7 done: loss 1.2168 - lr 0.0000036
2021-10-07 15:59:55,773 DEV : loss 1.2177753448486328 - score 0.7415
2021-10-07 15:59:55,781 BAD EPOCHS (no improvement): 4
2021-10-07 15:59:55,786 ----------------------------------------------------------------------------------------------------
2021-10-07 16:00:51,975 epoch 8 - iter 313/3136 - loss 1.16229974 - samples/sec: 22.29 - lr: 0.000004
2021-10-07 16:01:54,652 epoch 8 - iter 626/3136 - loss 1.13768850 - samples/sec: 19.98 - lr: 0.000004
2021-10-07 16:02:57,461 epoch 8 - iter 939/3136 - loss 1.16202073 - samples/sec: 19.94 - lr: 0.000004
2021-10-07 16:04:00,247 epoch 8 - iter 1252/3136 - loss 1.16230052 - samples/sec: 19.94 - lr: 0.000003
2021-10-07 16:04:59,598 epoch 8 - iter 1565/3136 - loss 1.16690262 - samples/sec: 21.10 - lr: 0.000003
2021-10-07 16:05:58,629 epoch 8 - iter 1878/3136 - loss 1.18157918 - samples/sec: 21.21 - lr: 0.000003
2021-10-07 16:07:01,537 epoch 8 - iter 2191/3136 - loss 1.17737227 - samples/sec: 19.90 - lr: 0.000003
2021-10-07 16:08:04,524 epoch 8 - iter 2504/3136 - loss 1.18116269 - samples/sec: 19.88 - lr: 0.000003
2021-10-07 16:09:11,104 epoch 8 - iter 2817/3136 - loss 1.17378040 - samples/sec: 18.81 - lr: 0.000003
2021-10-07 16:10:27,563 epoch 8 - iter 3130/3136 - loss 1.16389955 - samples/sec: 16.38 - lr: 0.000003
2021-10-07 16:10:29,183 ----------------------------------------------------------------------------------------------------
2021-10-07 16:10:29,184 EPOCH 8 done: loss 1.1633 - lr 0.0000033
2021-10-07 16:11:33,629 DEV : loss 1.189405918121338 - score 0.7471
2021-10-07 16:11:33,639 BAD EPOCHS (no improvement): 4
2021-10-07 16:11:33,644 ----------------------------------------------------------------------------------------------------
2021-10-07 16:12:42,029 epoch 9 - iter 313/3136 - loss 1.07993088 - samples/sec: 18.31 - lr: 0.000003
2021-10-07 16:13:45,850 epoch 9 - iter 626/3136 - loss 1.11469591 - samples/sec: 19.62 - lr: 0.000003
2021-10-07 16:14:49,857 epoch 9 - iter 939/3136 - loss 1.10669315 - samples/sec: 19.56 - lr: 0.000003
2021-10-07 16:15:53,604 epoch 9 - iter 1252/3136 - loss 1.09155932 - samples/sec: 19.64 - lr: 0.000003
2021-10-07 16:16:56,614 epoch 9 - iter 1565/3136 - loss 1.08932993 - samples/sec: 19.87 - lr: 0.000003
2021-10-07 16:17:58,422 epoch 9 - iter 1878/3136 - loss 1.07555161 - samples/sec: 20.26 - lr: 0.000003
2021-10-07 16:19:00,951 epoch 9 - iter 2191/3136 - loss 1.06884397 - samples/sec: 20.03 - lr: 0.000003
2021-10-07 16:20:02,600 epoch 9 - iter 2504/3136 - loss 1.07037814 - samples/sec: 20.31 - lr: 0.000003
2021-10-07 16:21:05,411 epoch 9 - iter 2817/3136 - loss 1.08091955 - samples/sec: 19.94 - lr: 0.000003
2021-10-07 16:22:09,358 epoch 9 - iter 3130/3136 - loss 1.07967464 - samples/sec: 19.58 - lr: 0.000003
2021-10-07 16:22:10,489 ----------------------------------------------------------------------------------------------------
2021-10-07 16:22:10,489 EPOCH 9 done: loss 1.0808 - lr 0.0000029
2021-10-07 16:23:01,000 DEV : loss 1.2019003629684448 - score 0.7507
2021-10-07 16:23:01,010 BAD EPOCHS (no improvement): 4
2021-10-07 16:23:01,013 ----------------------------------------------------------------------------------------------------
2021-10-07 16:24:03,838 epoch 10 - iter 313/3136 - loss 1.01658098 - samples/sec: 19.93 - lr: 0.000003
2021-10-07 16:25:05,511 epoch 10 - iter 626/3136 - loss 1.05530571 - samples/sec: 20.30 - lr: 0.000003
2021-10-07 16:26:07,241 epoch 10 - iter 939/3136 - loss 1.05306716 - samples/sec: 20.28 - lr: 0.000003
2021-10-07 16:27:09,886 epoch 10 - iter 1252/3136 - loss 1.06019044 - samples/sec: 19.99 - lr: 0.000003
2021-10-07 16:28:09,452 epoch 10 - iter 1565/3136 - loss 1.06728007 - samples/sec: 21.02 - lr: 0.000003
2021-10-07 16:29:11,444 epoch 10 - iter 1878/3136 - loss 1.04716712 - samples/sec: 20.20 - lr: 0.000003
2021-10-07 16:30:12,963 epoch 10 - iter 2191/3136 - loss 1.04553833 - samples/sec: 20.35 - lr: 0.000003
2021-10-07 16:31:15,777 epoch 10 - iter 2504/3136 - loss 1.03802899 - samples/sec: 19.93 - lr: 0.000003
2021-10-07 16:32:18,064 epoch 10 - iter 2817/3136 - loss 1.03754467 - samples/sec: 20.10 - lr: 0.000003
2021-10-07 16:33:20,499 epoch 10 - iter 3130/3136 - loss 1.03055111 - samples/sec: 20.06 - lr: 0.000003
2021-10-07 16:33:21,578 ----------------------------------------------------------------------------------------------------
2021-10-07 16:33:21,579 EPOCH 10 done: loss 1.0306 - lr 0.0000025
2021-10-07 16:34:12,661 DEV : loss 1.1887328624725342 - score 0.7575
2021-10-07 16:34:12,670 BAD EPOCHS (no improvement): 4
2021-10-07 16:34:12,673 ----------------------------------------------------------------------------------------------------
2021-10-07 16:35:15,766 epoch 11 - iter 313/3136 - loss 0.91783879 - samples/sec: 19.85 - lr: 0.000002
2021-10-07 16:36:17,396 epoch 11 - iter 626/3136 - loss 0.99623446 - samples/sec: 20.32 - lr: 0.000002
2021-10-07 16:37:18,901 epoch 11 - iter 939/3136 - loss 0.98573056 - samples/sec: 20.36 - lr: 0.000002
2021-10-07 16:38:19,029 epoch 11 - iter 1252/3136 - loss 1.00500583 - samples/sec: 20.83 - lr: 0.000002
2021-10-07 16:39:20,967 epoch 11 - iter 1565/3136 - loss 1.01325166 - samples/sec: 20.22 - lr: 0.000002
2021-10-07 16:40:23,788 epoch 11 - iter 1878/3136 - loss 1.00672441 - samples/sec: 19.93 - lr: 0.000002
2021-10-07 16:41:26,022 epoch 11 - iter 2191/3136 - loss 1.00350492 - samples/sec: 20.12 - lr: 0.000002
2021-10-07 16:42:27,499 epoch 11 - iter 2504/3136 - loss 1.00945946 - samples/sec: 20.37 - lr: 0.000002
2021-10-07 16:43:29,225 epoch 11 - iter 2817/3136 - loss 1.00271439 - samples/sec: 20.29 - lr: 0.000002
2021-10-07 16:44:31,689 epoch 11 - iter 3130/3136 - loss 1.00321813 - samples/sec: 20.05 - lr: 0.000002
2021-10-07 16:44:32,742 ----------------------------------------------------------------------------------------------------
2021-10-07 16:44:32,742 EPOCH 11 done: loss 1.0043 - lr 0.0000021
2021-10-07 16:45:24,138 DEV : loss 1.1956607103347778 - score 0.7602
2021-10-07 16:45:24,147 BAD EPOCHS (no improvement): 4
2021-10-07 16:45:24,151 ----------------------------------------------------------------------------------------------------
2021-10-07 16:46:26,123 epoch 12 - iter 313/3136 - loss 0.90061440 - samples/sec: 20.21 - lr: 0.000002
2021-10-07 16:47:28,313 epoch 12 - iter 626/3136 - loss 0.91652331 - samples/sec: 20.13 - lr: 0.000002
2021-10-07 16:48:30,755 epoch 12 - iter 939/3136 - loss 0.91033673 - samples/sec: 20.05 - lr: 0.000002
2021-10-07 16:49:32,586 epoch 12 - iter 1252/3136 - loss 0.92693029 - samples/sec: 20.25 - lr: 0.000002
2021-10-07 16:50:33,446 epoch 12 - iter 1565/3136 - loss 0.92015113 - samples/sec: 20.57 - lr: 0.000002
2021-10-07 16:51:34,267 epoch 12 - iter 1878/3136 - loss 0.93813867 - samples/sec: 20.59 - lr: 0.000002
2021-10-07 16:52:33,389 epoch 12 - iter 2191/3136 - loss 0.93479443 - samples/sec: 21.18 - lr: 0.000002
2021-10-07 16:53:35,079 epoch 12 - iter 2504/3136 - loss 0.93834319 - samples/sec: 20.30 - lr: 0.000002
2021-10-07 16:54:36,963 epoch 12 - iter 2817/3136 - loss 0.93910072 - samples/sec: 20.23 - lr: 0.000002
2021-10-07 16:55:39,190 epoch 12 - iter 3130/3136 - loss 0.94190082 - samples/sec: 20.12 - lr: 0.000002
2021-10-07 16:55:40,299 ----------------------------------------------------------------------------------------------------
2021-10-07 16:55:40,300 EPOCH 12 done: loss 0.9421 - lr 0.0000017
2021-10-07 16:56:31,516 DEV : loss 1.1729063987731934 - score 0.764
2021-10-07 16:56:31,525 BAD EPOCHS (no improvement): 4
2021-10-07 16:56:31,528 ----------------------------------------------------------------------------------------------------
2021-10-07 16:57:33,844 epoch 13 - iter 313/3136 - loss 0.87116923 - samples/sec: 20.09 - lr: 0.000002
2021-10-07 16:58:35,686 epoch 13 - iter 626/3136 - loss 0.88815852 - samples/sec: 20.25 - lr: 0.000002
2021-10-07 16:59:37,549 epoch 13 - iter 939/3136 - loss 0.94008070 - samples/sec: 20.24 - lr: 0.000002
2021-10-07 17:00:38,880 epoch 13 - iter 1252/3136 - loss 0.93965299 - samples/sec: 20.42 - lr: 0.000002
2021-10-07 17:01:40,654 epoch 13 - iter 1565/3136 - loss 0.92323663 - samples/sec: 20.27 - lr: 0.000002
2021-10-07 17:02:42,774 epoch 13 - iter 1878/3136 - loss 0.93552055 - samples/sec: 20.16 - lr: 0.000002
2021-10-07 17:03:43,004 epoch 13 - iter 2191/3136 - loss 0.93861862 - samples/sec: 20.79 - lr: 0.000001
2021-10-07 17:04:44,855 epoch 13 - iter 2504/3136 - loss 0.94300096 - samples/sec: 20.24 - lr: 0.000001
2021-10-07 17:05:47,016 epoch 13 - iter 2817/3136 - loss 0.94530548 - samples/sec: 20.14 - lr: 0.000001
2021-10-07 17:06:49,851 epoch 13 - iter 3130/3136 - loss 0.94451559 - samples/sec: 19.93 - lr: 0.000001
2021-10-07 17:06:51,277 ----------------------------------------------------------------------------------------------------
2021-10-07 17:06:51,277 EPOCH 13 done: loss 0.9440 - lr 0.0000014
2021-10-07 17:07:41,374 DEV : loss 1.1980668306350708 - score 0.7642
2021-10-07 17:07:41,383 BAD EPOCHS (no improvement): 4
2021-10-07 17:07:41,399 ----------------------------------------------------------------------------------------------------
2021-10-07 17:08:43,094 epoch 14 - iter 313/3136 - loss 0.90880371 - samples/sec: 20.30 - lr: 0.000001
2021-10-07 17:09:46,052 epoch 14 - iter 626/3136 - loss 0.91786547 - samples/sec: 19.89 - lr: 0.000001
2021-10-07 17:11:04,629 epoch 14 - iter 939/3136 - loss 0.94061478 - samples/sec: 15.94 - lr: 0.000001
2021-10-07 17:12:25,278 epoch 14 - iter 1252/3136 - loss 0.93996021 - samples/sec: 15.53 - lr: 0.000001
2021-10-07 17:13:44,787 epoch 14 - iter 1565/3136 - loss 0.94923344 - samples/sec: 15.75 - lr: 0.000001
2021-10-07 17:15:03,160 epoch 14 - iter 1878/3136 - loss 0.94185498 - samples/sec: 15.98 - lr: 0.000001
2021-10-07 17:16:19,995 epoch 14 - iter 2191/3136 - loss 0.94909782 - samples/sec: 16.30 - lr: 0.000001
2021-10-07 17:17:29,005 epoch 14 - iter 2504/3136 - loss 0.94247311 - samples/sec: 18.15 - lr: 0.000001
2021-10-07 17:18:38,998 epoch 14 - iter 2817/3136 - loss 0.94011297 - samples/sec: 17.89 - lr: 0.000001
2021-10-07 17:19:43,908 epoch 14 - iter 3130/3136 - loss 0.94256865 - samples/sec: 19.29 - lr: 0.000001
2021-10-07 17:19:45,174 ----------------------------------------------------------------------------------------------------
2021-10-07 17:19:45,174 EPOCH 14 done: loss 0.9424 - lr 0.0000010
2021-10-07 17:20:48,133 DEV : loss 1.1792958974838257 - score 0.7656
2021-10-07 17:20:48,147 BAD EPOCHS (no improvement): 4
2021-10-07 17:20:48,152 ----------------------------------------------------------------------------------------------------
2021-10-07 17:21:52,601 epoch 15 - iter 313/3136 - loss 0.87747239 - samples/sec: 19.43 - lr: 0.000001
2021-10-07 17:22:54,461 epoch 15 - iter 626/3136 - loss 0.89085562 - samples/sec: 20.24 - lr: 0.000001
2021-10-07 17:23:57,400 epoch 15 - iter 939/3136 - loss 0.92899246 - samples/sec: 19.90 - lr: 0.000001
2021-10-07 17:25:02,069 epoch 15 - iter 1252/3136 - loss 0.92278316 - samples/sec: 19.36 - lr: 0.000001
2021-10-07 17:26:03,895 epoch 15 - iter 1565/3136 - loss 0.91630510 - samples/sec: 20.25 - lr: 0.000001
2021-10-07 17:27:05,033 epoch 15 - iter 1878/3136 - loss 0.91100563 - samples/sec: 20.48 - lr: 0.000001
2021-10-07 17:28:05,545 epoch 15 - iter 2191/3136 - loss 0.91214289 - samples/sec: 20.69 - lr: 0.000001
2021-10-07 17:29:07,084 epoch 15 - iter 2504/3136 - loss 0.92475088 - samples/sec: 20.35 - lr: 0.000001
2021-10-07 17:30:08,780 epoch 15 - iter 2817/3136 - loss 0.92095908 - samples/sec: 20.30 - lr: 0.000001
2021-10-07 17:31:10,474 epoch 15 - iter 3130/3136 - loss 0.91363583 - samples/sec: 20.30 - lr: 0.000001
2021-10-07 17:31:11,478 ----------------------------------------------------------------------------------------------------
2021-10-07 17:31:11,479 EPOCH 15 done: loss 0.9140 - lr 0.0000007
2021-10-07 17:32:08,054 DEV : loss 1.1803992986679077 - score 0.7676
2021-10-07 17:32:08,064 BAD EPOCHS (no improvement): 4
2021-10-07 17:32:08,067 ----------------------------------------------------------------------------------------------------
2021-10-07 17:33:06,466 epoch 16 - iter 313/3136 - loss 0.89109370 - samples/sec: 21.44 - lr: 0.000001
2021-10-07 17:34:06,471 epoch 16 - iter 626/3136 - loss 0.88731972 - samples/sec: 20.87 - lr: 0.000001
2021-10-07 17:35:03,665 epoch 16 - iter 939/3136 - loss 0.86064306 - samples/sec: 21.89 - lr: 0.000001
2021-10-07 17:36:04,298 epoch 16 - iter 1252/3136 - loss 0.87979523 - samples/sec: 20.65 - lr: 0.000001
2021-10-07 17:37:02,119 epoch 16 - iter 1565/3136 - loss 0.88231113 - samples/sec: 21.66 - lr: 0.000001
2021-10-07 17:38:01,235 epoch 16 - iter 1878/3136 - loss 0.88861149 - samples/sec: 21.18 - lr: 0.000001
2021-10-07 17:39:00,037 epoch 16 - iter 2191/3136 - loss 0.88718491 - samples/sec: 21.29 - lr: 0.000001
2021-10-07 17:39:57,901 epoch 16 - iter 2504/3136 - loss 0.88212294 - samples/sec: 21.64 - lr: 0.000001
2021-10-07 17:40:55,427 epoch 16 - iter 2817/3136 - loss 0.88392283 - samples/sec: 21.77 - lr: 0.000001
2021-10-07 17:41:56,805 epoch 16 - iter 3130/3136 - loss 0.87767481 - samples/sec: 20.40 - lr: 0.000000
2021-10-07 17:41:57,791 ----------------------------------------------------------------------------------------------------
2021-10-07 17:41:57,792 EPOCH 16 done: loss 0.8773 - lr 0.0000005
2021-10-07 17:42:49,832 DEV : loss 1.184577226638794 - score 0.7684
2021-10-07 17:42:49,841 BAD EPOCHS (no improvement): 4
2021-10-07 17:42:49,844 ----------------------------------------------------------------------------------------------------
2021-10-07 17:43:47,387 epoch 17 - iter 313/3136 - loss 0.81997130 - samples/sec: 21.76 - lr: 0.000000
2021-10-07 17:44:44,732 epoch 17 - iter 626/3136 - loss 0.84551209 - samples/sec: 21.84 - lr: 0.000000
2021-10-07 17:45:41,550 epoch 17 - iter 939/3136 - loss 0.84912278 - samples/sec: 22.04 - lr: 0.000000
2021-10-07 17:46:39,256 epoch 17 - iter 1252/3136 - loss 0.84260039 - samples/sec: 21.70 - lr: 0.000000
2021-10-07 17:47:36,640 epoch 17 - iter 1565/3136 - loss 0.85289001 - samples/sec: 21.82 - lr: 0.000000
2021-10-07 17:48:33,896 epoch 17 - iter 1878/3136 - loss 0.86921791 - samples/sec: 21.87 - lr: 0.000000
2021-10-07 17:49:31,630 epoch 17 - iter 2191/3136 - loss 0.87324267 - samples/sec: 21.69 - lr: 0.000000
2021-10-07 17:50:28,555 epoch 17 - iter 2504/3136 - loss 0.86565792 - samples/sec: 22.00 - lr: 0.000000
2021-10-07 17:51:25,916 epoch 17 - iter 2817/3136 - loss 0.87058625 - samples/sec: 21.83 - lr: 0.000000
2021-10-07 17:52:23,774 epoch 17 - iter 3130/3136 - loss 0.87217698 - samples/sec: 21.64 - lr: 0.000000
2021-10-07 17:52:24,760 ----------------------------------------------------------------------------------------------------
2021-10-07 17:52:24,760 EPOCH 17 done: loss 0.8724 - lr 0.0000003
2021-10-07 17:53:17,037 DEV : loss 1.1872252225875854 - score 0.7687
2021-10-07 17:53:17,045 BAD EPOCHS (no improvement): 4
2021-10-07 17:53:17,048 ----------------------------------------------------------------------------------------------------
2021-10-07 17:54:14,865 epoch 18 - iter 313/3136 - loss 0.81889113 - samples/sec: 21.66 - lr: 0.000000
2021-10-07 17:55:11,741 epoch 18 - iter 626/3136 - loss 0.85172680 - samples/sec: 22.02 - lr: 0.000000
2021-10-07 17:56:09,152 epoch 18 - iter 939/3136 - loss 0.85786803 - samples/sec: 21.81 - lr: 0.000000
2021-10-07 17:57:03,205 epoch 18 - iter 1252/3136 - loss 0.85495369 - samples/sec: 23.17 - lr: 0.000000
2021-10-07 17:58:00,395 epoch 18 - iter 1565/3136 - loss 0.85734796 - samples/sec: 21.89 - lr: 0.000000
2021-10-07 17:58:57,774 epoch 18 - iter 1878/3136 - loss 0.86498153 - samples/sec: 21.82 - lr: 0.000000
2021-10-07 17:59:55,248 epoch 18 - iter 2191/3136 - loss 0.86856528 - samples/sec: 21.79 - lr: 0.000000
2021-10-07 18:00:53,532 epoch 18 - iter 2504/3136 - loss 0.87476471 - samples/sec: 21.48 - lr: 0.000000
2021-10-07 18:01:50,482 epoch 18 - iter 2817/3136 - loss 0.87570397 - samples/sec: 21.99 - lr: 0.000000
2021-10-07 18:02:45,974 epoch 18 - iter 3130/3136 - loss 0.88124113 - samples/sec: 22.57 - lr: 0.000000
2021-10-07 18:02:46,945 ----------------------------------------------------------------------------------------------------
2021-10-07 18:02:46,945 EPOCH 18 done: loss 0.8803 - lr 0.0000001
2021-10-07 18:03:39,187 DEV : loss 1.188644528388977 - score 0.7687
2021-10-07 18:03:39,195 BAD EPOCHS (no improvement): 4
2021-10-07 18:03:39,200 ----------------------------------------------------------------------------------------------------
2021-10-07 18:04:36,296 epoch 19 - iter 313/3136 - loss 0.94432852 - samples/sec: 21.93 - lr: 0.000000
2021-10-07 18:05:32,524 epoch 19 - iter 626/3136 - loss 0.94352634 - samples/sec: 22.27 - lr: 0.000000
2021-10-07 18:06:27,291 epoch 19 - iter 939/3136 - loss 0.90941692 - samples/sec: 22.86 - lr: 0.000000
2021-10-07 18:07:24,941 epoch 19 - iter 1252/3136 - loss 0.90170219 - samples/sec: 21.72 - lr: 0.000000
2021-10-07 18:08:22,767 epoch 19 - iter 1565/3136 - loss 0.89419077 - samples/sec: 21.65 - lr: 0.000000
2021-10-07 18:09:16,863 epoch 19 - iter 1878/3136 - loss 0.89087109 - samples/sec: 23.15 - lr: 0.000000
2021-10-07 18:10:14,509 epoch 19 - iter 2191/3136 - loss 0.88727196 - samples/sec: 21.72 - lr: 0.000000
2021-10-07 18:11:20,121 epoch 19 - iter 2504/3136 - loss 0.88386677 - samples/sec: 19.08 - lr: 0.000000
2021-10-07 18:12:36,780 epoch 19 - iter 2817/3136 - loss 0.88066993 - samples/sec: 16.33 - lr: 0.000000
2021-10-07 18:13:46,668 epoch 19 - iter 3130/3136 - loss 0.88252296 - samples/sec: 17.92 - lr: 0.000000
2021-10-07 18:13:47,701 ----------------------------------------------------------------------------------------------------
2021-10-07 18:13:47,701 EPOCH 19 done: loss 0.8830 - lr 0.0000000
2021-10-07 18:14:53,479 DEV : loss 1.1883538961410522 - score 0.7687
2021-10-07 18:14:53,488 BAD EPOCHS (no improvement): 4
2021-10-07 18:14:53,502 ----------------------------------------------------------------------------------------------------
2021-10-07 18:15:55,929 epoch 20 - iter 313/3136 - loss 0.88516232 - samples/sec: 20.06 - lr: 0.000000
2021-10-07 18:16:56,055 epoch 20 - iter 626/3136 - loss 0.89598221 - samples/sec: 20.83 - lr: 0.000000
2021-10-07 18:17:54,963 epoch 20 - iter 939/3136 - loss 0.89497746 - samples/sec: 21.26 - lr: 0.000000
2021-10-07 18:18:53,250 epoch 20 - iter 1252/3136 - loss 0.89502275 - samples/sec: 21.48 - lr: 0.000000
2021-10-07 18:19:52,605 epoch 20 - iter 1565/3136 - loss 0.90773617 - samples/sec: 21.10 - lr: 0.000000
2021-10-07 18:20:50,179 epoch 20 - iter 1878/3136 - loss 0.91018735 - samples/sec: 21.75 - lr: 0.000000
2021-10-07 18:21:47,701 epoch 20 - iter 2191/3136 - loss 0.89622343 - samples/sec: 21.77 - lr: 0.000000
2021-10-07 18:22:45,096 epoch 20 - iter 2504/3136 - loss 0.89585187 - samples/sec: 21.82 - lr: 0.000000
2021-10-07 18:23:41,317 epoch 20 - iter 2817/3136 - loss 0.89764953 - samples/sec: 22.27 - lr: 0.000000
2021-10-07 18:24:39,047 epoch 20 - iter 3130/3136 - loss 0.89562811 - samples/sec: 21.69 - lr: 0.000000
2021-10-07 18:24:40,133 ----------------------------------------------------------------------------------------------------
2021-10-07 18:24:40,133 EPOCH 20 done: loss 0.8952 - lr 0.0000000
2021-10-07 18:25:29,974 DEV : loss 1.1878958940505981 - score 0.7685
2021-10-07 18:25:29,982 BAD EPOCHS (no improvement): 4
2021-10-07 18:25:35,804 ----------------------------------------------------------------------------------------------------
2021-10-07 18:25:35,804 Testing using best model ...
2021-10-07 18:26:27,077 	0.7635
2021-10-07 18:26:27,077 
Results:
- F-score (micro): 0.7635
- F-score (macro): 0.1814
- Accuracy (incl. no class): 0.7635

By class:
                      precision    recall  f1-score   support

          1,NOUN,det     0.9523    0.9661    0.9591      1385
    1,FRAME,ARGM-ADJ     0.7033    0.7778    0.7387       189
        1,FRAME,ARG1     0.8267    0.8530    0.8396       755
           2,ADJ,cop     1.0000    0.0000    0.0000         9
           1,ADJ,cop     0.9192    0.9647    0.9414       283
           1,ADJ,det     0.7714    0.8710    0.8182        31
    1,FRAME,ARGM-EXT     0.7083    0.7816    0.7432        87
       -1,FRAME,ARG2     0.7402    0.8162    0.7763       876
        -1,ADJ,punct     0.6901    0.7763    0.7307       152
        -1,ROOT,root     0.8697    0.8590    0.8643      1709
         1,VERB,mark     0.9503    0.9859    0.9678       640
        1,FRAME,ARG0     0.9021    0.9315    0.9166       920
       -1,PRON,advcl     1.0000    0.0000    0.0000         2
        1,PROPN,case     0.9150    0.8537    0.8833       328
       -1,VERB,punct     0.7822    0.8343    0.8074       495
         4,NOUN,case     1.0000    0.0000    0.0000         5
         2,NOUN,case     0.6497    0.8394    0.7325       137
    4,NOUN,nmod:poss     1.0000    0.0000    0.0000         2
    2,NOUN,nmod:poss     0.5745    0.8710    0.6923        31
     1,NOUN,compound     0.7495    0.7928    0.7706       502
        1,NOUN,punct     0.6996    0.8446    0.7653       193
     2,NOUN,compound     0.3881    0.5200    0.4444        50
       -1,NOUN,punct     0.7302    0.7541    0.7419       305
           1,NOUN,cc     0.8629    0.9290    0.8947       183
       1,NOUN,advmod     0.4727    0.7429    0.5778        35
        -1,NOUN,conj     0.7208    0.8712    0.7889       163
       -1,FRAME,ARG1     0.8579    0.8920    0.8746      1685
        -2,NOUN,conj     0.4306    0.6327    0.5124        49
          2,NOUN,det     0.7681    0.8196    0.7930       194
        1,ADJ,advmod     0.8562    0.8224    0.8389       152
         1,ADJ,punct     0.7308    0.7600    0.7451        75
        1,VERB,punct     0.8322    0.8617    0.8467       282
         2,NOUN,amod     0.6190    0.7386    0.6736        88
       -1,FRAME,ARG4     0.5882    0.5455    0.5660        55
       -3,VERB,punct     0.5515    0.6369    0.5912       168
       2,PROPN,punct     0.3750    0.3750    0.3750        16
       1,PROPN,punct     0.7273    0.8000    0.7619       100
        2,PROPN,case     0.6941    0.7468    0.7195        79
    1,PROPN,compound     0.6896    0.6875    0.6885       336
       -1,PROPN,nmod     0.5200    0.7222    0.6047        36
       -1,PROPN,flat     0.8224    0.9026    0.8606       195
       -2,PROPN,flat     0.8043    0.7708    0.7872        48
      -4,PROPN,punct     1.0000    0.0000    0.0000        18
          -1,X,punct     0.8636    0.6333    0.7308        30
        2,NOUN,punct     0.4595    0.4359    0.4474        39
           2,NOUN,cc     0.5897    0.7667    0.6667        30
           1,VERB,cc     0.9130    0.9692    0.9403       260
        2,VERB,punct     0.1429    0.2222    0.1739         9
         1,NOUN,case     0.9234    0.9306    0.9270      1037
    1,FRAME,ARGM-DIS     0.7184    0.7789    0.7475        95
    1,FRAME,ARGM-ADV     0.6794    0.7553    0.7154       188
          1,NOUN,cop     0.8919    0.9296    0.9103       142
        -1,PRON,amod     0.8947    1.0000    0.9444        17
    1,NOUN,obl:npmod     1.0000    0.0000    0.0000         2
    1,FRAME,ARGM-TMP     0.7802    0.9103    0.8402       156
   -2,FRAME,ARGM-TMP     0.5455    0.2791    0.3692        43
  1,FRAME,R-ARGM-TMP     1.0000    0.0000    0.0000         2
         1,NOUN,amod     0.8743    0.8898    0.8820       735
       -3,NOUN,punct     0.1224    0.1714    0.1429        35
       -2,NOUN,punct     0.3585    0.4750    0.4086        80
        1,FRAME,ARG2     0.6341    0.3824    0.4771        68
       -1,PROPN,case     0.9388    0.9583    0.9485        48
    1,FRAME,ARGM-MOD     0.9706    0.9880    0.9792       334
       -2,FRAME,ARG1     0.6481    0.7394    0.6908       142
        2,FRAME,ARG1     0.6723    0.8207    0.7391       145
      2,FRAME,R-ARG1     0.6471    1.0000    0.7857        11
        2,FRAME,ARG0     0.8728    0.9081    0.8901       272
          1,VERB,aux     0.9830    0.9806    0.9818       413
         -1,PRON,det     0.5000    1.0000    0.6667         3
   -2,FRAME,ARGM-ADV     0.4839    0.3333    0.3947        45
   -1,NOUN,acl:relcl     0.5975    0.9406    0.7308       101
   -1,FRAME,ARGM-TMP     0.7327    0.8845    0.8014       251
          1,VERB,cop     1.0000    0.0000    0.0000         7
     1,VERB,aux:pass     0.8699    0.9727    0.9185       110
   -1,FRAME,ARGM-ADV     0.3359    0.4095    0.3691       105
       1,VERB,advmod     0.5714    0.4324    0.4923        37
    1,FRAME,ARGM-MNR     0.4333    0.2453    0.3133        53
        -2,VERB,conj     0.4000    0.3922    0.3960        51
   -1,FRAME,ARGM-LOC     0.5414    0.7153    0.6164       137
       -4,VERB,punct     0.2830    0.4286    0.3409        70
          2,NOUN,cop     0.4545    0.5882    0.5128        17
         1,PRON,case     0.9435    0.9590    0.9512       122
        -1,ADV,fixed     0.8889    0.9231    0.9057        26
       -1,FRAME,ARG3     0.4000    0.0656    0.1127        61
          -1,ADV,obl     0.2857    0.1818    0.2222        22
      1,FRAME,R-ARG0     0.9070    0.9512    0.9286        41
    -1,ADJ,acl:relcl     1.0000    0.0000    0.0000         3
    1,NOUN,nmod:poss     0.9300    0.9076    0.9187       249
    1,FRAME,ARGM-NEG     0.9325    0.9682    0.9500       157
       -3,FRAME,ARG1     0.0000    0.0000    0.0000        16
          -1,FRAME,V     1.0000    0.0000    0.0000         4
      -1,VERB,advmod     0.3636    0.2500    0.2963        16
        -3,VERB,conj     1.0000    0.0000    0.0000        19
        1,ADV,advmod     0.7872    0.6607    0.7184        56
       -5,VERB,punct     1.0000    0.0000    0.0000        29
       -2,PROPN,nmod     0.0000    0.0000    0.0000        16
-1,VERB,compound:prt     0.7308    0.9048    0.8085        63
        1,FRAME,ARG3     1.0000    0.0000    0.0000         5
   -1,PRON,acl:relcl     1.0000    0.0000    0.0000         7
        -1,VERB,conj     0.6952    0.8725    0.7738       149
     -1,FRAME,C-ARG1     0.5435    0.6944    0.6098        36
   -2,FRAME,ARGM-LOC     1.0000    0.0000    0.0000        20
   -1,FRAME,ARGM-GOL     0.0000    0.0000    0.0000        15
   -1,FRAME,ARGM-PRP     0.4471    0.6786    0.5390        56
       -2,VERB,punct     0.6759    0.7087    0.6919       309
    1,FRAME,ARGM-LVB     0.7500    0.6875    0.7174        48
   -1,FRAME,ARGM-PRR     0.7302    0.7302    0.7302        63
          1,ADJ,case     0.5455    0.7059    0.6154        17
          -1,ADJ,obl     0.3415    0.5000    0.4058        28
         -1,NUM,nmod     0.5490    0.8750    0.6747        32
       1,NOUN,nummod     0.8354    0.9167    0.8742       144
    2,FRAME,ARGM-LOC     1.0000    0.0000    0.0000         6
    1,FRAME,ARGM-LOC     0.4000    0.2000    0.2667        20
       2,NOUN,nummod     0.5556    0.6250    0.5882         8
         1,PROPN,det     0.8256    0.7634    0.7933        93
       -1,VERB,xcomp     0.9355    0.8788    0.9062        33
         1,NOUN,mark     0.5152    0.8947    0.6538        19
       -2,FRAME,ARG2     0.3158    0.1429    0.1967        42
   -1,FRAME,ARGM-PRD     0.0000    0.0000    0.0000        23
         -1,NOUN,acl     0.5966    0.8353    0.6961        85
         2,PROPN,det     0.7561    0.9118    0.8267        34
       -1,FRAME,ARG0     0.5765    0.6049    0.5904        81
        -1,NOUN,nmod     0.6875    0.8462    0.7586       325
        3,FRAME,ARG0     0.4545    0.5263    0.4878        19
      3,FRAME,R-ARG0     1.0000    0.0000    0.0000         2
        3,VERB,punct     1.0000    0.0000    0.0000         8
    2,FRAME,ARGM-ADV     0.4918    0.6818    0.5714        44
   -2,NOUN,acl:relcl     1.0000    0.0000    0.0000        12
      -1,NOUN,advmod     0.6364    0.6087    0.6222        23
       -7,VERB,punct     1.0000    0.0000    0.0000         4
   -1,FRAME,ARGM-NEG     0.8462    0.8462    0.8462        26
   -1,VERB,parataxis     0.2656    0.4359    0.3301        39
        -4,VERB,conj     1.0000    0.0000    0.0000         7
   -2,VERB,parataxis     0.2000    0.1000    0.1333        20
        -1,PRON,nmod     0.5000    0.1818    0.2667        11
        4,VERB,punct     1.0000    0.0000    0.0000         3
           4,VERB,cc     1.0000    0.0000    0.0000         1
            1,ADJ,cc     0.8598    0.9485    0.9020        97
          1,ADJ,mark     0.7679    0.8958    0.8269        48
   -1,FRAME,ARGM-ADJ     0.0000    0.0000    0.0000        27
   -2,PRON,acl:relcl     0.6316    0.6667    0.6486        18
        -9,VERB,conj     1.0000    0.0000    0.0000         1
      -10,VERB,punct     1.0000    0.0000    0.0000         2
   -1,FRAME,ARGM-MNR     0.4304    0.5763    0.4928        59
         1,VERB,expl     0.8667    0.9070    0.8864        43
           1,ADJ,aux     0.8750    0.6364    0.7368        11
        4,PROPN,case     1.0000    0.0000    0.0000         5
        3,PROPN,case     0.4286    0.3158    0.3636        19
         4,PROPN,det     1.0000    0.0000    0.0000         5
         3,PROPN,det     0.5000    0.3846    0.4348        13
    2,PROPN,compound     0.3571    0.3125    0.3333        48
      1,FRAME,R-ARG1     0.7667    0.7931    0.7797        29
       -6,VERB,punct     1.0000    0.0000    0.0000        15
    2,FRAME,ARGM-DIS     0.6471    0.8148    0.7213        27
        -1,ADP,fixed     0.6667    0.7500    0.7059        16
         -1,VERB,obj     1.0000    0.0000    0.0000         4
    2,FRAME,ARGM-TMP     0.6667    0.7097    0.6875        31
      -1,PROPN,appos     0.2750    0.4889    0.3520        45
       -1,NOUN,appos     0.3937    0.8065    0.5291        62
      -1,NOUN,nummod     0.2683    0.8462    0.4074        13
        -1,NUM,punct     0.2500    0.2222    0.2353        18
         2,VERB,mark     0.0000    0.0000    0.0000        11
       -2,FRAME,ARG0     1.0000    0.0000    0.0000         8
   -4,FRAME,ARGM-TMP     1.0000    0.0000    0.0000         2
   -2,FRAME,ARGM-CAU     0.1875    0.3750    0.2500         8
        -1,NOUN,amod     0.5714    0.3636    0.4444        11
        -1,NOUN,case     0.8125    0.9286    0.8667        14
         -1,ADJ,conj     0.6000    0.8354    0.6984        79
        3,FRAME,ARG1     0.7727    0.5862    0.6667        29
        1,PROPN,amod     0.5185    0.7778    0.6222        18
    1,ADJ,cc:preconj     1.0000    0.0000    0.0000         1
   -1,FRAME,ARGM-CAU     0.7000    0.7000    0.7000        10
         -2,ADJ,conj     0.5000    0.1739    0.2581        23
        -1,ADJ,fixed     0.8333    0.8333    0.8333         6
          1,PROPN,cc     0.8421    0.7500    0.7934        64
       -1,PROPN,conj     0.6761    0.7164    0.6957        67
     -2,FRAME,C-ARG1     1.0000    0.0000    0.0000        11
   -3,FRAME,ARGM-ADV     1.0000    0.0000    0.0000        16
          1,NUM,nmod     1.0000    0.5000    0.6667         2
          1,NUM,case     0.8625    0.9452    0.9020        73
   -6,FRAME,ARGM-ADV     1.0000    0.0000    0.0000         2
   -2,FRAME,ARGM-ADJ     1.0000    0.0000    0.0000         6
        -2,NOUN,nmod     0.3200    0.3478    0.3333        46
         1,NUM,punct     0.5000    0.7419    0.5974        31
         -2,NUM,conj     1.0000    0.0000    0.0000         1
           <UNKNOWN>     0.0000    1.0000    0.0000         0
          2,NUM,case     1.0000    0.0000    0.0000         1
      1,NUM,compound     0.5000    0.3750    0.4286         8
         -2,NUM,nmod     1.0000    0.0000    0.0000         2
         2,NUM,punct     1.0000    0.0000    0.0000        20
         -6,NUM,conj     1.0000    0.0000    0.0000         1
            1,NUM,cc     0.5455    0.7500    0.6316         8
         -7,NUM,conj     1.0000    0.0000    0.0000         1
        -8,NUM,punct     1.0000    0.0000    0.0000         1
  1,FRAME,R-ARGM-MNR     1.0000    0.0000    0.0000         8
       -2,PROPN,conj     0.4762    0.6061    0.5333        33
       -3,PROPN,conj     1.0000    0.0000    0.0000         9
    2,FRAME,ARGM-MNR     0.8571    0.6667    0.7500         9
         -1,NUM,conj     0.2500    0.1250    0.1667         8
     -1,NUM,compound     1.0000    0.0000    0.0000         6
       -4,NOUN,punct     0.3333    0.0417    0.0741        24
   -4,NOUN,acl:relcl     1.0000    0.0000    0.0000         4
   -1,FRAME,ARGM-EXT     0.3846    0.3571    0.3704        14
    -1,NOUN,compound     1.0000    0.0000    0.0000         7
          1,DET,case     1.0000    0.8889    0.9412         9
         -1,DET,nmod     0.5000    0.3846    0.4348        13
         -3,NUM,conj     1.0000    0.0000    0.0000         1
     1,NOUN,goeswith     0.0000    1.0000    0.0000         0
   -3,FRAME,ARGM-TMP     1.0000    0.0000    0.0000         4
       10,FRAME,ARG0     1.0000    0.0000    0.0000         1
       -2,PROPN,case     1.0000    0.8571    0.9231         7
    -1,ADJ,parataxis     0.4375    0.4375    0.4375        16
    3,FRAME,ARGM-LOC     1.0000    0.0000    0.0000         1
  3,FRAME,R-ARGM-LOC     1.0000    0.0000    0.0000         1
    3,FRAME,ARGM-ADV     1.0000    0.0000    0.0000        12
    2,FRAME,ARGM-MOD     0.8868    0.9592    0.9216        49
       -5,NOUN,punct     1.0000    0.0000    0.0000        10
   1,NOUN,cc:preconj     1.0000    0.0000    0.0000         3
          2,PROPN,cc     0.8125    0.8125    0.8125        16
        -3,NOUN,conj     0.1176    0.1333    0.1250        15
     -3,PROPN,advmod     1.0000    0.0000    0.0000         1
          1,ADJ,expl     0.3333    0.7500    0.4615         4
         3,NOUN,case     0.5758    0.5588    0.5672        34
     1,VERB,compound     1.0000    0.0000    0.0000         7
         4,NOUN,amod     1.0000    0.0000    0.0000         3
         3,NOUN,amod     0.3333    0.0667    0.1111        15
        4,NOUN,punct     1.0000    0.0000    0.0000         5
        -2,ADJ,punct     0.4096    0.5862    0.4823        58
       -4,FRAME,ARG1     1.0000    0.0000    0.0000         4
   1,PROPN,nmod:poss     1.0000    0.1111    0.2000         9
   -4,FRAME,ARGM-LOC     1.0000    0.0000    0.0000         1
        -6,ADJ,punct     1.0000    0.0000    0.0000         3
         3,VERB,mark     1.0000    0.0000    0.0000         3
         -2,NOUN,acl     1.0000    0.0000    0.0000         8
     1,ADV,obl:npmod     0.8125    1.0000    0.8966        13
         -4,NOUN,acl     1.0000    0.0000    0.0000         2
    2,FRAME,ARGM-PRR     1.0000    0.0000    0.0000         2
   -3,FRAME,ARGM-PRP     1.0000    0.0000    0.0000         2
         -1,ADV,conj     0.4000    0.3333    0.3636        12
        -1,ADV,punct     0.4242    0.5385    0.4746        26
   -4,FRAME,ARGM-PRD     1.0000    0.0000    0.0000         1
       -1,VERB,fixed     1.0000    0.0000    0.0000         5
    1,FRAME,ARGM-PRP     1.0000    0.0000    0.0000         5
        1,SYM,nummod     1.0000    0.2000    0.3333        10
         -1,SYM,nmod     1.0000    0.0000    0.0000         3
      4,PROPN,advmod     1.0000    0.0000    0.0000         1
    3,PROPN,compound     1.0000    0.0000    0.0000        11
         -1,ADJ,nmod     1.0000    0.0000    0.0000         6
   -3,NOUN,parataxis     1.0000    0.0000    0.0000         1
       -1,VERB,advcl     1.0000    0.0000    0.0000         6
      -2,NOUN,advmod     1.0000    0.0000    0.0000         2
       -9,NOUN,punct     1.0000    0.0000    0.0000         1
         2,NOUN,mark     1.0000    0.0000    0.0000         4
        -2,ADV,advcl     1.0000    0.0000    0.0000         3
        -1,ADV,advcl     0.0000    0.0000    0.0000         2
        -4,ADJ,punct     1.0000    0.0000    0.0000         9
           2,VERB,cc     0.0000    0.0000    0.0000        10
       -1,INTJ,punct     0.8667    0.6190    0.7222        21
        -1,FRAME,C-V     0.7059    0.8571    0.7742        14
       -1,VERB,ccomp     1.0000    0.0000    0.0000         3
          1,SYM,case     0.7273    0.7273    0.7273        11
    -1,SYM,nmod:tmod     1.0000    0.0000    0.0000         1
  1,FRAME,R-ARGM-LOC     0.6667    1.0000    0.8000         4
  -1,PROPN,acl:relcl     1.0000    0.0000    0.0000         5
      2,PROPN,advmod     1.0000    0.0000    0.0000         1
      -2,PROPN,punct     0.3934    0.8136    0.5304        59
      -1,PROPN,punct     0.6481    0.5983    0.6222       117
      -2,PROPN,appos     0.2308    0.2308    0.2308        13
    1,FRAME,ARGM-PRD     0.5000    0.0909    0.1538        11
     -1,PROPN,nummod     0.8333    0.7143    0.7692        28
        1,NUM,advmod     0.5882    0.8333    0.6897        12
    1,NUM,nmod:npmod     1.0000    0.0000    0.0000         2
    4,FRAME,ARGM-TMP     1.0000    0.0000    0.0000         1
        4,FRAME,ARG0     1.0000    0.0000    0.0000         2
         3,NOUN,mark     1.0000    0.0000    0.0000         5
       -3,FRAME,ARG0     1.0000    0.0000    0.0000         1
       -4,PROPN,nmod     1.0000    0.0000    0.0000         1
        7,FRAME,ARG0     1.0000    0.0000    0.0000         1
         -1,PRON,cop     0.7500    0.6000    0.6667        15
          1,PRON,cop     0.4444    1.0000    0.6154         4
       -2,PRON,punct     1.0000    0.0000    0.0000         9
       -1,PRON,punct     0.6154    0.5000    0.5517        16
   1,VERB,nsubj:pass     1.0000    0.0000    0.0000         2
        -4,NOUN,conj     1.0000    0.0000    0.0000        11
      1,PROPN,advmod     0.5000    0.1429    0.2222         7
        -1,PROPN,acl     1.0000    0.0000    0.0000         5
          1,NOUN,aux     1.0000    0.8333    0.9091         6
        -1,ADJ,xcomp     1.0000    0.0000    0.0000         2
         3,ADV,punct     1.0000    0.0000    0.0000         1
        2,ADV,advmod     1.0000    0.0000    0.0000         1
          2,ADV,mark     1.0000    0.0000    0.0000         2
  -5,PROPN,parataxis     1.0000    0.0000    0.0000         2
   -2,FRAME,ARGM-COM     1.0000    0.0000    0.0000         2
      -8,PROPN,punct     1.0000    0.0000    0.0000         3
   2,VERB,csubj:pass     1.0000    0.0000    0.0000         1
   -2,FRAME,ARGM-MNR     1.0000    0.0000    0.0000         8
     -1,FRAME,R-ARG1     1.0000    0.0000    0.0000         1
       -7,FRAME,ARG1     1.0000    0.0000    0.0000         2
          -2,ADJ,obl     1.0000    0.0000    0.0000         7
   -1,FRAME,ARGM-COM     0.6000    0.2727    0.3750        11
   -3,FRAME,ARGM-DIS     1.0000    0.0000    0.0000         3
     -3,FRAME,C-ARG1     1.0000    0.0000    0.0000         4
      2,FRAME,R-ARG0     0.9000    0.9000    0.9000        10
        -5,VERB,conj     1.0000    0.0000    0.0000         1
       -8,VERB,punct     1.0000    0.0000    0.0000         2
        5,FRAME,ARG1     1.0000    0.0000    0.0000         2
  -2,PROPN,acl:relcl     1.0000    0.0000    0.0000         3
       -1,PROPN,list     0.5000    0.0526    0.0952        19
        6,FRAME,ARG0     1.0000    0.0000    0.0000         1
         -1,VERB,obl     1.0000    0.0000    0.0000         6
       -4,FRAME,ARG2     1.0000    0.0000    0.0000         1
       -4,VERB,advcl     1.0000    0.0000    0.0000         2
        5,VERB,punct     1.0000    0.0000    0.0000         3
        7,FRAME,ARG1     1.0000    0.0000    0.0000         1
        2,PROPN,amod     0.5000    0.2857    0.3636         7
       -3,PROPN,nmod     1.0000    0.0000    0.0000         4
           1,ADV,cop     0.6667    0.6154    0.6400        13
    -1,ADV,acl:relcl     1.0000    0.0000    0.0000         4
    3,FRAME,ARGM-DIS     1.0000    0.0000    0.0000         5
          1,ADV,case     0.7143    1.0000    0.8333        10
       -2,PROPN,list     0.1429    0.2750    0.1880        40
       -3,PROPN,list     0.0000    0.0000    0.0000        40
      -3,PROPN,punct     1.0000    0.0000    0.0000        45
       -4,PROPN,list     0.2286    0.2963    0.2581        27
      1,ADV,obl:tmod     1.0000    0.0000    0.0000         1
        -3,PROPN,acl     1.0000    0.0000    0.0000         2
  -1,NOUN,nmod:npmod     1.0000    0.0000    0.0000         4
      -5,PROPN,punct     1.0000    0.0000    0.0000        12
       -5,PROPN,list     1.0000    0.0000    0.0000        16
      -6,PROPN,punct     1.0000    0.0000    0.0000         3
    1,FRAME,ARGM-GOL     1.0000    0.0000    0.0000         2
        2,FRAME,ARG2     1.0000    0.0000    0.0000        10
       -3,PROPN,flat     1.0000    0.0000    0.0000         6
    4,FRAME,ARGM-DIS     1.0000    0.0000    0.0000         1
    2,FRAME,ARGM-CAU     0.8000    0.5714    0.6667         7
    1,FRAME,ARGM-CXN     1.0000    0.0000    0.0000         5
          2,AUX,mark     1.0000    0.0000    0.0000         1
           1,AUX,aux     1.0000    0.0000    0.0000         1
 -2,FRAME,C-ARGM-CXN     1.0000    0.0000    0.0000         1
       5,PROPN,punct     1.0000    0.0000    0.0000         1
    4,PROPN,compound     1.0000    0.0000    0.0000         3
       4,PROPN,punct     1.0000    0.0000    0.0000         2
      -7,PROPN,appos     1.0000    0.0000    0.0000         1
       -2,NOUN,appos     1.0000    0.0000    0.0000        10
       -4,PROPN,conj     1.0000    0.0000    0.0000         7
       2,NOUN,advmod     1.0000    0.0000    0.0000         5
           1,NUM,det     1.0000    0.4286    0.6000         7
          1,NUM,amod     1.0000    0.0000    0.0000         3
      1,PROPN,nummod     1.0000    0.2000    0.3333         5
      1,ADJ,compound     1.0000    0.0000    0.0000         4
        2,NUM,advmod     1.0000    0.0000    0.0000         2
       -5,PROPN,nmod     1.0000    0.0000    0.0000         1
         2,PROPN,cop     1.0000    0.0000    0.0000         8
         1,PROPN,cop     0.6471    0.6471    0.6471        17
        1,DET,advmod     1.0000    0.0000    0.0000         1
       -5,PROPN,conj     1.0000    0.0000    0.0000         4
   -1,FRAME,ARGM-DIR     0.3333    0.3077    0.3200        39
         2,ADJ,punct     1.0000    0.0000    0.0000         3
          2,ADJ,mark     1.0000    0.0000    0.0000         5
        2,ADJ,advmod     1.0000    0.0000    0.0000         1
          1,ADJ,amod     1.0000    0.0000    0.0000        10
       2,VERB,advmod     1.0000    0.0000    0.0000         1
   2,VERB,reparandum     1.0000    0.0000    0.0000         1
        2,VERB,nsubj     1.0000    0.0000    0.0000         1
        3,PROPN,amod     1.0000    0.0000    0.0000         1
       -3,FRAME,ARG2     1.0000    0.0000    0.0000         5
  2,FRAME,R-ARGM-LOC     1.0000    0.0000    0.0000         2
            2,ADJ,cc     1.0000    0.0000    0.0000         5
  2,FRAME,R-ARGM-ADJ     1.0000    0.0000    0.0000         1
       1,PROPN,nsubj     1.0000    0.0000    0.0000         1
    4,FRAME,ARGM-ADV     1.0000    0.0000    0.0000         5
       -6,FRAME,ARG1     1.0000    0.0000    0.0000         1
       -1,VERB,nsubj     1.0000    0.0000    0.0000         2
          4,NOUN,cop     1.0000    0.0000    0.0000         2
          1,INTJ,cop     1.0000    0.0000    0.0000         1
        1,INTJ,punct     1.0000    0.0000    0.0000         4
    3,NOUN,nmod:poss     1.0000    0.0000    0.0000         3
    6,FRAME,ARGM-ADV     1.0000    0.0000    0.0000         3
         1,PRON,mark     1.0000    0.0000    0.0000         2
        1,PRON,punct     1.0000    0.0000    0.0000         1
   -4,FRAME,ARGM-ADV     1.0000    0.0000    0.0000         2
      -1,SCONJ,fixed     1.0000    0.5714    0.7273         7
         -4,ADJ,conj     1.0000    0.0000    0.0000         1
   1,NOUN,det:predet     0.8500    0.8947    0.8718        19
         -2,PRON,acl     1.0000    0.0000    0.0000         1
           1,SYM,cop     1.0000    0.0000    0.0000         3
           1,NUM,cop     0.6875    1.0000    0.8148        11
       -1,SYM,nummod     0.8000    1.0000    0.8889        32
   -1,SYM,nmod:npmod     1.0000    0.0000    0.0000         1
     -1,FRAME,C-ARG3     1.0000    0.0000    0.0000         2
   -1,FRAME,ARGM-DIS     0.3333    0.3333    0.3333        21
            1,ADV,cc     0.7143    0.7143    0.7143        14
          -1,ADJ,cop     1.0000    0.0000    0.0000         4
          -1,ADV,cop     0.5714    0.9231    0.7059        13
    -1,NUM,nmod:tmod     1.0000    0.0000    0.0000         2
         -1,INTJ,obl     1.0000    0.0000    0.0000         2
          1,VERB,obj     1.0000    0.0000    0.0000         1
   -1,FRAME,ARGM-LVB     1.0000    0.0000    0.0000         2
   -2,FRAME,ARGM-DIS     1.0000    0.0000    0.0000         5
   -2,FRAME,ARGM-PRD     1.0000    0.0000    0.0000         2
        -3,ADJ,punct     0.0000    0.0000    0.0000        18
      -5,PROPN,appos     1.0000    0.0000    0.0000         6
        -1,PRON,conj     1.0000    0.0000    0.0000         6
    -1,INTJ,vocative     1.0000    0.0000    0.0000         4
       -2,FRAME,ARG3     1.0000    0.0000    0.0000         2
   -1,NOUN,parataxis     0.7143    0.1724    0.2778        29
   -1,NOUN,nmod:tmod     1.0000    0.0000    0.0000         8
  -1,PROPN,parataxis     1.0000    0.0000    0.0000         7
   1,PROPN,discourse     1.0000    0.0000    0.0000         2
   -2,FRAME,ARGM-DIR     1.0000    0.0000    0.0000         5
        1,VERB,advcl     1.0000    0.0000    0.0000         2
         -2,ADV,conj     1.0000    0.0000    0.0000         4
        -2,ADV,punct     1.0000    0.0000    0.0000         6
        4,FRAME,ARG1     1.0000    0.0000    0.0000         7
    3,NOUN,parataxis     1.0000    0.0000    0.0000         1
        -1,ADJ,advcl     0.2500    0.0909    0.1333        11
      -2,VERB,advmod     1.0000    0.0000    0.0000         1
 -1,FRAME,C-ARGM-CXN     1.0000    0.0000    0.0000         4
          3,NOUN,det     0.5588    0.4524    0.5000        42
          -1,SYM,acl     1.0000    0.0000    0.0000         1
            1,SYM,cc     1.0000    0.0000    0.0000         3
         -1,SYM,conj     1.0000    0.0000    0.0000         2
        -1,VERB,expl     1.0000    0.8750    0.9333         8
           4,NOUN,cc     1.0000    0.0000    0.0000         2
          4,NOUN,det     1.0000    0.0000    0.0000         4
   -3,FRAME,ARGM-LOC     1.0000    0.0000    0.0000         2
   -2,FRAME,ARGM-EXT     1.0000    0.0000    0.0000         1
       -8,PROPN,list     1.0000    0.0000    0.0000        10
       -9,PROPN,list     1.0000    0.0000    0.0000         3
        1,NUM,nummod     0.9375    0.6250    0.7500        24
      -13,PROPN,list     1.0000    0.0000    0.0000         1
        1,NOUN,appos     0.0000    1.0000    0.0000         0
        -1,NUM,appos     1.0000    0.0000    0.0000         9
      3,PROPN,nummod     1.0000    0.0000    0.0000         1
      -15,PROPN,list     1.0000    0.0000    0.0000         1
      -16,PROPN,list     1.0000    0.0000    0.0000         2
      -18,PROPN,list     1.0000    0.0000    0.0000         1
          -1,X,appos     1.0000    0.0000    0.0000         6
        1,X,compound     1.0000    0.0000    0.0000         5
       -1,X,goeswith     0.1429    0.1250    0.1333         8
    -2,NUM,nmod:tmod     0.8696    1.0000    0.9302        20
            1,DET,cc     1.0000    0.0000    0.0000         2
         -1,DET,conj     1.0000    0.0000    0.0000         1
         1,ADV,punct     1.0000    0.1429    0.2500         7
        -1,SYM,punct     0.0000    0.0000    0.0000         2
        -1,SYM,appos     1.0000    0.0000    0.0000         1
         -2,SYM,conj     1.0000    0.0000    0.0000         1
      -3,PROPN,appos     1.0000    0.0000    0.0000         6
      -4,PROPN,appos     1.0000    0.0000    0.0000         4
   -3,VERB,parataxis     1.0000    0.0000    0.0000         7
    3,FRAME,ARGM-MNR     1.0000    0.0000    0.0000         1
    -1,VERB,aux:pass     0.8000    1.0000    0.8889         4
      1,ADJ,vocative     1.0000    0.0000    0.0000         1
  -2,PROPN,parataxis     1.0000    0.0000    0.0000         1
        -2,NUM,punct     1.0000    0.0000    0.0000         6
       -1,NUM,advmod     1.0000    0.0000    0.0000         3
      2,PROPN,nummod     1.0000    0.0000    0.0000         3
           1,X,punct     0.8966    0.7647    0.8254        34
        1,ADJ,nummod     1.0000    0.0000    0.0000         2
     1,ADJ,nmod:poss     1.0000    0.5000    0.6667         2
     3,NOUN,compound     1.0000    0.0000    0.0000         6
        1,VERB,nsubj     1.0000    0.0714    0.1333        14
    2,FRAME,ARGM-NEG     0.7778    0.5833    0.6667        12
       -6,PROPN,list     1.0000    0.0000    0.0000        11
       -7,PROPN,list     1.0000    0.0000    0.0000         3
          -2,X,punct     1.0000    0.0000    0.0000         2
           -1,X,flat     1.0000    0.0000    0.0000         1
         1,ADJ,nsubj     1.0000    0.0000    0.0000         7
         2,ADV,punct     1.0000    0.0000    0.0000         1
    2,FRAME,ARGM-ADJ     1.0000    0.0000    0.0000         2
           1,SYM,det     1.0000    0.0000    0.0000         2
      1,SYM,compound     1.0000    0.0000    0.0000         1
       -1,FRAME,ARG5     1.0000    0.0000    0.0000         1
       -1,SYM,advmod     1.0000    0.0000    0.0000         1
            1,X,case     1.0000    0.0000    0.0000         5
        -1,NOUN,list     1.0000    0.0000    0.0000        18
       -2,X,goeswith     1.0000    0.0000    0.0000         3
          -3,X,punct     1.0000    0.0000    0.0000         1
       -3,X,goeswith     1.0000    0.0000    0.0000         1
         -3,X,nummod     1.0000    0.0000    0.0000         1
   -1,NUM,nmod:npmod     1.0000    0.0000    0.0000         2
          -1,NUM,obl     1.0000    0.0000    0.0000         2
            2,X,case     1.0000    0.0000    0.0000         1
           2,X,punct     1.0000    0.0000    0.0000         1
       -1,PROPN,amod     1.0000    0.0000    0.0000         2
    -2,ADJ,parataxis     1.0000    0.0000    0.0000         6
       -1,ADJ,orphan     1.0000    0.0000    0.0000         1
         -1,VERB,cop     1.0000    0.0000    0.0000         1
        3,NOUN,punct     1.0000    0.0000    0.0000         4
         -2,DET,nmod     1.0000    0.1250    0.2222         8
    2,VERB,parataxis     1.0000    0.0000    0.0000         1
         1,AUX,nsubj     0.2000    0.5000    0.2857         2
       -1,NOUN,advcl     1.0000    0.0000    0.0000         4
   -4,VERB,parataxis     1.0000    0.0000    0.0000         3
   -2,FRAME,ARGM-GOL     1.0000    0.0000    0.0000         2
        -2,PRON,conj     1.0000    0.0000    0.0000         2
   -2,FRAME,ARGM-PRP     1.0000    0.0000    0.0000         8
        -3,NOUN,nmod     1.0000    0.0000    0.0000        14
   1,VERB,cc:preconj     1.0000    0.0000    0.0000         3
     -1,SYM,compound     1.0000    0.0000    0.0000         2
         -2,SYM,nmod     1.0000    0.0000    0.0000         1
       -6,NOUN,punct     1.0000    0.0000    0.0000         2
        -2,NOUN,amod     1.0000    0.0000    0.0000         1
     1,NOUN,vocative     1.0000    0.0000    0.0000         1
    3,FRAME,ARGM-TMP     1.0000    0.0000    0.0000         6
       -1,ADV,advmod     1.0000    0.0000    0.0000         2
        -1,ADJ,ccomp     1.0000    0.0000    0.0000         5
          1,ADV,mark     0.0000    0.0000    0.0000         3
         2,PRON,mark     1.0000    0.0000    0.0000         2
        1,PRON,nsubj     1.0000    0.0000    0.0000         1
    3,FRAME,ARGM-PRR     1.0000    0.0000    0.0000         1
   -3,FRAME,ARGM-MOD     1.0000    0.0000    0.0000         1
   -3,FRAME,ARGM-LVB     1.0000    0.0000    0.0000         1
     -1,ADJ,compound     1.0000    0.0000    0.0000         1
    2,FRAME,ARGM-PRD     1.0000    0.0000    0.0000         1
       -1,ADJ,advmod     1.0000    0.0000    0.0000         6
       -1,X,compound     1.0000    0.0000    0.0000         1
   -2,FRAME,ARGM-LVB     1.0000    0.0000    0.0000         2
        7,PROPN,case     1.0000    0.0000    0.0000         1
         7,PROPN,det     1.0000    0.0000    0.0000         1
   -5,FRAME,ARGM-ADV     1.0000    0.0000    0.0000         1
          4,PROPN,cc     1.0000    0.0000    0.0000         1
   4,PROPN,nmod:poss     1.0000    0.0000    0.0000         1
    3,FRAME,ARGM-CAU     1.0000    0.0000    0.0000         2
      2,FRAME,R-ARG2     1.0000    0.0000    0.0000         1
   -1,FRAME,ARGM-MOD     1.0000    0.0000    0.0000         1
   -3,FRAME,ARGM-GOL     1.0000    0.0000    0.0000         2
          2,NUM,mark     1.0000    0.0000    0.0000         1
           2,NUM,cop     1.0000    0.0000    0.0000         1
          -1,NUM,acl     1.0000    0.0000    0.0000         1
          -1,AUX,obj     1.0000    0.0000    0.0000         1
     -1,AUX,obl:tmod     1.0000    0.0000    0.0000         1
        -1,AUX,advcl     1.0000    0.0000    0.0000         2
        -1,AUX,punct     1.0000    0.0000    0.0000         2
  5,FRAME,R-ARGM-ADV     1.0000    0.0000    0.0000         1
        -4,NOUN,nmod     1.0000    0.0000    0.0000         2
        2,NUM,nummod     1.0000    0.0000    0.0000         3
  3,FRAME,R-ARGM-DIR     1.0000    0.0000    0.0000         1
   1,VERB,reparandum     1.0000    0.0000    0.0000         1
    1,FRAME,ARGM-CAU     0.2000    0.1250    0.1538         8
   -5,FRAME,ARGM-PRP     1.0000    0.0000    0.0000         1
        3,FRAME,ARG2     1.0000    0.0000    0.0000         1
   -3,PRON,acl:relcl     1.0000    0.0000    0.0000         3
   -2,NOUN,nmod:tmod     1.0000    0.0000    0.0000         1
        -3,NOUN,list     1.0000    0.0000    0.0000        15
        -4,NOUN,list     1.0000    0.0000    0.0000        21
        -2,NOUN,list     1.0000    0.0000    0.0000        11
        1,NOUN,nsubj     1.0000    0.0000    0.0000         5
     1,ADJ,obl:npmod     1.0000    0.5000    0.6667         8
       1,PRON,advmod     1.0000    0.0000    0.0000         9
           1,PRON,cc     0.7500    0.6667    0.7059         9
        -6,NOUN,conj     1.0000    0.0000    0.0000         2
        -8,NOUN,conj     1.0000    0.0000    0.0000         3
    -3,ADJ,parataxis     1.0000    0.0000    0.0000         1
     -1,FRAME,C-ARG0     1.0000    0.0000    0.0000         2
   -1,X,flat:foreign     1.0000    0.0000    0.0000         2
   -2,X,flat:foreign     1.0000    0.0000    0.0000         2
   -3,X,flat:foreign     1.0000    0.0000    0.0000         2
   -4,X,flat:foreign     1.0000    0.0000    0.0000         1
   1,NOUN,nmod:npmod     1.0000    0.0000    0.0000         1
  1,PROPN,reparandum     1.0000    0.0000    0.0000         1
   -2,VERB,discourse     1.0000    0.0000    0.0000         3
        -1,ADP,advcl     1.0000    0.0000    0.0000         1
       3,PROPN,punct     1.0000    0.0000    0.0000         4
       -1,PRON,appos     1.0000    0.0000    0.0000         2
        -5,NOUN,conj     1.0000    0.0000    0.0000         5
        -7,NOUN,conj     1.0000    0.0000    0.0000         3
    -2,NUM,parataxis     1.0000    0.0000    0.0000         3
           3,VERB,cc     1.0000    0.0000    0.0000         2
        -1,PRON,case     1.0000    0.0000    0.0000         2
    -1,ADV,discourse     1.0000    0.0000    0.0000         1
        -1,ADV,appos     1.0000    0.0000    0.0000         1
          1,VERB,obl     1.0000    0.0000    0.0000         1
         -5,ADJ,conj     1.0000    0.0000    0.0000         1
         -3,ADJ,conj     1.0000    0.0000    0.0000         4
          -4,ADJ,obl     1.0000    0.0000    0.0000         1
      -1,PROPN,xcomp     1.0000    0.0000    0.0000         1
         -1,NOUN,obl     1.0000    0.0000    0.0000         2
    1,FRAME,ARGM-PRR     1.0000    0.0000    0.0000         1
         -3,NOUN,acl     1.0000    0.0000    0.0000         3
       -8,NOUN,punct     1.0000    0.0000    0.0000         1
       -4,NOUN,appos     1.0000    0.0000    0.0000         1
       1,PUNCT,punct     1.0000    0.0000    0.0000         1
      -1,PUNCT,punct     1.0000    0.0000    0.0000         1
     -1,FRAME,C-ARG2     0.5000    0.1429    0.2222         7
         -1,PRON,acl     0.0000    0.0000    0.0000         2
   2,NOUN,cc:preconj     1.0000    0.0000    0.0000         1
  -1,PRON,cc:preconj     1.0000    0.0000    0.0000         1
        -1,AUX,xcomp     1.0000    0.0000    0.0000         1
         -2,AUX,conj     1.0000    0.0000    0.0000         2
      -1,X,parataxis     1.0000    0.0000    0.0000         1
    2,NOUN,discourse     1.0000    0.0000    0.0000         2
    9,FRAME,ARGM-ADV     1.0000    0.0000    0.0000         1
        -3,NOUN,amod     1.0000    0.0000    0.0000         1
            1,ADP,cc     1.0000    0.0000    0.0000         4
         -1,ADP,conj     1.0000    0.0000    0.0000         4
          1,SYM,amod     1.0000    0.0000    0.0000         1
       -7,PROPN,conj     1.0000    0.0000    0.0000         1
        2,X,compound     1.0000    0.0000    0.0000         1
           -1,X,list     1.0000    0.0000    0.0000         2
           -2,X,list     1.0000    0.0000    0.0000         4
  -1,PROPN,nmod:tmod     1.0000    0.0000    0.0000         3
      -7,PROPN,punct     1.0000    0.0000    0.0000         1
           -1,X,conj     1.0000    0.0000    0.0000         2
    1,VERB,discourse     1.0000    0.0000    0.0000         2
     1,VERB,vocative     1.0000    0.0000    0.0000         2
     1,ADV,discourse     1.0000    0.0000    0.0000         1
       -3,NOUN,appos     1.0000    0.0000    0.0000         1
       -2,FRAME,ARG4     1.0000    0.0000    0.0000         1
        -2,ADV,fixed     1.0000    0.0000    0.0000         1
         5,NOUN,mark     1.0000    0.0000    0.0000         1
        5,NOUN,punct     1.0000    0.0000    0.0000         3
    1,FRAME,ARG1-DSP     1.0000    0.0000    0.0000         4
    1,NOUN,parataxis     1.0000    0.0000    0.0000         1
 -2,FRAME,C-ARG1-DSP     1.0000    0.0000    0.0000         1
        2,PRON,punct     1.0000    0.0000    0.0000         1
         -1,X,advmod     1.0000    0.0000    0.0000         1
      -1,X,acl:relcl     1.0000    0.0000    0.0000         1
       -5,FRAME,ARG1     1.0000    0.0000    0.0000         1
    2,NOUN,parataxis     1.0000    0.0000    0.0000         1
           3,NOUN,cc     1.0000    0.0000    0.0000         4
   -3,FRAME,ARGM-CAU     1.0000    0.0000    0.0000         3
        -5,NOUN,nmod     1.0000    0.0000    0.0000         1
  -1,PROPN,discourse     1.0000    0.0000    0.0000         1
        -2,FRAME,C-V     1.0000    0.0000    0.0000         1
    -1,ADV,obl:npmod     1.0000    0.0000    0.0000         1
          1,NUM,mark     1.0000    0.0000    0.0000         2
   -1,PRON,discourse     1.0000    0.0000    0.0000         2
   -1,VERB,discourse     1.0000    0.4000    0.5714         5
   -1,PROPN,compound     1.0000    0.0000    0.0000         1
   -1,PRON,parataxis     1.0000    0.0000    0.0000         3
     1,SYM,parataxis     1.0000    0.0000    0.0000         1
        -2,SYM,punct     1.0000    0.0000    0.0000         1
  -3,PROPN,parataxis     1.0000    0.0000    0.0000         1
          1,AUX,expl     1.0000    0.0000    0.0000         2
            1,AUX,cc     1.0000    0.0000    0.0000         1
        -2,AUX,punct     1.0000    0.0000    0.0000         3
         2,NOUN,expl     1.0000    0.0000    0.0000         1
    1,VERB,obl:npmod     1.0000    0.0000    0.0000         1
   -1,NOUN,discourse     1.0000    0.0000    0.0000         4
              1,X,cc     1.0000    0.0000    0.0000         1
           -2,X,conj     1.0000    0.0000    0.0000         1
         1,NOUN,nmod     1.0000    0.0000    0.0000         3
   -3,NOUN,acl:relcl     1.0000    0.0000    0.0000         1
        -1,PROPN,cop     1.0000    0.0000    0.0000         1
   -2,NOUN,parataxis     1.0000    0.0000    0.0000         2
    -1,DET,discourse     1.0000    0.0000    0.0000         1
           2,ADV,aux     1.0000    0.0000    0.0000         1
   -1,FRAME,ARGM-CXN     1.0000    0.0000    0.0000         7
          1,CCONJ,cc     1.0000    0.0000    0.0000         1
       1,CCONJ,punct     1.0000    1.0000    1.0000         1
         1,ADV,nsubj     1.0000    0.0000    0.0000         1
           1,ADV,aux     1.0000    0.0000    0.0000         1
          -1,ADJ,obj     1.0000    0.0000    0.0000         2
            3,ADV,cc     1.0000    0.0000    0.0000         1
            2,ADV,cc     1.0000    0.0000    0.0000         1
           2,ADV,cop     1.0000    0.0000    0.0000         1
  -3,PROPN,discourse     1.0000    0.0000    0.0000         1
           1,INTJ,cc     1.0000    0.0000    0.0000         1
           1,ADJ,obl     1.0000    0.0000    0.0000         1
          2,DET,case     1.0000    0.0000    0.0000         2
    1,DET,det:predet     1.0000    0.0000    0.0000         1
          -1,ADJ,acl     1.0000    0.0000    0.0000         1
    1,DET,nmod:npmod     1.0000    0.0000    0.0000         1
         1,PROPN,dep     1.0000    0.0000    0.0000         1
          2,PRON,cop     1.0000    0.0000    0.0000         1
     2,ADJ,discourse     1.0000    0.0000    0.0000         1
         1,ADJ,advcl     1.0000    0.0000    0.0000         1
    -2,ADJ,discourse     1.0000    0.0000    0.0000         1
        -6,VERB,conj     1.0000    0.0000    0.0000         1
        -8,VERB,conj     1.0000    0.0000    0.0000         1
        -3,PRON,conj     1.0000    0.0000    0.0000         1
         1,NUM,advcl     1.0000    0.0000    0.0000         1
 -1,FRAME,C-ARGM-LOC     1.0000    0.0000    0.0000         1
    -1,ADJ,discourse     1.0000    0.0000    0.0000         4
       -6,PROPN,conj     1.0000    0.0000    0.0000         1
    -1,NUM,acl:relcl     1.0000    0.0000    0.0000         1
           1,ADJ,obj     1.0000    0.0000    0.0000         1
          -3,ADJ,obl     1.0000    0.0000    0.0000         1
        1,FRAME,ARGA     1.0000    0.0000    0.0000         2
    -1,DET,acl:relcl     1.0000    0.0000    0.0000         3
         1,DET,punct     1.0000    0.0000    0.0000         2
           1,DET,cop     1.0000    0.0000    0.0000         1
        -1,DET,punct     1.0000    0.0000    0.0000         3
   -2,PROPN,compound     1.0000    0.0000    0.0000         2
        -4,NOUN,amod     1.0000    0.0000    0.0000         1
   -4,NOUN,parataxis     1.0000    0.0000    0.0000         1
   -7,NOUN,parataxis     1.0000    0.0000    0.0000         1
        2,PROPN,nmod     1.0000    0.0000    0.0000         1
           1,ADV,det     1.0000    0.0000    0.0000         2
    1,NOUN,discourse     1.0000    0.0000    0.0000         1
         -2,PRON,cop     1.0000    0.0000    0.0000         1
       1,PART,advmod     1.0000    0.0000    0.0000         1
    4,FRAME,ARGM-CAU     1.0000    0.0000    0.0000         1
   -6,VERB,parataxis     1.0000    0.0000    0.0000         1
      1,ADP,goeswith     1.0000    0.0000    0.0000         1
       -9,VERB,punct     1.0000    0.0000    0.0000         1
      -1,PRON,advmod     1.0000    0.0000    0.0000         2
    -1,VERB,compound     1.0000    0.0000    0.0000         3
    3,FRAME,ARGM-MOD     1.0000    0.0000    0.0000         3
       -2,VERB,advcl     1.0000    0.0000    0.0000         1
      3,FRAME,R-ARG1     1.0000    0.0000    0.0000         1
         3,PROPN,cop     1.0000    0.0000    0.0000         1
        -1,ADV,xcomp     1.0000    0.0000    0.0000         1
           5,VERB,cc     1.0000    0.0000    0.0000         1
        3,VERB,advcl     1.0000    0.0000    0.0000         1
   2,PROPN,nmod:poss     1.0000    0.0000    0.0000         2
       -3,FRAME,ARG3     1.0000    0.0000    0.0000         1
         1,ADV,advcl     1.0000    0.0000    0.0000         1
        -3,ADV,punct     1.0000    0.0000    0.0000         1
   2,NOUN,det:predet     1.0000    0.0000    0.0000         1
    -2,ADV,parataxis     1.0000    0.0000    0.0000         1
        -4,ADV,punct     1.0000    0.0000    0.0000         1
         1,AUX,punct     1.0000    0.0000    0.0000         2
        1,AUX,advmod     1.0000    0.0000    0.0000         1
         1,AUX,advcl     1.0000    0.0000    0.0000         1
   -3,VERB,discourse     1.0000    0.0000    0.0000         3
    -1,ADV,parataxis     1.0000    0.0000    0.0000         2
        -9,NOUN,conj     1.0000    0.0000    0.0000         1
       -10,NOUN,conj     1.0000    0.0000    0.0000         2
       3,NOUN,nummod     1.0000    0.0000    0.0000         1
       -13,NOUN,conj     1.0000    0.0000    0.0000         2
       -15,NOUN,nmod     1.0000    0.0000    0.0000         1
   -2,NOUN,discourse     1.0000    0.0000    0.0000         1
        2,FRAME,ARG3     1.0000    0.0000    0.0000         1
   -1,INTJ,discourse     1.0000    0.0000    0.0000         1
   -2,INTJ,discourse     1.0000    0.0000    0.0000         1
       -3,INTJ,punct     1.0000    0.0000    0.0000         1
          1,ADV,amod     1.0000    0.0000    0.0000         3
        1,PROPN,mark     1.0000    0.0000    0.0000         1
       4,NOUN,nummod     1.0000    0.0000    0.0000         1
       -4,PROPN,flat     1.0000    0.0000    0.0000         1
          1,NUM,list     1.0000    0.0000    0.0000         1
   -1,PROPN,vocative     1.0000    0.0000    0.0000         1
        -1,VERB,list     1.0000    0.0000    0.0000         1
           1,PART,cc     1.0000    0.6667    0.8000         3
      -14,NOUN,punct     1.0000    0.0000    0.0000         1
     -1,PROPN,advmod     1.0000    0.0000    0.0000         1
       -1,PRON,xcomp     1.0000    0.0000    0.0000         1
         1,PART,mark     1.0000    0.0000    0.0000         1
        -2,ADV,ccomp     1.0000    0.0000    0.0000         1
       -2,DET,advmod     1.0000    0.0000    0.0000         1
           1,ADP,aux     1.0000    0.0000    0.0000         2
           1,ADP,cop     1.0000    0.0000    0.0000         2
   -2,PRON,parataxis     1.0000    0.0000    0.0000         1
           1,ADV,obl     1.0000    0.0000    0.0000         1
          -3,ADV,obl     1.0000    0.0000    0.0000         1
          2,ADJ,case     1.0000    0.0000    0.0000         1
       -1,VERB,appos     1.0000    0.0000    0.0000         1
    1,FRAME,ARGM-DIR     1.0000    0.0000    0.0000         2
    -1,NUM,parataxis     1.0000    0.0000    0.0000         1
      1,ADJ,goeswith     1.0000    0.0000    0.0000         2
        2,PROPN,mark     1.0000    0.0000    0.0000         2
       -1,PART,punct     1.0000    0.0000    0.0000         2
        1,SYM,advmod     1.0000    1.0000    1.0000         1
        5,NOUN,nsubj     1.0000    0.0000    0.0000         1
      1,ADJ,aux:pass     1.0000    0.0000    0.0000         1
         1,INTJ,amod     1.0000    0.0000    0.0000         1
       -2,INTJ,punct     1.0000    0.0000    0.0000         1
        -5,ADJ,punct     1.0000    0.0000    0.0000         1
       -1,NOUN,csubj     1.0000    0.0000    0.0000         1
          3,NOUN,cop     1.0000    0.0000    0.0000         1
        1,PART,punct     1.0000    0.0000    0.0000         1
         -1,AUX,conj     1.0000    0.0000    0.0000         1
         -1,ADJ,expl     1.0000    0.0000    0.0000         1
         -1,NOUN,cop     1.0000    0.0000    0.0000         1
          1,AUX,mark     1.0000    1.0000    1.0000         1
     1,ADJ,discourse     1.0000    0.0000    0.0000         1

            accuracy                         0.7635     25096
           macro avg     0.8781    0.1917    0.1814     25096
        weighted avg     0.7915    0.7635    0.7415     25096

2021-10-07 18:26:27,078 ----------------------------------------------------------------------------------------------------
