0.5326&CharEmbed+GloVe+UPOSEmbeddingGOLD+FrameEmbeddingGOLD&0.1&500&1&0&0&32&120&0.2&2807.0&4286.0&6541.0&39.57&30.03&34.15&model/depless/upos/goldpos/goldframes/bc341bf8-eed9-4078-9d24-335efb9aeb6d\\
0.5167&CharEmbed+GloVe+UPOSEmbeddingGOLD+FrameEmbeddingGOLD&0.1&700&1&0&0&32&120&0.2&2642.0&4329.0&6706.0&37.9&28.26&32.38&model/depless/upos/goldpos/goldframes/19923aef-8382-4bca-a9fb-54f07b7fbb20\\
0.5576&CharEmbed+GloVe+UPOSEmbeddingGOLD+FrameEmbeddingGOLD&0.3&500&1&0&0&32&120&0.2&3053.0&4137.0&6295.0&42.46&32.66&36.92&model/depless/upos/goldpos/goldframes/34b4661d-8216-4ccd-8013-f19d53d108e9\\
0.5743&CharEmbed+GloVe+UPOSEmbeddingGOLD+FrameEmbeddingGOLD&0.5&500&1&0&0&32&120&0.2&3232.0&4330.0&6116.0&42.74&34.57&38.23&model/depless/upos/goldpos/goldframes/3e53b116-f8aa-4cbb-8a1c-d028effadf45\\
0.5838&CharEmbed+GloVe+UPOSEmbeddingGOLD+FrameEmbeddingGOLD&0.7&500&1&0&0&32&120&0.2&3361.0&4365.0&5987.0&43.5&35.95&39.37&model/depless/upos/goldpos/goldframes/0f1f094d-60f4-4690-9ba2-b48858cb0840\\
0.5809&CharEmbed+GloVe+UPOSEmbeddingGOLD+FrameEmbeddingGOLD&0.9&500&1&0&0&32&120&0.2&3283.0&4198.0&6065.0&43.88&35.12&39.02&model/depless/upos/goldpos/goldframes/5ea40646-76be-402e-9ae8-602755893677\\
0.581&CharEmbed+GloVe+UPOSEmbeddingGOLD+FrameEmbeddingGOLD&0.8&500&1&0&0&32&120&0.2&3286.0&4453.0&6062.0&42.46&35.15&38.46&model/depless/upos/goldpos/goldframes/78c83390-d3cf-4832-857d-7afa1e0d7560\\
0.6019&CharEmbed+GloVe+UPOSEmbeddingGOLD+FrameEmbeddingGOLD&0.8&500&1&0.2&0&32&120&0.2&3444.0&4157.0&5904.0&45.31&36.84&40.64&model/depless/upos/goldpos/goldframes/d66d6c67-119e-4506-a947-b64f18d94f0c\\
0.5993&CharEmbed+GloVe+UPOSEmbeddingGOLD+FrameEmbeddingGOLD&0.8&500&1&0.4&0&32&120&0.2&3418.0&4127.0&5930.0&45.3&36.56&40.47&model/depless/upos/goldpos/goldframes/980697f0-e8dd-4642-8b2f-7e037e16fbbb\\
0.6065&CharEmbed+GloVe+UPOSEmbeddingGOLD+FrameEmbeddingGOLD&0.8&500&1&0.4&0.2&32&120&0.2&3504.0&3990.0&5844.0&46.76&37.48&41.61&model/depless/upos/goldpos/goldframes/a4e6502d-dd65-4d8a-92a6-d81b81bd0a2b\\
0.6089&CharEmbed+GloVe+UPOSEmbeddingGOLD+FrameEmbeddingGOLD&0.8&500&1&0.2&0.2&32&120&0.2&3501.0&4074.0&5847.0&46.22&37.45&41.38&model/depless/upos/goldpos/goldframes/700f6f1d-eeda-4fd6-bbba-c0a8fa522814\\
0.6977&CharEmbed+GloVe+FlairNewsForward+FlairNewsBackward+UPOSEmbeddingGOLD+FrameEmbeddingGOLD&0.8&500&1&0.2&0.2&32&120&0.2&4327.0&3494.0&5021.0&55.33&46.29&50.4&model/depless/upos/goldpos/goldframes/61c545d9-00ac-4488-ae16-5d27538197c5\\
0.6844&CharEmbed+GloVe+ELMoSmallTop+UPOSEmbeddingGOLD+FrameEmbeddingGOLD&0.8&500&1&0.2&0.2&32&120&0.2&4365.0&3589.0&4983.0&54.88&46.69&50.46&model/depless/upos/goldpos/goldframes/3ce7ee2e-71f1-484c-a355-14c89d9be88a\\
0.6529&CharEmbed+GloVe+RobertaLarge+UPOSEmbeddingGOLD+FrameEmbeddingGOLD&0.8&500&1&0.2&0.2&32&120&0.2&3796.0&3598.0&5552.0&51.34&40.61&45.35&model/depless/upos/goldpos/goldframes/1a7de8c6-df76-473f-9206-9e7514ecf582\\
0.6813&CharEmbed+GloVe+ELMoSmallAverage+UPOSEmbeddingGOLD+FrameEmbeddingGOLD&0.8&500&1&0.2&0.2&32&120&0.2&4325.0&3672.0&5023.0&54.08&46.27&49.87&model/depless/upos/goldpos/goldframes/6f4d3a1c-ceef-4ad0-9edf-6d8c8d35bd8d\\
0.6605&CharEmbed+GloVe+ELMoOriginalTop+UPOSEmbeddingGOLD+FrameEmbeddingGOLD&0.3&500&1&0&0&32&120&0.2&4105.0&3694.0&5243.0&52.63&43.91&47.88&model/depless/upos/goldpos/goldframes/3a0b7cb7-4019-4f31-8a7c-3d314c95d2b8\\
0.6848&CharEmbed+GloVe+ELMoOriginalTop+UPOSEmbeddingGOLD+FrameEmbeddingGOLD&0.8&500&1&0.2&0.2&32&120&0.2&4361.0&3600.0&4987.0&54.78&46.65&50.39&model/depless/upos/goldpos/goldframes/4a623dae-d7e9-4d12-81aa-a6c80e8990fd\\
0.6826&CharEmbed+GloVe+ELMoOriginalAll+UPOSEmbeddingGOLD+FrameEmbeddingGOLD&0.8&500&1&0.2&0.2&32&120&0.2&4346.0&3523.0&5002.0&55.23&46.49&50.48&model/depless/upos/goldpos/goldframes/5bc7b753-44f0-4eed-a2aa-a86cdf2beba3\\
0.6779&CharEmbed+GloVe+ELMoSmallTop+FlairNewsForward+FlairNewsBackward+UPOSEmbeddingGOLD+FrameEmbeddingGOLD&0.8&500&1&0.2&0.2&32&120&0.2&4298.0&3626.0&5050.0&54.24&45.98&49.77&model/depless/upos/goldpos/goldframes/ed2fe939-746f-4514-b85f-5d8bfd62ba05\\
0.2066&CharEmbed+GloVe+RobertaLarge+FlairNewsForward+FlairNewsBackward+UPOSEmbeddingGOLD+FrameEmbeddingGOLD&0.8&500&1&0.2&0.2&32&120&0.2&16.0&172.0&9332.0&8.51&0.17&0.34&model/depless/upos/goldpos/goldframes/1f7f920a-80a7-4d6f-a489-573b39196052\\
0.7309&CharEmbed+GloVe+FlairNewsForward+FlairNewsBackward+UPOSEmbeddingGOLD+FrameEmbeddingGOLD&0.8&500&1&0.2&0.2&32&120&0.4&4665.0&3216.0&4683.0&59.19&49.9&54.15&model/depless/upos/goldpos/goldframes/8c76ee0e-b8bc-449a-afbb-206bdc8fcd79\\
0.7476&CharEmbed+GloVe+FlairNewsForward+FlairNewsBackward+UPOSEmbeddingGOLD+FrameEmbeddingGOLD&0.8&500&1&0.2&0.2&32&120&0.6&4791.0&3092.0&4557.0&60.78&51.25&55.61&model/depless/upos/goldpos/goldframes/d86b74ce-6e93-4c3c-a4ca-dc43be92b901\\
0.7732&CharEmbed+GloVe+FlairNewsForward+FlairNewsBackward+UPOSEmbeddingGOLD+FrameEmbeddingGOLD&0.8&500&1&0.2&0.2&32&120&0.8&5120.0&2803.0&4228.0&64.62&54.77&59.29&model/depless/upos/goldpos/goldframes/c0eb120e-9f8b-49ae-a4ba-44961f88deb0\\
0.6268&CharEmbed+GloVe+UPOSEmbeddingGOLD+FrameEmbeddingGOLD+CRF&0.8&500&1&0.2&0.2&32&120&1.0&3925.0&3829.0&5423.0&50.62&41.99&45.9&model/depless/upos/goldpos/goldframes/de479f22-53ee-47cc-a34b-637e29316e0d\\
0.8153&BertLargeCasedFineTune&5727.0&2231.0&3621.0&71.97&61.26&66.19&model/depless/upos/transformer/8df00942-73b9-4ecf-a3f9-47916f91adb3\\
0.7826&CharEmbed+GloVe+FlairNewsForward+FlairNewsBackward+UPOSEmbeddingGOLD+FrameEmbeddingGOLD&0.8&500&1&0.2&0.2&32&120&1.0&5294.0&2710.0&4054.0&66.14&56.63&61.02&model/depless/upos/goldpos/goldframes/3dd9c4df-79d9-4ebc-828a-57fcad88a99c\\
