0.6597	-0-glove-english-1-Char-2-uposembeddings-3-one-hot	0.1	500	1	0	0	32	120	0.2	model/srlextended/upos/goldpos/goldframes/2deca3d6-2620-11ec-b694-e4434bba64f0
0.5672&CharEmbed+GloVe+FlairNewsForward+FlairNewsBackward+UPOSEmbeddingGOLD+FrameEmbeddingGOLD&0.1&700&1&0&0&32&120&0.2&3156.0&3113.0&6192.0&50.34&33.76&model/srlextended/upos/goldpos/goldframes/5fcfa3f7-9f2c-4df3-81a5-0456213f97be\\
0.4586&CharEmbed+GloVe+UPOSEmbeddingGOLD+FrameEmbeddingGOLD&0.1&700&1&0&0&32&120&0.2&2320.0&3691.0&7028.0&38.6&24.82&model/srlextended/upos/goldpos/goldframes/99f94efd-3381-460e-9e51-db33248dbb6e\\
0.4624&CharEmbed+GloVe+UPOSEmbeddingGOLD+FrameEmbeddingGOLD&0.1&300&1&0&0&32&120&0.2&2352.0&3513.0&6996.0&40.1&25.16&model/srlextended/upos/goldpos/goldframes/eecf9cdf-f1ca-4608-9d1c-36e56be10be2\\
0.5062&CharEmbed+GloVe+UPOSEmbeddingGOLD+FrameEmbeddingGOLD&0.3&500&1&0&0&32&120&0.2&2793.0&3886.0&6555.0&41.82&29.88&34.85&model/srlextended/upos/goldpos/goldframes/d3198c54-f42e-42b1-b5df-bdf62e592441\\
0.7916&RobertaLargeFineTune&5523.0&1921.0&3825.0&74.19&59.08&65.78&model/srlextended/upos/transformer/3bffaa33-b233-447a-815b-705fd6e3afba\\
0.7877&BertLargeCasedFineTune&5584.0&2005.0&3764.0&73.58&59.73&65.94&model/srlextended/upos/transformer/da1dee03-d819-4994-abc4-a57747d655a6\\
0.4953&CharEmbed+GloVe+UPOSEmbeddingGOLD+FrameEmbeddingGOLD&0.1&500&1&0&0&32&120&0.2&2710.0&3947.0&6638.0&40.71&28.99&33.86&model/srlextended/upos/goldpos/goldframes/d39fbd57-5545-4bf8-82e0-7d3303f6e379\\
0.4999&CharEmbed+GloVe+UPOSEmbeddingGOLD+FrameEmbeddingGOLD&0.1&400&1&0&0&32&120&0.2&2726.0&3915.0&6622.0&41.05&29.16&34.1&model/srlextended/upos/goldpos/goldframes/0ff57c67-906f-499d-bb40-96de947bba8a\\
0.5467&CharEmbed+GloVe+UPOSEmbeddingGOLD+FrameEmbeddingGOLD&0.9&400&1&0&0&32&120&0.2&3188.0&3888.0&6160.0&45.05&34.1&38.82&model/srlextended/upos/goldpos/goldframes/0b2f60df-4e09-41cf-b9c3-3a31e2b79277\\
0.5492&CharEmbed+GloVe+UPOSEmbeddingGOLD+FrameEmbeddingGOLD&0.9&300&1&0&0&32&120&0.2&3155.0&3881.0&6193.0&44.84&33.75&38.51&model/srlextended/upos/goldpos/goldframes/0385adc1-302a-457d-ac10-d7fbc2b0b073\\
0.5434&CharEmbed+GloVe+UPOSEmbeddingGOLD+FrameEmbeddingGOLD&0.9&900&1&0&0&32&120&0.2&3180.0&3992.0&6168.0&44.34&34.02&38.5&model/srlextended/upos/goldpos/goldframes/84d770c8-9bb5-4348-bac6-35ec94994f05\\
0.5303&CharEmbed+GloVe+UPOSEmbeddingGOLD+FrameEmbeddingGOLD&0.9&2000&1&0&0&32&120&0.2&3038.0&4125.0&6310.0&42.41&32.5&36.8&model/srlextended/upos/goldpos/goldframes/e6d1ae7b-00ee-4ace-8ad1-df4dd47fe6a2\\
0.5431&CharEmbed+GloVe+UPOSEmbeddingGOLD+FrameEmbeddingGOLD&0.8&400&1&0&0&32&120&0.2&3139.0&3862.0&6209.0&44.84&33.58&38.4&model/srlextended/upos/goldpos/goldframes/4e5cddd6-79de-4db4-82ab-f4f4e3bdcf8b\\
0.5424&CharEmbed+GloVe+UPOSEmbeddingGOLD+FrameEmbeddingGOLD&0.9&200&1&0&0&32&120&0.2&3112.0&3822.0&6236.0&44.88&33.29&38.23&model/srlextended/upos/goldpos/goldframes/6e7e1720-c16c-48ff-a6ba-0c06124e5bf4\\
0.5453&CharEmbed+GloVe+UPOSEmbeddingGOLD+FrameEmbeddingGOLD&0.7&300&1&0&0&32&120&0.2&3181.0&3766.0&6167.0&45.79&34.03&39.04&model/srlextended/upos/goldpos/goldframes/1872f65a-7cf7-4466-b7dd-8db4e41c7612\\
0.5396&CharEmbed+GloVe+UPOSEmbeddingGOLD+FrameEmbeddingGOLD&0.5&300&1&0&0&32&120&0.2&3129.0&4072.0&6219.0&43.45&33.47&37.81&model/srlextended/upos/goldpos/goldframes/6b632546-47c1-4c0d-9e8f-3dbec7d6d3f5\\
0.55&CharEmbed+GloVe+UPOSEmbeddingGOLD+FrameEmbeddingGOLD&1.2&300&1&0&0&32&120&0.2&3183.0&4034.0&6165.0&44.1&34.05&38.43&model/srlextended/upos/goldpos/goldframes/aee5e83f-a181-4d67-be6c-32b6b8cc92d7\\
0.542&CharEmbed+GloVe+UPOSEmbeddingGOLD+FrameEmbeddingGOLD&2&300&1&0&0&32&120&0.2&3154.0&3910.0&6194.0&44.65&33.74&38.44&model/srlextended/upos/goldpos/goldframes/bfef5cfe-40b1-4d97-befc-07a7e4ee099d\\
0.7644&CharEmbed+ELMoSmallTop+UPOSEmbeddingGOLD+FrameEmbeddingGOLD&1.2&500&2&0.2&0.2&32&120&1.0&5173.0&2363.0&4175.0&68.64&55.34&61.28&model/srlextended/upos/goldpos/goldframes/e272465a-13e3-4578-8707-5f46876dda9e\\
