+++++++++++++++++++++++++++++++++++++++++++++++
2021-09-28 22:28:04.479449  EXPERIMENT : model/srlextended/upos/goldpos/goldframes/0.2-1-1-0.2-0.1-0-glove-english-955ef
Tagger version : RELPOSVERSIONS.SRLEXTENDED
	lr:0.2
	hidden size:1
	layer:1
	dropout:0.2
	locked dropout:0.1
	batch size:16
	max epoch:1
	downsample ratio:0.2
F1 Score : 	0.0681
CoNLL05 GOLD FRAME AND GOLD POS
	correct	0.0
	excess	0.0
	missed	9348.0
	recall	0.0
	precision	0.0
	f1	0.0
2021-09-28 22:28:31.094607	EXPERIMENT COMPLETED
+++++++++++++++++++++++++++++++++++++++++++++++
+++++++++++++++++++++++++++++++++++++++++++++++
2021-09-28 22:29:38.785917  EXPERIMENT : model/srlextended/upos/goldpos/goldframes/0.2-1-1-0.2-0.1-0-glove-english-cd95d
Tagger version : RELPOSVERSIONS.SRLEXTENDED
	lr:0.2
	hidden size:1
	layer:1
	dropout:0.2
	locked dropout:0.1
	batch size:16
	max epoch:1
	downsample ratio:0.2
F1 Score : 	0.0681
CoNLL05 GOLD FRAME AND GOLD POS
	correct	0.0
	excess	0.0
	missed	9348.0
	recall	0.0
	precision	0.0
	f1	0.0
2021-09-28 22:30:02.695906	EXPERIMENT COMPLETED
+++++++++++++++++++++++++++++++++++++++++++++++
