+++++++++++++++++++++++++++++++++++++++++++++++
2021-10-02 20:51:45.700142  EXPERIMENT : model/flattened/upos/goldpos/goldframes/1-1024-2-0-0-0-glove-english-ca7b2
Tagger version : RELPOSVERSIONS.FLATTENED
	lr:1
	hidden size:1024
	layer:2
	dropout:0
	locked dropout:0
	batch size:32
	max epoch:120
	downsample ratio:0.2
F1 Score : 	0.5141
CoNLL05 tests failed
2021-10-02 21:03:44.766928	EXPERIMENT COMPLETED
+++++++++++++++++++++++++++++++++++++++++++++++
+++++++++++++++++++++++++++++++++++++++++++++++
2021-10-02 21:09:53.717028  EXPERIMENT : model/flattened/upos/goldpos/goldframes/1-1024-2-0-0-0-glove-english-1-Char-52fca
Tagger version : RELPOSVERSIONS.FLATTENED
	lr:1
	hidden size:1024
	layer:2
	dropout:0
	locked dropout:0
	batch size:32
	max epoch:120
	downsample ratio:0.2
F1 Score : 	0.5364
CoNLL05 tests failed
2021-10-02 21:35:43.280635	EXPERIMENT COMPLETED
+++++++++++++++++++++++++++++++++++++++++++++++
+++++++++++++++++++++++++++++++++++++++++++++++
2021-10-02 21:36:14.644806  EXPERIMENT : model/flattened/upos/goldpos/goldframes/0.9-1024-2-0-0-0-glove-english-014b8
Tagger version : RELPOSVERSIONS.FLATTENED
	lr:0.9
	hidden size:1024
	layer:2
	dropout:0
	locked dropout:0
	batch size:32
	max epoch:120
	downsample ratio:0.2
F1 Score : 	0.5162
CoNLL05 tests failed
2021-10-02 21:49:54.807032	EXPERIMENT COMPLETED
+++++++++++++++++++++++++++++++++++++++++++++++
+++++++++++++++++++++++++++++++++++++++++++++++
2021-10-02 21:52:12.586884  EXPERIMENT : model/flattened/upos/goldpos/goldframes/0.8-1024-2-0-0-0-glove-english-3c468
Tagger version : RELPOSVERSIONS.FLATTENED
	lr:0.8
	hidden size:1024
	layer:2
	dropout:0
	locked dropout:0
	batch size:32
	max epoch:120
	downsample ratio:0.2
F1 Score : 	0.5092
CoNLL05 tests failed
2021-10-02 22:04:30.542552	EXPERIMENT COMPLETED
+++++++++++++++++++++++++++++++++++++++++++++++
+++++++++++++++++++++++++++++++++++++++++++++++
2021-10-02 22:20:55.396079  EXPERIMENT : model/flattened/upos/goldpos/goldframes/0.85-1024-2-0-0-0-glove-english-3f25d
Tagger version : RELPOSVERSIONS.FLATTENED
	lr:0.85
	hidden size:1024
	layer:2
	dropout:0
	locked dropout:0
	batch size:32
	max epoch:120
	downsample ratio:0.2
F1 Score : 	0.5151
CoNLL05 tests failed
2021-10-02 22:32:20.935449	EXPERIMENT COMPLETED
+++++++++++++++++++++++++++++++++++++++++++++++
+++++++++++++++++++++++++++++++++++++++++++++++
2021-10-02 23:14:01.880732  EXPERIMENT : model/flattened/upos/goldpos/goldframes/0.95-1024-2-0-0-0-glove-english-aa708
Tagger version : RELPOSVERSIONS.FLATTENED
	lr:0.95
	hidden size:1024
	layer:2
	dropout:0
	locked dropout:0
	batch size:32
	max epoch:120
	downsample ratio:0.2
F1 Score : 	0.5175
CoNLL05 tests failed
2021-10-02 23:27:47.885666	EXPERIMENT COMPLETED
+++++++++++++++++++++++++++++++++++++++++++++++
+++++++++++++++++++++++++++++++++++++++++++++++
2021-10-02 23:43:40.122589  EXPERIMENT : model/flattened/upos/goldpos/goldframes/1e-05-1024-2-0-0-0-glove-english-ce5b0
Tagger version : RELPOSVERSIONS.FLATTENED
	lr:1e-05
	hidden size:1024
	layer:2
	dropout:0
	locked dropout:0
	batch size:32
	max epoch:120
	downsample ratio:0.2
+++++++++++++++++++++++++++++++++++++++++++++++
2021-10-03 00:26:49.868702  EXPERIMENT : model/flattened/upos/goldpos/goldframes/0.95-3000-1-0-0-0-glove-english-d5d12
Tagger version : RELPOSVERSIONS.FLATTENED
	lr:0.95
	hidden size:3000
	layer:1
	dropout:0
	locked dropout:0
	batch size:32
	max epoch:120
	downsample ratio:0.2
F1 Score : 	0.4957
CoNLL05 tests failed
2021-10-03 00:51:57.741936	EXPERIMENT COMPLETED
+++++++++++++++++++++++++++++++++++++++++++++++
+++++++++++++++++++++++++++++++++++++++++++++++
2021-10-03 01:13:01.762725  EXPERIMENT : model/flattened/upos/goldpos/goldframes/0.95-1000-2-0-0-0-glove-english-4a265
Tagger version : RELPOSVERSIONS.FLATTENED
	lr:0.95
	hidden size:1000
	layer:2
	dropout:0
	locked dropout:0
	batch size:32
	max epoch:120
	downsample ratio:0.2
F1 Score : 	0.5179
CoNLL05 tests failed
2021-10-03 01:27:22.444228	EXPERIMENT COMPLETED
+++++++++++++++++++++++++++++++++++++++++++++++
+++++++++++++++++++++++++++++++++++++++++++++++
2021-10-03 01:46:24.945535  EXPERIMENT : model/flattened/upos/goldpos/goldframes/0.95-900-2-0-0-0-glove-english-f428f
Tagger version : RELPOSVERSIONS.FLATTENED
	lr:0.95
	hidden size:900
	layer:2
	dropout:0
	locked dropout:0
	batch size:32
	max epoch:120
	downsample ratio:0.2
F1 Score : 	0.52
CoNLL05 tests failed
2021-10-03 02:00:11.965831	EXPERIMENT COMPLETED
+++++++++++++++++++++++++++++++++++++++++++++++
+++++++++++++++++++++++++++++++++++++++++++++++
2021-10-03 02:21:26.161204  EXPERIMENT : model/flattened/upos/goldpos/goldframes/0.95-800-2-0-0-0-glove-english-d89a3
Tagger version : RELPOSVERSIONS.FLATTENED
	lr:0.95
	hidden size:800
	layer:2
	dropout:0
	locked dropout:0
	batch size:32
	max epoch:120
	downsample ratio:0.2
F1 Score : 	0.5164
CoNLL05 tests failed
2021-10-03 02:30:52.173323	EXPERIMENT COMPLETED
+++++++++++++++++++++++++++++++++++++++++++++++
+++++++++++++++++++++++++++++++++++++++++++++++
2021-10-03 02:43:48.723353  EXPERIMENT : model/flattened/upos/goldpos/goldframes/0.95-800-2-0-0-0-elmo-small-top-f8ba4
Tagger version : RELPOSVERSIONS.FLATTENED
	lr:0.95
	hidden size:800
	layer:2
	dropout:0
	locked dropout:0
	batch size:32
	max epoch:120
	downsample ratio:0.2
F1 Score : 	0.6317
CoNLL05 tests failed
2021-10-03 02:56:30.294446	EXPERIMENT COMPLETED
+++++++++++++++++++++++++++++++++++++++++++++++
+++++++++++++++++++++++++++++++++++++++++++++++
2021-10-03 03:10:06.448442  EXPERIMENT : model/flattened/upos/goldpos/goldframes/0.95-800-2-0-0-0-elmo-small-average-a51fd
Tagger version : RELPOSVERSIONS.FLATTENED
	lr:0.95
	hidden size:800
	layer:2
	dropout:0
	locked dropout:0
	batch size:32
	max epoch:120
	downsample ratio:0.2
F1 Score : 	0.6236
CoNLL05 GOLD FRAME AND GOLD POS
	correct	4269.0
	excess	3925.0
	missed	5079.0
	recall	52.1
	precision	45.67
	f1	48.67
2021-10-03 03:19:48.587628	EXPERIMENT COMPLETED
+++++++++++++++++++++++++++++++++++++++++++++++
+++++++++++++++++++++++++++++++++++++++++++++++
2021-10-03 03:23:54.331173  EXPERIMENT : model/flattened/upos/goldpos/goldframes/0.95-800-2-0-0-0-elmo-small-all-92948
Tagger version : RELPOSVERSIONS.FLATTENED
	lr:0.95
	hidden size:800
	layer:2
	dropout:0
	locked dropout:0
	batch size:32
	max epoch:120
	downsample ratio:0.2
F1 Score : 	0.6238
CoNLL05 GOLD FRAME AND GOLD POS
	correct	4331.0
	excess	3954.0
	missed	5017.0
	recall	52.28
	precision	46.33
	f1	49.12
2021-10-03 03:35:42.170229	EXPERIMENT COMPLETED
+++++++++++++++++++++++++++++++++++++++++++++++
+++++++++++++++++++++++++++++++++++++++++++++++
2021-10-03 03:53:20.101711  EXPERIMENT : model/flattened/upos/goldpos/goldframes/0.95-800-2-0-0-0-elmo-original-all-af0fd
Tagger version : RELPOSVERSIONS.FLATTENED
	lr:0.95
	hidden size:800
	layer:2
	dropout:0
	locked dropout:0
	batch size:32
	max epoch:120
	downsample ratio:0.2
F1 Score : 	0.6258
CoNLL05 GOLD FRAME AND GOLD POS
	correct	4305.0
	excess	3998.0
	missed	5043.0
	recall	51.85
	precision	46.05
	f1	48.78
2021-10-03 04:03:30.448035	EXPERIMENT COMPLETED
+++++++++++++++++++++++++++++++++++++++++++++++
+++++++++++++++++++++++++++++++++++++++++++++++
2021-10-03 04:15:12.428319  EXPERIMENT : model/flattened/upos/goldpos/goldframes/0.95-800-2-0-0-0-elmo-original-all-1-/vol/fob-vol2/mi16/bektasal/.flair/embeddings/news-forward-0.4.1.pt-2-/vol/fob-vol2/mi16/bektasal/.flair/embeddings/news-backward-0.4.1.pt-bd089
Tagger version : RELPOSVERSIONS.FLATTENED
	lr:0.95
	hidden size:800
	layer:2
	dropout:0
	locked dropout:0
	batch size:32
	max epoch:120
	downsample ratio:0.2
F1 Score : 	0.625
CoNLL05 GOLD FRAME AND GOLD POS
	correct	4333.0
	excess	3894.0
	missed	5015.0
	recall	52.67
	precision	46.35
	f1	49.31
2021-10-03 04:31:24.738558	EXPERIMENT COMPLETED
+++++++++++++++++++++++++++++++++++++++++++++++
+++++++++++++++++++++++++++++++++++++++++++++++
2021-10-03 12:04:47.512990  EXPERIMENT : model/flattened/upos/goldpos/goldframes/0.95-800-2-0-0-0-elmo-original-all-1-bert-large-uncased-56e1b
Tagger version : RELPOSVERSIONS.FLATTENED
	lr:0.95
	hidden size:800
	layer:2
	dropout:0
	locked dropout:0
	batch size:32
	max epoch:120
	downsample ratio:0.2
+++++++++++++++++++++++++++++++++++++++++++++++
2021-10-03 13:17:23.013018  EXPERIMENT : model/flattened/upos/goldpos/goldframes/0.95-800-2-0-0-0-elmo-original-all-1-transformer-word-bert-large-uncased-7af69
Tagger version : RELPOSVERSIONS.FLATTENED
	lr:0.95
	hidden size:800
	layer:2
	dropout:0
	locked dropout:0
	batch size:32
	max epoch:120
	downsample ratio:0.2
F1 Score : 	0.6377
CoNLL05 tests failed
2021-10-03 13:41:52.789834	EXPERIMENT COMPLETED
+++++++++++++++++++++++++++++++++++++++++++++++
+++++++++++++++++++++++++++++++++++++++++++++++
2021-10-03 13:42:59.030270  EXPERIMENT : model/flattened/upos/goldpos/goldframes/0.95-800-2-0-0-0-transformer-word-bert-large-uncased-0e9de
Tagger version : RELPOSVERSIONS.FLATTENED
	lr:0.95
	hidden size:800
	layer:2
	dropout:0
	locked dropout:0
	batch size:32
	max epoch:120
	downsample ratio:0.2
F1 Score : 	0.583
CoNLL05 GOLD FRAME AND GOLD POS
	correct	3954.0
	excess	4162.0
	missed	5394.0
	recall	48.72
	precision	42.3
	f1	45.28
2021-10-03 14:02:37.278910	EXPERIMENT COMPLETED
+++++++++++++++++++++++++++++++++++++++++++++++
+++++++++++++++++++++++++++++++++++++++++++++++
2021-10-03 14:03:44.657058  EXPERIMENT : model/flattened/upos/goldpos/goldframes/0.95-800-2-0-0-0-elmo-original-top-1-transformer-word-bert-large-uncased-f4f28
Tagger version : RELPOSVERSIONS.FLATTENED
	lr:0.95
	hidden size:800
	layer:2
	dropout:0
	locked dropout:0
	batch size:32
	max epoch:120
	downsample ratio:0.2
F1 Score : 	0.6399
CoNLL05 tests failed
2021-10-03 14:26:39.400377	EXPERIMENT COMPLETED
+++++++++++++++++++++++++++++++++++++++++++++++
+++++++++++++++++++++++++++++++++++++++++++++++
2021-10-03 14:38:05.054028  EXPERIMENT : model/flattened/upos/goldpos/goldframes/0.95-800-2-0-0-0-elmo-original-top-1-transformer-word-roberta-large-c10b2
Tagger version : RELPOSVERSIONS.FLATTENED
	lr:0.95
	hidden size:800
	layer:2
	dropout:0
	locked dropout:0
	batch size:32
	max epoch:120
	downsample ratio:0.2
F1 Score : 	0.6562
CoNLL05 GOLD FRAME AND GOLD POS
	correct	4560.0
	excess	3624.0
	missed	4788.0
	recall	55.72
	precision	48.78
	f1	52.02
2021-10-03 15:04:51.240417	EXPERIMENT COMPLETED
+++++++++++++++++++++++++++++++++++++++++++++++
+++++++++++++++++++++++++++++++++++++++++++++++
2021-10-03 15:21:43.917588  EXPERIMENT : model/flattened/upos/goldpos/goldframes/0.95-800-2-0-0-0-elmo-original-top-1-transformer-word-roberta-large-da013
Tagger version : RELPOSVERSIONS.FLATTENED
	lr:0.95
	hidden size:800
	layer:2
	dropout:0
	locked dropout:0
	batch size:32
	max epoch:120
	downsample ratio:0.2
F1 Score : 	0.6512
CoNLL05 GOLD FRAME AND GOLD POS
	correct	4544.0
	excess	3510.0
	missed	4804.0
	recall	56.42
	precision	48.61
	f1	52.22
2021-10-03 15:43:54.593167	EXPERIMENT COMPLETED
+++++++++++++++++++++++++++++++++++++++++++++++
+++++++++++++++++++++++++++++++++++++++++++++++
2021-10-03 17:15:00.839660  EXPERIMENT : model/flattened/upos/goldpos/goldframes/0.95-900-2-0-0-0-elmo-original-top-1-transformer-word-roberta-large-ad426
Tagger version : RELPOSVERSIONS.FLATTENED
	lr:0.95
	hidden size:900
	layer:2
	dropout:0
	locked dropout:0
	batch size:32
	max epoch:120
	downsample ratio:0.2
F1 Score : 	0.6614
CoNLL05 tests failed
2021-10-03 17:43:11.931884	EXPERIMENT COMPLETED
+++++++++++++++++++++++++++++++++++++++++++++++
+++++++++++++++++++++++++++++++++++++++++++++++
2021-10-03 18:43:54.189656  EXPERIMENT : model/flattened/upos/goldpos/goldframes/0.95-900-2-0-0-0-elmo-original-top-1-transformer-word-roberta-large-2-uposembeddings-3-one-hot-182e0
Tagger version : RELPOSVERSIONS.FLATTENED
	lr:0.95
	hidden size:900
	layer:2
	dropout:0
	locked dropout:0
	batch size:32
	max epoch:120
	downsample ratio:0.2
+++++++++++++++++++++++++++++++++++++++++++++++
2021-10-03 18:46:08.867960  EXPERIMENT : model/flattened/upos/goldpos/goldframes/0.95-900-2-0-0-0-elmo-original-top-1-uposembeddings-2-one-hot-6880d
Tagger version : RELPOSVERSIONS.FLATTENED
	lr:0.95
	hidden size:900
	layer:2
	dropout:0
	locked dropout:0
	batch size:32
	max epoch:120
	downsample ratio:0.2
F1 Score : 	0.6423
CoNLL05 GOLD FRAME AND GOLD POS
	correct	4432.0
	excess	3785.0
	missed	4916.0
	recall	53.94
	precision	47.41
	f1	50.46
2021-10-03 19:08:22.672004	EXPERIMENT COMPLETED
+++++++++++++++++++++++++++++++++++++++++++++++
+++++++++++++++++++++++++++++++++++++++++++++++
2021-10-03 19:10:02.285700  EXPERIMENT : model/flattened/upos/goldpos/goldframes/0.95-900-2-0-0-0-elmo-original-top-1-bert-large-uncased-2-uposembeddings-3-one-hot-bedbd
Tagger version : RELPOSVERSIONS.FLATTENED
	lr:0.95
	hidden size:900
	layer:2
	dropout:0
	locked dropout:0
	batch size:32
	max epoch:120
	downsample ratio:0.2
+++++++++++++++++++++++++++++++++++++++++++++++
2021-10-03 19:54:44.103747  EXPERIMENT : model/flattened/upos/goldpos/goldframes/0.95-900-2-0-0-0-elmo-original-top-1-transformer-word-roberta-large-2-uposembeddings-3-one-hot-fd52d
Tagger version : RELPOSVERSIONS.FLATTENED
	lr:0.95
	hidden size:900
	layer:2
	dropout:0
	locked dropout:0
	batch size:32
	max epoch:120
	downsample ratio:0.2
F1 Score : 	0.5776
CoNLL05 GOLD FRAME AND GOLD POS
	correct	3835.0
	excess	3940.0
	missed	5513.0
	recall	49.32
	precision	41.02
	f1	44.79
2021-10-03 20:48:58.489152	EXPERIMENT COMPLETED
+++++++++++++++++++++++++++++++++++++++++++++++
+++++++++++++++++++++++++++++++++++++++++++++++
2021-10-03 20:58:52.933652  EXPERIMENT : model/flattened/upos/goldpos/goldframes/0.95-900-2-0-0-0-elmo-original-top-1-transformer-word-roberta-large-2-uposembeddings-3-one-hot-f3680
Tagger version : RELPOSVERSIONS.FLATTENED
	lr:0.95
	hidden size:900
	layer:2
	dropout:0
	locked dropout:0
	batch size:32
	max epoch:120
	downsample ratio:1.0
F1 Score : 	0.2834
CoNLL05 GOLD FRAME AND GOLD POS
	correct	1169.0
	excess	2531.0
	missed	8179.0
	recall	31.59
	precision	12.51
	f1	17.92
2021-10-03 23:08:41.114382	EXPERIMENT COMPLETED
+++++++++++++++++++++++++++++++++++++++++++++++
