0.5141	-0-glove-english	1	1024	2	0	0	32	120	0.2	model/flattened/upos/goldpos/goldframes/1-1024-2-0-0-0-glove-english-ca7b2
0.5364	-0-glove-english-1-Char	1	1024	2	0	0	32	120	0.2	model/flattened/upos/goldpos/goldframes/1-1024-2-0-0-0-glove-english-1-Char-52fca
0.5162	-0-glove-english	0.9	1024	2	0	0	32	120	0.2	model/flattened/upos/goldpos/goldframes/0.9-1024-2-0-0-0-glove-english-014b8
0.5092	-0-glove-english	0.8	1024	2	0	0	32	120	0.2	model/flattened/upos/goldpos/goldframes/0.8-1024-2-0-0-0-glove-english-3c468
0.5151	-0-glove-english	0.85	1024	2	0	0	32	120	0.2	model/flattened/upos/goldpos/goldframes/0.85-1024-2-0-0-0-glove-english-3f25d
0.5175	-0-glove-english	0.95	1024	2	0	0	32	120	0.2	model/flattened/upos/goldpos/goldframes/0.95-1024-2-0-0-0-glove-english-aa708
0.0000	-0-glove-english	1e-6	1024	2	0	0	32	120	0.2	model/flattened/upos/goldpos/goldframes/0.95-1024-2-0-0-0-glove-english-aa708
0.4957	-0-glove-english	0.95	3000	1	0	0	32	120	0.2	model/flattened/upos/goldpos/goldframes/0.95-3000-1-0-0-0-glove-english-d5d12
0.5179	-0-glove-english	0.95	1000	2	0	0	32	120	0.2	model/flattened/upos/goldpos/goldframes/0.95-1000-2-0-0-0-glove-english-4a265
0.52	-0-glove-english	0.95	900	2	0	0	32	120	0.2	model/flattened/upos/goldpos/goldframes/0.95-900-2-0-0-0-glove-english-f428f
0.5164	-0-glove-english	0.95	800	2	0	0	32	120	0.2	model/flattened/upos/goldpos/goldframes/0.95-800-2-0-0-0-glove-english-d89a3
0.6317	-0-elmo-small-top	0.95	800	2	0	0	32	120	0.2	model/flattened/upos/goldpos/goldframes/0.95-800-2-0-0-0-elmo-small-top-f8ba4
0.6236	-0-elmo-small-average	0.95	800	2	0	0	32	120	0.2	model/flattened/upos/goldpos/goldframes/0.95-800-2-0-0-0-elmo-small-average-a51fd
0.6238	-0-elmo-small-all	0.95	800	2	0	0	32	120	0.2	model/flattened/upos/goldpos/goldframes/0.95-800-2-0-0-0-elmo-small-all-92948
0.6258	-0-elmo-original-all	0.95	800	2	0	0	32	120	0.2	model/flattened/upos/goldpos/goldframes/0.95-800-2-0-0-0-elmo-original-all-af0fd
0.625	-0-elmo-original-all-1-/vol/fob-vol2/mi16/bektasal/.flair/embeddings/news-forward-0.4.1.pt-2-/vol/fob-vol2/mi16/bektasal/.flair/embeddings/news-backward-0.4.1.pt	0.95	800	2	0	0	32	120	0.2	model/flattened/upos/goldpos/goldframes/0.95-800-2-0-0-0-elmo-original-all-1-/vol/fob-vol2/mi16/bektasal/.flair/embeddings/news-forward-0.4.1.pt-2-/vol/fob-vol2/mi16/bektasal/.flair/embeddings/news-backward-0.4.1.pt-bd089
0.6377	-0-elmo-original-all-1-transformer-word-bert-large-uncased	0.95	800	2	0	0	32	120	0.2	model/flattened/upos/goldpos/goldframes/0.95-800-2-0-0-0-elmo-original-all-1-transformer-word-bert-large-uncased-7af69
0.583	-0-transformer-word-bert-large-uncased	0.95	800	2	0	0	32	120	0.2	model/flattened/upos/goldpos/goldframes/0.95-800-2-0-0-0-transformer-word-bert-large-uncased-0e9de
0.6399	-0-elmo-original-top-1-transformer-word-bert-large-uncased	0.95	800	2	0	0	32	120	0.2	model/flattened/upos/goldpos/goldframes/0.95-800-2-0-0-0-elmo-original-top-1-transformer-word-bert-large-uncased-f4f28
0.6562	-0-elmo-original-top-1-transformer-word-roberta-large	0.95	800	2	0	0	32	120	0.2	model/flattened/upos/goldpos/goldframes/0.95-800-2-0-0-0-elmo-original-top-1-transformer-word-roberta-large-c10b2
0.6512	-0-elmo-original-top-1-transformer-word-roberta-large	0.95	800	2	0	0	32	120	0.2	model/flattened/upos/goldpos/goldframes/0.95-800-2-0-0-0-elmo-original-top-1-transformer-word-roberta-large-da013
0.6614	-0-elmo-original-top-1-transformer-word-roberta-large	0.95	900	2	0	0	32	120	0.2	model/flattened/upos/goldpos/goldframes/0.95-900-2-0-0-0-elmo-original-top-1-transformer-word-roberta-large-ad426
0.6423	-0-elmo-original-top-1-uposembeddings-2-one-hot	0.95	900	2	0	0	32	120	0.2	model/flattened/upos/goldpos/goldframes/0.95-900-2-0-0-0-elmo-original-top-1-uposembeddings-2-one-hot-6880d
0.5776	-0-elmo-original-top-1-transformer-word-roberta-large-2-uposembeddings-3-one-hot	0.95	900	2	0	0	32	120	0.2	model/flattened/upos/goldpos/goldframes/0.95-900-2-0-0-0-elmo-original-top-1-transformer-word-roberta-large-2-uposembeddings-3-one-hot-fd52d
0.2834	-0-elmo-original-top-1-transformer-word-roberta-large-2-uposembeddings-3-one-hot	0.95	900	2	0	0	32	120	1.0	model/flattened/upos/goldpos/goldframes/0.95-900-2-0-0-0-elmo-original-top-1-transformer-word-roberta-large-2-uposembeddings-3-one-hot-f3680
0.5416&CharEmbed+GloVe+UPOSEmbeddingGOLD+FrameEmbeddingGOLD&0.95&800&2&0.1&0&32&120&0.2&3385.0&4334.0&5963.0&43.85&36.21&39.67&model/flattened/upos/goldpos/goldframes/875b0ee2-d871-487d-9bfc-d2a5181af950\\
0.6334&CharEmbed+GloVe+ELMoSmallTop+UPOSEmbeddingGOLD+FrameEmbeddingGOLD&0.95&800&2&0.1&0&32&120&0.2&4433.0&3881.0&4915.0&53.32&47.42&50.2&model/flattened/upos/goldpos/goldframes/0d9530c8-944b-4269-a993-7e2b483be1c0\\
0.6355&CharEmbed+GloVe+ELMoSmallTop+UPOSEmbeddingGOLD+FrameEmbeddingGOLD&0.95&800&2&0.2&0&32&120&0.2&4451.0&3814.0&4897.0&53.85&47.61&50.54&model/flattened/upos/goldpos/goldframes/b65aba9a-6fe6-4f2f-b1d6-527cd1dbaffa\\
