+++++++++++++++++++++++++++++++++++++++++++++++
EXPERIMENT : model/upos/goldpos/goldframes/0.4-256-1-0.2-0.1-0-elmo-small-all-c059d
	lr:0.4
	hidden size:256
	layer:1
	dropout:0.2
	locked dropout:0.1
	batch size:16
	max epoch:120
	downsample ratio:0.2
F1 Score : 	0.6537
CoNLL05 GOLD FRAME AND GOLD POS
	correct	4192.0
	excess	3820.0
	missed	5156.0
	recall	52.32
	precision	44.84
	f1	48.29
+++++++++++++++++++++++++++++++++++++++++++++++
+++++++++++++++++++++++++++++++++++++++++++++++
EXPERIMENT : model/upos/goldpos/goldframes/0.2-256-1-0.2-0.1-0-0-elmo-small-all-1a1df
	lr:0.2
	hidden size:256
	layer:1
	dropout:0.2
	locked dropout:0.1
	batch size:16
	max epoch:120
	downsample ratio:0.2
F1 Score : 	0.6562
CoNLL05 GOLD FRAME AND GOLD POS
	correct	4173.0
	excess	3813.0
	missed	5175.0
	recall	52.25
	precision	44.64
	f1	48.15
+++++++++++++++++++++++++++++++++++++++++++++++
+++++++++++++++++++++++++++++++++++++++++++++++
EXPERIMENT : model/upos/goldpos/goldframes/0.4-512-1-0.2-0.1-0-0-0-elmo-small-all-72d9f
	lr:0.4
	hidden size:512
	layer:1
	dropout:0.2
	locked dropout:0.1
	batch size:16
	max epoch:120
	downsample ratio:0.2
F1 Score : 	0.6658
CoNLL05 GOLD FRAME AND GOLD POS
	correct	4291.0
	excess	3755.0
	missed	5057.0
	recall	53.33
	precision	45.9
	f1	49.34
+++++++++++++++++++++++++++++++++++++++++++++++
+++++++++++++++++++++++++++++++++++++++++++++++
EXPERIMENT : model/upos/goldpos/goldframes/0.2-512-1-0.2-0.1-0-0-0-0-elmo-small-all-d9e10
	lr:0.2
	hidden size:512
	layer:1
	dropout:0.2
	locked dropout:0.1
	batch size:16
	max epoch:120
	downsample ratio:0.2
F1 Score : 	0.6647
CoNLL05 GOLD FRAME AND GOLD POS
	correct	4329.0
	excess	3734.0
	missed	5019.0
	recall	53.69
	precision	46.31
	f1	49.73
+++++++++++++++++++++++++++++++++++++++++++++++
+++++++++++++++++++++++++++++++++++++++++++++++
EXPERIMENT : model/upos/goldpos/goldframes/0.4-1024-1-0.2-0.1-0-0-0-0-0-elmo-small-all-a5668
	lr:0.4
	hidden size:1024
	layer:1
	dropout:0.2
	locked dropout:0.1
	batch size:16
	max epoch:120
	downsample ratio:0.2
F1 Score : 	0.6728
CoNLL05 GOLD FRAME AND GOLD POS
	correct	4331.0
	excess	3684.0
	missed	5017.0
	recall	54.04
	precision	46.33
	f1	49.89
+++++++++++++++++++++++++++++++++++++++++++++++
+++++++++++++++++++++++++++++++++++++++++++++++
EXPERIMENT : model/upos/goldpos/goldframes/0.2-1024-1-0.2-0.1-0-0-0-0-0-0-elmo-small-all-acb47
	lr:0.2
	hidden size:1024
	layer:1
	dropout:0.2
	locked dropout:0.1
	batch size:16
	max epoch:120
	downsample ratio:0.2
F1 Score : 	0.6682
CoNLL05 GOLD FRAME AND GOLD POS
	correct	4273.0
	excess	3722.0
	missed	5075.0
	recall	53.45
	precision	45.71
	f1	49.28
+++++++++++++++++++++++++++++++++++++++++++++++
+++++++++++++++++++++++++++++++++++++++++++++++
EXPERIMENT : model/upos/goldpos/goldframes/1-2048-1-0.2-0.1-0-elmo-small-all-0ffb6
	lr:1
	hidden size:2048
	layer:1
	dropout:0.2
	locked dropout:0.1
	batch size:16
	max epoch:120
	downsample ratio:0.2
F1 Score : 	0.6684
CoNLL05 tests failed
+++++++++++++++++++++++++++++++++++++++++++++++
+++++++++++++++++++++++++++++++++++++++++++++++
EXPERIMENT : model/upos/goldpos/goldframes/0.4-2048-1-0.2-0.1-0-0-elmo-small-all-d0e93
	lr:0.4
	hidden size:2048
	layer:1
	dropout:0.2
	locked dropout:0.1
	batch size:16
	max epoch:120
	downsample ratio:0.2
F1 Score : 	0.6729
CoNLL05 GOLD FRAME AND GOLD POS
	correct	4363.0
	excess	3663.0
	missed	4985.0
	recall	54.36
	precision	46.67
	f1	50.22
+++++++++++++++++++++++++++++++++++++++++++++++
+++++++++++++++++++++++++++++++++++++++++++++++
EXPERIMENT : model/upos/goldpos/goldframes/0.2-2048-1-0.2-0.1-0-0-0-elmo-small-all-a1692
	lr:0.2
	hidden size:2048
	layer:1
	dropout:0.2
	locked dropout:0.1
	batch size:16
	max epoch:120
	downsample ratio:0.2
F1 Score : 	0.6686
CoNLL05 GOLD FRAME AND GOLD POS
	correct	4282.0
	excess	3751.0
	missed	5066.0
	recall	53.31
	precision	45.81
	f1	49.27
+++++++++++++++++++++++++++++++++++++++++++++++
+++++++++++++++++++++++++++++++++++++++++++++++
EXPERIMENT : model/upos/goldpos/goldframes/1-3000-1-0.2-0.1-0-elmo-small-all-a0fff
	lr:1
	hidden size:3000
	layer:1
	dropout:0.2
	locked dropout:0.1
	batch size:16
	max epoch:120
	downsample ratio:0.2
F1 Score : 	0.6707
CoNLL05 GOLD FRAME AND GOLD POS
	correct	4357.0
	excess	3660.0
	missed	4991.0
	recall	54.35
	precision	46.61
	f1	50.18
+++++++++++++++++++++++++++++++++++++++++++++++
+++++++++++++++++++++++++++++++++++++++++++++++
EXPERIMENT : model/upos/goldpos/goldframes/0.4-3000-1-0.2-0.1-0-0-elmo-small-all-c8f6f
	lr:0.4
	hidden size:3000
	layer:1
	dropout:0.2
	locked dropout:0.1
	batch size:16
	max epoch:120
	downsample ratio:0.2
F1 Score : 	0.6729
CoNLL05 GOLD FRAME AND GOLD POS
	correct	4338.0
	excess	3631.0
	missed	5010.0
	recall	54.44
	precision	46.41
	f1	50.1
+++++++++++++++++++++++++++++++++++++++++++++++
+++++++++++++++++++++++++++++++++++++++++++++++
EXPERIMENT : model/upos/goldpos/goldframes/0.4-2048-2-0.2-0.1-0-elmo-small-all-99601
	lr:0.4
	hidden size:2048
	layer:2
	dropout:0.2
	locked dropout:0.1
	batch size:16
	max epoch:120
	downsample ratio:0.2
F1 Score : 	0.69
CoNLL05 GOLD FRAME AND GOLD POS
	correct	4491.0
	excess	3463.0
	missed	4857.0
	recall	56.46
	precision	48.04
	f1	51.91
+++++++++++++++++++++++++++++++++++++++++++++++
+++++++++++++++++++++++++++++++++++++++++++++++
EXPERIMENT : model/upos/goldpos/goldframes/0.4-2048-3-0.2-0.1-0-elmo-small-all-8a820
	lr:0.4
	hidden size:2048
	layer:3
	dropout:0.2
	locked dropout:0.1
	batch size:16
	max epoch:120
	downsample ratio:0.2
F1 Score : 	0.6952
CoNLL05 GOLD FRAME AND GOLD POS
	correct	4480.0
	excess	3494.0
	missed	4868.0
	recall	56.18
	precision	47.92
	f1	51.73
+++++++++++++++++++++++++++++++++++++++++++++++
+++++++++++++++++++++++++++++++++++++++++++++++
EXPERIMENT : srlextended/upos/goldpos/goldframes/0.2-1-1-0.2-0.1-0-glove-english-e3a20
Tagger version : RELPOSVERSIONS.SRLEXTENDED
	lr:0.2
	hidden size:1
	layer:1
	dropout:0.2
	locked dropout:0.1
	batch size:16
	max epoch:1
	downsample ratio:0.2
F1 Score : 	0.0681
CoNLL05 GOLD FRAME AND GOLD POS
	correct	0.0
	excess	0.0
	missed	9348.0
	recall	0.0
	precision	0.0
	f1	0.0
2021-09-28 22:23:33.329709	EXPERIMENT COMPLETED
+++++++++++++++++++++++++++++++++++++++++++++++
+++++++++++++++++++++++++++++++++++++++++++++++
2021-10-03 23:34:43.832381  EXPERIMENT : model/srlreplaced/upos/goldpos/goldframes/0.1-300-1-0-0-0-glove-english-1-uposembeddings-2-one-hot-b9345
Tagger version : RELPOSVERSIONS.SRLREPLACED
	lr:0.1
	hidden size:300
	layer:1
	dropout:0
	locked dropout:0
	batch size:32
	max epoch:120
	downsample ratio:0.2
F1 Score : 	0.6406
CoNLL05 tests failed
2021-10-03 23:56:14.904271	EXPERIMENT COMPLETED
+++++++++++++++++++++++++++++++++++++++++++++++
+++++++++++++++++++++++++++++++++++++++++++++++
2021-10-04 00:00:05.267900  EXPERIMENT : model/srlreplaced/upos/goldpos/goldframes/0.1-500-1-0-0-0-glove-english-1-uposembeddings-2-one-hot-4411b
Tagger version : RELPOSVERSIONS.SRLREPLACED
	lr:0.1
	hidden size:500
	layer:1
	dropout:0
	locked dropout:0
	batch size:32
	max epoch:120
	downsample ratio:0.2
F1 Score : 	0.6789
CoNLL05 tests failed
2021-10-04 00:22:12.298323	EXPERIMENT COMPLETED
+++++++++++++++++++++++++++++++++++++++++++++++
+++++++++++++++++++++++++++++++++++++++++++++++
2021-10-04 00:25:05.134672  EXPERIMENT : model/srlreplaced/upos/goldpos/goldframes/0.1-700-1-0-0-0-glove-english-1-uposembeddings-2-one-hot-c20cc
Tagger version : RELPOSVERSIONS.SRLREPLACED
	lr:0.1
	hidden size:700
	layer:1
	dropout:0
	locked dropout:0
	batch size:32
	max epoch:120
	downsample ratio:0.2
F1 Score : 	0.6785
CoNLL05 tests failed
2021-10-04 00:48:27.665541	EXPERIMENT COMPLETED
+++++++++++++++++++++++++++++++++++++++++++++++
+++++++++++++++++++++++++++++++++++++++++++++++
2021-10-04 12:42:19.895965  EXPERIMENT : model/srlreplaced/upos/goldpos/goldframes/0.1-900-1-0-0-0-glove-english-1-uposembeddings-2-one-hot-c004b
Tagger version : RELPOSVERSIONS.SRLREPLACED
	lr:0.1
	hidden size:900
	layer:1
	dropout:0
	locked dropout:0
	batch size:32
	max epoch:120
	downsample ratio:0.2
