0.6406	-0-glove-english-1-uposembeddings-2-one-hot	0.1	300	1	0	0	32	120	0.2	model/srlreplaced/upos/goldpos/goldframes/0.1-300-1-0-0-0-glove-english-1-uposembeddings-2-one-hot-b9345
0.6789	-0-glove-english-1-uposembeddings-2-one-hot	0.1	500	1	0	0	32	120	0.2	model/srlreplaced/upos/goldpos/goldframes/0.1-500-1-0-0-0-glove-english-1-uposembeddings-2-one-hot-4411b
0.6785	-0-glove-english-1-uposembeddings-2-one-hot	0.1	700	1	0	0	32	120	0.2	model/srlreplaced/upos/goldpos/goldframes/0.1-700-1-0-0-0-glove-english-1-uposembeddings-2-one-hot-c20cc
0.6761	-0-glove-english-1-uposembeddings-2-one-hot	0.1	900	1	0	0	32	120	0.2	model/srlreplaced/upos/goldpos/goldframes/0.1-900-1-0-0-0-glove-english-1-uposembeddings-2-one-hot-ec653
0.7189	-0-glove-english-1-uposembeddings-2-one-hot	1	500	1	0	0	32	120	0.2	model/srlreplaced/upos/goldpos/goldframes/1-500-1-0-0-0-glove-english-1-uposembeddings-2-one-hot-92835
0.7119	-0-glove-english-1-uposembeddings-2-one-hot	0.5	500	1	0	0	32	120	0.2	model/srlreplaced/upos/goldpos/goldframes/0.5-500-1-0-0-0-glove-english-1-uposembeddings-2-one-hot-d06ad
0.7192	-0-glove-english-1-uposembeddings-2-one-hot	0.75	500	1	0	0	32	120	0.2	model/srlreplaced/upos/goldpos/goldframes/0.75-500-1-0-0-0-glove-english-1-uposembeddings-2-one-hot-8c7e4
0.7163	-0-glove-english-1-uposembeddings-2-one-hot	0.8	500	1	0	0	32	120	0.2	model/srlreplaced/upos/goldpos/goldframes/0.8-500-1-0-0-0-glove-english-1-uposembeddings-2-one-hot-42f4c
0.7204	-0-glove-english-1-uposembeddings-2-one-hot	0.75	500	1	0.1	0	32	120	0.2	model/srlreplaced/upos/goldpos/goldframes/0.75-500-1-0.1-0-0-glove-english-1-uposembeddings-2-one-hot-bb0d3
0.7345	-0-0-glove-english-1-1-uposembeddings-2-2-one-hot	0.75	500	1	0.2	0	32	120	0.2	model/srlreplaced/upos/goldpos/goldframes/0.75-500-1-0.2-0-0-0-glove-english-1-1-uposembeddings-2-2-one-hot-89357
0.7232	-0-0-0-glove-english-1-1-1-uposembeddings-2-2-2-one-hot	0.75	500	1	0.3	0	32	120	0.2	model/srlreplaced/upos/goldpos/goldframes/0.75-500-1-0.3-0-0-0-0-glove-english-1-1-1-uposembeddings-2-2-2-one-hot-d5545
0.7274	-0-glove-english-1-uposembeddings-2-one-hot	0.75	500	1	0.2	0.1	32	120	0.2	model/srlreplaced/upos/goldpos/goldframes/0.75-500-1-0.2-0.1-0-glove-english-1-uposembeddings-2-one-hot-f2750
0.7313	-0-0-glove-english-1-1-uposembeddings-2-2-one-hot	0.75	500	1	0.2	0.2	32	120	0.2	model/srlreplaced/upos/goldpos/goldframes/0.75-500-1-0.2-0.2-0-0-glove-english-1-1-uposembeddings-2-2-one-hot-76ffd
0.7388	-0-0-0-glove-english-1-1-1-uposembeddings-2-2-2-one-hot	0.75	500	1	0.2	0.3	32	120	0.2	model/srlreplaced/upos/goldpos/goldframes/0.75-500-1-0.2-0.3-0-0-0-glove-english-1-1-1-uposembeddings-2-2-2-one-hot-80293
0.7313	-0-glove-english-1-uposembeddings-2-one-hot	0.75	500	1	0.2	0.4	32	120	0.2	model/srlreplaced/upos/goldpos/goldframes/0.75-500-1-0.2-0.4-0-glove-english-1-uposembeddings-2-one-hot-5b2dc
0.7319	-0-glove-english-1-Char-2-uposembeddings-3-one-hot	0.75	500	1	0.2	0.4	32	120	0.2	model/srlreplaced/upos/goldpos/goldframes/0.75-500-1-0.2-0.4-0-glove-english-1-Char-2-uposembeddings-3-one-hot-4586e
0.7094	-0-glove-english-1-Char-2-elmo-small-top-3-uposembeddings-4-one-hot	0.75	500	1	0.2	0.4	32	120	0.2	model/srlreplaced/upos/goldpos/goldframes/0.75-500-1-0.2-0.4-0-glove-english-1-Char-2-elmo-small-top-3-uposembeddings-4-one-hot-c7e60
0.8131	-0-glove-english-1-Char-2-uposembeddings-3-one-hot	0.75	500	1	0.2	0.3	32	120	1.0	model/srlreplaced/upos/goldpos/goldframes/0.75-500-1-0.2-0.3-0-glove-english-1-Char-2-uposembeddings-3-one-hot-9239a
0.8365	-0-glove-english-1-/vol/fob-vol2/mi16/bektasal/.flair/embeddings/news-forward-0.4.1.pt-2-/vol/fob-vol2/mi16/bektasal/.flair/embeddings/news-backward-0.4.1.pt-3-uposembeddings-4-one-hot	0.75	500	1	0.2	0.3	32	120	1.0	model/srlreplaced/upos/goldpos/goldframes/0.75-500-1-0.2-0.3-0-glove-english-1-/vol/fob-vol2/mi16/bektasal/.flair/embeddings/news-forward-0.4.1.pt-2-/vol/fob-vol2/mi16/bektasal/.flair/embeddings/news-backward-0.4.1.pt-3-uposembeddings-4-one-hot-f56240.2142FlairNewsForward+FlairNewsBackward+UPOSEmbeddingGOLD+FrameEmbeddingGOLD&0.75&500&1&0.2&0.3&32&1&0.2&436.0&9179.0&8912.0&4.53&4.66&model/srlreplaced/upos/goldpos/goldframes/c78e068e-345c-4884-b52c-77260dfd4a3c\\
0.7774&FlairNewsForward+FlairNewsBackward+CRF&0.75&500&1&0.2&0.3&32&model/srlreplaced/upos/goldpos/goldframes/f24b4659-6d4d-4941-9f0b-06c2d5da3bce
0.7674&FlairNewsForward+FlairNewsBackward+UPOSEmbeddingGOLD+FrameEmbeddingGOLD&0.75&500&1&0.2&0.3&32&120&1.0&2108.0&5885.0&7240.0&26.37&22.55&model/srlreplaced/upos/goldpos/goldframes/34661a1f-324b-4f60-8908-0aa54c71b941\\
0.7151&CharEmbed+GloVe+FlairNewsForward+FlairNewsBackward+UPOSEmbeddingGOLD+FrameEmbeddingGOLD&0.75&500&1&0.2&0.3&32&120&0.4&1927.0&6031.0&7421.0&24.21&20.61&model/srlreplaced/upos/goldpos/goldframes/f4a336ce-50af-4189-b79c-3d4d243045ab\\
0.7886&CharEmbed+GloVe+FlairNewsForward+FlairNewsBackward+UPOSEmbeddingGOLD+FrameEmbeddingGOLD+UPOSEmbeddingGOLD+FrameEmbeddingGOLD&0.75&500&1&0.2&0.3&32&120&0.4&2116.0&5962.0&7232.0&26.19&22.64&model/srlreplaced/upos/goldpos/goldframes/4de50759-cbfe-4006-a20d-e166fb8c2d56\\
0.7885&CharEmbed+GloVe+FlairNewsForward+FlairNewsBackward+UPOSEmbeddingGOLD+FrameEmbeddingGOLD+UPOSEmbeddingGOLD+FrameEmbeddingGOLD+UPOSEmbeddingGOLD+FrameEmbeddingGOLD&0.75&500&1&0.2&0.3&32&120&0.4&2119.0&5933.0&7229.0&26.32&22.67&model/srlreplaced/upos/goldpos/goldframes/83892f3c-6c00-4ebc-a44d-3e5645e471b6\\
0.7841&CharEmbed+GloVe+FlairNewsForward+FlairNewsBackward+UPOSEmbeddingGOLD+FrameEmbeddingGOLD+UPOSEmbeddingGOLD+FrameEmbeddingGOLD+UPOSEmbeddingGOLD+FrameEmbeddingGOLD+UPOSEmbeddingGOLD+FrameEmbeddingGOLD&0.75&500&1&0.2&0.3&32&120&0.4&2094.0&5911.0&7254.0&26.16&22.4&model/srlreplaced/upos/goldpos/goldframes/9b5f2de8-2210-46d3-96e0-79ccfc02b7f1\\
0.7868&CharEmbed+GloVe+FlairNewsForward+FlairNewsBackward+UPOSEmbeddingGOLD+FrameEmbeddingGOLD+UPOSEmbeddingGOLD+FrameEmbeddingGOLD+UPOSEmbeddingGOLD+FrameEmbeddingGOLD+UPOSEmbeddingGOLD+FrameEmbeddingGOLD+UPOSEmbeddingGOLD+FrameEmbeddingGOLD&0.75&500&1&0.2&0.3&32&120&0.4&2105.0&5848.0&7243.0&26.47&22.52&model/srlreplaced/upos/goldpos/goldframes/d2c48fba-100c-48f0-b479-df7a6cbd1c7c\\
0.7704&GloVe+FlairNewsForward+FlairNewsBackward+UPOSEmbeddingGOLD+FrameEmbeddingGOLD&0.75&500&1&0.2&0.3&32&120&1.0&&&&&&model/srlreplaced/upos/goldpos/goldframes/edd5db21-d220-4f51-838a-736c5db52f40\\
0.7684&CharEmbed+GloVe+FlairNewsForward+FlairNewsBackward+UPOSEmbeddingGOLD+FrameEmbeddingGOLD&0.75&500&1&0.2&0.3&32&120&1.0&&&&&&model/srlreplaced/upos/goldpos/goldframes/22201f14-1923-4d22-b447-fdb4cbed7ebb\\
