+++++++++++++++++++++++++++++++++++++++++++++++
2021-10-05 09:09:37.328298  EXPERIMENT : model/srlreplaced/xpos/goldpos/goldframes/0.1-300-1-0-0-0-glove-english-1-Char-2-xposembeddings-3-one-hot-3358c
Tagger version : RELPOSVERSIONS.SRLREPLACED
	lr:0.1
	hidden size:300
	layer:1
	dropout:0
	locked dropout:0
	batch size:32
	max epoch:120
	downsample ratio:-0.2
+++++++++++++++++++++++++++++++++++++++++++++++
2021-10-05 09:13:10.870453  EXPERIMENT : model/srlreplaced/xpos/goldpos/goldframes/0.1-300-1-0-0-0-glove-english-1-Char-2-xposembeddings-3-one-hot-b2a6c
Tagger version : RELPOSVERSIONS.SRLREPLACED
	lr:0.1
	hidden size:300
	layer:1
	dropout:0
	locked dropout:0
	batch size:32
	max epoch:120
	downsample ratio:0.2
F1 Score : 	0.6213
CoNLL05 tests failed
2021-10-05 10:28:00.259551	EXPERIMENT COMPLETED
+++++++++++++++++++++++++++++++++++++++++++++++
+++++++++++++++++++++++++++++++++++++++++++++++
2021-10-05 11:23:58.330225  EXPERIMENT : model/srlreplaced/xpos/goldpos/goldframes/0.1-500-1-0-0-0-glove-english-1-Char-2-xposembeddings-3-one-hot-f8187
Tagger version : RELPOSVERSIONS.SRLREPLACED
	lr:0.1
	hidden size:500
	layer:1
	dropout:0
	locked dropout:0
	batch size:32
	max epoch:120
	downsample ratio:0.2
F1 Score : 	0.6017
CoNLL05 tests failed
2021-10-05 12:12:34.999892	EXPERIMENT COMPLETED
+++++++++++++++++++++++++++++++++++++++++++++++
+++++++++++++++++++++++++++++++++++++++++++++++
2021-10-05 12:14:22.690329  EXPERIMENT : model/srlreplaced/xpos/goldpos/goldframes/0.1-1000-1-0-0-0-glove-english-1-Char-2-xposembeddings-3-one-hot-02b9b
Tagger version : RELPOSVERSIONS.SRLREPLACED
	lr:0.1
	hidden size:1000
	layer:1
	dropout:0
	locked dropout:0
	batch size:32
	max epoch:120
	downsample ratio:0.2
F1 Score : 	0.6113
CoNLL05 tests failed
2021-10-05 13:27:39.472770	EXPERIMENT COMPLETED
+++++++++++++++++++++++++++++++++++++++++++++++
+++++++++++++++++++++++++++++++++++++++++++++++
2021-10-05 13:42:14.147196  EXPERIMENT : model/srlreplaced/xpos/goldpos/goldframes/0.3-300-1-0-0-0-glove-english-1-Char-2-xposembeddings-3-one-hot-48cb2
Tagger version : RELPOSVERSIONS.SRLREPLACED
	lr:0.3
	hidden size:300
	layer:1
	dropout:0
	locked dropout:0
	batch size:32
	max epoch:120
	downsample ratio:0.2
F1 Score : 	0.6619
CoNLL05 tests failed
2021-10-05 14:53:33.795473	EXPERIMENT COMPLETED
+++++++++++++++++++++++++++++++++++++++++++++++
+++++++++++++++++++++++++++++++++++++++++++++++
2021-10-05 17:26:58.971156  EXPERIMENT : model/srlreplaced/xpos/goldpos/goldframes/0.6-300-1-0-0-0-glove-english-1-Char-2-xposembeddings-3-one-hot-ae604
Tagger version : RELPOSVERSIONS.SRLREPLACED
	lr:0.6
	hidden size:300
	layer:1
	dropout:0
	locked dropout:0
	batch size:32
	max epoch:120
	downsample ratio:0.2
F1 Score : 	0.678
CoNLL05 tests failed
2021-10-05 18:22:09.812302	EXPERIMENT COMPLETED
+++++++++++++++++++++++++++++++++++++++++++++++
+++++++++++++++++++++++++++++++++++++++++++++++
2021-10-05 18:46:23.734557  EXPERIMENT : model/srlreplaced/xpos/goldpos/goldframes/0.8-300-1-0-0-0-glove-english-1-Char-2-xposembeddings-3-one-hot-c6657
Tagger version : RELPOSVERSIONS.SRLREPLACED
	lr:0.8
	hidden size:300
	layer:1
	dropout:0
	locked dropout:0
	batch size:32
	max epoch:120
	downsample ratio:0.2
F1 Score : 	0.679
CoNLL05 tests failed
2021-10-05 19:36:27.429646	EXPERIMENT COMPLETED
+++++++++++++++++++++++++++++++++++++++++++++++
+++++++++++++++++++++++++++++++++++++++++++++++
2021-10-05 19:44:46.660732  EXPERIMENT : model/srlreplaced/xpos/goldpos/goldframes/1-300-1-0-0-0-glove-english-1-Char-2-xposembeddings-3-one-hot-ee4d9
Tagger version : RELPOSVERSIONS.SRLREPLACED
	lr:1
	hidden size:300
	layer:1
	dropout:0
	locked dropout:0
	batch size:32
	max epoch:120
	downsample ratio:0.2
F1 Score : 	0.6815
CoNLL05 tests failed
2021-10-05 20:32:15.871231	EXPERIMENT COMPLETED
+++++++++++++++++++++++++++++++++++++++++++++++
