2021-09-28 22:29:38.785795	NEW EXPERIMENT: model/srlextended/upos/goldpos/goldframes/0.2-1-1-0.2-0.1-0-glove-english-cd95d
2021-09-28 22:36:24.078522	NEW EXPERIMENT: model/srlextended/upos/goldpos/goldframes/0.2-256-1-0.2-0.1-0-elmo-small-all-bdb6c
2021-09-28 22:38:25.110412	NEW EXPERIMENT: model/srlextended/upos/goldpos/goldframes/0.2-256-1-0.2-0.1-0-elmo-small-all-073c2
2021-09-28 22:48:58.062097	NEW EXPERIMENT: model/srlextended/upos/goldpos/goldframes/0.2-512-1-0.2-0.1-0-0-elmo-small-all-8079a
2021-09-28 23:01:16.747041	NEW EXPERIMENT: model/srlextended/upos/goldpos/goldframes/0.2-1025-1-0.2-0.1-0-0-0-elmo-small-all-38b02
2021-09-28 23:15:19.947058	NEW EXPERIMENT: model/srlextended/upos/goldpos/goldframes/0.2-2048-1-0.2-0.1-0-0-0-0-elmo-small-all-2f12e
2021-09-29 10:27:50.912011	NEW EXPERIMENT: model/srlextended/upos/goldpos/goldframes/0.2-256-2-0.2-0.1-0-elmo-small-all-226c9
2021-09-29 10:44:28.105593	NEW EXPERIMENT: model/srlextended/upos/goldpos/goldframes/0.2-512-2-0.2-0.1-0-0-elmo-small-all-74c0e
2021-09-29 11:01:37.332491	NEW EXPERIMENT: model/srlextended/upos/goldpos/goldframes/0.2-1025-2-0.2-0.1-0-0-0-elmo-small-all-da12f
2021-09-29 11:32:36.551068	NEW EXPERIMENT: model/srlextended/upos/goldpos/goldframes/0.2-2048-2-0.2-0.1-0-0-0-0-elmo-small-all-2dc95
2021-09-29 13:20:50.921878	NEW EXPERIMENT: model/srlextended/upos/goldpos/goldframes/0.2-256-3-0.2-0.1-0-elmo-small-all-4d633
2021-09-29 15:45:28.364319	NEW EXPERIMENT: model/srlextended/upos/goldpos/goldframes/0.2-512-3-0.2-0.1-0-elmo-small-all-8179d
2021-09-29 16:08:34.203977	NEW EXPERIMENT: model/srlextended/upos/goldpos/goldframes/0.2-1024-3-0.2-0.1-0-0-elmo-small-all-bb4a1
2021-09-29 17:08:09.512624	NEW EXPERIMENT: model/srlextended/upos/goldpos/goldframes/0.2-512-3-0.2-0.1-0-elmo-small-all-0e938
2021-09-29 17:26:12.030815	NEW EXPERIMENT: model/srlextended/upos/goldpos/goldframes/0.2-1024-3-0.2-0.1-0-0-elmo-small-all-93a6f
2021-09-29 17:53:25.404515	NEW EXPERIMENT: model/srlextended/upos/goldpos/goldframes/0.2-512-4-0.2-0.1-0-elmo-small-all-615a7
2021-09-29 18:13:06.834811	NEW EXPERIMENT: model/srlextended/upos/goldpos/goldframes/0.2-512-5-0.2-0.1-0-0-elmo-small-all-2188f
2021-09-29 18:41:10.128594	NEW EXPERIMENT: model/srlextended/upos/goldpos/goldframes/0.2-512-6-0.2-0.1-0-0-0-elmo-small-all-0cd81
2021-09-29 18:54:10.145235	NEW EXPERIMENT: model/srlextended/upos/goldpos/goldframes/0.2-1024-4-0.2-0.1-0-0-0-0-elmo-small-all-dd96f
2021-09-29 18:57:40.557799	NEW EXPERIMENT: model/srlextended/upos/goldpos/goldframes/0.2-512-5-0.2-0.1-0-elmo-original-all-5b320
2021-09-29 19:27:57.802656	NEW EXPERIMENT: model/srlextended/upos/goldpos/goldframes/0.2-512-1-0.2-0.1-0-elmo-original-all-966c3
2021-09-29 20:08:54.781716	NEW EXPERIMENT: model/srlextended/upos/goldpos/goldframes/0.2-512-1-0.2-0.1-0-bert-large-uncased-4ef12
2021-09-29 20:11:45.485828	NEW EXPERIMENT: model/srlextended/upos/goldpos/goldframes/0.2-512-1-0.2-0.1-0-bert-large-uncased-b4aec
2021-09-29 20:38:37.413879	NEW EXPERIMENT: model/srlextended/upos/goldpos/goldframes/0.2-512-1-0.2-0.1-0-transformer-word-bert-large-uncased-7577d
2021-09-29 20:44:19.781428	NEW EXPERIMENT: model/srlextended/upos/goldpos/goldframes/0.2-512-1-0.2-0.1-0-transformer-word-bert-large-uncased-41884
2021-09-29 21:28:44.866516	NEW EXPERIMENT: model/srlextended/upos/goldpos/goldframes/0.2-512-1-0.2-0.1-0-elmo-original-all-1-transformer-word-bert-large-uncased-75f3e
