2021-10-05 20:43:22,567 ----------------------------------------------------------------------------------------------------
2021-10-05 20:43:22,567 Model: "SequenceTagger(
  (embeddings): StackedEmbeddings(
    (list_embedding_0): WordEmbeddings('glove')
    (list_embedding_1): FlairEmbeddings(
      (lm): LanguageModel(
        (drop): Dropout(p=0.05, inplace=False)
        (encoder): Embedding(300, 100)
        (rnn): LSTM(100, 2048)
        (decoder): Linear(in_features=2048, out_features=300, bias=True)
      )
    )
    (list_embedding_2): FlairEmbeddings(
      (lm): LanguageModel(
        (drop): Dropout(p=0.05, inplace=False)
        (encoder): Embedding(300, 100)
        (rnn): LSTM(100, 2048)
        (decoder): Linear(in_features=2048, out_features=300, bias=True)
      )
    )
    (list_embedding_3): OneHotEmbeddings(
      min_freq=3
      (embedding_layer): Embedding(18, 18)
    )
    (list_embedding_4): OneHotEmbeddings(
      min_freq=3
      (embedding_layer): Embedding(27, 22)
    )
  )
  (word_dropout): WordDropout(p=0.05)
  (embedding2nn): Linear(in_features=4236, out_features=4236, bias=True)
  (rnn): LSTM(4236, 300, batch_first=True, bidirectional=True)
  (linear): Linear(in_features=600, out_features=1578, bias=True)
  (beta): 1.0
  (weights): None
  (weight_tensor) None
)"
2021-10-05 20:43:22,568 ----------------------------------------------------------------------------------------------------
2021-10-05 20:43:22,568 Corpus: "Corpus: 12543 train + 2002 dev + 2077 test sentences"
2021-10-05 20:43:22,568 ----------------------------------------------------------------------------------------------------
2021-10-05 20:43:22,568 Parameters:
2021-10-05 20:43:22,568  - learning_rate: "1"
2021-10-05 20:43:22,568  - mini_batch_size: "32"
2021-10-05 20:43:22,568  - patience: "3"
2021-10-05 20:43:22,568  - anneal_factor: "0.5"
2021-10-05 20:43:22,568  - max_epochs: "120"
2021-10-05 20:43:22,568  - shuffle: "True"
2021-10-05 20:43:22,568  - train_with_dev: "False"
2021-10-05 20:43:22,568  - batch_growth_annealing: "False"
2021-10-05 20:43:22,568 ----------------------------------------------------------------------------------------------------
2021-10-05 20:43:22,568 Model training base path: "model/srlreplaced/upos/goldpos/goldframes/1-300-1-0-0-0-glove-english-1-/vol/fob-vol2/mi16/bektasal/.flair/embeddings/news-forward-0.4.1.pt-2-/vol/fob-vol2/mi16/bektasal/.flair/embeddings/news-backward-0.4.1.pt-3-uposembeddings-4-one-hot-1dd90"
2021-10-05 20:43:22,568 ----------------------------------------------------------------------------------------------------
2021-10-05 20:43:22,568 Device: cuda:1
2021-10-05 20:43:22,568 ----------------------------------------------------------------------------------------------------
2021-10-05 20:43:22,568 Embeddings storage mode: gpu
2021-10-05 20:43:22,589 ----------------------------------------------------------------------------------------------------
2021-10-05 20:43:30,006 epoch 1 - iter 39/392 - loss 5.60393217 - samples/sec: 168.33 - lr: 1.000000
2021-10-05 20:43:35,491 epoch 1 - iter 78/392 - loss 4.73965243 - samples/sec: 227.64 - lr: 1.000000
2021-10-05 20:43:40,983 epoch 1 - iter 117/392 - loss 4.09937765 - samples/sec: 227.35 - lr: 1.000000
2021-10-05 20:43:46,048 epoch 1 - iter 156/392 - loss 3.63835794 - samples/sec: 246.51 - lr: 1.000000
2021-10-05 20:43:53,259 epoch 1 - iter 195/392 - loss 3.41936997 - samples/sec: 173.11 - lr: 1.000000
2021-10-05 20:44:00,110 epoch 1 - iter 234/392 - loss 3.27442340 - samples/sec: 182.23 - lr: 1.000000
2021-10-05 20:44:05,951 epoch 1 - iter 273/392 - loss 3.11513170 - samples/sec: 213.77 - lr: 1.000000
2021-10-05 20:44:11,605 epoch 1 - iter 312/392 - loss 2.97456368 - samples/sec: 220.84 - lr: 1.000000
2021-10-05 20:44:16,781 epoch 1 - iter 351/392 - loss 2.83909608 - samples/sec: 241.20 - lr: 1.000000
2021-10-05 20:44:22,874 epoch 1 - iter 390/392 - loss 2.72966372 - samples/sec: 204.92 - lr: 1.000000
2021-10-05 20:44:23,294 ----------------------------------------------------------------------------------------------------
2021-10-05 20:44:23,295 EPOCH 1 done: loss 2.7260 - lr 1.0000000
2021-10-05 20:44:30,493 DEV : loss 1.4702304601669312 - score 0.6121
2021-10-05 20:44:30,504 BAD EPOCHS (no improvement): 0
2021-10-05 20:47:50,780 ----------------------------------------------------------------------------------------------------
2021-10-05 20:47:53,371 epoch 2 - iter 39/392 - loss 1.65304381 - samples/sec: 482.37 - lr: 1.000000
2021-10-05 20:47:55,856 epoch 2 - iter 78/392 - loss 1.60168666 - samples/sec: 502.50 - lr: 1.000000
2021-10-05 20:47:58,467 epoch 2 - iter 117/392 - loss 1.55152293 - samples/sec: 478.31 - lr: 1.000000
2021-10-05 20:48:01,057 epoch 2 - iter 156/392 - loss 1.52227224 - samples/sec: 482.50 - lr: 1.000000
2021-10-05 20:48:03,533 epoch 2 - iter 195/392 - loss 1.49478345 - samples/sec: 504.47 - lr: 1.000000
2021-10-05 20:48:06,042 epoch 2 - iter 234/392 - loss 1.46510687 - samples/sec: 497.84 - lr: 1.000000
2021-10-05 20:48:08,514 epoch 2 - iter 273/392 - loss 1.44949991 - samples/sec: 505.28 - lr: 1.000000
2021-10-05 20:48:11,101 epoch 2 - iter 312/392 - loss 1.43364711 - samples/sec: 482.98 - lr: 1.000000
2021-10-05 20:48:13,619 epoch 2 - iter 351/392 - loss 1.41930617 - samples/sec: 496.30 - lr: 1.000000
2021-10-05 20:48:16,015 epoch 2 - iter 390/392 - loss 1.40021653 - samples/sec: 521.44 - lr: 1.000000
2021-10-05 20:48:16,143 ----------------------------------------------------------------------------------------------------
2021-10-05 20:48:16,143 EPOCH 2 done: loss 1.3989 - lr 1.0000000
2021-10-05 20:48:18,736 DEV : loss 1.059198260307312 - score 0.6988
2021-10-05 20:48:18,746 BAD EPOCHS (no improvement): 0
2021-10-05 20:51:07,547 ----------------------------------------------------------------------------------------------------
2021-10-05 20:51:10,056 epoch 3 - iter 39/392 - loss 1.18247938 - samples/sec: 497.96 - lr: 1.000000
2021-10-05 20:51:12,553 epoch 3 - iter 78/392 - loss 1.15964290 - samples/sec: 500.26 - lr: 1.000000
2021-10-05 20:51:15,118 epoch 3 - iter 117/392 - loss 1.15593571 - samples/sec: 487.16 - lr: 1.000000
2021-10-05 20:51:17,627 epoch 3 - iter 156/392 - loss 1.13804522 - samples/sec: 497.88 - lr: 1.000000
2021-10-05 20:51:20,237 epoch 3 - iter 195/392 - loss 1.13883887 - samples/sec: 478.79 - lr: 1.000000
2021-10-05 20:51:22,716 epoch 3 - iter 234/392 - loss 1.13197330 - samples/sec: 503.83 - lr: 1.000000
2021-10-05 20:51:25,243 epoch 3 - iter 273/392 - loss 1.12237336 - samples/sec: 494.27 - lr: 1.000000
2021-10-05 20:51:27,749 epoch 3 - iter 312/392 - loss 1.11464971 - samples/sec: 498.63 - lr: 1.000000
2021-10-05 20:51:30,248 epoch 3 - iter 351/392 - loss 1.10336195 - samples/sec: 500.03 - lr: 1.000000
2021-10-05 20:51:32,965 epoch 3 - iter 390/392 - loss 1.09654829 - samples/sec: 459.81 - lr: 1.000000
2021-10-05 20:51:33,108 ----------------------------------------------------------------------------------------------------
2021-10-05 20:51:33,108 EPOCH 3 done: loss 1.0962 - lr 1.0000000
2021-10-05 20:51:35,727 DEV : loss 0.8763190507888794 - score 0.7442
2021-10-05 20:51:35,737 BAD EPOCHS (no improvement): 0
