2021-10-10 02:12:01,507 ----------------------------------------------------------------------------------------------------
2021-10-10 02:12:01,507 Model: "SequenceTagger(
  (embeddings): StackedEmbeddings(
    (list_embedding_0): CharacterEmbeddings(
      (char_embedding): Embedding(275, 25)
      (char_rnn): LSTM(25, 25, bidirectional=True)
    )
    (list_embedding_1): WordEmbeddings('glove')
    (list_embedding_2): ELMoEmbeddings(model=2-elmo-original-top-all)
  )
  (word_dropout): WordDropout(p=0.05)
  (embedding2nn): Linear(in_features=3222, out_features=3222, bias=True)
  (rnn): LSTM(3222, 500, batch_first=True, bidirectional=True)
  (linear): Linear(in_features=1000, out_features=476, bias=True)
  (beta): 1.0
  (weights): None
  (weight_tensor) None
)"
2021-10-10 02:12:01,511 ----------------------------------------------------------------------------------------------------
2021-10-10 02:12:01,511 Corpus: "Corpus: 2508 train + 2002 dev + 2077 test sentences"
2021-10-10 02:12:01,511 ----------------------------------------------------------------------------------------------------
2021-10-10 02:12:01,511 Parameters:
2021-10-10 02:12:01,511  - learning_rate: "0.3"
2021-10-10 02:12:01,511  - mini_batch_size: "32"
2021-10-10 02:12:01,530  - patience: "3"
2021-10-10 02:12:01,530  - anneal_factor: "0.5"
2021-10-10 02:12:01,530  - max_epochs: "120"
2021-10-10 02:12:01,659  - shuffle: "True"
2021-10-10 02:12:01,664  - train_with_dev: "False"
2021-10-10 02:12:01,664  - batch_growth_annealing: "False"
2021-10-10 02:12:01,678 ----------------------------------------------------------------------------------------------------
2021-10-10 02:12:01,681 Model training base path: "model/depless/upos/goldpos/goldframes/6ac4981f-3e58-4727-98d8-ad7e286288b3"
2021-10-10 02:12:01,682 ----------------------------------------------------------------------------------------------------
2021-10-10 02:12:01,682 Device: cuda:1
2021-10-10 02:12:01,682 ----------------------------------------------------------------------------------------------------
2021-10-10 02:12:01,682 Embeddings storage mode: gpu
2021-10-10 02:12:01,724 ----------------------------------------------------------------------------------------------------
2021-10-10 02:12:05,087 epoch 1 - iter 7/79 - loss 5.71279798 - samples/sec: 66.62 - lr: 0.300000
2021-10-10 02:12:08,702 epoch 1 - iter 14/79 - loss 5.01922960 - samples/sec: 61.98 - lr: 0.300000
2021-10-10 02:12:12,082 epoch 1 - iter 21/79 - loss 4.55016386 - samples/sec: 66.27 - lr: 0.300000
2021-10-10 02:12:15,397 epoch 1 - iter 28/79 - loss 4.22537082 - samples/sec: 67.59 - lr: 0.300000
2021-10-10 02:12:18,212 epoch 1 - iter 35/79 - loss 3.97792920 - samples/sec: 79.62 - lr: 0.300000
2021-10-10 02:12:21,729 epoch 1 - iter 42/79 - loss 3.84034527 - samples/sec: 63.70 - lr: 0.300000
2021-10-10 02:12:25,252 epoch 1 - iter 49/79 - loss 3.68047083 - samples/sec: 63.61 - lr: 0.300000
2021-10-10 02:12:27,576 epoch 1 - iter 56/79 - loss 3.64154413 - samples/sec: 96.44 - lr: 0.300000
2021-10-10 02:12:29,726 epoch 1 - iter 63/79 - loss 3.51870998 - samples/sec: 104.24 - lr: 0.300000
2021-10-10 02:12:31,818 epoch 1 - iter 70/79 - loss 3.40388573 - samples/sec: 107.11 - lr: 0.300000
2021-10-10 02:12:33,771 epoch 1 - iter 77/79 - loss 3.29992949 - samples/sec: 114.72 - lr: 0.300000
2021-10-10 02:12:34,218 ----------------------------------------------------------------------------------------------------
2021-10-10 02:12:34,218 EPOCH 1 done: loss 3.2626 - lr 0.3000000
