2021-10-02 15:05:12,945 ----------------------------------------------------------------------------------------------------
2021-10-02 15:05:12,946 Model: "SequenceTagger(
  (embeddings): StackedEmbeddings(
    (list_embedding_0): WordEmbeddings('glove')
    (list_embedding_1): CharacterEmbeddings(
      (char_embedding): Embedding(275, 25)
      (char_rnn): LSTM(25, 25, bidirectional=True)
    )
  )
  (word_dropout): WordDropout(p=0.05)
  (embedding2nn): Linear(in_features=150, out_features=150, bias=True)
  (rnn): LSTM(150, 1024, num_layers=2, batch_first=True, dropout=0.5, bidirectional=True)
  (linear): Linear(in_features=2048, out_features=624, bias=True)
  (beta): 1.0
  (weights): None
  (weight_tensor) None
)"
2021-10-02 15:05:12,946 ----------------------------------------------------------------------------------------------------
2021-10-02 15:05:12,946 Corpus: "Corpus: 5017 train + 2002 dev + 2077 test sentences"
2021-10-02 15:05:12,946 ----------------------------------------------------------------------------------------------------
2021-10-02 15:05:12,946 Parameters:
2021-10-02 15:05:12,946  - learning_rate: "1"
2021-10-02 15:05:12,946  - mini_batch_size: "32"
2021-10-02 15:05:12,946  - patience: "3"
2021-10-02 15:05:12,946  - anneal_factor: "0.5"
2021-10-02 15:05:12,946  - max_epochs: "120"
2021-10-02 15:05:12,946  - shuffle: "True"
2021-10-02 15:05:12,946  - train_with_dev: "False"
2021-10-02 15:05:12,946  - batch_growth_annealing: "False"
2021-10-02 15:05:12,946 ----------------------------------------------------------------------------------------------------
2021-10-02 15:05:12,946 Model training base path: "model/flattened/upos/goldpos/goldframes/1-1024-2-0-0-0-glove-english-1-Char-61054"
2021-10-02 15:05:12,947 ----------------------------------------------------------------------------------------------------
2021-10-02 15:05:12,948 Device: cuda:1
2021-10-02 15:05:12,948 ----------------------------------------------------------------------------------------------------
2021-10-02 15:05:12,948 Embeddings storage mode: gpu
2021-10-02 15:05:12,954 ----------------------------------------------------------------------------------------------------
2021-10-02 15:05:16,432 ----------------------------------------------------------------------------------------------------
2021-10-02 15:05:16,432 Exiting from training early.
2021-10-02 15:05:16,432 Saving model ...
