2021-10-06 18:18:55,589 ----------------------------------------------------------------------------------------------------
2021-10-06 18:18:55,590 Model: "SequenceTagger(
  (embeddings): StackedEmbeddings(
    (list_embedding_0): FlairEmbeddings(
      (lm): LanguageModel(
        (drop): Dropout(p=0.05, inplace=False)
        (encoder): Embedding(300, 100)
        (rnn): LSTM(100, 2048)
        (decoder): Linear(in_features=2048, out_features=300, bias=True)
      )
    )
    (list_embedding_1): FlairEmbeddings(
      (lm): LanguageModel(
        (drop): Dropout(p=0.05, inplace=False)
        (encoder): Embedding(300, 100)
        (rnn): LSTM(100, 2048)
        (decoder): Linear(in_features=2048, out_features=300, bias=True)
      )
    )
  )
  (dropout): Dropout(p=0.2, inplace=False)
  (word_dropout): WordDropout(p=0.05)
  (locked_dropout): LockedDropout(p=0.3)
  (embedding2nn): Linear(in_features=4096, out_features=4096, bias=True)
  (rnn): LSTM(4096, 500, batch_first=True, bidirectional=True)
  (linear): Linear(in_features=1000, out_features=978, bias=True)
  (beta): 1.0
  (weights): None
  (weight_tensor) None
)"
2021-10-06 18:18:55,591 ----------------------------------------------------------------------------------------------------
2021-10-06 18:18:55,591 Corpus: "Corpus: 12543 train + 2002 dev + 2077 test sentences"
2021-10-06 18:18:55,591 ----------------------------------------------------------------------------------------------------
2021-10-06 18:18:55,591 Parameters:
2021-10-06 18:18:55,591  - learning_rate: "0.75"
2021-10-06 18:18:55,591  - mini_batch_size: "32"
2021-10-06 18:18:55,591  - patience: "3"
2021-10-06 18:18:55,591  - anneal_factor: "0.5"
2021-10-06 18:18:55,591  - max_epochs: "2"
2021-10-06 18:18:55,591  - shuffle: "True"
2021-10-06 18:18:55,592  - train_with_dev: "False"
2021-10-06 18:18:55,592  - batch_growth_annealing: "False"
2021-10-06 18:18:55,592 ----------------------------------------------------------------------------------------------------
2021-10-06 18:18:55,592 Model training base path: "model/srlreplaced/upos/goldpos/goldframes/15d3e592-11b4-4e54-ac16-2d5be92fcd16"
2021-10-06 18:18:55,592 ----------------------------------------------------------------------------------------------------
2021-10-06 18:18:55,592 Device: cuda:0
2021-10-06 18:18:55,613 ----------------------------------------------------------------------------------------------------
2021-10-06 18:18:55,615 Embeddings storage mode: gpu
2021-10-06 18:18:55,622 ----------------------------------------------------------------------------------------------------
2021-10-06 18:19:01,298 epoch 1 - iter 39/392 - loss 5.25960971 - samples/sec: 219.97 - lr: 0.750000
2021-10-06 18:19:05,631 epoch 1 - iter 78/392 - loss 4.58368665 - samples/sec: 288.18 - lr: 0.750000
2021-10-06 18:19:10,269 epoch 1 - iter 117/392 - loss 4.04623313 - samples/sec: 269.26 - lr: 0.750000
2021-10-06 18:19:14,457 epoch 1 - iter 156/392 - loss 3.65849473 - samples/sec: 298.19 - lr: 0.750000
2021-10-06 18:19:19,115 epoch 1 - iter 195/392 - loss 3.47576893 - samples/sec: 268.06 - lr: 0.750000
2021-10-06 18:19:24,468 epoch 1 - iter 234/392 - loss 3.37374415 - samples/sec: 233.23 - lr: 0.750000
2021-10-06 18:19:29,010 epoch 1 - iter 273/392 - loss 3.24950178 - samples/sec: 274.89 - lr: 0.750000
2021-10-06 18:19:33,416 epoch 1 - iter 312/392 - loss 3.13824592 - samples/sec: 283.43 - lr: 0.750000
2021-10-06 18:19:37,424 epoch 1 - iter 351/392 - loss 3.02570572 - samples/sec: 311.56 - lr: 0.750000
2021-10-06 18:19:42,131 epoch 1 - iter 390/392 - loss 2.93665811 - samples/sec: 265.25 - lr: 0.750000
2021-10-06 18:19:42,459 ----------------------------------------------------------------------------------------------------
2021-10-06 18:19:42,459 EPOCH 1 done: loss 2.9329 - lr 0.7500000
2021-10-06 18:19:49,828 DEV : loss 1.7950778007507324 - score 0.5351
2021-10-06 18:19:49,838 BAD EPOCHS (no improvement): 0
2021-10-06 18:19:53,530 ----------------------------------------------------------------------------------------------------
2021-10-06 18:19:54,934 epoch 2 - iter 39/392 - loss 1.98096209 - samples/sec: 891.32 - lr: 0.750000
2021-10-06 18:19:56,310 epoch 2 - iter 78/392 - loss 1.95910675 - samples/sec: 908.62 - lr: 0.750000
2021-10-06 18:19:57,714 epoch 2 - iter 117/392 - loss 1.91523054 - samples/sec: 890.18 - lr: 0.750000
2021-10-06 18:19:59,078 epoch 2 - iter 156/392 - loss 1.88219935 - samples/sec: 916.64 - lr: 0.750000
2021-10-06 18:20:00,468 epoch 2 - iter 195/392 - loss 1.86263718 - samples/sec: 899.25 - lr: 0.750000
2021-10-06 18:20:01,866 epoch 2 - iter 234/392 - loss 1.84714914 - samples/sec: 894.26 - lr: 0.750000
2021-10-06 18:20:03,324 epoch 2 - iter 273/392 - loss 1.82781388 - samples/sec: 857.29 - lr: 0.750000
2021-10-06 18:20:04,770 epoch 2 - iter 312/392 - loss 1.80327392 - samples/sec: 864.52 - lr: 0.750000
2021-10-06 18:20:06,176 epoch 2 - iter 351/392 - loss 1.78526470 - samples/sec: 889.38 - lr: 0.750000
2021-10-06 18:20:07,596 epoch 2 - iter 390/392 - loss 1.76858203 - samples/sec: 879.84 - lr: 0.750000
2021-10-06 18:20:07,676 ----------------------------------------------------------------------------------------------------
2021-10-06 18:20:07,676 EPOCH 2 done: loss 1.7679 - lr 0.7500000
2021-10-06 18:20:09,572 DEV : loss 1.4426453113555908 - score 0.6018
2021-10-06 18:20:09,582 BAD EPOCHS (no improvement): 0
2021-10-06 18:20:14,734 ----------------------------------------------------------------------------------------------------
2021-10-06 18:20:14,735 Testing using best model ...
2021-10-06 18:20:14,735 loading file model/srlreplaced/upos/goldpos/goldframes/15d3e592-11b4-4e54-ac16-2d5be92fcd16/best-model.pt
2021-10-06 18:20:21,788 	0.6056
2021-10-06 18:20:21,788 
Results:
- F-score (micro): 0.6056
- F-score (macro): 0.0727
- Accuracy (incl. no class): 0.6056

By class:
                      precision    recall  f1-score   support

          1,NOUN,det     0.8628    0.9581    0.9080      1385
    1,FRAME,ARGM-ADJ     0.7826    0.0952    0.1698       189
         1,NOUN,amod     0.6067    0.8816    0.7188       735
        1,FRAME,ARG1     0.8219    0.5868    0.6847       755
           2,ADJ,cop     1.0000    0.0000    0.0000         9
           1,ADJ,cop     0.7964    0.9399    0.8622       283
           1,ADJ,det     0.5152    0.5484    0.5312        31
    1,FRAME,ARGM-EXT     0.5926    0.5517    0.5714        87
       -1,FRAME,ARG2     0.7178    0.3630    0.4822       876
        -1,ADJ,punct     0.5714    0.2368    0.3349       152
        -1,ROOT,root     0.7594    0.9198    0.8320      1709
        2,FRAME,ARG1     0.4487    0.4828    0.4651       145
         1,VERB,mark     0.8308    0.9359    0.8802       640
        1,FRAME,ARG0     0.7377    0.8500    0.7899       920
       -1,PRON,advcl     1.0000    0.0000    0.0000         2
       -1,FRAME,ARG1     0.4223    0.9300    0.5808      1685
        1,PROPN,case     0.6929    0.8323    0.7562       328
       -1,VERB,punct     0.3783    0.8667    0.5267       495
         4,NOUN,case     1.0000    0.0000    0.0000         5
         2,NOUN,case     0.4697    0.4526    0.4610       137
    4,NOUN,nmod:poss     1.0000    0.0000    0.0000         2
    2,NOUN,nmod:poss     0.4186    0.5806    0.4865        31
     1,NOUN,compound     0.6200    0.6793    0.6483       502
        1,NOUN,punct     0.4681    0.5699    0.5140       193
     2,NOUN,compound     0.1667    0.1200    0.1395        50
       -1,NOUN,punct     0.4467    0.6459    0.5282       305
           1,NOUN,cc     0.6636    0.7978    0.7246       183
           1,VERB,cc     0.7799    0.9538    0.8581       260
       1,NOUN,advmod     0.3590    0.4000    0.3784        35
    1,FRAME,ARGM-TMP     0.5906    0.5641    0.5770       156
        -1,NOUN,conj     0.4463    0.6626    0.5333       163
         1,NOUN,case     0.7600    0.9161    0.8308      1037
          2,NOUN,det     0.6467    0.5000    0.5640       194
        1,ADJ,advmod     0.7383    0.7237    0.7309       152
         1,ADJ,punct     0.5938    0.2533    0.3551        75
         2,NOUN,amod     0.5278    0.2159    0.3065        88
       -1,FRAME,ARG4     0.2000    0.0364    0.0615        55
       2,PROPN,punct     0.0000    0.0000    0.0000        16
        1,VERB,punct     0.5742    0.8511    0.6857       282
        2,PROPN,case     0.6316    0.3038    0.4103        79
    1,PROPN,compound     0.4257    0.7500    0.5431       336
       -1,PROPN,flat     0.6124    0.8103    0.6976       195
       -1,PROPN,nmod     0.4000    0.0556    0.0976        36
       -2,PROPN,flat     0.0000    0.0000    0.0000        48
      -4,PROPN,punct     1.0000    0.0000    0.0000        18
      -2,PROPN,punct     0.3187    0.4915    0.3867        59
        2,NOUN,punct     1.0000    0.0000    0.0000        39
           2,NOUN,cc     0.5556    0.1667    0.2564        30
    1,FRAME,ARGM-DIS     0.5082    0.6526    0.5714        95
    1,FRAME,ARGM-ADV     0.4744    0.5426    0.5062       188
          1,NOUN,cop     0.6452    0.8451    0.7317       142
        -1,PRON,amod     1.0000    0.0000    0.0000        17
   -1,FRAME,ARGM-ADV     0.2500    0.0667    0.1053       105
    1,NOUN,obl:npmod     1.0000    0.0000    0.0000         2
        -1,NOUN,nmod     0.3541    0.6123    0.4487       325
  1,FRAME,R-ARGM-TMP     1.0000    0.0000    0.0000         2
          1,ADJ,mark     0.6538    0.3542    0.4595        48
       -3,NOUN,punct     1.0000    0.0000    0.0000        35
        1,FRAME,ARG2     0.6667    0.1176    0.2000        68
       -1,PROPN,case     0.7447    0.7292    0.7368        48
    1,FRAME,ARGM-MOD     0.9427    0.9850    0.9634       334
       -2,FRAME,ARG1     0.4111    0.2606    0.3190       142
        2,FRAME,ARG0     0.8341    0.6471    0.7288       272
          1,VERB,aux     0.9272    0.9564    0.9416       413
   -2,FRAME,ARGM-ADV     1.0000    0.0000    0.0000        45
   -1,NOUN,acl:relcl     0.4318    0.5644    0.4893       101
   -1,FRAME,ARGM-TMP     0.5464    0.6574    0.5967       251
            1,ADJ,cc     0.7215    0.5876    0.6477        97
          1,VERB,cop     1.0000    0.0000    0.0000         7
       1,VERB,advmod     0.0000    0.0000    0.0000        37
        -1,VERB,conj     0.3938    0.7718    0.5215       149
   -1,FRAME,ARGM-LOC     0.3725    0.2774    0.3180       137
       -4,VERB,punct     1.0000    0.0000    0.0000        70
          2,NOUN,cop     0.0000    0.0000    0.0000        17
         1,PRON,case     0.7615    0.8115    0.7857       122
        -1,ADV,fixed     0.5000    0.0385    0.0714        26
       -1,FRAME,ARG3     1.0000    0.0000    0.0000        61
   -1,FRAME,ARGM-DIR     0.2373    0.3590    0.2857        39
          -1,ADV,obl     1.0000    0.0000    0.0000        22
      1,FRAME,R-ARG0     0.6333    0.9268    0.7525        41
    -1,ADJ,acl:relcl     1.0000    0.0000    0.0000         3
    1,NOUN,nmod:poss     0.8230    0.7470    0.7832       249
    1,FRAME,ARGM-NEG     0.8286    0.9236    0.8735       157
       -3,FRAME,ARG1     1.0000    0.0000    0.0000        16
          -1,FRAME,V     1.0000    0.0000    0.0000         4
        -3,VERB,conj     1.0000    0.0000    0.0000        19
        1,ADV,advmod     0.3333    0.2857    0.3077        56
       -5,VERB,punct     1.0000    0.0000    0.0000        29
       -3,VERB,punct     0.2708    0.2321    0.2500       168
       -2,PROPN,nmod     1.0000    0.0000    0.0000        16
-1,VERB,compound:prt     0.6024    0.7937    0.6849        63
        1,FRAME,ARG3     1.0000    0.0000    0.0000         5
     1,VERB,aux:pass     0.8364    0.8364    0.8364       110
   -1,PRON,acl:relcl     1.0000    0.0000    0.0000         7
   -2,FRAME,ARGM-LOC     1.0000    0.0000    0.0000        20
   -1,FRAME,ARGM-GOL     1.0000    0.0000    0.0000        15
   -1,FRAME,ARGM-PRP     0.3500    0.2500    0.2917        56
       -2,VERB,punct     0.4120    0.3107    0.3542       309
    1,FRAME,ARGM-LVB     0.2500    0.0208    0.0385        48
   -1,FRAME,ARGM-PRR     1.0000    0.0000    0.0000        63
          1,ADJ,case     0.0000    0.0000    0.0000        17
          -1,ADJ,obl     1.0000    0.0000    0.0000        28
         -1,NUM,nmod     0.2857    0.0625    0.1026        32
      2,FRAME,R-ARG1     1.0000    0.0909    0.1667        11
      1,FRAME,R-ARG1     0.4444    0.5517    0.4923        29
       1,NOUN,nummod     0.6957    0.8889    0.7805       144
    2,FRAME,ARGM-LOC     1.0000    0.0000    0.0000         6
       2,NOUN,nummod     1.0000    0.0000    0.0000         8
       -1,VERB,xcomp     1.0000    0.0000    0.0000        33
    1,FRAME,ARGM-LOC     1.0000    0.0000    0.0000        20
         1,NOUN,mark     0.9000    0.4737    0.6207        19
       -2,FRAME,ARG2     1.0000    0.0000    0.0000        42
   -1,FRAME,ARGM-PRD     1.0000    0.0000    0.0000        23
         -1,NOUN,acl     0.4737    0.3176    0.3803        85
         1,PROPN,det     0.6081    0.4839    0.5389        93
       -1,FRAME,ARG0     0.5000    0.0123    0.0241        81
        3,FRAME,ARG0     1.0000    0.0000    0.0000        19
      3,FRAME,R-ARG0     1.0000    0.0000    0.0000         2
        3,VERB,punct     1.0000    0.0000    0.0000         8
    2,FRAME,ARGM-ADV     0.5714    0.0909    0.1569        44
   -2,NOUN,acl:relcl     1.0000    0.0000    0.0000        12
        -2,VERB,conj     0.0000    0.0000    0.0000        51
       -7,VERB,punct     1.0000    0.0000    0.0000         4
   -1,FRAME,ARGM-NEG     0.7059    0.9231    0.8000        26
        -4,VERB,conj     1.0000    0.0000    0.0000         7
        -1,PRON,nmod     1.0000    0.0000    0.0000        11
        4,VERB,punct     1.0000    0.0000    0.0000         3
           4,VERB,cc     1.0000    0.0000    0.0000         1
   -1,FRAME,ARGM-ADJ     1.0000    0.0000    0.0000        27
   -2,PRON,acl:relcl     1.0000    0.0000    0.0000        18
        -9,VERB,conj     1.0000    0.0000    0.0000         1
      -10,VERB,punct     1.0000    0.0000    0.0000         2
   -1,FRAME,ARGM-MNR     0.3000    0.0508    0.0870        59
         2,PROPN,det     0.5152    0.5000    0.5075        34
         1,VERB,expl     0.8500    0.7907    0.8193        43
           1,ADJ,aux     1.0000    0.0000    0.0000        11
        4,PROPN,case     1.0000    0.0000    0.0000         5
         4,PROPN,det     1.0000    0.0000    0.0000         5
    2,PROPN,compound     0.0000    0.0000    0.0000        48
     -1,FRAME,C-ARG1     1.0000    0.0278    0.0541        36
       -6,VERB,punct     1.0000    0.0000    0.0000        15
    2,FRAME,ARGM-DIS     0.5714    0.1481    0.2353        27
        -1,ADP,fixed     0.5000    0.0625    0.1111        16
         -1,VERB,obj     1.0000    0.0000    0.0000         4
    2,FRAME,ARGM-TMP     0.0000    0.0000    0.0000        31
      -1,PROPN,appos     0.3077    0.2667    0.2857        45
       -1,NOUN,appos     0.2086    0.4677    0.2886        62
       -1,SYM,nummod     0.3714    0.8125    0.5098        32
         2,VERB,mark     1.0000    0.0000    0.0000        11
       -2,FRAME,ARG0     1.0000    0.0000    0.0000         8
   -4,FRAME,ARGM-TMP     1.0000    0.0000    0.0000         2
       -2,NOUN,punct     1.0000    0.0000    0.0000        80
        -1,NOUN,amod     1.0000    0.0000    0.0000        11
        -1,NOUN,case     0.5833    0.5000    0.5385        14
         -1,ADJ,conj     0.5147    0.4430    0.4762        79
        3,FRAME,ARG1     1.0000    0.0000    0.0000        29
    1,FRAME,ARGM-MNR     0.0000    0.0000    0.0000        53
      -1,NOUN,advmod     0.6667    0.0870    0.1538        23
        1,PROPN,amod     0.0000    0.0000    0.0000        18
    1,ADJ,cc:preconj     1.0000    0.0000    0.0000         1
   -2,FRAME,ARGM-CAU     1.0000    0.0000    0.0000         8
         -2,ADJ,conj     1.0000    0.0000    0.0000        23
        -1,ADJ,fixed     1.0000    0.0000    0.0000         6
          1,PROPN,cc     0.4787    0.7031    0.5696        64
       -1,PROPN,conj     0.2481    0.4776    0.3265        67
   -2,FRAME,ARGM-TMP     1.0000    0.0000    0.0000        43
     -2,FRAME,C-ARG1     1.0000    0.0000    0.0000        11
   -3,FRAME,ARGM-ADV     1.0000    0.0000    0.0000        16
   -1,FRAME,ARGM-CAU     1.0000    0.0000    0.0000        10
          1,NUM,nmod     1.0000    0.0000    0.0000         2
   -6,FRAME,ARGM-ADV     1.0000    0.0000    0.0000         2
   -2,FRAME,ARGM-ADJ     1.0000    0.0000    0.0000         6
   -1,VERB,parataxis     0.0000    0.0000    0.0000        39
        -2,NOUN,nmod     1.0000    0.0000    0.0000        46
      -1,NOUN,nummod     1.0000    0.0000    0.0000        13
          1,NUM,case     0.7170    0.5205    0.6032        73
         1,NUM,punct     0.2917    0.2258    0.2545        31
       1,PROPN,punct     0.5049    0.5200    0.5123       100
         -2,NUM,conj     1.0000    0.0000    0.0000         1
          2,NUM,case     1.0000    0.0000    0.0000         1
      1,NUM,compound     1.0000    0.0000    0.0000         8
         -2,NUM,nmod     1.0000    0.0000    0.0000         2
         2,NUM,punct     1.0000    0.0000    0.0000        20
         -6,NUM,conj     1.0000    0.0000    0.0000         1
           <UNKNOWN>     0.0000    1.0000    0.0000         0
            1,NUM,cc     1.0000    0.0000    0.0000         8
         -7,NUM,conj     1.0000    0.0000    0.0000         1
        -8,NUM,punct     1.0000    0.0000    0.0000         1
  1,FRAME,R-ARGM-MNR     1.0000    0.0000    0.0000         8
       -2,PROPN,conj     0.3333    0.0303    0.0556        33
       -3,PROPN,conj     1.0000    0.0000    0.0000         9
    2,FRAME,ARGM-MNR     1.0000    0.0000    0.0000         9
         -1,NUM,conj     1.0000    0.0000    0.0000         8
        -1,NUM,punct     0.0000    0.0000    0.0000        18
     -1,NUM,compound     1.0000    0.0000    0.0000         6
       -4,NOUN,punct     1.0000    0.0000    0.0000        24
   -4,NOUN,acl:relcl     1.0000    0.0000    0.0000         4
   -1,FRAME,ARGM-EXT     0.0000    0.0000    0.0000        14
    -1,NOUN,compound     1.0000    0.0000    0.0000         7
          1,DET,case     1.0000    0.0000    0.0000         9
         -1,DET,nmod     1.0000    0.0000    0.0000        13
     -1,PROPN,nummod     0.2833    0.6071    0.3864        28
      -3,PROPN,punct     0.0000    0.0000    0.0000        45
         -3,NUM,conj     1.0000    0.0000    0.0000         1
      -1,PROPN,punct     0.6265    0.4444    0.5200       117
   -3,FRAME,ARGM-TMP     1.0000    0.0000    0.0000         4
       10,FRAME,ARG0     1.0000    0.0000    0.0000         1
       -2,PROPN,case     1.0000    0.0000    0.0000         7
    -1,ADJ,parataxis     1.0000    0.0000    0.0000        16
        -2,NOUN,conj     0.1667    0.0612    0.0896        49
    3,FRAME,ARGM-LOC     1.0000    0.0000    0.0000         1
  3,FRAME,R-ARGM-LOC     1.0000    0.0000    0.0000         1
    3,FRAME,ARGM-ADV     1.0000    0.0000    0.0000        12
    2,FRAME,ARGM-MOD     0.8163    0.8163    0.8163        49
       -5,NOUN,punct     1.0000    0.0000    0.0000        10
   1,NOUN,cc:preconj     1.0000    0.0000    0.0000         3
          2,PROPN,cc     1.0000    0.0000    0.0000        16
        -3,NOUN,conj     1.0000    0.0000    0.0000        15
     -3,PROPN,advmod     1.0000    0.0000    0.0000         1
          1,ADJ,expl     1.0000    0.0000    0.0000         4
     1,VERB,compound     1.0000    0.0000    0.0000         7
         4,NOUN,amod     1.0000    0.0000    0.0000         3
        4,NOUN,punct     1.0000    0.0000    0.0000         5
        -2,ADJ,punct     0.0000    0.0000    0.0000        58
       -4,FRAME,ARG1     1.0000    0.0000    0.0000         4
   1,PROPN,nmod:poss     1.0000    0.0000    0.0000         9
   -4,FRAME,ARGM-LOC     1.0000    0.0000    0.0000         1
        -6,ADJ,punct     1.0000    0.0000    0.0000         3
         3,VERB,mark     1.0000    0.0000    0.0000         3
         -2,NOUN,acl     1.0000    0.0000    0.0000         8
     1,ADV,obl:npmod     1.0000    0.0000    0.0000        13
         -4,NOUN,acl     1.0000    0.0000    0.0000         2
    2,FRAME,ARGM-PRR     1.0000    0.0000    0.0000         2
   -3,FRAME,ARGM-PRP     1.0000    0.0000    0.0000         2
         -1,ADV,conj     0.5000    0.0833    0.1429        12
        -1,ADV,punct     0.0000    0.0000    0.0000        26
   -4,FRAME,ARGM-PRD     1.0000    0.0000    0.0000         1
       -1,VERB,fixed     1.0000    0.0000    0.0000         5
        1,NUM,advmod     0.2500    0.3333    0.2857        12
    1,FRAME,ARGM-PRP     1.0000    0.0000    0.0000         5
        1,SYM,nummod     1.0000    0.0000    0.0000        10
         -1,SYM,nmod     1.0000    0.0000    0.0000         3
      4,PROPN,advmod     1.0000    0.0000    0.0000         1
    3,PROPN,compound     1.0000    0.0000    0.0000        11
         -1,ADJ,nmod     1.0000    0.0000    0.0000         6
   -3,NOUN,parataxis     1.0000    0.0000    0.0000         1
       -1,VERB,advcl     1.0000    0.0000    0.0000         6
      -2,NOUN,advmod     1.0000    0.0000    0.0000         2
       -9,NOUN,punct     1.0000    0.0000    0.0000         1
         2,NOUN,mark     1.0000    0.0000    0.0000         4
        -2,ADV,advcl     1.0000    0.0000    0.0000         3
        -4,ADJ,punct     1.0000    0.0000    0.0000         9
        2,VERB,punct     1.0000    0.0000    0.0000         9
           2,VERB,cc     1.0000    0.0000    0.0000        10
       -1,INTJ,punct     0.4231    0.5238    0.4681        21
          -1,X,punct     0.6667    0.1333    0.2222        30
        -1,FRAME,C-V     0.0000    0.0000    0.0000        14
       -1,VERB,ccomp     1.0000    0.0000    0.0000         3
          1,SYM,case     1.0000    0.0000    0.0000        11
    -1,SYM,nmod:tmod     1.0000    0.0000    0.0000         1
  1,FRAME,R-ARGM-LOC     1.0000    0.0000    0.0000         4
  -1,PROPN,acl:relcl     1.0000    0.0000    0.0000         5
      2,PROPN,advmod     1.0000    0.0000    0.0000         1
      -2,PROPN,appos     0.0000    0.0000    0.0000        13
    1,FRAME,ARGM-PRD     1.0000    0.0000    0.0000        11
    1,NUM,nmod:npmod     1.0000    0.0000    0.0000         2
    4,FRAME,ARGM-TMP     1.0000    0.0000    0.0000         1
        4,FRAME,ARG0     1.0000    0.0000    0.0000         2
         3,NOUN,mark     1.0000    0.0000    0.0000         5
       -3,FRAME,ARG0     1.0000    0.0000    0.0000         1
        3,PROPN,case     0.2500    0.0526    0.0870        19
         3,PROPN,det     0.0000    0.0000    0.0000        13
       -4,PROPN,nmod     1.0000    0.0000    0.0000         1
        7,FRAME,ARG0     1.0000    0.0000    0.0000         1
         -1,PRON,cop     1.0000    0.0000    0.0000        15
       -2,PRON,punct     1.0000    0.0000    0.0000         9
   1,VERB,nsubj:pass     1.0000    0.0000    0.0000         2
        -4,NOUN,conj     1.0000    0.0000    0.0000        11
      1,PROPN,advmod     1.0000    0.0000    0.0000         7
        -1,PROPN,acl     1.0000    0.0000    0.0000         5
          1,NOUN,aux     1.0000    0.0000    0.0000         6
        -1,ADJ,xcomp     1.0000    0.0000    0.0000         2
         3,ADV,punct     1.0000    0.0000    0.0000         1
        2,ADV,advmod     1.0000    0.0000    0.0000         1
          2,ADV,mark     1.0000    0.0000    0.0000         2
  -5,PROPN,parataxis     1.0000    0.0000    0.0000         2
   -2,FRAME,ARGM-COM     1.0000    0.0000    0.0000         2
      -8,PROPN,punct     1.0000    0.0000    0.0000         3
   2,VERB,csubj:pass     1.0000    0.0000    0.0000         1
   -2,FRAME,ARGM-MNR     1.0000    0.0000    0.0000         8
     -1,FRAME,R-ARG1     1.0000    0.0000    0.0000         1
       -7,FRAME,ARG1     1.0000    0.0000    0.0000         2
          -2,ADJ,obl     1.0000    0.0000    0.0000         7
   -1,FRAME,ARGM-COM     1.0000    0.0000    0.0000        11
   -3,FRAME,ARGM-DIS     1.0000    0.0000    0.0000         3
     -3,FRAME,C-ARG1     1.0000    0.0000    0.0000         4
      2,FRAME,R-ARG0     1.0000    0.0000    0.0000        10
        -5,VERB,conj     1.0000    0.0000    0.0000         1
       -8,VERB,punct     1.0000    0.0000    0.0000         2
        5,FRAME,ARG1     1.0000    0.0000    0.0000         2
  -2,PROPN,acl:relcl     1.0000    0.0000    0.0000         3
       -1,PROPN,list     1.0000    0.3158    0.4800        19
        6,FRAME,ARG0     1.0000    0.0000    0.0000         1
         -1,VERB,obl     1.0000    0.0000    0.0000         6
       -4,FRAME,ARG2     1.0000    0.0000    0.0000         1
       -4,VERB,advcl     1.0000    0.0000    0.0000         2
        5,VERB,punct     1.0000    0.0000    0.0000         3
        7,FRAME,ARG1     1.0000    0.0000    0.0000         1
        2,PROPN,amod     1.0000    0.0000    0.0000         7
       -3,PROPN,nmod     1.0000    0.0000    0.0000         4
           1,ADV,cop     1.0000    0.0000    0.0000        13
    -1,ADV,acl:relcl     1.0000    0.0000    0.0000         4
    3,FRAME,ARGM-DIS     1.0000    0.0000    0.0000         5
          1,ADV,case     0.0000    0.0000    0.0000        10
       -2,PROPN,list     0.1600    0.1000    0.1231        40
       -3,PROPN,list     1.0000    0.0000    0.0000        40
       -4,PROPN,list     0.1538    0.2222    0.1818        27
      1,ADV,obl:tmod     1.0000    0.0000    0.0000         1
        -3,PROPN,acl     1.0000    0.0000    0.0000         2
  -1,NOUN,nmod:npmod     1.0000    0.0000    0.0000         4
      -5,PROPN,punct     1.0000    0.0000    0.0000        12
       -5,PROPN,list     1.0000    0.0000    0.0000        16
      -6,PROPN,punct     1.0000    0.0000    0.0000         3
    1,FRAME,ARGM-GOL     1.0000    0.0000    0.0000         2
        2,FRAME,ARG2     1.0000    0.0000    0.0000        10
       -3,PROPN,flat     1.0000    0.0000    0.0000         6
    4,FRAME,ARGM-DIS     1.0000    0.0000    0.0000         1
    2,FRAME,ARGM-CAU     1.0000    0.0000    0.0000         7
    1,FRAME,ARGM-CXN     1.0000    0.0000    0.0000         5
          2,AUX,mark     1.0000    0.0000    0.0000         1
           1,AUX,aux     1.0000    0.0000    0.0000         1
 -2,FRAME,C-ARGM-CXN     1.0000    0.0000    0.0000         1
       5,PROPN,punct     1.0000    0.0000    0.0000         1
    4,PROPN,compound     1.0000    0.0000    0.0000         3
       4,PROPN,punct     1.0000    0.0000    0.0000         2
      -7,PROPN,appos     1.0000    0.0000    0.0000         1
       -2,NOUN,appos     1.0000    0.0000    0.0000        10
       -4,PROPN,conj     1.0000    0.0000    0.0000         7
       2,NOUN,advmod     1.0000    0.0000    0.0000         5
      -1,VERB,advmod     1.0000    0.0000    0.0000        16
           1,NUM,det     1.0000    0.0000    0.0000         7
          1,NUM,amod     1.0000    0.0000    0.0000         3
      1,PROPN,nummod     1.0000    0.0000    0.0000         5
      1,ADJ,compound     1.0000    0.0000    0.0000         4
        2,NUM,advmod     1.0000    0.0000    0.0000         2
       -5,PROPN,nmod     1.0000    0.0000    0.0000         1
         2,PROPN,cop     1.0000    0.0000    0.0000         8
        1,DET,advmod     1.0000    0.0000    0.0000         1
         1,PROPN,cop     0.6667    0.1176    0.2000        17
       -5,PROPN,conj     1.0000    0.0000    0.0000         4
         2,ADJ,punct     1.0000    0.0000    0.0000         3
          2,ADJ,mark     1.0000    0.0000    0.0000         5
        2,ADJ,advmod     1.0000    0.0000    0.0000         1
          1,ADJ,amod     1.0000    0.0000    0.0000        10
       2,VERB,advmod     1.0000    0.0000    0.0000         1
   2,VERB,reparandum     1.0000    0.0000    0.0000         1
        2,VERB,nsubj     1.0000    0.0000    0.0000         1
        3,PROPN,amod     1.0000    0.0000    0.0000         1
       -3,FRAME,ARG2     1.0000    0.0000    0.0000         5
  2,FRAME,R-ARGM-LOC     1.0000    0.0000    0.0000         2
            2,ADJ,cc     1.0000    0.0000    0.0000         5
  2,FRAME,R-ARGM-ADJ     1.0000    0.0000    0.0000         1
       1,PROPN,nsubj     1.0000    0.0000    0.0000         1
    4,FRAME,ARGM-ADV     1.0000    0.0000    0.0000         5
       -6,FRAME,ARG1     1.0000    0.0000    0.0000         1
       -1,VERB,nsubj     1.0000    0.0000    0.0000         2
          4,NOUN,cop     1.0000    0.0000    0.0000         2
          1,INTJ,cop     1.0000    0.0000    0.0000         1
        1,INTJ,punct     1.0000    0.0000    0.0000         4
   -1,FRAME,ARGM-DIS     0.6667    0.0952    0.1667        21
    3,NOUN,nmod:poss     1.0000    0.0000    0.0000         3
    6,FRAME,ARGM-ADV     1.0000    0.0000    0.0000         3
         1,PRON,mark     1.0000    0.0000    0.0000         2
          1,PRON,cop     1.0000    0.0000    0.0000         4
        1,PRON,punct     1.0000    0.0000    0.0000         1
   -4,FRAME,ARGM-ADV     1.0000    0.0000    0.0000         2
      -1,SCONJ,fixed     1.0000    0.0000    0.0000         7
         -4,ADJ,conj     1.0000    0.0000    0.0000         1
   1,NOUN,det:predet     0.7000    0.3684    0.4828        19
         -2,PRON,acl     1.0000    0.0000    0.0000         1
       -1,PRON,punct     1.0000    0.0000    0.0000        16
           1,SYM,cop     1.0000    0.0000    0.0000         3
   -1,SYM,nmod:npmod     1.0000    0.0000    0.0000         1
     -1,FRAME,C-ARG3     1.0000    0.0000    0.0000         2
            1,ADV,cc     0.4000    0.1429    0.2105        14
          -1,ADJ,cop     1.0000    0.0000    0.0000         4
    -1,NUM,nmod:tmod     1.0000    0.0000    0.0000         2
         -1,INTJ,obl     1.0000    0.0000    0.0000         2
          1,VERB,obj     1.0000    0.0000    0.0000         1
   -1,FRAME,ARGM-LVB     1.0000    0.0000    0.0000         2
   -2,FRAME,ARGM-DIS     1.0000    0.0000    0.0000         5
   -2,FRAME,ARGM-PRD     1.0000    0.0000    0.0000         2
        -3,ADJ,punct     1.0000    0.0000    0.0000        18
      -5,PROPN,appos     1.0000    0.0000    0.0000         6
        -1,PRON,conj     1.0000    0.0000    0.0000         6
    -1,INTJ,vocative     1.0000    0.0000    0.0000         4
       -2,FRAME,ARG3     1.0000    0.0000    0.0000         2
   -1,NOUN,parataxis     1.0000    0.0000    0.0000        29
   -1,NOUN,nmod:tmod     1.0000    0.0000    0.0000         8
  -1,PROPN,parataxis     1.0000    0.0000    0.0000         7
   1,PROPN,discourse     1.0000    0.0000    0.0000         2
   -2,FRAME,ARGM-DIR     1.0000    0.0000    0.0000         5
        1,VERB,advcl     1.0000    0.0000    0.0000         2
         -2,ADV,conj     1.0000    0.0000    0.0000         4
        -2,ADV,punct     1.0000    0.0000    0.0000         6
        4,FRAME,ARG1     1.0000    0.0000    0.0000         7
    3,NOUN,parataxis     1.0000    0.0000    0.0000         1
        -1,ADJ,advcl     1.0000    0.0000    0.0000        11
      -2,VERB,advmod     1.0000    0.0000    0.0000         1
 -1,FRAME,C-ARGM-CXN     1.0000    0.0000    0.0000         4
          3,NOUN,det     0.2727    0.0714    0.1132        42
          -1,SYM,acl     1.0000    0.0000    0.0000         1
            1,SYM,cc     1.0000    0.0000    0.0000         3
         -1,SYM,conj     1.0000    0.0000    0.0000         2
         3,NOUN,amod     1.0000    0.0000    0.0000        15
        -1,VERB,expl     1.0000    0.1250    0.2222         8
           4,NOUN,cc     1.0000    0.0000    0.0000         2
          4,NOUN,det     1.0000    0.0000    0.0000         4
   -3,FRAME,ARGM-LOC     1.0000    0.0000    0.0000         2
   -2,FRAME,ARGM-EXT     1.0000    0.0000    0.0000         1
       -8,PROPN,list     1.0000    0.0000    0.0000        10
       -9,PROPN,list     1.0000    0.0000    0.0000         3
        1,NUM,nummod     0.9000    0.7500    0.8182        24
      -13,PROPN,list     1.0000    0.0000    0.0000         1
        -1,NUM,appos     1.0000    0.0000    0.0000         9
      3,PROPN,nummod     1.0000    0.0000    0.0000         1
      -15,PROPN,list     1.0000    0.0000    0.0000         1
      -16,PROPN,list     1.0000    0.0000    0.0000         2
      -18,PROPN,list     1.0000    0.0000    0.0000         1
          -1,X,appos     1.0000    0.0000    0.0000         6
        1,X,compound     1.0000    0.0000    0.0000         5
       -1,X,goeswith     0.2000    0.1250    0.1538         8
    -2,NUM,nmod:tmod     0.8333    1.0000    0.9091        20
            1,DET,cc     1.0000    0.0000    0.0000         2
         -1,DET,conj     1.0000    0.0000    0.0000         1
         1,ADV,punct     1.0000    0.0000    0.0000         7
          -1,ADV,cop     1.0000    0.0000    0.0000        13
           1,X,punct     0.5882    0.5882    0.5882        34
        -1,SYM,punct     0.0000    0.0000    0.0000         2
        -1,SYM,appos     1.0000    0.0000    0.0000         1
         -2,SYM,conj     1.0000    0.0000    0.0000         1
      -3,PROPN,appos     1.0000    0.0000    0.0000         6
      -4,PROPN,appos     1.0000    0.0000    0.0000         4
         3,NOUN,case     1.0000    0.0000    0.0000        34
   -3,VERB,parataxis     1.0000    0.0000    0.0000         7
    3,FRAME,ARGM-MNR     1.0000    0.0000    0.0000         1
    -1,VERB,aux:pass     1.0000    0.0000    0.0000         4
      1,ADJ,vocative     1.0000    0.0000    0.0000         1
  -2,PROPN,parataxis     1.0000    0.0000    0.0000         1
        -2,NUM,punct     1.0000    0.0000    0.0000         6
       -1,NUM,advmod     1.0000    0.0000    0.0000         3
      2,PROPN,nummod     1.0000    0.0000    0.0000         3
        1,ADJ,nummod     1.0000    0.0000    0.0000         2
     1,ADJ,nmod:poss     1.0000    0.0000    0.0000         2
     3,NOUN,compound     1.0000    0.0000    0.0000         6
        1,VERB,nsubj     1.0000    0.0000    0.0000        14
       -6,PROPN,list     1.0000    0.0000    0.0000        11
       -7,PROPN,list     1.0000    0.0000    0.0000         3
          -2,X,punct     1.0000    0.0000    0.0000         2
           -1,X,flat     1.0000    0.0000    0.0000         1
         1,ADJ,nsubj     1.0000    0.0000    0.0000         7
         2,ADV,punct     1.0000    0.0000    0.0000         1
    2,FRAME,ARGM-ADJ     1.0000    0.0000    0.0000         2
           1,SYM,det     1.0000    0.0000    0.0000         2
      1,SYM,compound     1.0000    0.0000    0.0000         1
       -1,FRAME,ARG5     1.0000    0.0000    0.0000         1
       -1,SYM,advmod     1.0000    0.0000    0.0000         1
            1,X,case     1.0000    0.0000    0.0000         5
        -1,NOUN,list     1.0000    0.0000    0.0000        18
       -2,X,goeswith     1.0000    0.0000    0.0000         3
          -3,X,punct     1.0000    0.0000    0.0000         1
       -3,X,goeswith     1.0000    0.0000    0.0000         1
         -3,X,nummod     1.0000    0.0000    0.0000         1
           1,NUM,cop     1.0000    0.0909    0.1667        11
   -1,NUM,nmod:npmod     1.0000    0.0000    0.0000         2
          -1,NUM,obl     1.0000    0.0000    0.0000         2
            2,X,case     1.0000    0.0000    0.0000         1
           2,X,punct     1.0000    0.0000    0.0000         1
       -1,PROPN,amod     1.0000    0.0000    0.0000         2
    -2,ADJ,parataxis     1.0000    0.0000    0.0000         6
       -1,ADJ,orphan     1.0000    0.0000    0.0000         1
         -1,VERB,cop     1.0000    0.0000    0.0000         1
        3,NOUN,punct     1.0000    0.0000    0.0000         4
         -2,DET,nmod     1.0000    0.0000    0.0000         8
    2,VERB,parataxis     1.0000    0.0000    0.0000         1
       -1,NOUN,advcl     1.0000    0.0000    0.0000         4
   -4,VERB,parataxis     1.0000    0.0000    0.0000         3
   -2,FRAME,ARGM-GOL     1.0000    0.0000    0.0000         2
        -2,PRON,conj     1.0000    0.0000    0.0000         2
   -2,FRAME,ARGM-PRP     1.0000    0.0000    0.0000         8
        -3,NOUN,nmod     1.0000    0.0000    0.0000        14
   1,VERB,cc:preconj     1.0000    0.0000    0.0000         3
     -1,SYM,compound     1.0000    0.0000    0.0000         2
         -2,SYM,nmod     1.0000    0.0000    0.0000         1
       -6,NOUN,punct     1.0000    0.0000    0.0000         2
        -2,NOUN,amod     1.0000    0.0000    0.0000         1
     1,NOUN,vocative     1.0000    0.0000    0.0000         1
    3,FRAME,ARGM-TMP     1.0000    0.0000    0.0000         6
       -1,ADV,advmod     1.0000    0.0000    0.0000         2
        -1,ADJ,ccomp     1.0000    0.0000    0.0000         5
          1,ADV,mark     1.0000    0.0000    0.0000         3
   -2,VERB,parataxis     1.0000    0.0000    0.0000        20
         2,PRON,mark     1.0000    0.0000    0.0000         2
        1,PRON,nsubj     1.0000    0.0000    0.0000         1
         -1,PRON,det     1.0000    0.0000    0.0000         3
    3,FRAME,ARGM-PRR     1.0000    0.0000    0.0000         1
   -3,FRAME,ARGM-MOD     1.0000    0.0000    0.0000         1
   -3,FRAME,ARGM-LVB     1.0000    0.0000    0.0000         1
     -1,ADJ,compound     1.0000    0.0000    0.0000         1
    2,FRAME,ARGM-PRD     1.0000    0.0000    0.0000         1
       -1,ADJ,advmod     1.0000    0.0000    0.0000         6
       -1,X,compound     1.0000    0.0000    0.0000         1
   -2,FRAME,ARGM-LVB     1.0000    0.0000    0.0000         2
        7,PROPN,case     1.0000    0.0000    0.0000         1
         7,PROPN,det     1.0000    0.0000    0.0000         1
   -5,FRAME,ARGM-ADV     1.0000    0.0000    0.0000         1
          4,PROPN,cc     1.0000    0.0000    0.0000         1
   4,PROPN,nmod:poss     1.0000    0.0000    0.0000         1
    3,FRAME,ARGM-CAU     1.0000    0.0000    0.0000         2
      2,FRAME,R-ARG2     1.0000    0.0000    0.0000         1
   -1,FRAME,ARGM-MOD     1.0000    0.0000    0.0000         1
   -3,FRAME,ARGM-GOL     1.0000    0.0000    0.0000         2
          2,NUM,mark     1.0000    0.0000    0.0000         1
           2,NUM,cop     1.0000    0.0000    0.0000         1
          -1,NUM,acl     1.0000    0.0000    0.0000         1
          -1,AUX,obj     1.0000    0.0000    0.0000         1
     -1,AUX,obl:tmod     1.0000    0.0000    0.0000         1
        -1,AUX,advcl     1.0000    0.0000    0.0000         2
        -1,AUX,punct     1.0000    0.0000    0.0000         2
  5,FRAME,R-ARGM-ADV     1.0000    0.0000    0.0000         1
        -4,NOUN,nmod     1.0000    0.0000    0.0000         2
        2,NUM,nummod     1.0000    0.0000    0.0000         3
  3,FRAME,R-ARGM-DIR     1.0000    0.0000    0.0000         1
   1,VERB,reparandum     1.0000    0.0000    0.0000         1
    1,FRAME,ARGM-CAU     1.0000    0.0000    0.0000         8
   -5,FRAME,ARGM-PRP     1.0000    0.0000    0.0000         1
        3,FRAME,ARG2     1.0000    0.0000    0.0000         1
   -3,PRON,acl:relcl     1.0000    0.0000    0.0000         3
   -2,NOUN,nmod:tmod     1.0000    0.0000    0.0000         1
        -3,NOUN,list     1.0000    0.0000    0.0000        15
        -4,NOUN,list     1.0000    0.0000    0.0000        21
        -2,NOUN,list     1.0000    0.0000    0.0000        11
     1,NOUN,goeswith     0.0000    1.0000    0.0000         0
    2,FRAME,ARGM-NEG     1.0000    0.0000    0.0000        12
        1,NOUN,nsubj     1.0000    0.0000    0.0000         5
     1,ADJ,obl:npmod     1.0000    0.0000    0.0000         8
       1,PRON,advmod     1.0000    0.0000    0.0000         9
           1,PRON,cc     0.0000    0.0000    0.0000         9
        -6,NOUN,conj     1.0000    0.0000    0.0000         2
        -8,NOUN,conj     1.0000    0.0000    0.0000         3
    -3,ADJ,parataxis     1.0000    0.0000    0.0000         1
     -1,FRAME,C-ARG0     1.0000    0.0000    0.0000         2
   -1,X,flat:foreign     1.0000    0.0000    0.0000         2
   -2,X,flat:foreign     1.0000    0.0000    0.0000         2
   -3,X,flat:foreign     1.0000    0.0000    0.0000         2
   -4,X,flat:foreign     1.0000    0.0000    0.0000         1
   1,NOUN,nmod:npmod     1.0000    0.0000    0.0000         1
  1,PROPN,reparandum     1.0000    0.0000    0.0000         1
   -2,VERB,discourse     1.0000    0.0000    0.0000         3
        -1,ADP,advcl     1.0000    0.0000    0.0000         1
       3,PROPN,punct     1.0000    0.0000    0.0000         4
       -1,PRON,appos     1.0000    0.0000    0.0000         2
        -5,NOUN,conj     1.0000    0.0000    0.0000         5
        -7,NOUN,conj     1.0000    0.0000    0.0000         3
    -2,NUM,parataxis     1.0000    0.0000    0.0000         3
           3,VERB,cc     1.0000    0.0000    0.0000         2
        -1,PRON,case     1.0000    0.0000    0.0000         2
    -1,ADV,discourse     1.0000    0.0000    0.0000         1
        -1,ADV,appos     1.0000    0.0000    0.0000         1
          1,VERB,obl     1.0000    0.0000    0.0000         1
         -5,ADJ,conj     1.0000    0.0000    0.0000         1
         -3,ADJ,conj     1.0000    0.0000    0.0000         4
          -4,ADJ,obl     1.0000    0.0000    0.0000         1
      -1,PROPN,xcomp     1.0000    0.0000    0.0000         1
         -1,NOUN,obl     1.0000    0.0000    0.0000         2
    1,FRAME,ARGM-PRR     1.0000    0.0000    0.0000         1
         -3,NOUN,acl     1.0000    0.0000    0.0000         3
       -8,NOUN,punct     1.0000    0.0000    0.0000         1
       -4,NOUN,appos     1.0000    0.0000    0.0000         1
       1,PUNCT,punct     1.0000    0.0000    0.0000         1
      -1,PUNCT,punct     1.0000    0.0000    0.0000         1
     -1,FRAME,C-ARG2     1.0000    0.0000    0.0000         7
         -1,PRON,acl     1.0000    0.0000    0.0000         2
   2,NOUN,cc:preconj     1.0000    0.0000    0.0000         1
  -1,PRON,cc:preconj     1.0000    0.0000    0.0000         1
        -1,AUX,xcomp     1.0000    0.0000    0.0000         1
         -2,AUX,conj     1.0000    0.0000    0.0000         2
      -1,X,parataxis     1.0000    0.0000    0.0000         1
    2,NOUN,discourse     1.0000    0.0000    0.0000         2
    9,FRAME,ARGM-ADV     1.0000    0.0000    0.0000         1
        -3,NOUN,amod     1.0000    0.0000    0.0000         1
            1,ADP,cc     1.0000    0.0000    0.0000         4
         -1,ADP,conj     1.0000    0.0000    0.0000         4
          1,SYM,amod     1.0000    0.0000    0.0000         1
       -7,PROPN,conj     1.0000    0.0000    0.0000         1
        2,X,compound     1.0000    0.0000    0.0000         1
           -1,X,list     1.0000    0.0000    0.0000         2
           -2,X,list     1.0000    0.0000    0.0000         4
  -1,PROPN,nmod:tmod     1.0000    0.0000    0.0000         3
      -7,PROPN,punct     1.0000    0.0000    0.0000         1
           -1,X,conj     1.0000    0.0000    0.0000         2
    1,VERB,discourse     1.0000    0.0000    0.0000         2
     1,VERB,vocative     1.0000    0.0000    0.0000         2
     1,ADV,discourse     1.0000    0.0000    0.0000         1
       -3,NOUN,appos     1.0000    0.0000    0.0000         1
       -2,FRAME,ARG4     1.0000    0.0000    0.0000         1
        -2,ADV,fixed     1.0000    0.0000    0.0000         1
         5,NOUN,mark     1.0000    0.0000    0.0000         1
        5,NOUN,punct     1.0000    0.0000    0.0000         3
    1,FRAME,ARG1-DSP     1.0000    0.0000    0.0000         4
    1,NOUN,parataxis     1.0000    0.0000    0.0000         1
 -2,FRAME,C-ARG1-DSP     1.0000    0.0000    0.0000         1
        2,PRON,punct     1.0000    0.0000    0.0000         1
         -1,X,advmod     1.0000    0.0000    0.0000         1
      -1,X,acl:relcl     1.0000    0.0000    0.0000         1
       -5,FRAME,ARG1     1.0000    0.0000    0.0000         1
    2,NOUN,parataxis     1.0000    0.0000    0.0000         1
           3,NOUN,cc     1.0000    0.0000    0.0000         4
        -1,ADV,advcl     1.0000    0.0000    0.0000         2
   -3,FRAME,ARGM-CAU     1.0000    0.0000    0.0000         3
        -5,NOUN,nmod     1.0000    0.0000    0.0000         1
  -1,PROPN,discourse     1.0000    0.0000    0.0000         1
        -2,FRAME,C-V     1.0000    0.0000    0.0000         1
    -1,ADV,obl:npmod     1.0000    0.0000    0.0000         1
          1,NUM,mark     1.0000    0.0000    0.0000         2
   -1,PRON,discourse     1.0000    0.0000    0.0000         2
   -1,VERB,discourse     1.0000    0.0000    0.0000         5
   -1,PROPN,compound     1.0000    0.0000    0.0000         1
   -1,PRON,parataxis     1.0000    0.0000    0.0000         3
     1,SYM,parataxis     1.0000    0.0000    0.0000         1
        -2,SYM,punct     1.0000    0.0000    0.0000         1
  -3,PROPN,parataxis     1.0000    0.0000    0.0000         1
          1,AUX,expl     1.0000    0.0000    0.0000         2
            1,AUX,cc     1.0000    0.0000    0.0000         1
        -2,AUX,punct     1.0000    0.0000    0.0000         3
         2,NOUN,expl     1.0000    0.0000    0.0000         1
    1,VERB,obl:npmod     1.0000    0.0000    0.0000         1
   -1,NOUN,discourse     1.0000    0.0000    0.0000         4
              1,X,cc     1.0000    0.0000    0.0000         1
           -2,X,conj     1.0000    0.0000    0.0000         1
         1,NOUN,nmod     1.0000    0.0000    0.0000         3
   -3,NOUN,acl:relcl     1.0000    0.0000    0.0000         1
        -1,PROPN,cop     1.0000    0.0000    0.0000         1
   -2,NOUN,parataxis     1.0000    0.0000    0.0000         2
    -1,DET,discourse     1.0000    0.0000    0.0000         1
           2,ADV,aux     1.0000    0.0000    0.0000         1
   -1,FRAME,ARGM-CXN     1.0000    0.0000    0.0000         7
          1,CCONJ,cc     1.0000    0.0000    0.0000         1
       1,CCONJ,punct     1.0000    0.0000    0.0000         1
         1,ADV,nsubj     1.0000    0.0000    0.0000         1
           1,ADV,aux     1.0000    0.0000    0.0000         1
          -1,ADJ,obj     1.0000    0.0000    0.0000         2
            3,ADV,cc     1.0000    0.0000    0.0000         1
            2,ADV,cc     1.0000    0.0000    0.0000         1
           2,ADV,cop     1.0000    0.0000    0.0000         1
  -3,PROPN,discourse     1.0000    0.0000    0.0000         1
           1,INTJ,cc     1.0000    0.0000    0.0000         1
           1,ADJ,obl     1.0000    0.0000    0.0000         1
          2,DET,case     1.0000    0.0000    0.0000         2
    1,DET,det:predet     1.0000    0.0000    0.0000         1
          -1,ADJ,acl     1.0000    0.0000    0.0000         1
    1,DET,nmod:npmod     1.0000    0.0000    0.0000         1
         1,PROPN,dep     1.0000    0.0000    0.0000         1
          2,PRON,cop     1.0000    0.0000    0.0000         1
     2,ADJ,discourse     1.0000    0.0000    0.0000         1
         1,ADJ,advcl     1.0000    0.0000    0.0000         1
    -2,ADJ,discourse     1.0000    0.0000    0.0000         1
        -6,VERB,conj     1.0000    0.0000    0.0000         1
        -8,VERB,conj     1.0000    0.0000    0.0000         1
        -3,PRON,conj     1.0000    0.0000    0.0000         1
         1,NUM,advcl     1.0000    0.0000    0.0000         1
 -1,FRAME,C-ARGM-LOC     1.0000    0.0000    0.0000         1
    -1,ADJ,discourse     1.0000    0.0000    0.0000         4
       -6,PROPN,conj     1.0000    0.0000    0.0000         1
    -1,NUM,acl:relcl     1.0000    0.0000    0.0000         1
           1,ADJ,obj     1.0000    0.0000    0.0000         1
          -3,ADJ,obl     1.0000    0.0000    0.0000         1
        1,FRAME,ARGA     1.0000    0.0000    0.0000         2
    -1,DET,acl:relcl     1.0000    0.0000    0.0000         3
         1,DET,punct     1.0000    0.0000    0.0000         2
           1,DET,cop     1.0000    0.0000    0.0000         1
        -1,DET,punct     1.0000    0.0000    0.0000         3
   -2,PROPN,compound     1.0000    0.0000    0.0000         2
        -4,NOUN,amod     1.0000    0.0000    0.0000         1
   -4,NOUN,parataxis     1.0000    0.0000    0.0000         1
   -7,NOUN,parataxis     1.0000    0.0000    0.0000         1
        2,PROPN,nmod     1.0000    0.0000    0.0000         1
           1,ADV,det     1.0000    0.0000    0.0000         2
    1,NOUN,discourse     1.0000    0.0000    0.0000         1
         -2,PRON,cop     1.0000    0.0000    0.0000         1
       1,PART,advmod     1.0000    0.0000    0.0000         1
    4,FRAME,ARGM-CAU     1.0000    0.0000    0.0000         1
   -6,VERB,parataxis     1.0000    0.0000    0.0000         1
      1,ADP,goeswith     1.0000    0.0000    0.0000         1
       -9,VERB,punct     1.0000    0.0000    0.0000         1
      -1,PRON,advmod     1.0000    0.0000    0.0000         2
    -1,VERB,compound     1.0000    0.0000    0.0000         3
    3,FRAME,ARGM-MOD     1.0000    0.0000    0.0000         3
       -2,VERB,advcl     1.0000    0.0000    0.0000         1
      3,FRAME,R-ARG1     1.0000    0.0000    0.0000         1
         3,PROPN,cop     1.0000    0.0000    0.0000         1
        -1,ADV,xcomp     1.0000    0.0000    0.0000         1
           5,VERB,cc     1.0000    0.0000    0.0000         1
        3,VERB,advcl     1.0000    0.0000    0.0000         1
   2,PROPN,nmod:poss     1.0000    0.0000    0.0000         2
       -3,FRAME,ARG3     1.0000    0.0000    0.0000         1
         1,ADV,advcl     1.0000    0.0000    0.0000         1
        -3,ADV,punct     1.0000    0.0000    0.0000         1
   2,NOUN,det:predet     1.0000    0.0000    0.0000         1
    -2,ADV,parataxis     1.0000    0.0000    0.0000         1
        -4,ADV,punct     1.0000    0.0000    0.0000         1
         1,AUX,punct     1.0000    0.0000    0.0000         2
        1,AUX,advmod     1.0000    0.0000    0.0000         1
         1,AUX,advcl     1.0000    0.0000    0.0000         1
         1,AUX,nsubj     1.0000    0.0000    0.0000         2
   -3,VERB,discourse     1.0000    0.0000    0.0000         3
    -1,ADV,parataxis     1.0000    0.0000    0.0000         2
        -9,NOUN,conj     1.0000    0.0000    0.0000         1
       -10,NOUN,conj     1.0000    0.0000    0.0000         2
       3,NOUN,nummod     1.0000    0.0000    0.0000         1
       -13,NOUN,conj     1.0000    0.0000    0.0000         2
       -15,NOUN,nmod     1.0000    0.0000    0.0000         1
   -2,NOUN,discourse     1.0000    0.0000    0.0000         1
        2,FRAME,ARG3     1.0000    0.0000    0.0000         1
   -1,INTJ,discourse     1.0000    0.0000    0.0000         1
   -2,INTJ,discourse     1.0000    0.0000    0.0000         1
       -3,INTJ,punct     1.0000    0.0000    0.0000         1
          1,ADV,amod     1.0000    0.0000    0.0000         3
        1,PROPN,mark     1.0000    0.0000    0.0000         1
       4,NOUN,nummod     1.0000    0.0000    0.0000         1
       -4,PROPN,flat     1.0000    0.0000    0.0000         1
          1,NUM,list     1.0000    0.0000    0.0000         1
   -1,PROPN,vocative     1.0000    0.0000    0.0000         1
        -1,VERB,list     1.0000    0.0000    0.0000         1
           1,PART,cc     1.0000    0.0000    0.0000         3
      -14,NOUN,punct     1.0000    0.0000    0.0000         1
     -1,PROPN,advmod     1.0000    0.0000    0.0000         1
       -1,PRON,xcomp     1.0000    0.0000    0.0000         1
         1,PART,mark     1.0000    0.0000    0.0000         1
        -2,ADV,ccomp     1.0000    0.0000    0.0000         1
       -2,DET,advmod     1.0000    0.0000    0.0000         1
           1,ADP,aux     1.0000    0.0000    0.0000         2
           1,ADP,cop     1.0000    0.0000    0.0000         2
   -2,PRON,parataxis     1.0000    0.0000    0.0000         1
           1,ADV,obl     1.0000    0.0000    0.0000         1
          -3,ADV,obl     1.0000    0.0000    0.0000         1
          2,ADJ,case     1.0000    0.0000    0.0000         1
       -1,VERB,appos     1.0000    0.0000    0.0000         1
    1,FRAME,ARGM-DIR     1.0000    0.0000    0.0000         2
    -1,NUM,parataxis     1.0000    0.0000    0.0000         1
      1,ADJ,goeswith     1.0000    0.0000    0.0000         2
        2,PROPN,mark     1.0000    0.0000    0.0000         2
       -1,PART,punct     1.0000    0.0000    0.0000         2
        1,SYM,advmod     1.0000    0.0000    0.0000         1
        5,NOUN,nsubj     1.0000    0.0000    0.0000         1
      1,ADJ,aux:pass     1.0000    0.0000    0.0000         1
         1,INTJ,amod     1.0000    0.0000    0.0000         1
       -2,INTJ,punct     1.0000    0.0000    0.0000         1
        -5,ADJ,punct     1.0000    0.0000    0.0000         1
       -1,NOUN,csubj     1.0000    0.0000    0.0000         1
          3,NOUN,cop     1.0000    0.0000    0.0000         1
        1,PART,punct     1.0000    0.0000    0.0000         1
         -1,AUX,conj     1.0000    0.0000    0.0000         1
         -1,ADJ,expl     1.0000    0.0000    0.0000         1
         -1,NOUN,cop     1.0000    0.0000    0.0000         1
          1,AUX,mark     1.0000    0.0000    0.0000         1
     1,ADJ,discourse     1.0000    0.0000    0.0000         1

            accuracy                         0.6056     25096
           macro avg     0.8987    0.0774    0.0727     25096
        weighted avg     0.6643    0.6056    0.5483     25096

2021-10-06 18:20:21,790 ----------------------------------------------------------------------------------------------------
