2021-10-04 12:47:30,535 ----------------------------------------------------------------------------------------------------
2021-10-04 12:47:30,535 Model: "SequenceTagger(
  (embeddings): StackedEmbeddings(
    (list_embedding_0): WordEmbeddings('glove')
    (list_embedding_1): OneHotEmbeddings(
      min_freq=3
      (embedding_layer): Embedding(18, 41)
    )
    (list_embedding_2): OneHotEmbeddings(
      min_freq=3
      (embedding_layer): Embedding(22, 22)
    )
  )
  (word_dropout): WordDropout(p=0.05)
  (embedding2nn): Linear(in_features=163, out_features=163, bias=True)
  (rnn): LSTM(163, 900, batch_first=True, bidirectional=True)
  (linear): Linear(in_features=1800, out_features=1160, bias=True)
  (beta): 1.0
  (weights): None
  (weight_tensor) None
)"
2021-10-04 12:47:30,535 ----------------------------------------------------------------------------------------------------
2021-10-04 12:47:30,535 Corpus: "Corpus: 2508 train + 2002 dev + 2077 test sentences"
2021-10-04 12:47:30,535 ----------------------------------------------------------------------------------------------------
2021-10-04 12:47:30,537 Parameters:
2021-10-04 12:47:30,537  - learning_rate: "0.1"
2021-10-04 12:47:30,537  - mini_batch_size: "32"
2021-10-04 12:47:30,537  - patience: "3"
2021-10-04 12:47:30,537  - anneal_factor: "0.5"
2021-10-04 12:47:30,538  - max_epochs: "120"
2021-10-04 12:47:30,541  - shuffle: "True"
2021-10-04 12:47:30,543  - train_with_dev: "False"
2021-10-04 12:47:30,543  - batch_growth_annealing: "False"
2021-10-04 12:47:30,543 ----------------------------------------------------------------------------------------------------
2021-10-04 12:47:30,543 Model training base path: "model/srlreplaced/upos/goldpos/goldframes/0.1-900-1-0-0-0-glove-english-1-uposembeddings-2-one-hot-79265"
2021-10-04 12:47:30,543 ----------------------------------------------------------------------------------------------------
2021-10-04 12:47:30,543 Device: cuda:0
2021-10-04 12:47:30,543 ----------------------------------------------------------------------------------------------------
2021-10-04 12:47:30,543 Embeddings storage mode: gpu
2021-10-04 12:47:30,558 ----------------------------------------------------------------------------------------------------
2021-10-04 12:47:31,169 epoch 1 - iter 7/79 - loss 7.03451388 - samples/sec: 366.59 - lr: 0.100000
2021-10-04 12:47:31,798 epoch 1 - iter 14/79 - loss 7.01413938 - samples/sec: 356.88 - lr: 0.100000
2021-10-04 12:47:32,353 epoch 1 - iter 21/79 - loss 6.98778997 - samples/sec: 403.91 - lr: 0.100000
2021-10-04 12:47:32,886 epoch 1 - iter 28/79 - loss 6.95529604 - samples/sec: 420.74 - lr: 0.100000
2021-10-04 12:47:33,338 epoch 1 - iter 35/79 - loss 6.91655812 - samples/sec: 496.28 - lr: 0.100000
2021-10-04 12:47:33,902 epoch 1 - iter 42/79 - loss 6.85104666 - samples/sec: 397.16 - lr: 0.100000
2021-10-04 12:47:34,498 epoch 1 - iter 49/79 - loss 6.75174810 - samples/sec: 376.45 - lr: 0.100000
2021-10-04 12:47:34,852 epoch 1 - iter 56/79 - loss 6.63382655 - samples/sec: 633.59 - lr: 0.100000
2021-10-04 12:47:35,177 epoch 1 - iter 63/79 - loss 6.51127981 - samples/sec: 689.52 - lr: 0.100000
2021-10-04 12:47:35,507 epoch 1 - iter 70/79 - loss 6.38511126 - samples/sec: 679.95 - lr: 0.100000
2021-10-04 12:47:35,815 epoch 1 - iter 77/79 - loss 6.27534982 - samples/sec: 728.75 - lr: 0.100000
2021-10-04 12:47:35,880 ----------------------------------------------------------------------------------------------------
2021-10-04 12:47:35,880 EPOCH 1 done: loss 6.2400 - lr 0.1000000
2021-10-04 12:47:38,288 DEV : loss 5.091950416564941 - score 0.0643
2021-10-04 12:47:38,301 BAD EPOCHS (no improvement): 0
2021-10-04 12:47:54,919 ----------------------------------------------------------------------------------------------------
2021-10-04 12:47:55,369 epoch 2 - iter 7/79 - loss 5.01682411 - samples/sec: 499.50 - lr: 0.100000
2021-10-04 12:47:55,837 epoch 2 - iter 14/79 - loss 5.00888402 - samples/sec: 479.73 - lr: 0.100000
2021-10-04 12:47:56,277 epoch 2 - iter 21/79 - loss 4.96508884 - samples/sec: 508.60 - lr: 0.100000
2021-10-04 12:47:56,727 epoch 2 - iter 28/79 - loss 4.91838065 - samples/sec: 499.05 - lr: 0.100000
2021-10-04 12:47:57,203 epoch 2 - iter 35/79 - loss 4.89100372 - samples/sec: 470.88 - lr: 0.100000
2021-10-04 12:47:57,638 epoch 2 - iter 42/79 - loss 4.84562494 - samples/sec: 515.63 - lr: 0.100000
2021-10-04 12:47:58,094 epoch 2 - iter 49/79 - loss 4.81773375 - samples/sec: 491.55 - lr: 0.100000
2021-10-04 12:47:58,534 epoch 2 - iter 56/79 - loss 4.79368410 - samples/sec: 510.89 - lr: 0.100000
2021-10-04 12:47:58,998 epoch 2 - iter 63/79 - loss 4.76667574 - samples/sec: 482.89 - lr: 0.100000
2021-10-04 12:47:59,459 epoch 2 - iter 70/79 - loss 4.73930617 - samples/sec: 486.66 - lr: 0.100000
2021-10-04 12:47:59,890 epoch 2 - iter 77/79 - loss 4.70812169 - samples/sec: 520.39 - lr: 0.100000
2021-10-04 12:47:59,970 ----------------------------------------------------------------------------------------------------
2021-10-04 12:47:59,970 EPOCH 2 done: loss 4.6985 - lr 0.1000000
2021-10-04 12:48:02,279 DEV : loss 4.385591506958008 - score 0.1369
2021-10-04 12:48:02,289 BAD EPOCHS (no improvement): 0
2021-10-04 12:48:13,956 ----------------------------------------------------------------------------------------------------
2021-10-04 12:48:14,416 epoch 3 - iter 7/79 - loss 4.43820953 - samples/sec: 489.39 - lr: 0.100000
2021-10-04 12:48:14,853 epoch 3 - iter 14/79 - loss 4.39994127 - samples/sec: 513.38 - lr: 0.100000
2021-10-04 12:48:15,312 epoch 3 - iter 21/79 - loss 4.41359897 - samples/sec: 488.33 - lr: 0.100000
2021-10-04 12:48:15,749 epoch 3 - iter 28/79 - loss 4.35326600 - samples/sec: 512.93 - lr: 0.100000
2021-10-04 12:48:16,187 epoch 3 - iter 35/79 - loss 4.32897729 - samples/sec: 512.64 - lr: 0.100000
2021-10-04 12:48:16,634 epoch 3 - iter 42/79 - loss 4.32731511 - samples/sec: 501.22 - lr: 0.100000
2021-10-04 12:48:17,079 epoch 3 - iter 49/79 - loss 4.31431362 - samples/sec: 505.01 - lr: 0.100000
2021-10-04 12:48:17,546 epoch 3 - iter 56/79 - loss 4.29982448 - samples/sec: 479.86 - lr: 0.100000
2021-10-04 12:48:17,985 epoch 3 - iter 63/79 - loss 4.28384821 - samples/sec: 510.85 - lr: 0.100000
2021-10-04 12:48:18,437 epoch 3 - iter 70/79 - loss 4.27894638 - samples/sec: 496.48 - lr: 0.100000
2021-10-04 12:48:18,889 epoch 3 - iter 77/79 - loss 4.28105407 - samples/sec: 495.76 - lr: 0.100000
2021-10-04 12:48:18,996 ----------------------------------------------------------------------------------------------------
2021-10-04 12:48:18,996 EPOCH 3 done: loss 4.2774 - lr 0.1000000
2021-10-04 12:48:21,049 DEV : loss 4.109485626220703 - score 0.1439
2021-10-04 12:48:21,059 BAD EPOCHS (no improvement): 0
2021-10-04 12:48:32,177 ----------------------------------------------------------------------------------------------------
2021-10-04 12:48:32,605 epoch 4 - iter 7/79 - loss 4.22629775 - samples/sec: 523.90 - lr: 0.100000
2021-10-04 12:48:33,017 epoch 4 - iter 14/79 - loss 4.22297139 - samples/sec: 545.01 - lr: 0.100000
2021-10-04 12:48:33,437 epoch 4 - iter 21/79 - loss 4.22772066 - samples/sec: 534.37 - lr: 0.100000
2021-10-04 12:48:33,837 epoch 4 - iter 28/79 - loss 4.17965064 - samples/sec: 560.08 - lr: 0.100000
2021-10-04 12:48:34,228 epoch 4 - iter 35/79 - loss 4.13930358 - samples/sec: 574.59 - lr: 0.100000
2021-10-04 12:48:34,659 epoch 4 - iter 42/79 - loss 4.11576705 - samples/sec: 520.38 - lr: 0.100000
2021-10-04 12:48:35,100 epoch 4 - iter 49/79 - loss 4.12095209 - samples/sec: 508.42 - lr: 0.100000
2021-10-04 12:48:35,495 epoch 4 - iter 56/79 - loss 4.10441048 - samples/sec: 568.27 - lr: 0.100000
2021-10-04 12:48:35,913 epoch 4 - iter 63/79 - loss 4.08831930 - samples/sec: 536.27 - lr: 0.100000
2021-10-04 12:48:36,330 epoch 4 - iter 70/79 - loss 4.08892636 - samples/sec: 538.97 - lr: 0.100000
2021-10-04 12:48:36,735 epoch 4 - iter 77/79 - loss 4.08231355 - samples/sec: 553.24 - lr: 0.100000
2021-10-04 12:48:36,815 ----------------------------------------------------------------------------------------------------
2021-10-04 12:48:36,815 EPOCH 4 done: loss 4.0836 - lr 0.1000000
2021-10-04 12:48:38,858 DEV : loss 3.963710308074951 - score 0.1641
2021-10-04 12:48:38,868 BAD EPOCHS (no improvement): 0
2021-10-04 12:48:51,866 ----------------------------------------------------------------------------------------------------
2021-10-04 12:48:52,288 epoch 5 - iter 7/79 - loss 3.83874072 - samples/sec: 532.69 - lr: 0.100000
2021-10-04 12:48:52,702 epoch 5 - iter 14/79 - loss 3.93485386 - samples/sec: 541.61 - lr: 0.100000
2021-10-04 12:48:53,132 epoch 5 - iter 21/79 - loss 3.99029153 - samples/sec: 521.23 - lr: 0.100000
2021-10-04 12:48:53,527 epoch 5 - iter 28/79 - loss 3.98143602 - samples/sec: 567.69 - lr: 0.100000
2021-10-04 12:48:53,939 epoch 5 - iter 35/79 - loss 3.98705878 - samples/sec: 545.08 - lr: 0.100000
2021-10-04 12:48:54,363 epoch 5 - iter 42/79 - loss 3.98503938 - samples/sec: 528.56 - lr: 0.100000
2021-10-04 12:48:54,808 epoch 5 - iter 49/79 - loss 4.00048935 - samples/sec: 504.29 - lr: 0.100000
2021-10-04 12:48:55,199 epoch 5 - iter 56/79 - loss 3.96527754 - samples/sec: 574.11 - lr: 0.100000
2021-10-04 12:48:55,590 epoch 5 - iter 63/79 - loss 3.94510860 - samples/sec: 573.96 - lr: 0.100000
2021-10-04 12:48:56,019 epoch 5 - iter 70/79 - loss 3.93780172 - samples/sec: 522.32 - lr: 0.100000
2021-10-04 12:48:56,425 epoch 5 - iter 77/79 - loss 3.94049078 - samples/sec: 551.94 - lr: 0.100000
2021-10-04 12:48:56,512 ----------------------------------------------------------------------------------------------------
2021-10-04 12:48:56,513 EPOCH 5 done: loss 3.9423 - lr 0.1000000
2021-10-04 12:48:59,305 DEV : loss 3.875447988510132 - score 0.1804
2021-10-04 12:48:59,315 BAD EPOCHS (no improvement): 0
2021-10-04 12:49:17,104 ----------------------------------------------------------------------------------------------------
2021-10-04 12:49:17,499 epoch 6 - iter 7/79 - loss 3.89107251 - samples/sec: 569.84 - lr: 0.100000
2021-10-04 12:49:17,932 epoch 6 - iter 14/79 - loss 3.93095791 - samples/sec: 517.39 - lr: 0.100000
2021-10-04 12:49:18,361 epoch 6 - iter 21/79 - loss 3.86996596 - samples/sec: 523.53 - lr: 0.100000
2021-10-04 12:49:18,799 epoch 6 - iter 28/79 - loss 3.85885610 - samples/sec: 511.62 - lr: 0.100000
2021-10-04 12:49:19,204 epoch 6 - iter 35/79 - loss 3.83486463 - samples/sec: 554.33 - lr: 0.100000
2021-10-04 12:49:19,625 epoch 6 - iter 42/79 - loss 3.82466459 - samples/sec: 533.00 - lr: 0.100000
2021-10-04 12:49:20,048 epoch 6 - iter 49/79 - loss 3.83389598 - samples/sec: 530.17 - lr: 0.100000
2021-10-04 12:49:20,459 epoch 6 - iter 56/79 - loss 3.81469166 - samples/sec: 546.54 - lr: 0.100000
2021-10-04 12:49:20,850 epoch 6 - iter 63/79 - loss 3.80815717 - samples/sec: 573.51 - lr: 0.100000
2021-10-04 12:49:21,253 epoch 6 - iter 70/79 - loss 3.80811775 - samples/sec: 556.26 - lr: 0.100000
2021-10-04 12:49:21,660 epoch 6 - iter 77/79 - loss 3.80464120 - samples/sec: 551.00 - lr: 0.100000
2021-10-04 12:49:21,763 ----------------------------------------------------------------------------------------------------
2021-10-04 12:49:21,763 EPOCH 6 done: loss 3.8107 - lr 0.1000000
2021-10-04 12:49:23,906 DEV : loss 3.6970326900482178 - score 0.1677
2021-10-04 12:49:23,915 BAD EPOCHS (no improvement): 1
2021-10-04 12:49:23,920 ----------------------------------------------------------------------------------------------------
2021-10-04 12:49:24,328 epoch 7 - iter 7/79 - loss 3.67095951 - samples/sec: 552.01 - lr: 0.100000
2021-10-04 12:49:24,762 epoch 7 - iter 14/79 - loss 3.70898180 - samples/sec: 516.74 - lr: 0.100000
2021-10-04 12:49:25,190 epoch 7 - iter 21/79 - loss 3.72869854 - samples/sec: 524.67 - lr: 0.100000
2021-10-04 12:49:25,590 epoch 7 - iter 28/79 - loss 3.71982064 - samples/sec: 560.88 - lr: 0.100000
2021-10-04 12:49:25,994 epoch 7 - iter 35/79 - loss 3.73487262 - samples/sec: 554.72 - lr: 0.100000
2021-10-04 12:49:26,361 epoch 7 - iter 42/79 - loss 3.69723440 - samples/sec: 612.03 - lr: 0.100000
2021-10-04 12:49:26,766 epoch 7 - iter 49/79 - loss 3.68586374 - samples/sec: 552.84 - lr: 0.100000
2021-10-04 12:49:27,226 epoch 7 - iter 56/79 - loss 3.68239386 - samples/sec: 488.41 - lr: 0.100000
2021-10-04 12:49:27,621 epoch 7 - iter 63/79 - loss 3.68968711 - samples/sec: 567.77 - lr: 0.100000
2021-10-04 12:49:28,033 epoch 7 - iter 70/79 - loss 3.68256648 - samples/sec: 543.64 - lr: 0.100000
2021-10-04 12:49:28,472 epoch 7 - iter 77/79 - loss 3.66694928 - samples/sec: 511.29 - lr: 0.100000
2021-10-04 12:49:28,583 ----------------------------------------------------------------------------------------------------
2021-10-04 12:49:28,583 EPOCH 7 done: loss 3.6730 - lr 0.1000000
2021-10-04 12:49:30,594 DEV : loss 3.542780876159668 - score 0.2385
2021-10-04 12:49:30,605 BAD EPOCHS (no improvement): 0
