2021-10-01 13:35:57,588 ----------------------------------------------------------------------------------------------------
2021-10-01 13:35:57,589 Model: "SequenceTagger(
  (embeddings): StackedEmbeddings(
    (list_embedding_0): ELMoEmbeddings(model=0-elmo-small-all)
  )
  (word_dropout): WordDropout(p=0.05)
  (embedding2nn): Linear(in_features=3072, out_features=3072, bias=True)
  (rnn): LSTM(3072, 300, batch_first=True, bidirectional=True)
  (linear): Linear(in_features=600, out_features=551, bias=True)
  (beta): 1.0
  (weights): None
  (weight_tensor) None
)"
2021-10-01 13:35:57,592 ----------------------------------------------------------------------------------------------------
2021-10-01 13:35:57,592 Corpus: "Corpus: 2508 train + 2002 dev + 2077 test sentences"
2021-10-01 13:35:57,592 ----------------------------------------------------------------------------------------------------
2021-10-01 13:35:57,592 Parameters:
2021-10-01 13:35:57,597  - learning_rate: "0.2"
2021-10-01 13:35:57,601  - mini_batch_size: "32"
2021-10-01 13:35:57,666  - patience: "3"
2021-10-01 13:35:57,671  - anneal_factor: "0.5"
2021-10-01 13:35:57,675  - max_epochs: "120"
2021-10-01 13:35:57,676  - shuffle: "True"
2021-10-01 13:35:57,676  - train_with_dev: "False"
2021-10-01 13:35:57,676  - batch_growth_annealing: "False"
2021-10-01 13:35:57,676 ----------------------------------------------------------------------------------------------------
2021-10-01 13:35:57,677 Model training base path: "model/flattened/upos/goldpos/goldframes/0.2-300-1-0-0-0-elmo-small-all-bea13"
2021-10-01 13:35:57,677 ----------------------------------------------------------------------------------------------------
2021-10-01 13:35:57,677 Device: cuda:1
2021-10-01 13:35:57,677 ----------------------------------------------------------------------------------------------------
2021-10-01 13:35:57,681 Embeddings storage mode: gpu
2021-10-01 13:35:57,700 ----------------------------------------------------------------------------------------------------
2021-10-01 13:35:59,122 epoch 1 - iter 7/79 - loss 5.40556226 - samples/sec: 157.58 - lr: 0.200000
2021-10-01 13:36:00,602 epoch 1 - iter 14/79 - loss 4.77353781 - samples/sec: 151.41 - lr: 0.200000
2021-10-01 13:36:02,075 epoch 1 - iter 21/79 - loss 4.43548539 - samples/sec: 152.08 - lr: 0.200000
2021-10-01 13:36:03,547 epoch 1 - iter 28/79 - loss 4.22729098 - samples/sec: 152.21 - lr: 0.200000
2021-10-01 13:36:04,745 epoch 1 - iter 35/79 - loss 4.05833858 - samples/sec: 186.98 - lr: 0.200000
2021-10-01 13:36:06,267 epoch 1 - iter 42/79 - loss 3.96090408 - samples/sec: 147.26 - lr: 0.200000
2021-10-01 13:36:07,654 epoch 1 - iter 49/79 - loss 3.83957816 - samples/sec: 161.51 - lr: 0.200000
2021-10-01 13:36:08,716 epoch 1 - iter 56/79 - loss 3.77269919 - samples/sec: 211.05 - lr: 0.200000
2021-10-01 13:36:09,703 epoch 1 - iter 63/79 - loss 3.64195316 - samples/sec: 227.04 - lr: 0.200000
2021-10-01 13:36:10,616 epoch 1 - iter 70/79 - loss 3.53237353 - samples/sec: 245.51 - lr: 0.200000
2021-10-01 13:36:11,418 epoch 1 - iter 77/79 - loss 3.44595611 - samples/sec: 279.50 - lr: 0.200000
2021-10-01 13:36:11,651 ----------------------------------------------------------------------------------------------------
2021-10-01 13:36:11,651 EPOCH 1 done: loss 3.4047 - lr 0.2000000
2021-10-01 13:36:21,127 DEV : loss 2.6184136867523193 - score 0.3679
2021-10-01 13:36:21,137 BAD EPOCHS (no improvement): 0
2021-10-01 13:36:26,724 ----------------------------------------------------------------------------------------------------
2021-10-01 13:36:26,908 epoch 2 - iter 7/79 - loss 2.55401465 - samples/sec: 1229.34 - lr: 0.200000
2021-10-01 13:36:27,089 epoch 2 - iter 14/79 - loss 2.54634004 - samples/sec: 1234.80 - lr: 0.200000
2021-10-01 13:36:27,356 epoch 2 - iter 21/79 - loss 2.51159034 - samples/sec: 1293.90 - lr: 0.200000
2021-10-01 13:36:27,527 epoch 2 - iter 28/79 - loss 2.48412751 - samples/sec: 1311.21 - lr: 0.200000
2021-10-01 13:36:27,692 epoch 2 - iter 35/79 - loss 2.45360103 - samples/sec: 1363.52 - lr: 0.200000
2021-10-01 13:36:27,842 epoch 2 - iter 42/79 - loss 2.41780579 - samples/sec: 1495.38 - lr: 0.200000
2021-10-01 13:36:28,016 epoch 2 - iter 49/79 - loss 2.39196174 - samples/sec: 1295.39 - lr: 0.200000
2021-10-01 13:36:28,182 epoch 2 - iter 56/79 - loss 2.39252969 - samples/sec: 1346.82 - lr: 0.200000
2021-10-01 13:36:28,353 epoch 2 - iter 63/79 - loss 2.38197045 - samples/sec: 1311.74 - lr: 0.200000
2021-10-01 13:36:28,521 epoch 2 - iter 70/79 - loss 2.36880631 - samples/sec: 1339.97 - lr: 0.200000
2021-10-01 13:36:28,705 epoch 2 - iter 77/79 - loss 2.35778655 - samples/sec: 1222.78 - lr: 0.200000
2021-10-01 13:36:28,740 ----------------------------------------------------------------------------------------------------
2021-10-01 13:36:28,740 EPOCH 2 done: loss 2.3524 - lr 0.2000000
2021-10-01 13:36:29,988 DEV : loss 2.149221420288086 - score 0.4347
2021-10-01 13:36:29,998 BAD EPOCHS (no improvement): 0
2021-10-01 13:36:34,944 ----------------------------------------------------------------------------------------------------
2021-10-01 13:36:35,143 epoch 3 - iter 7/79 - loss 2.16133540 - samples/sec: 1132.90 - lr: 0.200000
2021-10-01 13:36:35,316 epoch 3 - iter 14/79 - loss 2.04918466 - samples/sec: 1299.30 - lr: 0.200000
2021-10-01 13:36:35,492 epoch 3 - iter 21/79 - loss 2.08528196 - samples/sec: 1270.29 - lr: 0.200000
2021-10-01 13:36:35,654 epoch 3 - iter 28/79 - loss 2.05672606 - samples/sec: 1390.24 - lr: 0.200000
2021-10-01 13:36:35,823 epoch 3 - iter 35/79 - loss 2.02038622 - samples/sec: 1328.48 - lr: 0.200000
2021-10-01 13:36:35,990 epoch 3 - iter 42/79 - loss 2.02444784 - samples/sec: 1339.67 - lr: 0.200000
2021-10-01 13:36:36,161 epoch 3 - iter 49/79 - loss 2.01462842 - samples/sec: 1316.72 - lr: 0.200000
2021-10-01 13:36:36,331 epoch 3 - iter 56/79 - loss 1.99812327 - samples/sec: 1316.87 - lr: 0.200000
2021-10-01 13:36:36,497 epoch 3 - iter 63/79 - loss 2.00177445 - samples/sec: 1356.84 - lr: 0.200000
2021-10-01 13:36:36,675 epoch 3 - iter 70/79 - loss 2.00008936 - samples/sec: 1261.81 - lr: 0.200000
2021-10-01 13:36:36,844 epoch 3 - iter 77/79 - loss 1.99137313 - samples/sec: 1323.56 - lr: 0.200000
2021-10-01 13:36:36,880 ----------------------------------------------------------------------------------------------------
2021-10-01 13:36:36,880 EPOCH 3 done: loss 1.9880 - lr 0.2000000
2021-10-01 13:36:38,125 DEV : loss 2.06821870803833 - score 0.4536
2021-10-01 13:36:38,135 BAD EPOCHS (no improvement): 0
2021-10-01 13:36:42,568 ----------------------------------------------------------------------------------------------------
2021-10-01 13:36:42,761 epoch 4 - iter 7/79 - loss 1.77646850 - samples/sec: 1169.61 - lr: 0.200000
2021-10-01 13:36:42,941 epoch 4 - iter 14/79 - loss 1.79505101 - samples/sec: 1240.60 - lr: 0.200000
2021-10-01 13:36:43,111 epoch 4 - iter 21/79 - loss 1.74771657 - samples/sec: 1325.11 - lr: 0.200000
2021-10-01 13:36:43,281 epoch 4 - iter 28/79 - loss 1.79394164 - samples/sec: 1321.84 - lr: 0.200000
2021-10-01 13:36:43,442 epoch 4 - iter 35/79 - loss 1.80698576 - samples/sec: 1389.19 - lr: 0.200000
2021-10-01 13:36:43,609 epoch 4 - iter 42/79 - loss 1.79202269 - samples/sec: 1349.56 - lr: 0.200000
2021-10-01 13:36:43,776 epoch 4 - iter 49/79 - loss 1.78432317 - samples/sec: 1344.11 - lr: 0.200000
2021-10-01 13:36:43,947 epoch 4 - iter 56/79 - loss 1.78000377 - samples/sec: 1306.47 - lr: 0.200000
2021-10-01 13:36:44,128 epoch 4 - iter 63/79 - loss 1.76591668 - samples/sec: 1240.19 - lr: 0.200000
2021-10-01 13:36:44,288 epoch 4 - iter 70/79 - loss 1.74965823 - samples/sec: 1409.62 - lr: 0.200000
2021-10-01 13:36:44,449 epoch 4 - iter 77/79 - loss 1.74407022 - samples/sec: 1395.45 - lr: 0.200000
2021-10-01 13:36:44,484 ----------------------------------------------------------------------------------------------------
2021-10-01 13:36:44,484 EPOCH 4 done: loss 1.7355 - lr 0.2000000
2021-10-01 13:36:45,728 DEV : loss 1.8549062013626099 - score 0.5002
2021-10-01 13:36:45,737 BAD EPOCHS (no improvement): 0
2021-10-01 13:36:48,664 ----------------------------------------------------------------------------------------------------
2021-10-01 13:36:48,842 epoch 5 - iter 7/79 - loss 1.60594331 - samples/sec: 1260.39 - lr: 0.200000
2021-10-01 13:36:49,022 epoch 5 - iter 14/79 - loss 1.61066574 - samples/sec: 1249.00 - lr: 0.200000
2021-10-01 13:36:49,196 epoch 5 - iter 21/79 - loss 1.62996062 - samples/sec: 1292.63 - lr: 0.200000
2021-10-01 13:36:49,362 epoch 5 - iter 28/79 - loss 1.58839760 - samples/sec: 1349.60 - lr: 0.200000
2021-10-01 13:36:49,522 epoch 5 - iter 35/79 - loss 1.59084708 - samples/sec: 1406.55 - lr: 0.200000
2021-10-01 13:36:49,691 epoch 5 - iter 42/79 - loss 1.56438193 - samples/sec: 1326.54 - lr: 0.200000
2021-10-01 13:36:49,866 epoch 5 - iter 49/79 - loss 1.54722102 - samples/sec: 1285.10 - lr: 0.200000
2021-10-01 13:36:50,025 epoch 5 - iter 56/79 - loss 1.53651151 - samples/sec: 1409.46 - lr: 0.200000
2021-10-01 13:36:50,199 epoch 5 - iter 63/79 - loss 1.52818836 - samples/sec: 1288.43 - lr: 0.200000
2021-10-01 13:36:50,385 epoch 5 - iter 70/79 - loss 1.52140110 - samples/sec: 1402.21 - lr: 0.200000
2021-10-01 13:36:50,558 epoch 5 - iter 77/79 - loss 1.51247018 - samples/sec: 1297.61 - lr: 0.200000
2021-10-01 13:36:50,593 ----------------------------------------------------------------------------------------------------
2021-10-01 13:36:50,665 EPOCH 5 done: loss 1.5073 - lr 0.2000000
2021-10-01 13:36:51,983 DEV : loss 1.9319853782653809 - score 0.4499
2021-10-01 13:36:51,992 BAD EPOCHS (no improvement): 1
2021-10-01 13:36:51,996 ----------------------------------------------------------------------------------------------------
2021-10-01 13:36:52,164 epoch 6 - iter 7/79 - loss 1.40115249 - samples/sec: 1338.97 - lr: 0.200000
2021-10-01 13:36:52,328 epoch 6 - iter 14/79 - loss 1.37743729 - samples/sec: 1368.48 - lr: 0.200000
2021-10-01 13:36:52,493 epoch 6 - iter 21/79 - loss 1.36836635 - samples/sec: 1364.13 - lr: 0.200000
2021-10-01 13:36:52,675 epoch 6 - iter 28/79 - loss 1.37718460 - samples/sec: 1232.74 - lr: 0.200000
2021-10-01 13:36:52,837 epoch 6 - iter 35/79 - loss 1.35617798 - samples/sec: 1384.45 - lr: 0.200000
2021-10-01 13:36:53,004 epoch 6 - iter 42/79 - loss 1.33996985 - samples/sec: 1342.86 - lr: 0.200000
2021-10-01 13:36:53,179 epoch 6 - iter 49/79 - loss 1.35645678 - samples/sec: 1287.07 - lr: 0.200000
2021-10-01 13:36:53,345 epoch 6 - iter 56/79 - loss 1.35575805 - samples/sec: 1352.29 - lr: 0.200000
2021-10-01 13:36:53,516 epoch 6 - iter 63/79 - loss 1.34348868 - samples/sec: 1306.98 - lr: 0.200000
2021-10-01 13:36:53,689 epoch 6 - iter 70/79 - loss 1.36139939 - samples/sec: 1296.95 - lr: 0.200000
2021-10-01 13:36:53,861 epoch 6 - iter 77/79 - loss 1.35792684 - samples/sec: 1310.10 - lr: 0.200000
2021-10-01 13:36:53,896 ----------------------------------------------------------------------------------------------------
2021-10-01 13:36:53,896 EPOCH 6 done: loss 1.3588 - lr 0.2000000
2021-10-01 13:36:55,287 DEV : loss 1.7966158390045166 - score 0.5011
2021-10-01 13:36:55,297 BAD EPOCHS (no improvement): 0
2021-10-01 13:36:57,579 ----------------------------------------------------------------------------------------------------
2021-10-01 13:36:57,772 epoch 7 - iter 7/79 - loss 1.22316919 - samples/sec: 1168.33 - lr: 0.200000
2021-10-01 13:36:57,939 epoch 7 - iter 14/79 - loss 1.19659252 - samples/sec: 1342.16 - lr: 0.200000
2021-10-01 13:36:58,111 epoch 7 - iter 21/79 - loss 1.21186057 - samples/sec: 1305.60 - lr: 0.200000
2021-10-01 13:36:58,280 epoch 7 - iter 28/79 - loss 1.19986906 - samples/sec: 1324.33 - lr: 0.200000
2021-10-01 13:36:58,453 epoch 7 - iter 35/79 - loss 1.21593336 - samples/sec: 1297.07 - lr: 0.200000
2021-10-01 13:36:58,626 epoch 7 - iter 42/79 - loss 1.24480807 - samples/sec: 1302.45 - lr: 0.200000
2021-10-01 13:36:58,782 epoch 7 - iter 49/79 - loss 1.22920047 - samples/sec: 1432.82 - lr: 0.200000
2021-10-01 13:36:58,943 epoch 7 - iter 56/79 - loss 1.22130552 - samples/sec: 1398.23 - lr: 0.200000
2021-10-01 13:36:59,125 epoch 7 - iter 63/79 - loss 1.21279078 - samples/sec: 1233.33 - lr: 0.200000
2021-10-01 13:36:59,291 epoch 7 - iter 70/79 - loss 1.20590956 - samples/sec: 1352.52 - lr: 0.200000
2021-10-01 13:36:59,461 epoch 7 - iter 77/79 - loss 1.19911276 - samples/sec: 1321.56 - lr: 0.200000
2021-10-01 13:36:59,493 ----------------------------------------------------------------------------------------------------
2021-10-01 13:36:59,494 EPOCH 7 done: loss 1.1993 - lr 0.2000000
2021-10-01 13:37:00,945 DEV : loss 1.966231107711792 - score 0.4847
2021-10-01 13:37:00,955 BAD EPOCHS (no improvement): 1
2021-10-01 13:37:00,984 ----------------------------------------------------------------------------------------------------
2021-10-01 13:37:01,157 epoch 8 - iter 7/79 - loss 1.14320475 - samples/sec: 1305.75 - lr: 0.200000
2021-10-01 13:37:01,336 epoch 8 - iter 14/79 - loss 1.13827820 - samples/sec: 1251.67 - lr: 0.200000
2021-10-01 13:37:01,509 epoch 8 - iter 21/79 - loss 1.11295847 - samples/sec: 1302.28 - lr: 0.200000
2021-10-01 13:37:01,663 epoch 8 - iter 28/79 - loss 1.08725353 - samples/sec: 1451.48 - lr: 0.200000
2021-10-01 13:37:01,843 epoch 8 - iter 35/79 - loss 1.08258067 - samples/sec: 1250.90 - lr: 0.200000
2021-10-01 13:37:02,019 epoch 8 - iter 42/79 - loss 1.08268115 - samples/sec: 1276.03 - lr: 0.200000
2021-10-01 13:37:02,184 epoch 8 - iter 49/79 - loss 1.06717520 - samples/sec: 1361.16 - lr: 0.200000
2021-10-01 13:37:02,361 epoch 8 - iter 56/79 - loss 1.07409726 - samples/sec: 1269.25 - lr: 0.200000
2021-10-01 13:37:02,533 epoch 8 - iter 63/79 - loss 1.07178517 - samples/sec: 1305.12 - lr: 0.200000
2021-10-01 13:37:02,707 epoch 8 - iter 70/79 - loss 1.07080900 - samples/sec: 1291.87 - lr: 0.200000
2021-10-01 13:37:02,875 epoch 8 - iter 77/79 - loss 1.06916160 - samples/sec: 1334.25 - lr: 0.200000
2021-10-01 13:37:02,906 ----------------------------------------------------------------------------------------------------
2021-10-01 13:37:02,906 EPOCH 8 done: loss 1.0642 - lr 0.2000000
2021-10-01 13:37:04,218 DEV : loss 1.7341148853302002 - score 0.5195
2021-10-01 13:37:04,227 BAD EPOCHS (no improvement): 0
2021-10-01 13:37:08,630 ----------------------------------------------------------------------------------------------------
2021-10-01 13:37:08,831 epoch 9 - iter 7/79 - loss 1.00795647 - samples/sec: 1119.30 - lr: 0.200000
2021-10-01 13:37:09,015 epoch 9 - iter 14/79 - loss 0.98704439 - samples/sec: 1220.71 - lr: 0.200000
2021-10-01 13:37:09,201 epoch 9 - iter 21/79 - loss 0.95970776 - samples/sec: 1210.42 - lr: 0.200000
2021-10-01 13:37:09,388 epoch 9 - iter 28/79 - loss 0.95087675 - samples/sec: 1198.60 - lr: 0.200000
2021-10-01 13:37:09,563 epoch 9 - iter 35/79 - loss 0.97443707 - samples/sec: 1280.18 - lr: 0.200000
2021-10-01 13:37:09,753 epoch 9 - iter 42/79 - loss 0.95919607 - samples/sec: 1186.70 - lr: 0.200000
2021-10-01 13:37:09,929 epoch 9 - iter 49/79 - loss 0.95688946 - samples/sec: 1273.31 - lr: 0.200000
2021-10-01 13:37:10,107 epoch 9 - iter 56/79 - loss 0.97141153 - samples/sec: 1262.87 - lr: 0.200000
2021-10-01 13:37:10,286 epoch 9 - iter 63/79 - loss 0.97157924 - samples/sec: 1257.81 - lr: 0.200000
2021-10-01 13:37:10,457 epoch 9 - iter 70/79 - loss 0.96413497 - samples/sec: 1307.32 - lr: 0.200000
2021-10-01 13:37:10,636 epoch 9 - iter 77/79 - loss 0.96510342 - samples/sec: 1256.70 - lr: 0.200000
2021-10-01 13:37:10,676 ----------------------------------------------------------------------------------------------------
2021-10-01 13:37:10,690 EPOCH 9 done: loss 0.9637 - lr 0.2000000
2021-10-01 13:37:12,148 DEV : loss 1.6967335939407349 - score 0.5313
2021-10-01 13:37:12,162 BAD EPOCHS (no improvement): 0
2021-10-01 13:37:20,546 ----------------------------------------------------------------------------------------------------
2021-10-01 13:37:20,756 epoch 10 - iter 7/79 - loss 0.87459798 - samples/sec: 1072.78 - lr: 0.200000
2021-10-01 13:37:20,953 epoch 10 - iter 14/79 - loss 0.88050356 - samples/sec: 1139.84 - lr: 0.200000
2021-10-01 13:37:21,134 epoch 10 - iter 21/79 - loss 0.86992468 - samples/sec: 1242.89 - lr: 0.200000
2021-10-01 13:37:21,309 epoch 10 - iter 28/79 - loss 0.85568655 - samples/sec: 1282.09 - lr: 0.200000
2021-10-01 13:37:21,489 epoch 10 - iter 35/79 - loss 0.84180640 - samples/sec: 1250.72 - lr: 0.200000
2021-10-01 13:37:21,671 epoch 10 - iter 42/79 - loss 0.83832870 - samples/sec: 1231.17 - lr: 0.200000
2021-10-01 13:37:21,847 epoch 10 - iter 49/79 - loss 0.83341495 - samples/sec: 1278.90 - lr: 0.200000
2021-10-01 13:37:22,032 epoch 10 - iter 56/79 - loss 0.84534797 - samples/sec: 1212.25 - lr: 0.200000
2021-10-01 13:37:22,215 epoch 10 - iter 63/79 - loss 0.84840107 - samples/sec: 1223.25 - lr: 0.200000
2021-10-01 13:37:22,403 epoch 10 - iter 70/79 - loss 0.84696139 - samples/sec: 1197.89 - lr: 0.200000
2021-10-01 13:37:22,593 epoch 10 - iter 77/79 - loss 0.84098126 - samples/sec: 1183.32 - lr: 0.200000
2021-10-01 13:37:22,632 ----------------------------------------------------------------------------------------------------
2021-10-01 13:37:22,632 EPOCH 10 done: loss 0.8455 - lr 0.2000000
2021-10-01 13:37:24,121 DEV : loss 1.8736242055892944 - score 0.5135
2021-10-01 13:37:24,130 BAD EPOCHS (no improvement): 1
2021-10-01 13:37:24,411 ----------------------------------------------------------------------------------------------------
2021-10-01 13:37:24,616 epoch 11 - iter 7/79 - loss 0.80075825 - samples/sec: 1095.75 - lr: 0.200000
2021-10-01 13:37:24,795 epoch 11 - iter 14/79 - loss 0.75057720 - samples/sec: 1251.46 - lr: 0.200000
2021-10-01 13:37:24,968 epoch 11 - iter 21/79 - loss 0.75442873 - samples/sec: 1298.84 - lr: 0.200000
2021-10-01 13:37:25,148 epoch 11 - iter 28/79 - loss 0.76249538 - samples/sec: 1249.30 - lr: 0.200000
2021-10-01 13:37:25,341 epoch 11 - iter 35/79 - loss 0.77161642 - samples/sec: 1165.98 - lr: 0.200000
2021-10-01 13:37:25,518 epoch 11 - iter 42/79 - loss 0.76981028 - samples/sec: 1263.89 - lr: 0.200000
2021-10-01 13:37:25,696 epoch 11 - iter 49/79 - loss 0.77082723 - samples/sec: 1265.06 - lr: 0.200000
2021-10-01 13:37:25,880 epoch 11 - iter 56/79 - loss 0.76301703 - samples/sec: 1219.61 - lr: 0.200000
2021-10-01 13:37:26,060 epoch 11 - iter 63/79 - loss 0.76378157 - samples/sec: 1247.34 - lr: 0.200000
2021-10-01 13:37:26,249 epoch 11 - iter 70/79 - loss 0.77262031 - samples/sec: 1190.39 - lr: 0.200000
2021-10-01 13:37:26,435 epoch 11 - iter 77/79 - loss 0.78690499 - samples/sec: 1204.14 - lr: 0.200000
2021-10-01 13:37:26,475 ----------------------------------------------------------------------------------------------------
2021-10-01 13:37:26,475 EPOCH 11 done: loss 0.7875 - lr 0.2000000
2021-10-01 13:37:28,452 DEV : loss 1.7401467561721802 - score 0.5499
2021-10-01 13:37:28,462 BAD EPOCHS (no improvement): 0
2021-10-01 13:37:34,127 ----------------------------------------------------------------------------------------------------
2021-10-01 13:37:34,334 epoch 12 - iter 7/79 - loss 0.68223277 - samples/sec: 1086.89 - lr: 0.200000
2021-10-01 13:37:34,932 epoch 12 - iter 14/79 - loss 0.69581751 - samples/sec: 1321.53 - lr: 0.200000
2021-10-01 13:37:35,103 epoch 12 - iter 21/79 - loss 0.70917203 - samples/sec: 1306.89 - lr: 0.200000
2021-10-01 13:37:35,267 epoch 12 - iter 28/79 - loss 0.70790162 - samples/sec: 1369.01 - lr: 0.200000
2021-10-01 13:37:35,430 epoch 12 - iter 35/79 - loss 0.71279989 - samples/sec: 1380.02 - lr: 0.200000
2021-10-01 13:37:35,586 epoch 12 - iter 42/79 - loss 0.70602950 - samples/sec: 1435.26 - lr: 0.200000
2021-10-01 13:37:35,760 epoch 12 - iter 49/79 - loss 0.69876253 - samples/sec: 1292.51 - lr: 0.200000
2021-10-01 13:37:35,925 epoch 12 - iter 56/79 - loss 0.69379044 - samples/sec: 1362.20 - lr: 0.200000
2021-10-01 13:37:36,090 epoch 12 - iter 63/79 - loss 0.68897345 - samples/sec: 1360.70 - lr: 0.200000
2021-10-01 13:37:36,251 epoch 12 - iter 70/79 - loss 0.68896656 - samples/sec: 1391.45 - lr: 0.200000
2021-10-01 13:37:36,424 epoch 12 - iter 77/79 - loss 0.68553071 - samples/sec: 1300.42 - lr: 0.200000
2021-10-01 13:37:36,465 ----------------------------------------------------------------------------------------------------
2021-10-01 13:37:36,465 EPOCH 12 done: loss 0.6860 - lr 0.2000000
2021-10-01 13:37:37,741 DEV : loss 1.707848310470581 - score 0.5565
2021-10-01 13:37:37,754 BAD EPOCHS (no improvement): 0
2021-10-01 13:37:41,417 ----------------------------------------------------------------------------------------------------
2021-10-01 13:37:41,598 epoch 13 - iter 7/79 - loss 0.59467053 - samples/sec: 1242.95 - lr: 0.200000
2021-10-01 13:37:41,785 epoch 13 - iter 14/79 - loss 0.60032691 - samples/sec: 1198.66 - lr: 0.200000
2021-10-01 13:37:42,010 epoch 13 - iter 21/79 - loss 0.63315809 - samples/sec: 1290.24 - lr: 0.200000
2021-10-01 13:37:42,184 epoch 13 - iter 28/79 - loss 0.64679771 - samples/sec: 1286.40 - lr: 0.200000
2021-10-01 13:37:42,355 epoch 13 - iter 35/79 - loss 0.65157394 - samples/sec: 1316.84 - lr: 0.200000
2021-10-01 13:37:42,526 epoch 13 - iter 42/79 - loss 0.64735162 - samples/sec: 1314.65 - lr: 0.200000
2021-10-01 13:37:42,686 epoch 13 - iter 49/79 - loss 0.64309873 - samples/sec: 1397.95 - lr: 0.200000
2021-10-01 13:37:42,858 epoch 13 - iter 56/79 - loss 0.64307345 - samples/sec: 1305.79 - lr: 0.200000
2021-10-01 13:37:43,025 epoch 13 - iter 63/79 - loss 0.63483775 - samples/sec: 1342.04 - lr: 0.200000
2021-10-01 13:37:43,198 epoch 13 - iter 70/79 - loss 0.63740450 - samples/sec: 1302.63 - lr: 0.200000
2021-10-01 13:37:43,376 epoch 13 - iter 77/79 - loss 0.63602287 - samples/sec: 1259.66 - lr: 0.200000
2021-10-01 13:37:43,411 ----------------------------------------------------------------------------------------------------
2021-10-01 13:37:43,411 EPOCH 13 done: loss 0.6382 - lr 0.2000000
2021-10-01 13:37:44,669 DEV : loss 1.668522596359253 - score 0.5565
2021-10-01 13:37:44,679 BAD EPOCHS (no improvement): 0
2021-10-01 13:37:52,938 ----------------------------------------------------------------------------------------------------
2021-10-01 13:37:53,119 epoch 14 - iter 7/79 - loss 0.51891372 - samples/sec: 1245.86 - lr: 0.200000
2021-10-01 13:37:53,295 epoch 14 - iter 14/79 - loss 0.53944878 - samples/sec: 1278.41 - lr: 0.200000
2021-10-01 13:37:53,462 epoch 14 - iter 21/79 - loss 0.53371949 - samples/sec: 1344.67 - lr: 0.200000
2021-10-01 13:37:53,630 epoch 14 - iter 28/79 - loss 0.53391715 - samples/sec: 1329.06 - lr: 0.200000
2021-10-01 13:37:53,801 epoch 14 - iter 35/79 - loss 0.54166756 - samples/sec: 1313.29 - lr: 0.200000
2021-10-01 13:37:53,974 epoch 14 - iter 42/79 - loss 0.55684233 - samples/sec: 1296.65 - lr: 0.200000
2021-10-01 13:37:54,140 epoch 14 - iter 49/79 - loss 0.55808170 - samples/sec: 1359.61 - lr: 0.200000
2021-10-01 13:37:54,314 epoch 14 - iter 56/79 - loss 0.55824343 - samples/sec: 1284.33 - lr: 0.200000
2021-10-01 13:37:54,483 epoch 14 - iter 63/79 - loss 0.57493921 - samples/sec: 1327.31 - lr: 0.200000
2021-10-01 13:37:54,651 epoch 14 - iter 70/79 - loss 0.61150332 - samples/sec: 1341.54 - lr: 0.200000
2021-10-01 13:37:54,819 epoch 14 - iter 77/79 - loss 0.61358423 - samples/sec: 1334.84 - lr: 0.200000
2021-10-01 13:37:54,853 ----------------------------------------------------------------------------------------------------
2021-10-01 13:37:54,853 EPOCH 14 done: loss 0.6145 - lr 0.2000000
2021-10-01 13:37:56,109 DEV : loss 1.6749714612960815 - score 0.5592
2021-10-01 13:37:56,119 BAD EPOCHS (no improvement): 0
2021-10-01 13:38:00,049 ----------------------------------------------------------------------------------------------------
2021-10-01 13:38:00,251 epoch 15 - iter 7/79 - loss 0.53018566 - samples/sec: 1112.13 - lr: 0.200000
2021-10-01 13:38:00,439 epoch 15 - iter 14/79 - loss 0.50651566 - samples/sec: 1196.59 - lr: 0.200000
2021-10-01 13:38:00,624 epoch 15 - iter 21/79 - loss 0.51738073 - samples/sec: 1217.58 - lr: 0.200000
2021-10-01 13:38:00,807 epoch 15 - iter 28/79 - loss 0.51451332 - samples/sec: 1224.55 - lr: 0.200000
2021-10-01 13:38:00,991 epoch 15 - iter 35/79 - loss 0.51540287 - samples/sec: 1223.52 - lr: 0.200000
2021-10-01 13:38:01,170 epoch 15 - iter 42/79 - loss 0.51941778 - samples/sec: 1250.91 - lr: 0.200000
2021-10-01 13:38:01,351 epoch 15 - iter 49/79 - loss 0.51918117 - samples/sec: 1245.31 - lr: 0.200000
2021-10-01 13:38:01,535 epoch 15 - iter 56/79 - loss 0.53770534 - samples/sec: 1222.01 - lr: 0.200000
2021-10-01 13:38:01,730 epoch 15 - iter 63/79 - loss 0.53788080 - samples/sec: 1150.21 - lr: 0.200000
2021-10-01 13:38:01,912 epoch 15 - iter 70/79 - loss 0.53676762 - samples/sec: 1234.73 - lr: 0.200000
2021-10-01 13:38:02,092 epoch 15 - iter 77/79 - loss 0.53714769 - samples/sec: 1243.91 - lr: 0.200000
2021-10-01 13:38:02,125 ----------------------------------------------------------------------------------------------------
2021-10-01 13:38:02,125 EPOCH 15 done: loss 0.5348 - lr 0.2000000
2021-10-01 13:38:03,612 DEV : loss 1.70395028591156 - score 0.5586
2021-10-01 13:38:03,626 BAD EPOCHS (no improvement): 1
2021-10-01 13:38:03,632 ----------------------------------------------------------------------------------------------------
2021-10-01 13:38:03,806 epoch 16 - iter 7/79 - loss 0.46217552 - samples/sec: 1301.40 - lr: 0.200000
2021-10-01 13:38:03,990 epoch 16 - iter 14/79 - loss 0.47262116 - samples/sec: 1219.93 - lr: 0.200000
2021-10-01 13:38:04,167 epoch 16 - iter 21/79 - loss 0.47553770 - samples/sec: 1268.93 - lr: 0.200000
2021-10-01 13:38:04,347 epoch 16 - iter 28/79 - loss 0.46422808 - samples/sec: 1244.75 - lr: 0.200000
2021-10-01 13:38:04,529 epoch 16 - iter 35/79 - loss 0.46847848 - samples/sec: 1236.45 - lr: 0.200000
2021-10-01 13:38:04,714 epoch 16 - iter 42/79 - loss 0.47116471 - samples/sec: 1216.61 - lr: 0.200000
2021-10-01 13:38:04,895 epoch 16 - iter 49/79 - loss 0.47374172 - samples/sec: 1237.54 - lr: 0.200000
2021-10-01 13:38:05,074 epoch 16 - iter 56/79 - loss 0.47299499 - samples/sec: 1254.58 - lr: 0.200000
2021-10-01 13:38:05,260 epoch 16 - iter 63/79 - loss 0.47605017 - samples/sec: 1208.35 - lr: 0.200000
2021-10-01 13:38:05,440 epoch 16 - iter 70/79 - loss 0.47964568 - samples/sec: 1244.59 - lr: 0.200000
2021-10-01 13:38:05,631 epoch 16 - iter 77/79 - loss 0.48327696 - samples/sec: 1173.69 - lr: 0.200000
2021-10-01 13:38:05,670 ----------------------------------------------------------------------------------------------------
2021-10-01 13:38:05,670 EPOCH 16 done: loss 0.4821 - lr 0.2000000
2021-10-01 13:38:07,481 DEV : loss 1.6934040784835815 - score 0.5588
2021-10-01 13:38:07,491 BAD EPOCHS (no improvement): 2
2021-10-01 13:38:07,495 ----------------------------------------------------------------------------------------------------
2021-10-01 13:38:07,694 epoch 17 - iter 7/79 - loss 0.45043242 - samples/sec: 1133.01 - lr: 0.200000
2021-10-01 13:38:07,882 epoch 17 - iter 14/79 - loss 0.45634445 - samples/sec: 1192.22 - lr: 0.200000
2021-10-01 13:38:08,064 epoch 17 - iter 21/79 - loss 0.44909350 - samples/sec: 1231.11 - lr: 0.200000
2021-10-01 13:38:08,246 epoch 17 - iter 28/79 - loss 0.44866893 - samples/sec: 1235.70 - lr: 0.200000
2021-10-01 13:38:08,426 epoch 17 - iter 35/79 - loss 0.44142736 - samples/sec: 1246.86 - lr: 0.200000
2021-10-01 13:38:08,601 epoch 17 - iter 42/79 - loss 0.43749352 - samples/sec: 1281.85 - lr: 0.200000
2021-10-01 13:38:08,783 epoch 17 - iter 49/79 - loss 0.44503381 - samples/sec: 1235.62 - lr: 0.200000
2021-10-01 13:38:08,954 epoch 17 - iter 56/79 - loss 0.44814383 - samples/sec: 1312.29 - lr: 0.200000
2021-10-01 13:38:09,126 epoch 17 - iter 63/79 - loss 0.45393441 - samples/sec: 1304.67 - lr: 0.200000
2021-10-01 13:38:09,293 epoch 17 - iter 70/79 - loss 0.44851070 - samples/sec: 1339.84 - lr: 0.200000
2021-10-01 13:38:09,455 epoch 17 - iter 77/79 - loss 0.44730742 - samples/sec: 1389.78 - lr: 0.200000
2021-10-01 13:38:09,494 ----------------------------------------------------------------------------------------------------
2021-10-01 13:38:09,494 EPOCH 17 done: loss 0.4469 - lr 0.2000000
2021-10-01 13:38:10,828 DEV : loss 1.6649333238601685 - score 0.5659
2021-10-01 13:38:10,838 BAD EPOCHS (no improvement): 0
2021-10-01 13:38:13,530 ----------------------------------------------------------------------------------------------------
2021-10-01 13:38:13,716 epoch 18 - iter 7/79 - loss 0.37032708 - samples/sec: 1212.14 - lr: 0.200000
2021-10-01 13:38:13,914 epoch 18 - iter 14/79 - loss 0.40764491 - samples/sec: 1136.07 - lr: 0.200000
2021-10-01 13:38:14,090 epoch 18 - iter 21/79 - loss 0.39725937 - samples/sec: 1273.45 - lr: 0.200000
2021-10-01 13:38:14,280 epoch 18 - iter 28/79 - loss 0.39602542 - samples/sec: 1185.32 - lr: 0.200000
2021-10-01 13:38:14,505 epoch 18 - iter 35/79 - loss 0.39891949 - samples/sec: 1285.95 - lr: 0.200000
2021-10-01 13:38:14,783 epoch 18 - iter 42/79 - loss 0.40457897 - samples/sec: 1199.09 - lr: 0.200000
2021-10-01 13:38:14,951 epoch 18 - iter 49/79 - loss 0.40377185 - samples/sec: 1337.14 - lr: 0.200000
2021-10-01 13:38:15,137 epoch 18 - iter 56/79 - loss 0.40580474 - samples/sec: 1208.81 - lr: 0.200000
2021-10-01 13:38:15,332 epoch 18 - iter 63/79 - loss 0.40910343 - samples/sec: 1150.99 - lr: 0.200000
2021-10-01 13:38:15,511 epoch 18 - iter 70/79 - loss 0.41205802 - samples/sec: 1253.11 - lr: 0.200000
2021-10-01 13:38:15,688 epoch 18 - iter 77/79 - loss 0.41677603 - samples/sec: 1265.96 - lr: 0.200000
2021-10-01 13:38:15,845 ----------------------------------------------------------------------------------------------------
2021-10-01 13:38:15,845 EPOCH 18 done: loss 0.4156 - lr 0.2000000
2021-10-01 13:38:17,286 DEV : loss 1.7027385234832764 - score 0.5637
2021-10-01 13:38:17,296 BAD EPOCHS (no improvement): 1
2021-10-01 13:38:17,298 ----------------------------------------------------------------------------------------------------
2021-10-01 13:38:17,489 epoch 19 - iter 7/79 - loss 0.42892316 - samples/sec: 1176.56 - lr: 0.200000
2021-10-01 13:38:17,665 epoch 19 - iter 14/79 - loss 0.39833025 - samples/sec: 1278.16 - lr: 0.200000
2021-10-01 13:38:17,846 epoch 19 - iter 21/79 - loss 0.37500869 - samples/sec: 1240.89 - lr: 0.200000
2021-10-01 13:38:18,032 epoch 19 - iter 28/79 - loss 0.37613715 - samples/sec: 1203.97 - lr: 0.200000
2021-10-01 13:38:18,205 epoch 19 - iter 35/79 - loss 0.36639127 - samples/sec: 1297.01 - lr: 0.200000
2021-10-01 13:38:18,382 epoch 19 - iter 42/79 - loss 0.37015902 - samples/sec: 1269.58 - lr: 0.200000
2021-10-01 13:38:18,552 epoch 19 - iter 49/79 - loss 0.36890496 - samples/sec: 1322.51 - lr: 0.200000
2021-10-01 13:38:18,734 epoch 19 - iter 56/79 - loss 0.37254748 - samples/sec: 1230.04 - lr: 0.200000
2021-10-01 13:38:18,908 epoch 19 - iter 63/79 - loss 0.37511766 - samples/sec: 1294.34 - lr: 0.200000
2021-10-01 13:38:19,086 epoch 19 - iter 70/79 - loss 0.37961347 - samples/sec: 1260.01 - lr: 0.200000
2021-10-01 13:38:19,268 epoch 19 - iter 77/79 - loss 0.38277363 - samples/sec: 1232.70 - lr: 0.200000
2021-10-01 13:38:19,311 ----------------------------------------------------------------------------------------------------
2021-10-01 13:38:19,311 EPOCH 19 done: loss 0.3842 - lr 0.2000000
2021-10-01 13:38:20,751 DEV : loss 1.7190301418304443 - score 0.5645
2021-10-01 13:38:20,765 BAD EPOCHS (no improvement): 2
2021-10-01 13:38:20,774 ----------------------------------------------------------------------------------------------------
2021-10-01 13:38:20,956 epoch 20 - iter 7/79 - loss 0.29932916 - samples/sec: 1237.57 - lr: 0.200000
2021-10-01 13:38:21,164 epoch 20 - iter 14/79 - loss 0.31986863 - samples/sec: 1184.91 - lr: 0.200000
2021-10-01 13:38:21,347 epoch 20 - iter 21/79 - loss 0.32806206 - samples/sec: 1230.02 - lr: 0.200000
2021-10-01 13:38:21,513 epoch 20 - iter 28/79 - loss 0.33302706 - samples/sec: 1350.21 - lr: 0.200000
2021-10-01 13:38:21,700 epoch 20 - iter 35/79 - loss 0.34162972 - samples/sec: 1203.66 - lr: 0.200000
2021-10-01 13:38:21,875 epoch 20 - iter 42/79 - loss 0.34231922 - samples/sec: 1278.26 - lr: 0.200000
2021-10-01 13:38:22,056 epoch 20 - iter 49/79 - loss 0.34673952 - samples/sec: 1243.69 - lr: 0.200000
2021-10-01 13:38:22,252 epoch 20 - iter 56/79 - loss 0.34912024 - samples/sec: 1141.86 - lr: 0.200000
2021-10-01 13:38:22,434 epoch 20 - iter 63/79 - loss 0.34622654 - samples/sec: 1233.47 - lr: 0.200000
2021-10-01 13:38:22,606 epoch 20 - iter 70/79 - loss 0.34448656 - samples/sec: 1306.15 - lr: 0.200000
2021-10-01 13:38:22,785 epoch 20 - iter 77/79 - loss 0.34601621 - samples/sec: 1255.19 - lr: 0.200000
2021-10-01 13:38:22,826 ----------------------------------------------------------------------------------------------------
2021-10-01 13:38:22,826 EPOCH 20 done: loss 0.3473 - lr 0.2000000
2021-10-01 13:38:24,872 DEV : loss 1.8888583183288574 - score 0.5448
2021-10-01 13:38:24,882 BAD EPOCHS (no improvement): 3
2021-10-01 13:38:24,886 ----------------------------------------------------------------------------------------------------
2021-10-01 13:38:25,080 epoch 21 - iter 7/79 - loss 0.50241185 - samples/sec: 1159.78 - lr: 0.200000
2021-10-01 13:38:25,253 epoch 21 - iter 14/79 - loss 0.41683161 - samples/sec: 1299.23 - lr: 0.200000
2021-10-01 13:38:25,435 epoch 21 - iter 21/79 - loss 0.39395473 - samples/sec: 1231.12 - lr: 0.200000
2021-10-01 13:38:25,600 epoch 21 - iter 28/79 - loss 0.37159943 - samples/sec: 1363.28 - lr: 0.200000
2021-10-01 13:38:25,775 epoch 21 - iter 35/79 - loss 0.36230943 - samples/sec: 1281.24 - lr: 0.200000
2021-10-01 13:38:25,935 epoch 21 - iter 42/79 - loss 0.35383143 - samples/sec: 1408.29 - lr: 0.200000
2021-10-01 13:38:26,105 epoch 21 - iter 49/79 - loss 0.34729364 - samples/sec: 1317.41 - lr: 0.200000
2021-10-01 13:38:26,273 epoch 21 - iter 56/79 - loss 0.34230298 - samples/sec: 1342.57 - lr: 0.200000
2021-10-01 13:38:26,449 epoch 21 - iter 63/79 - loss 0.34812120 - samples/sec: 1274.73 - lr: 0.200000
2021-10-01 13:38:26,612 epoch 21 - iter 70/79 - loss 0.34500755 - samples/sec: 1371.12 - lr: 0.200000
2021-10-01 13:38:26,790 epoch 21 - iter 77/79 - loss 0.34377663 - samples/sec: 1260.48 - lr: 0.200000
2021-10-01 13:38:26,824 ----------------------------------------------------------------------------------------------------
2021-10-01 13:38:26,824 EPOCH 21 done: loss 0.3426 - lr 0.2000000
2021-10-01 13:38:28,127 DEV : loss 1.7624317407608032 - score 0.5624
2021-10-01 13:38:28,137 BAD EPOCHS (no improvement): 4
2021-10-01 13:38:28,138 ----------------------------------------------------------------------------------------------------
2021-10-01 13:38:28,317 epoch 22 - iter 7/79 - loss 0.37375978 - samples/sec: 1264.42 - lr: 0.100000
2021-10-01 13:38:28,486 epoch 22 - iter 14/79 - loss 0.32788797 - samples/sec: 1326.09 - lr: 0.100000
2021-10-01 13:38:28,659 epoch 22 - iter 21/79 - loss 0.31326462 - samples/sec: 1297.94 - lr: 0.100000
2021-10-01 13:38:28,815 epoch 22 - iter 28/79 - loss 0.29907930 - samples/sec: 1439.98 - lr: 0.100000
2021-10-01 13:38:28,989 epoch 22 - iter 35/79 - loss 0.28830758 - samples/sec: 1288.85 - lr: 0.100000
2021-10-01 13:38:29,159 epoch 22 - iter 42/79 - loss 0.29197512 - samples/sec: 1322.81 - lr: 0.100000
2021-10-01 13:38:29,336 epoch 22 - iter 49/79 - loss 0.28957785 - samples/sec: 1270.74 - lr: 0.100000
2021-10-01 13:38:29,507 epoch 22 - iter 56/79 - loss 0.28919864 - samples/sec: 1311.72 - lr: 0.100000
2021-10-01 13:38:29,669 epoch 22 - iter 63/79 - loss 0.28741580 - samples/sec: 1383.48 - lr: 0.100000
2021-10-01 13:38:29,833 epoch 22 - iter 70/79 - loss 0.29257006 - samples/sec: 1372.47 - lr: 0.100000
2021-10-01 13:38:29,997 epoch 22 - iter 77/79 - loss 0.29539381 - samples/sec: 1368.46 - lr: 0.100000
2021-10-01 13:38:30,034 ----------------------------------------------------------------------------------------------------
2021-10-01 13:38:30,034 EPOCH 22 done: loss 0.2960 - lr 0.1000000
2021-10-01 13:38:31,308 DEV : loss 1.7529056072235107 - score 0.5667
2021-10-01 13:38:31,318 BAD EPOCHS (no improvement): 0
2021-10-01 13:38:34,438 ----------------------------------------------------------------------------------------------------
2021-10-01 13:38:34,635 epoch 23 - iter 7/79 - loss 0.30389311 - samples/sec: 1143.58 - lr: 0.100000
2021-10-01 13:38:34,840 epoch 23 - iter 14/79 - loss 0.30735563 - samples/sec: 1094.66 - lr: 0.100000
2021-10-01 13:38:35,017 epoch 23 - iter 21/79 - loss 0.29370725 - samples/sec: 1269.06 - lr: 0.100000
2021-10-01 13:38:35,199 epoch 23 - iter 28/79 - loss 0.28962549 - samples/sec: 1237.04 - lr: 0.100000
2021-10-01 13:38:35,375 epoch 23 - iter 35/79 - loss 0.28632190 - samples/sec: 1278.88 - lr: 0.100000
2021-10-01 13:38:35,562 epoch 23 - iter 42/79 - loss 0.28254795 - samples/sec: 1197.29 - lr: 0.100000
2021-10-01 13:38:35,732 epoch 23 - iter 49/79 - loss 0.28018458 - samples/sec: 1319.03 - lr: 0.100000
2021-10-01 13:38:35,928 epoch 23 - iter 56/79 - loss 0.28562052 - samples/sec: 1147.88 - lr: 0.100000
2021-10-01 13:38:36,110 epoch 23 - iter 63/79 - loss 0.28922958 - samples/sec: 1235.56 - lr: 0.100000
2021-10-01 13:38:36,279 epoch 23 - iter 70/79 - loss 0.28637613 - samples/sec: 1328.19 - lr: 0.100000
2021-10-01 13:38:36,452 epoch 23 - iter 77/79 - loss 0.28393180 - samples/sec: 1294.57 - lr: 0.100000
2021-10-01 13:38:36,494 ----------------------------------------------------------------------------------------------------
2021-10-01 13:38:36,494 EPOCH 23 done: loss 0.2853 - lr 0.1000000
2021-10-01 13:38:37,957 DEV : loss 1.7175220251083374 - score 0.5697
2021-10-01 13:38:37,966 BAD EPOCHS (no improvement): 0
2021-10-01 13:38:41,178 ----------------------------------------------------------------------------------------------------
2021-10-01 13:38:41,378 epoch 24 - iter 7/79 - loss 0.27386290 - samples/sec: 1128.59 - lr: 0.100000
2021-10-01 13:38:41,554 epoch 24 - iter 14/79 - loss 0.25974914 - samples/sec: 1274.62 - lr: 0.100000
2021-10-01 13:38:41,723 epoch 24 - iter 21/79 - loss 0.26269532 - samples/sec: 1328.67 - lr: 0.100000
2021-10-01 13:38:41,901 epoch 24 - iter 28/79 - loss 0.26376966 - samples/sec: 1261.86 - lr: 0.100000
2021-10-01 13:38:42,085 epoch 24 - iter 35/79 - loss 0.27205850 - samples/sec: 1215.08 - lr: 0.100000
2021-10-01 13:38:42,264 epoch 24 - iter 42/79 - loss 0.27043561 - samples/sec: 1257.58 - lr: 0.100000
2021-10-01 13:38:42,444 epoch 24 - iter 49/79 - loss 0.27075783 - samples/sec: 1244.83 - lr: 0.100000
2021-10-01 13:38:42,622 epoch 24 - iter 56/79 - loss 0.27402562 - samples/sec: 1266.79 - lr: 0.100000
2021-10-01 13:38:42,811 epoch 24 - iter 63/79 - loss 0.27612091 - samples/sec: 1188.46 - lr: 0.100000
2021-10-01 13:38:43,002 epoch 24 - iter 70/79 - loss 0.27625064 - samples/sec: 1174.25 - lr: 0.100000
2021-10-01 13:38:43,252 epoch 24 - iter 77/79 - loss 0.27509881 - samples/sec: 1237.79 - lr: 0.100000
2021-10-01 13:38:43,295 ----------------------------------------------------------------------------------------------------
2021-10-01 13:38:43,295 EPOCH 24 done: loss 0.2737 - lr 0.1000000
2021-10-01 13:38:44,748 DEV : loss 1.7591837644577026 - score 0.5677
2021-10-01 13:38:44,758 BAD EPOCHS (no improvement): 1
2021-10-01 13:38:44,759 ----------------------------------------------------------------------------------------------------
2021-10-01 13:38:44,940 epoch 25 - iter 7/79 - loss 0.25754496 - samples/sec: 1247.39 - lr: 0.100000
2021-10-01 13:38:45,114 epoch 25 - iter 14/79 - loss 0.25216296 - samples/sec: 1295.88 - lr: 0.100000
2021-10-01 13:38:45,292 epoch 25 - iter 21/79 - loss 0.24732246 - samples/sec: 1259.56 - lr: 0.100000
2021-10-01 13:38:45,457 epoch 25 - iter 28/79 - loss 0.25620227 - samples/sec: 1355.19 - lr: 0.100000
2021-10-01 13:38:45,650 epoch 25 - iter 35/79 - loss 0.26129370 - samples/sec: 1164.86 - lr: 0.100000
2021-10-01 13:38:45,825 epoch 25 - iter 42/79 - loss 0.26045467 - samples/sec: 1284.22 - lr: 0.100000
2021-10-01 13:38:46,004 epoch 25 - iter 49/79 - loss 0.26355598 - samples/sec: 1253.26 - lr: 0.100000
2021-10-01 13:38:46,186 epoch 25 - iter 56/79 - loss 0.26465758 - samples/sec: 1231.66 - lr: 0.100000
2021-10-01 13:38:46,361 epoch 25 - iter 63/79 - loss 0.26622768 - samples/sec: 1287.94 - lr: 0.100000
2021-10-01 13:38:46,546 epoch 25 - iter 70/79 - loss 0.26720274 - samples/sec: 1213.45 - lr: 0.100000
2021-10-01 13:38:46,737 epoch 25 - iter 77/79 - loss 0.26688830 - samples/sec: 1172.81 - lr: 0.100000
2021-10-01 13:38:46,774 ----------------------------------------------------------------------------------------------------
2021-10-01 13:38:46,776 EPOCH 25 done: loss 0.2671 - lr 0.1000000
2021-10-01 13:38:48,118 DEV : loss 1.759126901626587 - score 0.5686
2021-10-01 13:38:48,128 BAD EPOCHS (no improvement): 2
2021-10-01 13:38:48,152 ----------------------------------------------------------------------------------------------------
2021-10-01 13:38:48,324 epoch 26 - iter 7/79 - loss 0.26349431 - samples/sec: 1310.70 - lr: 0.100000
2021-10-01 13:38:48,499 epoch 26 - iter 14/79 - loss 0.26230909 - samples/sec: 1282.21 - lr: 0.100000
2021-10-01 13:38:48,668 epoch 26 - iter 21/79 - loss 0.25328064 - samples/sec: 1326.52 - lr: 0.100000
2021-10-01 13:38:48,837 epoch 26 - iter 28/79 - loss 0.24871549 - samples/sec: 1327.25 - lr: 0.100000
2021-10-01 13:38:49,016 epoch 26 - iter 35/79 - loss 0.25547415 - samples/sec: 1258.58 - lr: 0.100000
2021-10-01 13:38:49,186 epoch 26 - iter 42/79 - loss 0.25566028 - samples/sec: 1318.63 - lr: 0.100000
2021-10-01 13:38:49,361 epoch 26 - iter 49/79 - loss 0.25643198 - samples/sec: 1288.99 - lr: 0.100000
2021-10-01 13:38:49,528 epoch 26 - iter 56/79 - loss 0.25723743 - samples/sec: 1346.02 - lr: 0.100000
2021-10-01 13:38:49,695 epoch 26 - iter 63/79 - loss 0.25554787 - samples/sec: 1341.78 - lr: 0.100000
2021-10-01 13:38:49,861 epoch 26 - iter 70/79 - loss 0.25318312 - samples/sec: 1350.73 - lr: 0.100000
2021-10-01 13:38:50,037 epoch 26 - iter 77/79 - loss 0.25745110 - samples/sec: 1275.52 - lr: 0.100000
2021-10-01 13:38:50,074 ----------------------------------------------------------------------------------------------------
2021-10-01 13:38:50,074 EPOCH 26 done: loss 0.2578 - lr 0.1000000
2021-10-01 13:38:51,352 DEV : loss 1.7747255563735962 - score 0.5677
2021-10-01 13:38:51,362 BAD EPOCHS (no improvement): 3
2021-10-01 13:38:51,364 ----------------------------------------------------------------------------------------------------
2021-10-01 13:38:51,543 epoch 27 - iter 7/79 - loss 0.21096865 - samples/sec: 1258.36 - lr: 0.100000
2021-10-01 13:38:51,702 epoch 27 - iter 14/79 - loss 0.22472825 - samples/sec: 1419.16 - lr: 0.100000
2021-10-01 13:38:51,870 epoch 27 - iter 21/79 - loss 0.23943120 - samples/sec: 1337.06 - lr: 0.100000
2021-10-01 13:38:52,039 epoch 27 - iter 28/79 - loss 0.24550783 - samples/sec: 1329.73 - lr: 0.100000
2021-10-01 13:38:52,205 epoch 27 - iter 35/79 - loss 0.24430712 - samples/sec: 1349.09 - lr: 0.100000
2021-10-01 13:38:52,385 epoch 27 - iter 42/79 - loss 0.24436999 - samples/sec: 1248.13 - lr: 0.100000
2021-10-01 13:38:52,556 epoch 27 - iter 49/79 - loss 0.24462989 - samples/sec: 1312.04 - lr: 0.100000
2021-10-01 13:38:52,729 epoch 27 - iter 56/79 - loss 0.24289823 - samples/sec: 1298.66 - lr: 0.100000
2021-10-01 13:38:52,904 epoch 27 - iter 63/79 - loss 0.24885006 - samples/sec: 1281.04 - lr: 0.100000
2021-10-01 13:38:53,079 epoch 27 - iter 70/79 - loss 0.25071104 - samples/sec: 1287.35 - lr: 0.100000
2021-10-01 13:38:53,238 epoch 27 - iter 77/79 - loss 0.24861588 - samples/sec: 1408.99 - lr: 0.100000
2021-10-01 13:38:53,277 ----------------------------------------------------------------------------------------------------
2021-10-01 13:38:53,277 EPOCH 27 done: loss 0.2496 - lr 0.1000000
2021-10-01 13:38:54,551 DEV : loss 1.7704360485076904 - score 0.5684
2021-10-01 13:38:54,561 BAD EPOCHS (no improvement): 4
2021-10-01 13:38:54,562 ----------------------------------------------------------------------------------------------------
2021-10-01 13:38:54,737 epoch 28 - iter 7/79 - loss 0.28329563 - samples/sec: 1295.00 - lr: 0.050000
2021-10-01 13:38:54,910 epoch 28 - iter 14/79 - loss 0.24223751 - samples/sec: 1298.03 - lr: 0.050000
2021-10-01 13:38:55,079 epoch 28 - iter 21/79 - loss 0.24116608 - samples/sec: 1329.08 - lr: 0.050000
2021-10-01 13:38:55,254 epoch 28 - iter 28/79 - loss 0.24599645 - samples/sec: 1285.22 - lr: 0.050000
2021-10-01 13:38:55,430 epoch 28 - iter 35/79 - loss 0.24922007 - samples/sec: 1274.67 - lr: 0.050000
2021-10-01 13:38:55,605 epoch 28 - iter 42/79 - loss 0.24809209 - samples/sec: 1281.86 - lr: 0.050000
2021-10-01 13:38:55,771 epoch 28 - iter 49/79 - loss 0.24619968 - samples/sec: 1348.71 - lr: 0.050000
2021-10-01 13:38:55,941 epoch 28 - iter 56/79 - loss 0.24606887 - samples/sec: 1325.19 - lr: 0.050000
2021-10-01 13:38:56,105 epoch 28 - iter 63/79 - loss 0.24158905 - samples/sec: 1370.92 - lr: 0.050000
2021-10-01 13:38:56,270 epoch 28 - iter 70/79 - loss 0.24139876 - samples/sec: 1353.72 - lr: 0.050000
2021-10-01 13:38:56,444 epoch 28 - iter 77/79 - loss 0.23928764 - samples/sec: 1290.62 - lr: 0.050000
2021-10-01 13:38:56,478 ----------------------------------------------------------------------------------------------------
2021-10-01 13:38:56,478 EPOCH 28 done: loss 0.2389 - lr 0.0500000
2021-10-01 13:38:57,742 DEV : loss 1.7549843788146973 - score 0.5688
2021-10-01 13:38:57,751 BAD EPOCHS (no improvement): 1
2021-10-01 13:38:57,753 ----------------------------------------------------------------------------------------------------
2021-10-01 13:38:57,920 epoch 29 - iter 7/79 - loss 0.23606267 - samples/sec: 1348.72 - lr: 0.050000
2021-10-01 13:38:58,078 epoch 29 - iter 14/79 - loss 0.22959666 - samples/sec: 1421.91 - lr: 0.050000
2021-10-01 13:38:58,256 epoch 29 - iter 21/79 - loss 0.23309124 - samples/sec: 1262.98 - lr: 0.050000
2021-10-01 13:38:58,425 epoch 29 - iter 28/79 - loss 0.23308017 - samples/sec: 1329.13 - lr: 0.050000
2021-10-01 13:38:58,590 epoch 29 - iter 35/79 - loss 0.23219890 - samples/sec: 1363.37 - lr: 0.050000
2021-10-01 13:38:58,759 epoch 29 - iter 42/79 - loss 0.23372100 - samples/sec: 1324.26 - lr: 0.050000
2021-10-01 13:38:58,933 epoch 29 - iter 49/79 - loss 0.23246650 - samples/sec: 1292.27 - lr: 0.050000
2021-10-01 13:38:59,104 epoch 29 - iter 56/79 - loss 0.23246377 - samples/sec: 1316.21 - lr: 0.050000
2021-10-01 13:38:59,268 epoch 29 - iter 63/79 - loss 0.23281521 - samples/sec: 1369.77 - lr: 0.050000
2021-10-01 13:38:59,446 epoch 29 - iter 70/79 - loss 0.23637568 - samples/sec: 1259.30 - lr: 0.050000
2021-10-01 13:38:59,626 epoch 29 - iter 77/79 - loss 0.23645834 - samples/sec: 1249.12 - lr: 0.050000
2021-10-01 13:38:59,661 ----------------------------------------------------------------------------------------------------
2021-10-01 13:38:59,661 EPOCH 29 done: loss 0.2349 - lr 0.0500000
2021-10-01 13:39:01,542 DEV : loss 1.7703427076339722 - score 0.5691
2021-10-01 13:39:01,552 BAD EPOCHS (no improvement): 2
2021-10-01 13:39:01,555 ----------------------------------------------------------------------------------------------------
2021-10-01 13:39:01,744 epoch 30 - iter 7/79 - loss 0.23196206 - samples/sec: 1186.92 - lr: 0.050000
2021-10-01 13:39:01,914 epoch 30 - iter 14/79 - loss 0.23407265 - samples/sec: 1320.22 - lr: 0.050000
2021-10-01 13:39:02,079 epoch 30 - iter 21/79 - loss 0.23665515 - samples/sec: 1364.04 - lr: 0.050000
2021-10-01 13:39:02,246 epoch 30 - iter 28/79 - loss 0.23609636 - samples/sec: 1346.72 - lr: 0.050000
2021-10-01 13:39:02,414 epoch 30 - iter 35/79 - loss 0.23500871 - samples/sec: 1330.15 - lr: 0.050000
2021-10-01 13:39:02,580 epoch 30 - iter 42/79 - loss 0.23380208 - samples/sec: 1351.64 - lr: 0.050000
2021-10-01 13:39:02,747 epoch 30 - iter 49/79 - loss 0.23342480 - samples/sec: 1345.44 - lr: 0.050000
2021-10-01 13:39:02,932 epoch 30 - iter 56/79 - loss 0.23425952 - samples/sec: 1213.30 - lr: 0.050000
2021-10-01 13:39:03,093 epoch 30 - iter 63/79 - loss 0.23600738 - samples/sec: 1395.53 - lr: 0.050000
2021-10-01 13:39:03,265 epoch 30 - iter 70/79 - loss 0.23729392 - samples/sec: 1303.87 - lr: 0.050000
2021-10-01 13:39:03,426 epoch 30 - iter 77/79 - loss 0.23768245 - samples/sec: 1397.74 - lr: 0.050000
2021-10-01 13:39:03,462 ----------------------------------------------------------------------------------------------------
2021-10-01 13:39:03,462 EPOCH 30 done: loss 0.2368 - lr 0.0500000
2021-10-01 13:39:04,720 DEV : loss 1.7762799263000488 - score 0.5679
2021-10-01 13:39:04,730 BAD EPOCHS (no improvement): 3
2021-10-01 13:39:04,732 ----------------------------------------------------------------------------------------------------
2021-10-01 13:39:04,899 epoch 31 - iter 7/79 - loss 0.24607284 - samples/sec: 1344.48 - lr: 0.050000
2021-10-01 13:39:05,064 epoch 31 - iter 14/79 - loss 0.24135592 - samples/sec: 1356.82 - lr: 0.050000
2021-10-01 13:39:05,229 epoch 31 - iter 21/79 - loss 0.22892648 - samples/sec: 1362.36 - lr: 0.050000
2021-10-01 13:39:05,404 epoch 31 - iter 28/79 - loss 0.22696642 - samples/sec: 1288.32 - lr: 0.050000
2021-10-01 13:39:05,573 epoch 31 - iter 35/79 - loss 0.22887767 - samples/sec: 1322.88 - lr: 0.050000
2021-10-01 13:39:05,745 epoch 31 - iter 42/79 - loss 0.23556317 - samples/sec: 1304.29 - lr: 0.050000
2021-10-01 13:39:05,902 epoch 31 - iter 49/79 - loss 0.22732705 - samples/sec: 1436.78 - lr: 0.050000
2021-10-01 13:39:06,054 epoch 31 - iter 56/79 - loss 0.22516346 - samples/sec: 1468.63 - lr: 0.050000
2021-10-01 13:39:06,227 epoch 31 - iter 63/79 - loss 0.22636284 - samples/sec: 1297.40 - lr: 0.050000
2021-10-01 13:39:06,399 epoch 31 - iter 70/79 - loss 0.22875181 - samples/sec: 1307.06 - lr: 0.050000
2021-10-01 13:39:06,584 epoch 31 - iter 77/79 - loss 0.22963007 - samples/sec: 1215.27 - lr: 0.050000
2021-10-01 13:39:06,619 ----------------------------------------------------------------------------------------------------
2021-10-01 13:39:06,652 EPOCH 31 done: loss 0.2298 - lr 0.0500000
2021-10-01 13:39:07,958 DEV : loss 1.7750674486160278 - score 0.5672
2021-10-01 13:39:07,967 BAD EPOCHS (no improvement): 4
2021-10-01 13:39:07,970 ----------------------------------------------------------------------------------------------------
2021-10-01 13:39:08,139 epoch 32 - iter 7/79 - loss 0.22027056 - samples/sec: 1330.99 - lr: 0.025000
2021-10-01 13:39:08,304 epoch 32 - iter 14/79 - loss 0.20890810 - samples/sec: 1358.26 - lr: 0.025000
2021-10-01 13:39:08,482 epoch 32 - iter 21/79 - loss 0.21076834 - samples/sec: 1264.17 - lr: 0.025000
2021-10-01 13:39:08,659 epoch 32 - iter 28/79 - loss 0.22188852 - samples/sec: 1266.83 - lr: 0.025000
2021-10-01 13:39:08,816 epoch 32 - iter 35/79 - loss 0.21818965 - samples/sec: 1433.25 - lr: 0.025000
2021-10-01 13:39:08,993 epoch 32 - iter 42/79 - loss 0.22163523 - samples/sec: 1265.50 - lr: 0.025000
2021-10-01 13:39:09,159 epoch 32 - iter 49/79 - loss 0.22103647 - samples/sec: 1355.63 - lr: 0.025000
2021-10-01 13:39:09,323 epoch 32 - iter 56/79 - loss 0.21887684 - samples/sec: 1364.26 - lr: 0.025000
2021-10-01 13:39:09,486 epoch 32 - iter 63/79 - loss 0.21900363 - samples/sec: 1380.35 - lr: 0.025000
2021-10-01 13:39:09,655 epoch 32 - iter 70/79 - loss 0.21992029 - samples/sec: 1328.94 - lr: 0.025000
2021-10-01 13:39:09,830 epoch 32 - iter 77/79 - loss 0.22127796 - samples/sec: 1278.75 - lr: 0.025000
2021-10-01 13:39:09,866 ----------------------------------------------------------------------------------------------------
2021-10-01 13:39:09,866 EPOCH 32 done: loss 0.2217 - lr 0.0250000
2021-10-01 13:39:11,350 DEV : loss 1.7714190483093262 - score 0.5681
2021-10-01 13:39:11,359 BAD EPOCHS (no improvement): 1
2021-10-01 13:39:11,373 ----------------------------------------------------------------------------------------------------
2021-10-01 13:39:11,540 epoch 33 - iter 7/79 - loss 0.22576559 - samples/sec: 1351.08 - lr: 0.025000
2021-10-01 13:39:11,714 epoch 33 - iter 14/79 - loss 0.22367394 - samples/sec: 1291.46 - lr: 0.025000
2021-10-01 13:39:11,882 epoch 33 - iter 21/79 - loss 0.22157245 - samples/sec: 1330.36 - lr: 0.025000
2021-10-01 13:39:12,057 epoch 33 - iter 28/79 - loss 0.21868974 - samples/sec: 1285.97 - lr: 0.025000
2021-10-01 13:39:12,216 epoch 33 - iter 35/79 - loss 0.22026795 - samples/sec: 1410.11 - lr: 0.025000
2021-10-01 13:39:12,384 epoch 33 - iter 42/79 - loss 0.22177293 - samples/sec: 1339.39 - lr: 0.025000
2021-10-01 13:39:12,551 epoch 33 - iter 49/79 - loss 0.22317947 - samples/sec: 1343.67 - lr: 0.025000
2021-10-01 13:39:12,711 epoch 33 - iter 56/79 - loss 0.22249646 - samples/sec: 1404.80 - lr: 0.025000
2021-10-01 13:39:12,870 epoch 33 - iter 63/79 - loss 0.22334720 - samples/sec: 1409.33 - lr: 0.025000
2021-10-01 13:39:13,047 epoch 33 - iter 70/79 - loss 0.22330645 - samples/sec: 1268.90 - lr: 0.025000
2021-10-01 13:39:13,216 epoch 33 - iter 77/79 - loss 0.22538822 - samples/sec: 1325.54 - lr: 0.025000
2021-10-01 13:39:13,253 ----------------------------------------------------------------------------------------------------
2021-10-01 13:39:13,253 EPOCH 33 done: loss 0.2261 - lr 0.0250000
2021-10-01 13:39:14,524 DEV : loss 1.770374059677124 - score 0.5685
2021-10-01 13:39:14,538 BAD EPOCHS (no improvement): 2
2021-10-01 13:39:14,540 ----------------------------------------------------------------------------------------------------
2021-10-01 13:39:14,719 epoch 34 - iter 7/79 - loss 0.20626478 - samples/sec: 1256.98 - lr: 0.025000
2021-10-01 13:39:14,886 epoch 34 - iter 14/79 - loss 0.19338894 - samples/sec: 1341.77 - lr: 0.025000
2021-10-01 13:39:15,048 epoch 34 - iter 21/79 - loss 0.20637485 - samples/sec: 1392.18 - lr: 0.025000
2021-10-01 13:39:15,224 epoch 34 - iter 28/79 - loss 0.21503928 - samples/sec: 1271.54 - lr: 0.025000
2021-10-01 13:39:15,388 epoch 34 - iter 35/79 - loss 0.21562198 - samples/sec: 1373.37 - lr: 0.025000
2021-10-01 13:39:15,555 epoch 34 - iter 42/79 - loss 0.21735369 - samples/sec: 1345.40 - lr: 0.025000
2021-10-01 13:39:15,731 epoch 34 - iter 49/79 - loss 0.21883260 - samples/sec: 1272.96 - lr: 0.025000
2021-10-01 13:39:15,901 epoch 34 - iter 56/79 - loss 0.21999762 - samples/sec: 1317.21 - lr: 0.025000
2021-10-01 13:39:16,072 epoch 34 - iter 63/79 - loss 0.21885049 - samples/sec: 1315.90 - lr: 0.025000
2021-10-01 13:39:16,237 epoch 34 - iter 70/79 - loss 0.21955661 - samples/sec: 1362.76 - lr: 0.025000
2021-10-01 13:39:16,414 epoch 34 - iter 77/79 - loss 0.22114829 - samples/sec: 1269.50 - lr: 0.025000
2021-10-01 13:39:16,448 ----------------------------------------------------------------------------------------------------
2021-10-01 13:39:16,448 EPOCH 34 done: loss 0.2198 - lr 0.0250000
2021-10-01 13:39:17,715 DEV : loss 1.7757513523101807 - score 0.5679
2021-10-01 13:39:17,725 BAD EPOCHS (no improvement): 3
2021-10-01 13:39:17,726 ----------------------------------------------------------------------------------------------------
2021-10-01 13:39:17,901 epoch 35 - iter 7/79 - loss 0.23279050 - samples/sec: 1292.23 - lr: 0.025000
2021-10-01 13:39:18,065 epoch 35 - iter 14/79 - loss 0.22892503 - samples/sec: 1367.74 - lr: 0.025000
2021-10-01 13:39:18,229 epoch 35 - iter 21/79 - loss 0.23419842 - samples/sec: 1371.45 - lr: 0.025000
2021-10-01 13:39:18,397 epoch 35 - iter 28/79 - loss 0.22977253 - samples/sec: 1339.72 - lr: 0.025000
2021-10-01 13:39:18,565 epoch 35 - iter 35/79 - loss 0.23058150 - samples/sec: 1333.03 - lr: 0.025000
2021-10-01 13:39:18,726 epoch 35 - iter 42/79 - loss 0.23064909 - samples/sec: 1394.84 - lr: 0.025000
2021-10-01 13:39:18,904 epoch 35 - iter 49/79 - loss 0.23037891 - samples/sec: 1260.78 - lr: 0.025000
2021-10-01 13:39:19,086 epoch 35 - iter 56/79 - loss 0.23253901 - samples/sec: 1233.83 - lr: 0.025000
2021-10-01 13:39:19,265 epoch 35 - iter 63/79 - loss 0.22780332 - samples/sec: 1249.55 - lr: 0.025000
2021-10-01 13:39:19,428 epoch 35 - iter 70/79 - loss 0.22514655 - samples/sec: 1377.86 - lr: 0.025000
2021-10-01 13:39:19,601 epoch 35 - iter 77/79 - loss 0.22559671 - samples/sec: 1301.11 - lr: 0.025000
2021-10-01 13:39:19,631 ----------------------------------------------------------------------------------------------------
2021-10-01 13:39:19,632 EPOCH 35 done: loss 0.2262 - lr 0.0250000
2021-10-01 13:39:20,900 DEV : loss 1.7748061418533325 - score 0.5687
2021-10-01 13:39:20,910 BAD EPOCHS (no improvement): 4
2021-10-01 13:39:20,914 ----------------------------------------------------------------------------------------------------
2021-10-01 13:39:21,090 epoch 36 - iter 7/79 - loss 0.23686547 - samples/sec: 1279.92 - lr: 0.012500
2021-10-01 13:39:21,248 epoch 36 - iter 14/79 - loss 0.21643887 - samples/sec: 1419.18 - lr: 0.012500
2021-10-01 13:39:21,414 epoch 36 - iter 21/79 - loss 0.21316224 - samples/sec: 1349.13 - lr: 0.012500
2021-10-01 13:39:21,573 epoch 36 - iter 28/79 - loss 0.21158763 - samples/sec: 1413.82 - lr: 0.012500
2021-10-01 13:39:21,637 ----------------------------------------------------------------------------------------------------
2021-10-01 13:39:21,637 Exiting from training early.
2021-10-01 13:39:21,637 Saving model ...
2021-10-01 13:39:24,103 Done.
2021-10-01 13:39:24,103 ----------------------------------------------------------------------------------------------------
2021-10-01 13:39:24,103 Testing using best model ...
2021-10-01 13:39:24,104 loading file model/flattened/upos/goldpos/goldframes/0.2-300-1-0-0-0-elmo-small-all-bea13/best-model.pt
2021-10-01 13:39:33,989 	0.5766
2021-10-01 13:39:33,989 
Results:
- F-score (micro): 0.5766
- F-score (macro): 0.1106
- Accuracy (incl. no class): 0.5766

By class:
                    precision    recall  f1-score   support

           -1,ROOT     0.7656    0.8736    0.8161      1709
       1,VERB,ARG1     0.5365    0.5090    0.5224       332
          -1,PUNCT     0.6711    0.6843    0.6776      2081
       1,VERB,ARG0     0.8078    0.9164    0.8587      1064
           1,PROPN     0.5231    0.5868    0.5532       501
            1,NOUN     0.6863    0.8447    0.7573      3497
      -1,VERB,ARG2     0.3495    0.3710    0.3600       407
            4,NOUN     1.0000    0.0000    0.0000        27
            3,NOUN     0.1600    0.0879    0.1135        91
            2,NOUN     0.3946    0.2808    0.3281       520
           -1,NOUN     0.4160    0.4663    0.4397      1810
      -1,VERB,ARG1     0.6418    0.8471    0.7303      1563
           -3,NOUN     0.0833    0.0455    0.0588       198
      -1,VERB,ARG4     0.3929    0.2000    0.2651        55
      -2,VERB,ARG1     0.0000    0.0000    0.0000        36
          -5,PUNCT     0.0270    0.0149    0.0192        67
          -3,PUNCT     0.1984    0.1901    0.1942       263
          -2,PUNCT     0.4303    0.4169    0.4235       614
          -1,PROPN     0.4489    0.3179    0.3722       497
          -2,PROPN     0.2554    0.2706    0.2628       218
    1,AUX,ARGM-DIS     0.2381    0.2941    0.2632        17
    1,AUX,ARGM-ADV     0.2500    0.0909    0.1333        22
             1,ADJ     0.7241    0.6364    0.6774       528
       -1,AUX,ARG1     0.5294    0.3529    0.4235        51
        1,AUX,ARG1     0.7703    0.8615    0.8133       397
           -1,PRON     0.3253    0.2045    0.2512       132
    1,ADJ,ARGM-EXT     0.5082    0.5345    0.5210        58
       -1,AUX,ARG2     0.7041    0.8322    0.7628       429
    1,AUX,ARGM-TMP     0.0000    0.0000    0.0000        19
   -1,AUX,ARGM-TMP     0.5625    0.3913    0.4615        23
  1,AUX,R-ARGM-TMP     1.0000    0.0000    0.0000         1
            -2,ADJ     0.1613    0.0450    0.0704       111
       1,NOUN,ARG2     0.0000    0.0000    0.0000        20
            1,VERB     0.7122    0.7871    0.7478       761
       1,NOUN,ARG1     0.3000    0.2547    0.2755       106
       1,NOUN,ARG0     0.5455    0.4286    0.4800       112
      -1,NOUN,ARG2     0.1905    0.1333    0.1569        30
      -1,NOUN,ARG1     0.3760    0.3456    0.3602       136
   1,VERB,ARGM-MOD     0.9167    0.9612    0.9384       309
           -1,VERB     0.2056    0.2670    0.2323       191
      1,AUX,R-ARG1     0.2500    0.2000    0.2222        10
   1,VERB,ARGM-ADV     0.5773    0.6755    0.6225       188
  -1,VERB,ARGM-ADV     0.1286    0.0928    0.1078        97
            -1,ADJ     0.3333    0.2702    0.2985       396
  -1,VERB,ARGM-TMP     0.6352    0.7927    0.7052       246
             1,ADV     0.5167    0.6019    0.5561       103
   -1,AUX,ARGM-ADV     0.3333    0.2821    0.3056        39
   -1,AUX,ARGM-LOC     1.0000    0.0000    0.0000         6
  -1,VERB,ARGM-LOC     0.3487    0.5354    0.4224       127
          -4,PUNCT     0.0781    0.0450    0.0571       111
            1,PRON     0.6172    0.7383    0.6723       107
            -1,ADV     0.4211    0.1905    0.2623       168
      -1,VERB,ARG3     0.0714    0.0200    0.0312        50
  -1,VERB,ARGM-DIR     0.3077    0.4103    0.3516        39
     1,VERB,R-ARG0     0.7679    0.8600    0.8113        50
   1,VERB,ARGM-NEG     0.8344    0.9645    0.8947       141
         -1,VERB,V     1.0000    0.0000    0.0000         3
   2,NOUN,ARGM-ADJ     0.6667    0.1176    0.2000        17
   1,NOUN,ARGM-ADJ     0.3979    0.4551    0.4246       167
       1,NOUN,ARG3     1.0000    0.0000    0.0000         4
    -1,VERB,C-ARG1     0.3333    0.1364    0.1935        44
           -2,NOUN     0.1365    0.1129    0.1236       434
  -2,VERB,ARGM-LOC     1.0000    0.0000    0.0000         8
  -1,VERB,ARGM-GOL     0.0000    0.0000    0.0000        13
  -1,VERB,ARGM-PRP     0.3019    0.2963    0.2991        54
   1,NOUN,ARGM-LVB     0.2632    0.2381    0.2500        42
  -1,VERB,ARGM-PRR     0.3103    0.2903    0.3000        62
            -1,NUM     0.4350    0.4236    0.4292       229
     1,VERB,R-ARG1     0.5455    0.8000    0.6486        30
   1,NOUN,ARGM-LOC     1.0000    0.0000    0.0000         3
   1,VERB,ARGM-TMP     0.6099    0.8346    0.7048       133
      -2,NOUN,ARG1     0.0000    0.0000    0.0000        18
       2,VERB,ARG0     0.5833    0.3333    0.4242        21
       2,VERB,ARG1     0.0000    0.0000    0.0000        18
  -1,NOUN,ARGM-PRD     1.0000    0.0000    0.0000         8
  -1,NOUN,ARGM-ADJ     0.1250    0.0667    0.0870        30
      -1,VERB,ARG0     0.5952    0.5000    0.5435        50
       3,VERB,ARG0     1.0000    0.0000    0.0000         5
      -1,NOUN,ARG0     0.1667    0.1875    0.1765        16
     3,VERB,R-ARG0     1.0000    0.0000    0.0000         1
   2,VERB,ARGM-ADV     1.0000    0.0000    0.0000        11
           -4,NOUN     0.0000    0.0000    0.0000       104
   -1,AUX,ARGM-NEG     0.7241    0.9130    0.8077        23
       2,NOUN,ARG1     1.0000    0.0000    0.0000         7
       -1,ADJ,ARG1     0.0000    0.0000    0.0000        26
  -1,VERB,ARGM-PRD     1.0000    0.0000    0.0000        16
          -6,PUNCT     0.0000    0.0000    0.0000        31
       -1,ADJ,ARG0     1.0000    0.0667    0.1250        15
           -2,PRON     0.3103    0.2500    0.2769        36
          -8,PUNCT     1.0000    0.0000    0.0000        14
          -9,PUNCT     1.0000    0.0000    0.0000         6
         -10,PUNCT     1.0000    0.0000    0.0000         4
         -11,PUNCT     1.0000    0.0000    0.0000         4
    1,ADJ,ARGM-ADV     1.0000    0.0000    0.0000         6
  -1,VERB,ARGM-MNR     0.3214    0.3000    0.3103        60
           2,PROPN     0.2647    0.2126    0.2358       127
   1,VERB,ARGM-DIS     0.7604    0.7449    0.7526        98
   1,NOUN,ARGM-NEG     0.5333    0.4706    0.5000        17
        2,AUX,ARG1     0.8200    0.5694    0.6721        72
           4,PROPN     0.0000    0.0000    0.0000        13
           3,PROPN     0.1818    0.1111    0.1379        36
       -1,ADJ,ARG2     0.2400    0.1622    0.1935        37
      -2,NOUN,ARG2     1.0000    0.0000    0.0000         3
  -2,VERB,ARGM-ADV     0.0000    0.0000    0.0000        13
   1,NOUN,ARGM-TMP     0.3462    0.3214    0.3333        28
            2,VERB     0.0000    0.0000    0.0000        18
  -2,VERB,ARGM-TMP     0.0000    0.0000    0.0000        14
  -2,NOUN,ARGM-PRD     1.0000    0.0000    0.0000         1
           -2,VERB     0.0000    0.0000    0.0000        53
  -1,NOUN,ARGM-TMP     0.2000    0.0769    0.1111        13
          -7,PUNCT     1.0000    0.0000    0.0000        24
   1,NOUN,ARGM-MNR     0.0000    0.0000    0.0000        31
  -1,VERB,ARGM-CAU     1.0000    0.0000    0.0000        14
       -2,ADJ,ARG2     1.0000    0.0000    0.0000         2
             1,NUM     0.4203    0.4085    0.4143        71
  -4,VERB,ARGM-ADV     1.0000    0.0000    0.0000         3
        1,ADJ,ARG2     1.0000    0.0000    0.0000         1
  -2,NOUN,ARGM-ADJ     1.0000    0.0000    0.0000         3
             2,ADJ     0.0000    0.0000    0.0000        23
          -4,PROPN     0.0508    0.0400    0.0448        75
          -5,PROPN     0.0000    0.0000    0.0000        45
           -5,NOUN     0.1875    0.0682    0.1000        44
 1,VERB,R-ARGM-MNR     1.0000    0.0000    0.0000         8
          -3,PROPN     0.2060    0.2950    0.2426       139
      -4,NOUN,ARG1     1.0000    0.0000    0.0000         1
   1,VERB,ARGM-MNR     0.4167    0.5172    0.4615        29
         -19,PUNCT     1.0000    0.0000    0.0000         1
   1,VERB,ARGM-LOC     0.3077    0.1905    0.2353        21
  -1,VERB,ARGM-EXT     0.5000    0.2222    0.3077         9
 1,VERB,R-ARGM-LOC     0.5000    0.1429    0.2222         7
             1,DET     0.0000    0.0000    0.0000        16
            -1,DET     0.5000    0.2319    0.3168        69
       2,NOUN,ARG0     1.0000    0.0000    0.0000        10
           -9,NOUN     1.0000    0.0000    0.0000         8
       -2,ADJ,ARG1     1.0000    0.0000    0.0000         3
       -3,AUX,ARG1     1.0000    0.0000    0.0000         1
            -6,ADJ     1.0000    0.0000    0.0000         3
   1,VERB,ARGM-PRR     1.0000    0.0000    0.0000         3
  -1,NOUN,ARGM-PRP     1.0000    0.0000    0.0000         3
   -1,AUX,ARGM-PRD     1.0000    0.0000    0.0000         1
  -3,VERB,ARGM-ADV     1.0000    0.0000    0.0000         2
       1,VERB,ARG2     1.0000    0.0000    0.0000        26
   1,NOUN,ARGM-PRP     1.0000    0.0000    0.0000         2
  -2,NOUN,ARGM-TMP     1.0000    0.0000    0.0000         3
      -2,NOUN,ARG0     1.0000    0.0000    0.0000         4
             1,SYM     0.1875    0.1200    0.1463        25
            -1,SYM     0.4333    0.2131    0.2857        61
   1,VERB,ARGM-EXT     0.7778    0.2917    0.4242        24
     -1,ADJ,C-ARG1     1.0000    0.0000    0.0000         3
            -3,ADJ     1.0000    0.0000    0.0000        31
            -4,ADJ     1.0000    0.0000    0.0000        11
      -2,VERB,ARG2     1.0000    0.0000    0.0000        12
    1,AUX,ARGM-MOD     0.8767    0.9412    0.9078        68
       -1,VERB,C-V     0.4615    0.4000    0.4286        15
  -1,NOUN,ARGM-LOC     0.1250    0.0556    0.0769        18
   1,NOUN,ARGM-PRD     0.0000    0.0000    0.0000        10
      -3,NOUN,ARG3     1.0000    0.0000    0.0000         2
             2,NUM     1.0000    0.0000    0.0000         4
   3,VERB,ARGM-TMP     1.0000    0.0000    0.0000         2
   3,VERB,ARGM-ADV     1.0000    0.0000    0.0000         3
      -3,NOUN,ARG0     1.0000    0.0000    0.0000         1
       4,VERB,ARG0     1.0000    0.0000    0.0000         1
        1,AUX,ARG2     0.6667    0.3571    0.4651        28
      -3,NOUN,ARG1     1.0000    0.0000    0.0000         5
  -1,VERB,ARGM-COM     0.3333    0.0909    0.1429        11
            3,VERB     1.0000    0.0000    0.0000         4
  -2,VERB,ARGM-MNR     1.0000    0.0000    0.0000         2
    -1,NOUN,R-ARG1     1.0000    0.0000    0.0000         1
      -3,VERB,ARG1     1.0000    0.0000    0.0000         6
  -1,VERB,ARGM-DIS     0.4667    0.5385    0.5000        13
           -5,VERB     1.0000    0.0000    0.0000         4
       5,VERB,ARG0     1.0000    0.0000    0.0000         1
      -3,VERB,ARG2     1.0000    0.0000    0.0000         3
       4,VERB,ARG1     1.0000    0.0000    0.0000         2
          -6,PROPN     1.0000    0.0000    0.0000        10
   3,VERB,ARGM-DIS     1.0000    0.0000    0.0000         2
   1,VERB,ARGM-PRD     1.0000    0.0000    0.0000         1
       -1,ADJ,ARG3     1.0000    0.0000    0.0000         7
   2,NOUN,ARGM-GOL     1.0000    0.0000    0.0000         2
    2,AUX,ARGM-DIS     1.0000    0.0000    0.0000         3
   2,VERB,ARGM-CAU     1.0000    0.0000    0.0000         3
    1,ADJ,ARGM-CXN     1.0000    0.0000    0.0000         5
             2,AUX     1.0000    0.0000    0.0000         1
             1,AUX     1.0000    0.0000    0.0000         1
 -1,ADJ,C-ARGM-CXN     1.0000    0.0000    0.0000         5
          -7,PROPN     1.0000    0.0000    0.0000        11
   -1,AUX,ARGM-MNR     1.0000    0.0000    0.0000         2
   1,NOUN,ARGM-ADV     1.0000    0.0000    0.0000         2
  -2,NOUN,ARGM-ADV     1.0000    0.0000    0.0000         5
           -3,VERB     1.0000    0.0000    0.0000        15
   -1,AUX,ARGM-EXT     1.0000    0.0000    0.0000         3
   2,NOUN,ARGM-LOC     1.0000    0.0000    0.0000         2
 1,NOUN,R-ARGM-ADJ     1.0000    0.0000    0.0000         1
            1,INTJ     1.0000    0.0000    0.0000         4
           -1,INTJ     1.0000    0.0000    0.0000        10
   4,VERB,ARGM-ADV     1.0000    0.0000    0.0000         3
   1,NOUN,ARGM-EXT     1.0000    0.0000    0.0000         5
      -5,NOUN,ARG1     1.0000    0.0000    0.0000         1
  -1,NOUN,ARGM-CAU     1.0000    0.0000    0.0000         1
   2,NOUN,ARGM-DIS     1.0000    0.0000    0.0000         2
   2,VERB,ARGM-DIS     1.0000    0.0000    0.0000         3
  -1,VERB,ARGM-NEG     1.0000    0.0000    0.0000         2
       2,VERB,ARG2     1.0000    0.0000    0.0000         2
    -3,VERB,C-ARG1     1.0000    0.0000    0.0000         1
   1,VERB,ARGM-CAU     0.5000    0.4545    0.4762        11
    -1,NOUN,C-ARG3     1.0000    0.0000    0.0000         1
    1,AUX,ARGM-NEG     1.0000    0.0000    0.0000         8
   -1,AUX,ARGM-CAU     1.0000    0.0000    0.0000         1
   -2,AUX,ARGM-DIS     1.0000    0.0000    0.0000         1
            -2,NUM     0.6154    0.1127    0.1905        71
  -1,NOUN,ARGM-LVB     1.0000    0.2500    0.4000         4
  -2,VERB,ARGM-DIS     1.0000    0.0000    0.0000         3
              -1,X     0.3791    0.7500    0.5036       184
            -2,ADV     1.0000    0.0000    0.0000        20
  -4,NOUN,ARGM-MNR     1.0000    0.0000    0.0000         1
            -3,NUM     0.0000    0.0000    0.0000        24
              -2,X     0.5000    0.0968    0.1622        31
            -2,SYM     1.0000    0.0000    0.0000        14
            -3,SYM     1.0000    0.0000    0.0000         1
   -1,AUX,ARGM-DIS     1.0000    0.0000    0.0000         6
   1,NOUN,ARGM-DIS     1.0000    0.0000    0.0000         3
   2,VERB,ARGM-MNR     1.0000    0.0000    0.0000         1
            -4,NUM     1.0000    0.0000    0.0000         7
            -5,NUM     1.0000    0.0000    0.0000         2
            -6,NUM     1.0000    0.0000    0.0000         4
            -7,NUM     1.0000    0.0000    0.0000         2
  -2,NOUN,ARGM-PRP     1.0000    0.0000    0.0000         1
               1,X     0.0000    0.0000    0.0000         4
    2,AUX,ARGM-ADV     0.0000    0.0000    0.0000        12
             2,ADV     1.0000    0.0000    0.0000         5
        2,AUX,ARG2     1.0000    0.0000    0.0000         2
   2,NOUN,ARGM-TMP     1.0000    0.0000    0.0000         5
  -1,NOUN,ARGM-EXT     1.0000    0.5000    0.6667         2
      -1,VERB,ARG5     1.0000    0.0000    0.0000         1
       3,NOUN,ARG0     1.0000    0.0000    0.0000         2
               2,X     1.0000    0.0000    0.0000         2
   3,NOUN,ARGM-TMP     1.0000    0.0000    0.0000         2
   2,NOUN,ARGM-ADV     1.0000    0.0000    0.0000         4
   -1,ADJ,ARGM-TMP     1.0000    0.0000    0.0000         1
   1,NOUN,ARGM-MOD     1.0000    0.0000    0.0000         7
      -4,NOUN,ARG4     1.0000    0.0000    0.0000         1
            -2,DET     0.0000    0.0000    0.0000        13
            -1,ADP     1.0000    0.0000    0.0000         7
            -2,ADP     1.0000    0.0000    0.0000         3
  -2,VERB,ARGM-GOL     1.0000    0.0000    0.0000         1
      -2,VERB,ARG0     1.0000    0.0000    0.0000         1
           -6,NOUN     1.0000    0.0000    0.0000        20
         -12,PUNCT     1.0000    0.0000    0.0000         1
      -2,NOUN,ARG3     1.0000    0.0000    0.0000         1
    2,AUX,ARGM-TMP     1.0000    0.0000    0.0000         2
   2,VERB,ARGM-PRR     1.0000    0.0000    0.0000         1
  -2,NOUN,ARGM-MOD     1.0000    0.0000    0.0000         1
  -2,NOUN,ARGM-LVB     1.0000    0.0000    0.0000         1
   2,NOUN,ARGM-PRD     1.0000    0.0000    0.0000         1
  -1,NOUN,ARGM-ADV     1.0000    0.0000    0.0000         8
           7,PROPN     1.0000    0.0000    0.0000         2
           6,PROPN     1.0000    0.0000    0.0000         1
           5,PROPN     1.0000    0.0000    0.0000         1
  -3,NOUN,ARGM-ADV     1.0000    0.0000    0.0000         1
      1,ADJ,R-ARG1     1.0000    0.0000    0.0000         1
    1,ADJ,ARGM-MOD     1.0000    0.0000    0.0000         1
     1,VERB,R-ARG2     1.0000    0.0000    0.0000         1
  -1,NOUN,ARGM-MOD     1.0000    0.0000    0.0000         1
  -1,NOUN,ARGM-GOL     1.0000    0.0000    0.0000         2
          -8,PROPN     1.0000    0.0000    0.0000         2
          -9,PROPN     1.0000    0.0000    0.0000         6
 3,VERB,R-ARGM-ADV     1.0000    0.0000    0.0000         1
  -1,NOUN,ARGM-COM     1.0000    0.0000    0.0000         2
   3,NOUN,ARGM-ADJ     1.0000    0.0000    0.0000         5
       3,VERB,ARG1     1.0000    0.0000    0.0000         1
 1,VERB,R-ARGM-DIR     1.0000    0.0000    0.0000         1
    2,AUX,ARGM-CAU     1.0000    0.0000    0.0000         2
  -3,VERB,ARGM-PRP     1.0000    0.0000    0.0000         2
   2,NOUN,ARGM-MNR     1.0000    0.0000    0.0000         2
           -3,PRON     1.0000    0.0000    0.0000         7
          -1,SCONJ     1.0000    0.0000    0.0000         1
   -1,AUX,ARGM-PRP     1.0000    0.0000    0.0000         4
           -4,VERB     1.0000    0.0000    0.0000         2
        1,ADJ,ARG1     1.0000    0.0000    0.0000         2
         -1,NOUN,V     1.0000    0.0000    0.0000         1
           -7,NOUN     1.0000    0.0000    0.0000         7
           -8,NOUN     1.0000    0.0000    0.0000         8
   2,VERB,ARGM-TMP     1.0000    0.0000    0.0000         3
    -1,VERB,C-ARG0     1.0000    0.0000    0.0000         2
         -10,PROPN     1.0000    0.0000    0.0000         2
   2,NOUN,ARGM-LVB     1.0000    0.0000    0.0000         5
   -2,AUX,ARGM-ADV     1.0000    0.0000    0.0000         3
            -5,ADJ     1.0000    0.0000    0.0000         4
    1,ADJ,ARGM-ADJ     1.0000    0.0000    0.0000         2
    -1,VERB,C-ARG2     1.0000    0.0000    0.0000         6
  -3,VERB,ARGM-LOC     1.0000    0.0000    0.0000         1
   5,VERB,ARGM-ADV     1.0000    0.0000    0.0000         1
            -1,AUX     1.0000    0.0000    0.0000         3
            -2,AUX     1.0000    0.0000    0.0000         1
   9,NOUN,ARGM-ADV     1.0000    0.0000    0.0000         1
       3,NOUN,ARG1     1.0000    0.0000    0.0000         1
     1,NOUN,R-ARG0     1.0000    0.0000    0.0000         2
       -2,AUX,ARG1     1.0000    0.0000    0.0000         2
            5,NOUN     1.0000    0.0000    0.0000         4
      -5,VERB,ARG1     1.0000    0.0000    0.0000         1
   1,VERB,ARG1-DSP     1.0000    0.0000    0.0000         4
-1,VERB,C-ARG1-DSP     1.0000    0.0000    0.0000         1
   -1,ADJ,ARGM-NEG     1.0000    0.0000    0.0000         1
            2,PRON     1.0000    0.0000    0.0000         3
      -4,VERB,ARG1     1.0000    0.0000    0.0000         1
  -3,VERB,ARGM-GOL     1.0000    0.0000    0.0000         1
   -1,ADJ,ARGM-PRP     1.0000    0.0000    0.0000         2
       -3,ADJ,ARG0     1.0000    0.0000    0.0000         1
      -1,NOUN,ARG3     1.0000    0.0000    0.0000         2
   -2,AUX,ARGM-CAU     1.0000    0.0000    0.0000         1
  -1,NOUN,ARGM-DIR     1.0000    0.0000    0.0000         4
   -1,ADJ,ARGM-EXT     1.0000    0.0000    0.0000         1
    2,AUX,ARGM-LOC     1.0000    0.0000    0.0000         1
   -3,ADJ,ARGM-CXN     1.0000    0.0000    0.0000         1
   2,NOUN,ARGM-NEG     1.0000    0.0000    0.0000         1
   1,NOUN,ARGM-CAU     1.0000    0.0000    0.0000         1
             3,ADV     1.0000    0.0000    0.0000         1
   -1,ADJ,ARGM-CXN     1.0000    0.0000    0.0000         6
      -2,VERB,ARG3     1.0000    0.0000    0.0000         2
             2,DET     1.0000    0.0000    0.0000         2
   4,NOUN,ARGM-CAU     1.0000    0.0000    0.0000         1
  -2,VERB,ARGM-DIR     1.0000    0.0000    0.0000         1
  -2,VERB,ARGM-PRP     1.0000    0.0000    0.0000         1
            -3,ADV     1.0000    0.0000    0.0000         1
-1,VERB,C-ARGM-LOC     1.0000    0.0000    0.0000         1
       1,VERB,ARGA     1.0000    0.0000    0.0000         2
  -3,VERB,ARGM-CAU     1.0000    0.0000    0.0000         1
  -3,VERB,ARGM-DIS     1.0000    0.0000    0.0000         1
            1,PART     1.0000    0.0000    0.0000         1
   1,VERB,ARGM-PRP     1.0000    0.0000    0.0000         3
  -1,NOUN,ARGM-MNR     1.0000    0.0000    0.0000         1
       1,VERB,ARG3     1.0000    0.0000    0.0000         2
   -1,AUX,ARGM-GOL     1.0000    0.0000    0.0000         2
  -1,NOUN,ARGM-DIS     1.0000    0.0000    0.0000         5
    1,ADJ,ARGM-LVB     1.0000    0.0000    0.0000         1
    -2,VERB,C-ARG1     1.0000    0.0000    0.0000         1
  -2,NOUN,ARGM-MNR     1.0000    0.0000    0.0000         1
 1,VERB,R-ARGM-TMP     1.0000    0.0000    0.0000         1
             1,ADP     1.0000    0.0000    0.0000         4
     -1,AUX,C-ARG2     1.0000    0.0000    0.0000         1
    -1,VERB,C-ARG3     1.0000    0.0000    0.0000         1
    1,ADJ,ARGM-NEG     1.0000    0.0000    0.0000         1
   2,NOUN,ARGM-DIR     1.0000    0.0000    0.0000         1
  -2,VERB,ARGM-CAU     1.0000    0.0000    0.0000         3
       -2,ADJ,ARG0     1.0000    0.0000    0.0000         2
    -1,NOUN,C-ARG1     1.0000    0.0000    0.0000         1
       -2,AUX,ARG2     1.0000    0.0000    0.0000         1
   1,VERB,ARGM-DIR     1.0000    0.0000    0.0000         1
     -2,ADJ,C-ARG1     1.0000    0.0000    0.0000         1
  -2,VERB,ARGM-PRR     1.0000    0.0000    0.0000         1
        3,AUX,ARG1     1.0000    0.0000    0.0000         1
    2,AUX,ARGM-MOD     1.0000    0.0000    0.0000         1
    2,AUX,ARGM-NEG     1.0000    0.0000    0.0000         1

          accuracy                         0.5766     25096
         macro avg     0.7779    0.1085    0.1106     25096
      weighted avg     0.5618    0.5766    0.5457     25096

2021-10-01 13:39:33,991 ----------------------------------------------------------------------------------------------------
