2021-10-12 01:27:31,819 ----------------------------------------------------------------------------------------------------
2021-10-12 01:27:31,819 Model: "SequenceTagger(
  (embeddings): StackedEmbeddings(
    (list_embedding_0): CharacterEmbeddings(
      (char_embedding): Embedding(275, 25)
      (char_rnn): LSTM(25, 25, bidirectional=True)
    )
    (list_embedding_1): WordEmbeddings('glove')
  )
  (dropout): Dropout(p=0.2, inplace=False)
  (word_dropout): WordDropout(p=0.05)
  (locked_dropout): LockedDropout(p=0.2)
  (embedding2nn): Linear(in_features=150, out_features=150, bias=True)
  (rnn): LSTM(150, 500, batch_first=True, bidirectional=True)
  (linear): Linear(in_features=1000, out_features=464, bias=True)
  (beta): 1.0
  (weights): None
  (weight_tensor) None
)"
2021-10-12 01:27:31,821 ----------------------------------------------------------------------------------------------------
2021-10-12 01:27:31,821 Corpus: "Corpus: 12543 train + 2002 dev + 2077 test sentences"
2021-10-12 01:27:31,821 ----------------------------------------------------------------------------------------------------
2021-10-12 01:27:31,821 Parameters:
2021-10-12 01:27:31,821  - learning_rate: "0.8"
2021-10-12 01:27:31,821  - mini_batch_size: "32"
2021-10-12 01:27:31,821  - patience: "3"
2021-10-12 01:27:31,821  - anneal_factor: "0.5"
2021-10-12 01:27:31,821  - max_epochs: "120"
2021-10-12 01:27:31,821  - shuffle: "True"
2021-10-12 01:27:31,821  - train_with_dev: "False"
2021-10-12 01:27:31,821  - batch_growth_annealing: "False"
2021-10-12 01:27:31,821 ----------------------------------------------------------------------------------------------------
2021-10-12 01:27:31,821 Model training base path: "model/depless/upos/goldpos/goldframes/e6be186e-e252-4437-870f-b21436df397f"
2021-10-12 01:27:31,821 ----------------------------------------------------------------------------------------------------
2021-10-12 01:27:31,821 Device: cuda:0
2021-10-12 01:27:31,823 ----------------------------------------------------------------------------------------------------
2021-10-12 01:27:31,823 Embeddings storage mode: gpu
2021-10-12 01:27:31,829 ----------------------------------------------------------------------------------------------------
2021-10-12 01:28:08,209 epoch 1 - iter 39/392 - loss 127.36304503 - samples/sec: 34.31 - lr: 0.800000
2021-10-12 01:28:35,539 epoch 1 - iter 78/392 - loss 93.24357483 - samples/sec: 45.67 - lr: 0.800000
2021-10-12 01:28:41,542 ----------------------------------------------------------------------------------------------------
2021-10-12 01:28:41,543 Exiting from training early.
2021-10-12 01:28:41,545 Saving model ...
