2021-10-06 18:11:48,479 ----------------------------------------------------------------------------------------------------
2021-10-06 18:11:48,479 Model: "SequenceTagger(
  (embeddings): StackedEmbeddings(
    (list_embedding_0): FlairEmbeddings(
      (lm): LanguageModel(
        (drop): Dropout(p=0.05, inplace=False)
        (encoder): Embedding(300, 100)
        (rnn): LSTM(100, 2048)
        (decoder): Linear(in_features=2048, out_features=300, bias=True)
      )
    )
    (list_embedding_1): FlairEmbeddings(
      (lm): LanguageModel(
        (drop): Dropout(p=0.05, inplace=False)
        (encoder): Embedding(300, 100)
        (rnn): LSTM(100, 2048)
        (decoder): Linear(in_features=2048, out_features=300, bias=True)
      )
    )
  )
  (dropout): Dropout(p=0.2, inplace=False)
  (word_dropout): WordDropout(p=0.05)
  (locked_dropout): LockedDropout(p=0.3)
  (embedding2nn): Linear(in_features=4096, out_features=4096, bias=True)
  (rnn): LSTM(4096, 500, batch_first=True, bidirectional=True)
  (linear): Linear(in_features=1000, out_features=978, bias=True)
  (beta): 1.0
  (weights): None
  (weight_tensor) None
)"
2021-10-06 18:11:48,481 ----------------------------------------------------------------------------------------------------
2021-10-06 18:11:48,481 Corpus: "Corpus: 12543 train + 2002 dev + 2077 test sentences"
2021-10-06 18:11:48,481 ----------------------------------------------------------------------------------------------------
2021-10-06 18:11:48,481 Parameters:
2021-10-06 18:11:48,481  - learning_rate: "0.75"
2021-10-06 18:11:48,481  - mini_batch_size: "32"
2021-10-06 18:11:48,481  - patience: "3"
2021-10-06 18:11:48,481  - anneal_factor: "0.5"
2021-10-06 18:11:48,481  - max_epochs: "2"
2021-10-06 18:11:48,481  - shuffle: "True"
2021-10-06 18:11:48,481  - train_with_dev: "False"
2021-10-06 18:11:48,481  - batch_growth_annealing: "False"
2021-10-06 18:11:48,481 ----------------------------------------------------------------------------------------------------
2021-10-06 18:11:48,481 Model training base path: "model/srlreplaced/upos/goldpos/goldframes/f70b1f8a-f9e0-4afa-93af-2c14e61d4315"
2021-10-06 18:11:48,481 ----------------------------------------------------------------------------------------------------
2021-10-06 18:11:48,481 Device: cuda:0
2021-10-06 18:11:48,481 ----------------------------------------------------------------------------------------------------
2021-10-06 18:11:48,481 Embeddings storage mode: gpu
2021-10-06 18:11:48,528 ----------------------------------------------------------------------------------------------------
2021-10-06 18:11:54,204 epoch 1 - iter 39/392 - loss 5.26532028 - samples/sec: 219.96 - lr: 0.750000
2021-10-06 18:11:58,485 epoch 1 - iter 78/392 - loss 4.59037876 - samples/sec: 291.63 - lr: 0.750000
2021-10-06 18:12:03,051 epoch 1 - iter 117/392 - loss 4.05465978 - samples/sec: 273.44 - lr: 0.750000
2021-10-06 18:12:07,229 epoch 1 - iter 156/392 - loss 3.67173791 - samples/sec: 298.88 - lr: 0.750000
2021-10-06 18:12:11,872 epoch 1 - iter 195/392 - loss 3.48671212 - samples/sec: 268.90 - lr: 0.750000
2021-10-06 18:12:17,206 epoch 1 - iter 234/392 - loss 3.38085526 - samples/sec: 234.08 - lr: 0.750000
2021-10-06 18:12:21,744 epoch 1 - iter 273/392 - loss 3.25529230 - samples/sec: 275.13 - lr: 0.750000
2021-10-06 18:12:26,135 epoch 1 - iter 312/392 - loss 3.14033023 - samples/sec: 284.38 - lr: 0.750000
2021-10-06 18:12:30,121 epoch 1 - iter 351/392 - loss 3.02864661 - samples/sec: 313.30 - lr: 0.750000
2021-10-06 18:12:34,818 epoch 1 - iter 390/392 - loss 2.93722178 - samples/sec: 265.82 - lr: 0.750000
2021-10-06 18:12:35,145 ----------------------------------------------------------------------------------------------------
2021-10-06 18:12:35,145 EPOCH 1 done: loss 2.9334 - lr 0.7500000
2021-10-06 18:12:42,504 DEV : loss 1.8090474605560303 - score 0.5312
2021-10-06 18:12:42,514 BAD EPOCHS (no improvement): 0
2021-10-06 18:12:54,675 ----------------------------------------------------------------------------------------------------
2021-10-06 18:12:56,124 epoch 2 - iter 39/392 - loss 2.06134250 - samples/sec: 862.64 - lr: 0.750000
2021-10-06 18:12:57,487 epoch 2 - iter 78/392 - loss 1.97388828 - samples/sec: 916.71 - lr: 0.750000
2021-10-06 18:12:58,844 epoch 2 - iter 117/392 - loss 1.91878783 - samples/sec: 921.50 - lr: 0.750000
2021-10-06 18:13:00,249 epoch 2 - iter 156/392 - loss 1.88639112 - samples/sec: 889.62 - lr: 0.750000
2021-10-06 18:13:01,681 epoch 2 - iter 195/392 - loss 1.86236981 - samples/sec: 872.66 - lr: 0.750000
2021-10-06 18:13:03,050 epoch 2 - iter 234/392 - loss 1.83899558 - samples/sec: 913.42 - lr: 0.750000
2021-10-06 18:13:04,374 epoch 2 - iter 273/392 - loss 1.82145521 - samples/sec: 943.91 - lr: 0.750000
2021-10-06 18:13:05,777 epoch 2 - iter 312/392 - loss 1.79790112 - samples/sec: 890.17 - lr: 0.750000
2021-10-06 18:13:07,130 epoch 2 - iter 351/392 - loss 1.77977101 - samples/sec: 923.57 - lr: 0.750000
2021-10-06 18:13:08,489 epoch 2 - iter 390/392 - loss 1.76190906 - samples/sec: 919.87 - lr: 0.750000
2021-10-06 18:13:08,559 ----------------------------------------------------------------------------------------------------
2021-10-06 18:13:08,559 EPOCH 2 done: loss 1.7601 - lr 0.7500000
2021-10-06 18:13:10,394 DEV : loss 1.3990671634674072 - score 0.6123
2021-10-06 18:13:10,404 BAD EPOCHS (no improvement): 0
2021-10-06 18:13:20,222 ----------------------------------------------------------------------------------------------------
2021-10-06 18:13:20,222 Testing using best model ...
2021-10-06 18:13:20,223 loading file model/srlreplaced/upos/goldpos/goldframes/f70b1f8a-f9e0-4afa-93af-2c14e61d4315/best-model.pt
2021-10-06 18:13:27,346 	0.6119
2021-10-06 18:13:27,346 
Results:
- F-score (micro): 0.6119
- F-score (macro): 0.0713
- Accuracy (incl. no class): 0.6119

By class:
                      precision    recall  f1-score   support

          1,NOUN,det     0.7863    0.9776    0.8716      1385
    1,FRAME,ARGM-ADJ     0.5333    0.1693    0.2570       189
         1,NOUN,amod     0.6059    0.8721    0.7150       735
        1,FRAME,ARG1     0.7311    0.6662    0.6972       755
           2,ADJ,cop     1.0000    0.0000    0.0000         9
           1,ADJ,cop     0.7898    0.9293    0.8539       283
           1,ADJ,det     0.6250    0.1613    0.2564        31
    1,FRAME,ARGM-EXT     0.6301    0.5287    0.5750        87
       -1,FRAME,ARG2     0.5050    0.6336    0.5620       876
        -1,ADJ,punct     0.5368    0.4803    0.5069       152
        -1,ROOT,root     0.7540    0.9380    0.8360      1709
        2,FRAME,ARG1     0.5242    0.4483    0.4833       145
         1,VERB,mark     0.8087    0.9250    0.8630       640
       -1,PRON,advcl     1.0000    0.0000    0.0000         2
        1,PROPN,case     0.8026    0.7561    0.7786       328
       -1,VERB,punct     0.5840    0.6182    0.6006       495
        1,FRAME,ARG0     0.8493    0.6924    0.7629       920
         4,NOUN,case     1.0000    0.0000    0.0000         5
         2,NOUN,case     0.4154    0.3942    0.4045       137
    4,NOUN,nmod:poss     1.0000    0.0000    0.0000         2
    2,NOUN,nmod:poss     0.4444    0.2581    0.3265        31
     1,NOUN,compound     0.5401    0.7510    0.6283       502
       -1,FRAME,ARG1     0.5771    0.8487    0.6870      1685
        1,NOUN,punct     0.4099    0.6839    0.5126       193
     2,NOUN,compound     0.1714    0.1200    0.1412        50
       -1,NOUN,punct     0.4437    0.6852    0.5387       305
           1,NOUN,cc     0.5932    0.8525    0.6996       183
           1,VERB,cc     0.7947    0.9231    0.8541       260
       1,NOUN,advmod     0.4167    0.4286    0.4225        35
    1,FRAME,ARGM-TMP     0.5116    0.5641    0.5366       156
        -1,NOUN,conj     0.4886    0.6564    0.5602       163
        -1,VERB,conj     0.4577    0.7987    0.5819       149
          2,NOUN,det     0.5469    0.3608    0.4348       194
        1,ADJ,advmod     0.6685    0.7961    0.7267       152
         1,ADJ,punct     0.5366    0.2933    0.3793        75
         2,NOUN,amod     0.3333    0.2500    0.2857        88
       -1,FRAME,ARG4     1.0000    0.0000    0.0000        55
       -2,VERB,punct     0.3799    0.7217    0.4978       309
       2,PROPN,punct     0.0000    0.0000    0.0000        16
        1,VERB,punct     0.5110    0.9078    0.6539       282
        2,PROPN,case     0.6667    0.2785    0.3929        79
    1,PROPN,compound     0.6201    0.4226    0.5027       336
       -1,PROPN,nmod     1.0000    0.0556    0.1053        36
       -1,PROPN,flat     0.7076    0.8564    0.7749       195
       -2,PROPN,flat     0.4179    0.5833    0.4870        48
      -4,PROPN,punct     1.0000    0.0000    0.0000        18
      -2,PROPN,punct     0.3590    0.7119    0.4773        59
        2,NOUN,punct     1.0000    0.0000    0.0000        39
           2,NOUN,cc     0.3333    0.0333    0.0606        30
    1,FRAME,ARGM-DIS     0.6588    0.5895    0.6222        95
         1,NOUN,case     0.7052    0.9412    0.8063      1037
    1,FRAME,ARGM-ADV     0.4948    0.5053    0.5000       188
          1,NOUN,cop     0.5896    0.8803    0.7062       142
        -1,PRON,amod     1.0000    0.0000    0.0000        17
   -1,FRAME,ARGM-ADV     0.3846    0.1429    0.2083       105
    1,NOUN,obl:npmod     1.0000    0.0000    0.0000         2
        -1,NOUN,nmod     0.3686    0.7292    0.4897       325
  1,FRAME,R-ARGM-TMP     1.0000    0.0000    0.0000         2
         1,NOUN,mark     0.4348    0.5263    0.4762        19
       -3,NOUN,punct     1.0000    0.0000    0.0000        35
        1,FRAME,ARG2     0.4615    0.1765    0.2553        68
        2,FRAME,ARG0     0.4897    0.8713    0.6270       272
       -1,PROPN,case     0.7500    0.4375    0.5526        48
        -1,NOUN,case     0.3333    0.7857    0.4681        14
    1,FRAME,ARGM-MOD     0.9239    0.9820    0.9521       334
       -2,FRAME,ARG1     0.5098    0.1831    0.2694       142
          1,VERB,aux     0.8442    0.9709    0.9032       413
   -2,FRAME,ARGM-ADV     0.5000    0.0444    0.0816        45
   -1,NOUN,acl:relcl     0.3720    0.7624    0.5000       101
   -1,FRAME,ARGM-TMP     0.4617    0.7928    0.5836       251
            1,ADJ,cc     0.6296    0.7010    0.6634        97
          1,VERB,cop     1.0000    0.0000    0.0000         7
       1,VERB,advmod     0.1429    0.0541    0.0784        37
   -1,FRAME,ARGM-LOC     0.4390    0.2628    0.3288       137
       -4,VERB,punct     0.0000    0.0000    0.0000        70
          2,NOUN,cop     0.0000    0.0000    0.0000        17
         1,PRON,case     0.7851    0.7787    0.7819       122
        -1,ADV,fixed     1.0000    0.0769    0.1429        26
       -1,FRAME,ARG3     1.0000    0.0000    0.0000        61
          -1,ADV,obl     1.0000    0.0000    0.0000        22
      1,FRAME,R-ARG0     0.7551    0.9024    0.8222        41
    -1,ADJ,acl:relcl     1.0000    0.0000    0.0000         3
    1,NOUN,nmod:poss     0.6923    0.9036    0.7840       249
    1,FRAME,ARGM-NEG     0.7935    0.9299    0.8563       157
       -3,FRAME,ARG1     1.0000    0.0000    0.0000        16
          -1,FRAME,V     1.0000    0.0000    0.0000         4
        -3,VERB,conj     1.0000    0.0000    0.0000        19
        1,ADV,advmod     0.4390    0.3214    0.3711        56
       -5,VERB,punct     1.0000    0.0000    0.0000        29
       -3,VERB,punct     0.2660    0.1488    0.1908       168
       -2,PROPN,nmod     1.0000    0.0000    0.0000        16
-1,VERB,compound:prt     0.5667    0.8095    0.6667        63
        1,FRAME,ARG3     1.0000    0.0000    0.0000         5
     1,VERB,aux:pass     0.7798    0.7727    0.7763       110
   -1,PRON,acl:relcl     1.0000    0.0000    0.0000         7
   -2,FRAME,ARGM-LOC     1.0000    0.0000    0.0000        20
   -1,FRAME,ARGM-GOL     1.0000    0.0000    0.0000        15
   -1,FRAME,ARGM-PRP     0.4211    0.1429    0.2133        56
    1,FRAME,ARGM-LVB     0.2273    0.1042    0.1429        48
   -1,FRAME,ARGM-PRR     1.0000    0.0159    0.0312        63
          1,ADJ,case     1.0000    0.0000    0.0000        17
          -1,ADJ,obl     1.0000    0.0000    0.0000        28
         -1,NUM,nmod     1.0000    0.0312    0.0606        32
      2,FRAME,R-ARG1     0.4000    0.7273    0.5161        11
      1,FRAME,R-ARG1     0.7143    0.5172    0.6000        29
       1,NOUN,nummod     0.6831    0.8681    0.7645       144
    2,FRAME,ARGM-LOC     1.0000    0.0000    0.0000         6
       2,NOUN,nummod     1.0000    0.0000    0.0000         8
       -1,VERB,xcomp     1.0000    0.0000    0.0000        33
    1,FRAME,ARGM-LOC     0.0000    0.0000    0.0000        20
       -2,FRAME,ARG2     1.0000    0.0000    0.0000        42
   -1,FRAME,ARGM-PRD     1.0000    0.0000    0.0000        23
         -1,NOUN,acl     0.4925    0.3882    0.4342        85
       -1,FRAME,ARG0     0.1875    0.0370    0.0619        81
        3,FRAME,ARG0     1.0000    0.0000    0.0000        19
      3,FRAME,R-ARG0     1.0000    0.0000    0.0000         2
        3,VERB,punct     1.0000    0.0000    0.0000         8
    2,FRAME,ARGM-ADV     0.6000    0.0682    0.1224        44
   -2,NOUN,acl:relcl     1.0000    0.0000    0.0000        12
        -2,VERB,conj     0.0000    0.0000    0.0000        51
           <UNKNOWN>     0.0000    1.0000    0.0000         0
       -7,VERB,punct     1.0000    0.0000    0.0000         4
   -1,FRAME,ARGM-NEG     0.8214    0.8846    0.8519        26
       -1,NOUN,appos     0.1826    0.6452    0.2847        62
        -4,VERB,conj     1.0000    0.0000    0.0000         7
        -1,PRON,nmod     1.0000    0.0000    0.0000        11
        4,VERB,punct     1.0000    0.0000    0.0000         3
           4,VERB,cc     1.0000    0.0000    0.0000         1
          1,ADJ,mark     0.6667    0.2083    0.3175        48
   -1,FRAME,ARGM-ADJ     1.0000    0.0000    0.0000        27
   -2,PRON,acl:relcl     1.0000    0.0000    0.0000        18
        -9,VERB,conj     1.0000    0.0000    0.0000         1
      -10,VERB,punct     1.0000    0.0000    0.0000         2
   -1,FRAME,ARGM-MNR     0.2000    0.0169    0.0312        59
         2,PROPN,det     1.0000    0.0294    0.0571        34
         1,VERB,expl     0.9000    0.8372    0.8675        43
           1,ADJ,aux     1.0000    0.0000    0.0000        11
        4,PROPN,case     1.0000    0.0000    0.0000         5
         4,PROPN,det     1.0000    0.0000    0.0000         5
    2,PROPN,compound     0.0000    0.0000    0.0000        48
         1,PROPN,det     0.6667    0.0645    0.1176        93
     -1,FRAME,C-ARG1     0.5000    0.0278    0.0526        36
       -6,VERB,punct     1.0000    0.0000    0.0000        15
    2,FRAME,ARGM-DIS     0.4286    0.2222    0.2927        27
        -1,ADP,fixed     1.0000    0.0000    0.0000        16
         -1,VERB,obj     1.0000    0.0000    0.0000         4
    2,FRAME,ARGM-TMP     0.0000    0.0000    0.0000        31
      -1,PROPN,appos     0.3393    0.4222    0.3762        45
     -1,PROPN,nummod     0.2338    0.6429    0.3429        28
         2,VERB,mark     1.0000    0.0000    0.0000        11
       -2,FRAME,ARG0     1.0000    0.0000    0.0000         8
   -4,FRAME,ARGM-TMP     1.0000    0.0000    0.0000         2
       -2,NOUN,punct     0.3077    0.1000    0.1509        80
        -1,NOUN,amod     1.0000    0.0000    0.0000        11
         -1,ADJ,conj     0.4935    0.4810    0.4872        79
        3,FRAME,ARG1     0.0000    0.0000    0.0000        29
    1,FRAME,ARGM-MNR     0.0000    0.0000    0.0000        53
      -1,NOUN,advmod     0.7500    0.1304    0.2222        23
        1,PROPN,amod     0.5000    0.0556    0.1000        18
    1,ADJ,cc:preconj     1.0000    0.0000    0.0000         1
   -2,FRAME,ARGM-CAU     1.0000    0.0000    0.0000         8
         -2,ADJ,conj     1.0000    0.0000    0.0000        23
        -1,ADJ,fixed     1.0000    0.0000    0.0000         6
          1,PROPN,cc     0.7059    0.5625    0.6261        64
       -1,PROPN,conj     0.3585    0.2836    0.3167        67
   -2,FRAME,ARGM-TMP     1.0000    0.0000    0.0000        43
     -2,FRAME,C-ARG1     1.0000    0.0000    0.0000        11
   -3,FRAME,ARGM-ADV     1.0000    0.0000    0.0000        16
   -1,FRAME,ARGM-CAU     1.0000    0.0000    0.0000        10
          1,NUM,nmod     1.0000    0.0000    0.0000         2
   -6,FRAME,ARGM-ADV     1.0000    0.0000    0.0000         2
   -2,FRAME,ARGM-ADJ     1.0000    0.0000    0.0000         6
   -1,VERB,parataxis     1.0000    0.0000    0.0000        39
        -2,NOUN,nmod     0.1250    0.0435    0.0645        46
      -1,NOUN,nummod     0.1000    0.0769    0.0870        13
          1,NUM,case     0.8667    0.5342    0.6610        73
         1,NUM,punct     0.0000    0.0000    0.0000        31
         -2,NUM,conj     1.0000    0.0000    0.0000         1
          2,NUM,case     1.0000    0.0000    0.0000         1
      1,NUM,compound     0.0000    0.0000    0.0000         8
         -2,NUM,nmod     1.0000    0.0000    0.0000         2
         2,NUM,punct     1.0000    0.0000    0.0000        20
     1,NOUN,goeswith     0.0000    1.0000    0.0000         0
         -6,NUM,conj     1.0000    0.0000    0.0000         1
            1,NUM,cc     1.0000    0.0000    0.0000         8
         -7,NUM,conj     1.0000    0.0000    0.0000         1
        -8,NUM,punct     1.0000    0.0000    0.0000         1
  1,FRAME,R-ARGM-MNR     1.0000    0.0000    0.0000         8
       1,PROPN,punct     0.6087    0.4200    0.4970       100
       -2,PROPN,conj     0.2000    0.0303    0.0526        33
       -3,PROPN,conj     1.0000    0.0000    0.0000         9
    2,FRAME,ARGM-MNR     1.0000    0.0000    0.0000         9
         -1,NUM,conj     1.0000    0.0000    0.0000         8
        -1,NUM,punct     0.0000    0.0000    0.0000        18
     -1,NUM,compound     1.0000    0.0000    0.0000         6
       -4,NOUN,punct     1.0000    0.0000    0.0000        24
   -4,NOUN,acl:relcl     1.0000    0.0000    0.0000         4
      -1,PROPN,punct     0.8364    0.3932    0.5349       117
   -1,FRAME,ARGM-EXT     1.0000    0.0000    0.0000        14
    -1,NOUN,compound     1.0000    0.0000    0.0000         7
          1,DET,case     1.0000    0.0000    0.0000         9
         -1,DET,nmod     1.0000    0.0000    0.0000        13
         -3,NUM,conj     1.0000    0.0000    0.0000         1
   -3,FRAME,ARGM-TMP     1.0000    0.0000    0.0000         4
       10,FRAME,ARG0     1.0000    0.0000    0.0000         1
       -2,PROPN,case     1.0000    0.0000    0.0000         7
    -1,ADJ,parataxis     1.0000    0.0000    0.0000        16
        -2,NOUN,conj     0.1923    0.1020    0.1333        49
    3,FRAME,ARGM-LOC     1.0000    0.0000    0.0000         1
  3,FRAME,R-ARGM-LOC     1.0000    0.0000    0.0000         1
    3,FRAME,ARGM-ADV     1.0000    0.0000    0.0000        12
    2,FRAME,ARGM-MOD     0.8378    0.6327    0.7209        49
    2,FRAME,ARGM-NEG     0.1667    0.0833    0.1111        12
       -5,NOUN,punct     1.0000    0.0000    0.0000        10
   1,NOUN,cc:preconj     1.0000    0.0000    0.0000         3
          2,PROPN,cc     1.0000    0.0000    0.0000        16
        -3,NOUN,conj     1.0000    0.0000    0.0000        15
     -3,PROPN,advmod     1.0000    0.0000    0.0000         1
          1,ADJ,expl     1.0000    0.0000    0.0000         4
     1,VERB,compound     1.0000    0.0000    0.0000         7
         4,NOUN,amod     1.0000    0.0000    0.0000         3
        4,NOUN,punct     1.0000    0.0000    0.0000         5
        -2,ADJ,punct     0.1852    0.0862    0.1176        58
       -4,FRAME,ARG1     1.0000    0.0000    0.0000         4
   1,PROPN,nmod:poss     1.0000    0.0000    0.0000         9
   -4,FRAME,ARGM-LOC     1.0000    0.0000    0.0000         1
        -6,ADJ,punct     1.0000    0.0000    0.0000         3
         3,VERB,mark     1.0000    0.0000    0.0000         3
         -2,NOUN,acl     1.0000    0.0000    0.0000         8
     1,ADV,obl:npmod     1.0000    0.0000    0.0000        13
         -4,NOUN,acl     1.0000    0.0000    0.0000         2
    2,FRAME,ARGM-PRR     1.0000    0.0000    0.0000         2
   -3,FRAME,ARGM-PRP     1.0000    0.0000    0.0000         2
         -1,ADV,conj     0.0000    0.0000    0.0000        12
        -1,ADV,punct     0.0000    0.0000    0.0000        26
   -4,FRAME,ARGM-PRD     1.0000    0.0000    0.0000         1
       -1,VERB,fixed     1.0000    0.0000    0.0000         5
    1,FRAME,ARGM-PRP     1.0000    0.0000    0.0000         5
        1,SYM,nummod     1.0000    0.0000    0.0000        10
         -1,SYM,nmod     1.0000    0.0000    0.0000         3
      4,PROPN,advmod     1.0000    0.0000    0.0000         1
    3,PROPN,compound     1.0000    0.0000    0.0000        11
         -1,ADJ,nmod     1.0000    0.0000    0.0000         6
   -3,NOUN,parataxis     1.0000    0.0000    0.0000         1
       -1,VERB,advcl     1.0000    0.0000    0.0000         6
      -2,NOUN,advmod     1.0000    0.0000    0.0000         2
       -9,NOUN,punct     1.0000    0.0000    0.0000         1
         2,NOUN,mark     1.0000    0.0000    0.0000         4
        -2,ADV,advcl     1.0000    0.0000    0.0000         3
        -4,ADJ,punct     1.0000    0.0000    0.0000         9
        2,VERB,punct     1.0000    0.0000    0.0000         9
           2,VERB,cc     1.0000    0.0000    0.0000        10
       -1,INTJ,punct     0.4762    0.4762    0.4762        21
          -1,X,punct     0.8571    0.4000    0.5455        30
        -1,FRAME,C-V     1.0000    0.0000    0.0000        14
       -1,VERB,ccomp     1.0000    0.0000    0.0000         3
          1,SYM,case     1.0000    0.0000    0.0000        11
    -1,SYM,nmod:tmod     1.0000    0.0000    0.0000         1
  1,FRAME,R-ARGM-LOC     1.0000    0.0000    0.0000         4
  -1,PROPN,acl:relcl     1.0000    0.0000    0.0000         5
      2,PROPN,advmod     1.0000    0.0000    0.0000         1
   1,NOUN,det:predet     0.4762    0.5263    0.5000        19
      -2,PROPN,appos     0.0000    0.0000    0.0000        13
    1,FRAME,ARGM-PRD     1.0000    0.0000    0.0000        11
   -1,FRAME,ARGM-DIR     0.2105    0.2051    0.2078        39
        1,NUM,advmod     0.1818    0.1667    0.1739        12
    1,NUM,nmod:npmod     1.0000    0.0000    0.0000         2
    4,FRAME,ARGM-TMP     1.0000    0.0000    0.0000         1
        4,FRAME,ARG0     1.0000    0.0000    0.0000         2
         3,NOUN,mark     1.0000    0.0000    0.0000         5
       -3,FRAME,ARG0     1.0000    0.0000    0.0000         1
        3,PROPN,case     1.0000    0.0000    0.0000        19
         3,PROPN,det     1.0000    0.0000    0.0000        13
       -4,PROPN,nmod     1.0000    0.0000    0.0000         1
        7,FRAME,ARG0     1.0000    0.0000    0.0000         1
         -1,PRON,cop     1.0000    0.0667    0.1250        15
       -2,PRON,punct     1.0000    0.0000    0.0000         9
   1,VERB,nsubj:pass     1.0000    0.0000    0.0000         2
        -4,NOUN,conj     1.0000    0.0000    0.0000        11
      1,PROPN,advmod     1.0000    0.0000    0.0000         7
        -1,PROPN,acl     1.0000    0.0000    0.0000         5
          1,NOUN,aux     1.0000    0.0000    0.0000         6
        -1,ADJ,xcomp     1.0000    0.0000    0.0000         2
         3,ADV,punct     1.0000    0.0000    0.0000         1
        2,ADV,advmod     1.0000    0.0000    0.0000         1
          2,ADV,mark     1.0000    0.0000    0.0000         2
  -5,PROPN,parataxis     1.0000    0.0000    0.0000         2
   -2,FRAME,ARGM-COM     1.0000    0.0000    0.0000         2
      -8,PROPN,punct     1.0000    0.0000    0.0000         3
   2,VERB,csubj:pass     1.0000    0.0000    0.0000         1
   -2,FRAME,ARGM-MNR     1.0000    0.0000    0.0000         8
     -1,FRAME,R-ARG1     1.0000    0.0000    0.0000         1
       -7,FRAME,ARG1     1.0000    0.0000    0.0000         2
          -2,ADJ,obl     1.0000    0.0000    0.0000         7
   -1,FRAME,ARGM-COM     1.0000    0.0000    0.0000        11
   -3,FRAME,ARGM-DIS     1.0000    0.0000    0.0000         3
     -3,FRAME,C-ARG1     1.0000    0.0000    0.0000         4
      2,FRAME,R-ARG0     1.0000    0.0000    0.0000        10
        -5,VERB,conj     1.0000    0.0000    0.0000         1
       -8,VERB,punct     1.0000    0.0000    0.0000         2
        5,FRAME,ARG1     1.0000    0.0000    0.0000         2
  -2,PROPN,acl:relcl     1.0000    0.0000    0.0000         3
       -1,PROPN,list     1.0000    0.0000    0.0000        19
        6,FRAME,ARG0     1.0000    0.0000    0.0000         1
         -1,VERB,obl     1.0000    0.0000    0.0000         6
       -4,FRAME,ARG2     1.0000    0.0000    0.0000         1
       -4,VERB,advcl     1.0000    0.0000    0.0000         2
        5,VERB,punct     1.0000    0.0000    0.0000         3
        7,FRAME,ARG1     1.0000    0.0000    0.0000         1
        2,PROPN,amod     1.0000    0.0000    0.0000         7
       -3,PROPN,nmod     1.0000    0.0000    0.0000         4
           1,ADV,cop     1.0000    0.0000    0.0000        13
    -1,ADV,acl:relcl     1.0000    0.0000    0.0000         4
    3,FRAME,ARGM-DIS     1.0000    0.0000    0.0000         5
          1,ADV,case     1.0000    0.0000    0.0000        10
       -2,PROPN,list     0.0845    0.1500    0.1081        40
       -3,PROPN,list     1.0000    0.0000    0.0000        40
      -3,PROPN,punct     1.0000    0.0000    0.0000        45
       -4,PROPN,list     1.0000    0.0000    0.0000        27
      1,ADV,obl:tmod     1.0000    0.0000    0.0000         1
        -3,PROPN,acl     1.0000    0.0000    0.0000         2
  -1,NOUN,nmod:npmod     1.0000    0.0000    0.0000         4
      -5,PROPN,punct     1.0000    0.0000    0.0000        12
       -5,PROPN,list     1.0000    0.0000    0.0000        16
      -6,PROPN,punct     1.0000    0.0000    0.0000         3
    1,FRAME,ARGM-GOL     1.0000    0.0000    0.0000         2
        2,FRAME,ARG2     1.0000    0.0000    0.0000        10
       -3,PROPN,flat     1.0000    0.0000    0.0000         6
    4,FRAME,ARGM-DIS     1.0000    0.0000    0.0000         1
    2,FRAME,ARGM-CAU     1.0000    0.0000    0.0000         7
    1,FRAME,ARGM-CXN     1.0000    0.0000    0.0000         5
          2,AUX,mark     1.0000    0.0000    0.0000         1
           1,AUX,aux     1.0000    0.0000    0.0000         1
 -2,FRAME,C-ARGM-CXN     1.0000    0.0000    0.0000         1
       5,PROPN,punct     1.0000    0.0000    0.0000         1
    4,PROPN,compound     1.0000    0.0000    0.0000         3
       4,PROPN,punct     1.0000    0.0000    0.0000         2
      -7,PROPN,appos     1.0000    0.0000    0.0000         1
       -2,NOUN,appos     1.0000    0.0000    0.0000        10
       -4,PROPN,conj     1.0000    0.0000    0.0000         7
       2,NOUN,advmod     1.0000    0.0000    0.0000         5
      -1,VERB,advmod     1.0000    0.0000    0.0000        16
           1,NUM,det     1.0000    0.0000    0.0000         7
          1,NUM,amod     1.0000    0.0000    0.0000         3
      1,PROPN,nummod     1.0000    0.0000    0.0000         5
      1,ADJ,compound     1.0000    0.0000    0.0000         4
        2,NUM,advmod     1.0000    0.0000    0.0000         2
       -5,PROPN,nmod     1.0000    0.0000    0.0000         1
         2,PROPN,cop     1.0000    0.0000    0.0000         8
        1,DET,advmod     1.0000    0.0000    0.0000         1
         1,PROPN,cop     0.6667    0.1176    0.2000        17
       -5,PROPN,conj     1.0000    0.0000    0.0000         4
         2,ADJ,punct     1.0000    0.0000    0.0000         3
          2,ADJ,mark     1.0000    0.0000    0.0000         5
        2,ADJ,advmod     1.0000    0.0000    0.0000         1
          1,ADJ,amod     1.0000    0.0000    0.0000        10
       2,VERB,advmod     1.0000    0.0000    0.0000         1
   2,VERB,reparandum     1.0000    0.0000    0.0000         1
        2,VERB,nsubj     1.0000    0.0000    0.0000         1
        3,PROPN,amod     1.0000    0.0000    0.0000         1
       -3,FRAME,ARG2     1.0000    0.0000    0.0000         5
  2,FRAME,R-ARGM-LOC     1.0000    0.0000    0.0000         2
            2,ADJ,cc     1.0000    0.0000    0.0000         5
  2,FRAME,R-ARGM-ADJ     1.0000    0.0000    0.0000         1
       1,PROPN,nsubj     1.0000    0.0000    0.0000         1
    4,FRAME,ARGM-ADV     1.0000    0.0000    0.0000         5
       -6,FRAME,ARG1     1.0000    0.0000    0.0000         1
       -1,VERB,nsubj     1.0000    0.0000    0.0000         2
          4,NOUN,cop     1.0000    0.0000    0.0000         2
          1,INTJ,cop     1.0000    0.0000    0.0000         1
        1,INTJ,punct     1.0000    0.0000    0.0000         4
   -1,FRAME,ARGM-DIS     0.0000    0.0000    0.0000        21
    3,NOUN,nmod:poss     1.0000    0.0000    0.0000         3
    6,FRAME,ARGM-ADV     1.0000    0.0000    0.0000         3
         1,PRON,mark     1.0000    0.0000    0.0000         2
          1,PRON,cop     1.0000    0.2500    0.4000         4
        1,PRON,punct     1.0000    0.0000    0.0000         1
   -4,FRAME,ARGM-ADV     1.0000    0.0000    0.0000         2
      -1,SCONJ,fixed     1.0000    0.0000    0.0000         7
         -4,ADJ,conj     1.0000    0.0000    0.0000         1
         -2,PRON,acl     1.0000    0.0000    0.0000         1
       -1,PRON,punct     1.0000    0.0000    0.0000        16
           1,SYM,cop     1.0000    0.0000    0.0000         3
       -1,SYM,nummod     0.5200    0.8125    0.6341        32
   -1,SYM,nmod:npmod     1.0000    0.0000    0.0000         1
     -1,FRAME,C-ARG3     1.0000    0.0000    0.0000         2
          -1,ADV,cop     0.4000    0.1538    0.2222        13
            1,ADV,cc     0.6667    0.1429    0.2353        14
          -1,ADJ,cop     1.0000    0.0000    0.0000         4
    -1,NUM,nmod:tmod     1.0000    0.0000    0.0000         2
         -1,INTJ,obl     1.0000    0.0000    0.0000         2
          1,VERB,obj     1.0000    0.0000    0.0000         1
   -1,FRAME,ARGM-LVB     1.0000    0.0000    0.0000         2
   -2,FRAME,ARGM-DIS     1.0000    0.0000    0.0000         5
   -2,FRAME,ARGM-PRD     1.0000    0.0000    0.0000         2
        -3,ADJ,punct     1.0000    0.0000    0.0000        18
      -5,PROPN,appos     1.0000    0.0000    0.0000         6
        -1,PRON,conj     1.0000    0.0000    0.0000         6
    -1,INTJ,vocative     1.0000    0.0000    0.0000         4
       -2,FRAME,ARG3     1.0000    0.0000    0.0000         2
   -1,NOUN,parataxis     1.0000    0.0000    0.0000        29
   -1,NOUN,nmod:tmod     1.0000    0.0000    0.0000         8
  -1,PROPN,parataxis     1.0000    0.0000    0.0000         7
   1,PROPN,discourse     1.0000    0.0000    0.0000         2
   -2,FRAME,ARGM-DIR     1.0000    0.0000    0.0000         5
        1,VERB,advcl     1.0000    0.0000    0.0000         2
         -2,ADV,conj     1.0000    0.0000    0.0000         4
        -2,ADV,punct     1.0000    0.0000    0.0000         6
        4,FRAME,ARG1     1.0000    0.0000    0.0000         7
    3,NOUN,parataxis     1.0000    0.0000    0.0000         1
        -1,ADJ,advcl     1.0000    0.0000    0.0000        11
      -2,VERB,advmod     1.0000    0.0000    0.0000         1
 -1,FRAME,C-ARGM-CXN     1.0000    0.0000    0.0000         4
          3,NOUN,det     0.0000    0.0000    0.0000        42
          -1,SYM,acl     1.0000    0.0000    0.0000         1
            1,SYM,cc     1.0000    0.0000    0.0000         3
         -1,SYM,conj     1.0000    0.0000    0.0000         2
         3,NOUN,amod     1.0000    0.0000    0.0000        15
        -1,VERB,expl     1.0000    0.0000    0.0000         8
           4,NOUN,cc     1.0000    0.0000    0.0000         2
          4,NOUN,det     1.0000    0.0000    0.0000         4
   -3,FRAME,ARGM-LOC     1.0000    0.0000    0.0000         2
   -2,FRAME,ARGM-EXT     1.0000    0.0000    0.0000         1
       -8,PROPN,list     1.0000    0.0000    0.0000        10
       -9,PROPN,list     1.0000    0.0000    0.0000         3
        1,NUM,nummod     1.0000    0.0000    0.0000        24
      -13,PROPN,list     1.0000    0.0000    0.0000         1
        -1,NUM,appos     1.0000    0.0000    0.0000         9
      3,PROPN,nummod     1.0000    0.0000    0.0000         1
      -15,PROPN,list     1.0000    0.0000    0.0000         1
      -16,PROPN,list     1.0000    0.0000    0.0000         2
      -18,PROPN,list     1.0000    0.0000    0.0000         1
          -1,X,appos     1.0000    0.0000    0.0000         6
        1,X,compound     1.0000    0.0000    0.0000         5
       -1,X,goeswith     0.2500    0.1250    0.1667         8
    -2,NUM,nmod:tmod     0.8333    1.0000    0.9091        20
            1,DET,cc     1.0000    0.0000    0.0000         2
         -1,DET,conj     1.0000    0.0000    0.0000         1
         1,ADV,punct     1.0000    0.0000    0.0000         7
        -1,SYM,punct     0.0000    0.0000    0.0000         2
        -1,SYM,appos     1.0000    0.0000    0.0000         1
         -2,SYM,conj     1.0000    0.0000    0.0000         1
      -3,PROPN,appos     1.0000    0.0000    0.0000         6
      -4,PROPN,appos     1.0000    0.0000    0.0000         4
         3,NOUN,case     1.0000    0.0000    0.0000        34
   -3,VERB,parataxis     1.0000    0.0000    0.0000         7
    3,FRAME,ARGM-MNR     1.0000    0.0000    0.0000         1
    -1,VERB,aux:pass     1.0000    0.0000    0.0000         4
      1,ADJ,vocative     1.0000    0.0000    0.0000         1
  -2,PROPN,parataxis     1.0000    0.0000    0.0000         1
        -2,NUM,punct     1.0000    0.0000    0.0000         6
       -1,NUM,advmod     1.0000    0.0000    0.0000         3
      2,PROPN,nummod     1.0000    0.0000    0.0000         3
           1,X,punct     0.9091    0.2941    0.4444        34
        1,ADJ,nummod     1.0000    0.0000    0.0000         2
     1,ADJ,nmod:poss     1.0000    0.0000    0.0000         2
     3,NOUN,compound     1.0000    0.0000    0.0000         6
        1,VERB,nsubj     1.0000    0.0000    0.0000        14
       -6,PROPN,list     1.0000    0.0000    0.0000        11
       -7,PROPN,list     1.0000    0.0000    0.0000         3
          -2,X,punct     1.0000    0.0000    0.0000         2
           -1,X,flat     1.0000    0.0000    0.0000         1
         1,ADJ,nsubj     1.0000    0.0000    0.0000         7
         2,ADV,punct     1.0000    0.0000    0.0000         1
           1,NUM,cop     0.3333    0.0909    0.1429        11
    2,FRAME,ARGM-ADJ     1.0000    0.0000    0.0000         2
           1,SYM,det     1.0000    0.0000    0.0000         2
      1,SYM,compound     1.0000    0.0000    0.0000         1
       -1,FRAME,ARG5     1.0000    0.0000    0.0000         1
       -1,SYM,advmod     1.0000    0.0000    0.0000         1
            1,X,case     1.0000    0.0000    0.0000         5
        -1,NOUN,list     1.0000    0.0000    0.0000        18
       -2,X,goeswith     1.0000    0.0000    0.0000         3
          -3,X,punct     1.0000    0.0000    0.0000         1
       -3,X,goeswith     1.0000    0.0000    0.0000         1
         -3,X,nummod     1.0000    0.0000    0.0000         1
   -1,NUM,nmod:npmod     1.0000    0.0000    0.0000         2
          -1,NUM,obl     1.0000    0.0000    0.0000         2
            2,X,case     1.0000    0.0000    0.0000         1
           2,X,punct     1.0000    0.0000    0.0000         1
       -1,PROPN,amod     1.0000    0.0000    0.0000         2
    -2,ADJ,parataxis     1.0000    0.0000    0.0000         6
       -1,ADJ,orphan     1.0000    0.0000    0.0000         1
         -1,VERB,cop     1.0000    0.0000    0.0000         1
        3,NOUN,punct     1.0000    0.0000    0.0000         4
         -2,DET,nmod     1.0000    0.0000    0.0000         8
    2,VERB,parataxis     1.0000    0.0000    0.0000         1
       -1,NOUN,advcl     1.0000    0.0000    0.0000         4
   -4,VERB,parataxis     1.0000    0.0000    0.0000         3
   -2,FRAME,ARGM-GOL     1.0000    0.0000    0.0000         2
        -2,PRON,conj     1.0000    0.0000    0.0000         2
   -2,FRAME,ARGM-PRP     1.0000    0.0000    0.0000         8
        -3,NOUN,nmod     1.0000    0.0000    0.0000        14
   1,VERB,cc:preconj     1.0000    0.0000    0.0000         3
     -1,SYM,compound     1.0000    0.0000    0.0000         2
         -2,SYM,nmod     1.0000    0.0000    0.0000         1
       -6,NOUN,punct     1.0000    0.0000    0.0000         2
        -2,NOUN,amod     1.0000    0.0000    0.0000         1
     1,NOUN,vocative     1.0000    0.0000    0.0000         1
    3,FRAME,ARGM-TMP     1.0000    0.0000    0.0000         6
       -1,ADV,advmod     1.0000    0.0000    0.0000         2
        -1,ADJ,ccomp     1.0000    0.0000    0.0000         5
          1,ADV,mark     1.0000    0.0000    0.0000         3
   -2,VERB,parataxis     1.0000    0.0000    0.0000        20
         2,PRON,mark     1.0000    0.0000    0.0000         2
        1,PRON,nsubj     1.0000    0.0000    0.0000         1
         -1,PRON,det     1.0000    0.0000    0.0000         3
    3,FRAME,ARGM-PRR     1.0000    0.0000    0.0000         1
   -3,FRAME,ARGM-MOD     1.0000    0.0000    0.0000         1
   -3,FRAME,ARGM-LVB     1.0000    0.0000    0.0000         1
     -1,ADJ,compound     1.0000    0.0000    0.0000         1
    2,FRAME,ARGM-PRD     1.0000    0.0000    0.0000         1
       -1,ADJ,advmod     1.0000    0.0000    0.0000         6
       -1,X,compound     1.0000    0.0000    0.0000         1
   -2,FRAME,ARGM-LVB     1.0000    0.0000    0.0000         2
        7,PROPN,case     1.0000    0.0000    0.0000         1
         7,PROPN,det     1.0000    0.0000    0.0000         1
   -5,FRAME,ARGM-ADV     1.0000    0.0000    0.0000         1
          4,PROPN,cc     1.0000    0.0000    0.0000         1
   4,PROPN,nmod:poss     1.0000    0.0000    0.0000         1
    3,FRAME,ARGM-CAU     1.0000    0.0000    0.0000         2
      2,FRAME,R-ARG2     1.0000    0.0000    0.0000         1
   -1,FRAME,ARGM-MOD     1.0000    0.0000    0.0000         1
   -3,FRAME,ARGM-GOL     1.0000    0.0000    0.0000         2
          2,NUM,mark     1.0000    0.0000    0.0000         1
           2,NUM,cop     1.0000    0.0000    0.0000         1
          -1,NUM,acl     1.0000    0.0000    0.0000         1
          -1,AUX,obj     1.0000    0.0000    0.0000         1
     -1,AUX,obl:tmod     1.0000    0.0000    0.0000         1
        -1,AUX,advcl     1.0000    0.0000    0.0000         2
        -1,AUX,punct     1.0000    0.0000    0.0000         2
  5,FRAME,R-ARGM-ADV     1.0000    0.0000    0.0000         1
        -4,NOUN,nmod     1.0000    0.0000    0.0000         2
        2,NUM,nummod     1.0000    0.0000    0.0000         3
  3,FRAME,R-ARGM-DIR     1.0000    0.0000    0.0000         1
   1,VERB,reparandum     1.0000    0.0000    0.0000         1
    1,FRAME,ARGM-CAU     1.0000    0.0000    0.0000         8
   -5,FRAME,ARGM-PRP     1.0000    0.0000    0.0000         1
        3,FRAME,ARG2     1.0000    0.0000    0.0000         1
   -3,PRON,acl:relcl     1.0000    0.0000    0.0000         3
   -2,NOUN,nmod:tmod     1.0000    0.0000    0.0000         1
        -3,NOUN,list     1.0000    0.0000    0.0000        15
        -4,NOUN,list     1.0000    0.0000    0.0000        21
        -2,NOUN,list     1.0000    0.0000    0.0000        11
        1,NOUN,nsubj     1.0000    0.0000    0.0000         5
     1,ADJ,obl:npmod     1.0000    0.0000    0.0000         8
       1,PRON,advmod     1.0000    0.0000    0.0000         9
           1,PRON,cc     1.0000    0.0000    0.0000         9
        -6,NOUN,conj     1.0000    0.0000    0.0000         2
        -8,NOUN,conj     1.0000    0.0000    0.0000         3
    -3,ADJ,parataxis     1.0000    0.0000    0.0000         1
     -1,FRAME,C-ARG0     1.0000    0.0000    0.0000         2
   -1,X,flat:foreign     1.0000    0.0000    0.0000         2
   -2,X,flat:foreign     1.0000    0.0000    0.0000         2
   -3,X,flat:foreign     1.0000    0.0000    0.0000         2
   -4,X,flat:foreign     1.0000    0.0000    0.0000         1
   1,NOUN,nmod:npmod     1.0000    0.0000    0.0000         1
  1,PROPN,reparandum     1.0000    0.0000    0.0000         1
   -2,VERB,discourse     1.0000    0.0000    0.0000         3
        -1,ADP,advcl     1.0000    0.0000    0.0000         1
       3,PROPN,punct     1.0000    0.0000    0.0000         4
       -1,PRON,appos     1.0000    0.0000    0.0000         2
        -5,NOUN,conj     1.0000    0.0000    0.0000         5
        -7,NOUN,conj     1.0000    0.0000    0.0000         3
    -2,NUM,parataxis     1.0000    0.0000    0.0000         3
           3,VERB,cc     1.0000    0.0000    0.0000         2
        -1,PRON,case     1.0000    0.0000    0.0000         2
    -1,ADV,discourse     1.0000    0.0000    0.0000         1
        -1,ADV,appos     1.0000    0.0000    0.0000         1
          1,VERB,obl     1.0000    0.0000    0.0000         1
         -5,ADJ,conj     1.0000    0.0000    0.0000         1
         -3,ADJ,conj     1.0000    0.0000    0.0000         4
          -4,ADJ,obl     1.0000    0.0000    0.0000         1
      -1,PROPN,xcomp     1.0000    0.0000    0.0000         1
         -1,NOUN,obl     1.0000    0.0000    0.0000         2
    1,FRAME,ARGM-PRR     1.0000    0.0000    0.0000         1
         -3,NOUN,acl     1.0000    0.0000    0.0000         3
       -8,NOUN,punct     1.0000    0.0000    0.0000         1
       -4,NOUN,appos     1.0000    0.0000    0.0000         1
       1,PUNCT,punct     1.0000    0.0000    0.0000         1
      -1,PUNCT,punct     1.0000    0.0000    0.0000         1
     -1,FRAME,C-ARG2     1.0000    0.0000    0.0000         7
         -1,PRON,acl     1.0000    0.0000    0.0000         2
   2,NOUN,cc:preconj     1.0000    0.0000    0.0000         1
  -1,PRON,cc:preconj     1.0000    0.0000    0.0000         1
        -1,AUX,xcomp     1.0000    0.0000    0.0000         1
         -2,AUX,conj     1.0000    0.0000    0.0000         2
      -1,X,parataxis     1.0000    0.0000    0.0000         1
    2,NOUN,discourse     1.0000    0.0000    0.0000         2
    9,FRAME,ARGM-ADV     1.0000    0.0000    0.0000         1
        -3,NOUN,amod     1.0000    0.0000    0.0000         1
            1,ADP,cc     1.0000    0.0000    0.0000         4
         -1,ADP,conj     1.0000    0.0000    0.0000         4
          1,SYM,amod     1.0000    0.0000    0.0000         1
       -7,PROPN,conj     1.0000    0.0000    0.0000         1
        2,X,compound     1.0000    0.0000    0.0000         1
           -1,X,list     1.0000    0.0000    0.0000         2
           -2,X,list     1.0000    0.0000    0.0000         4
  -1,PROPN,nmod:tmod     1.0000    0.0000    0.0000         3
      -7,PROPN,punct     1.0000    0.0000    0.0000         1
           -1,X,conj     1.0000    0.0000    0.0000         2
    1,VERB,discourse     1.0000    0.0000    0.0000         2
     1,VERB,vocative     1.0000    0.0000    0.0000         2
     1,ADV,discourse     1.0000    0.0000    0.0000         1
       -3,NOUN,appos     1.0000    0.0000    0.0000         1
       -2,FRAME,ARG4     1.0000    0.0000    0.0000         1
        -2,ADV,fixed     1.0000    0.0000    0.0000         1
         5,NOUN,mark     1.0000    0.0000    0.0000         1
        5,NOUN,punct     1.0000    0.0000    0.0000         3
    1,FRAME,ARG1-DSP     1.0000    0.0000    0.0000         4
    1,NOUN,parataxis     1.0000    0.0000    0.0000         1
 -2,FRAME,C-ARG1-DSP     1.0000    0.0000    0.0000         1
        2,PRON,punct     1.0000    0.0000    0.0000         1
         -1,X,advmod     1.0000    0.0000    0.0000         1
      -1,X,acl:relcl     1.0000    0.0000    0.0000         1
       -5,FRAME,ARG1     1.0000    0.0000    0.0000         1
    2,NOUN,parataxis     1.0000    0.0000    0.0000         1
           3,NOUN,cc     1.0000    0.0000    0.0000         4
        -1,ADV,advcl     1.0000    0.0000    0.0000         2
   -3,FRAME,ARGM-CAU     1.0000    0.0000    0.0000         3
        -5,NOUN,nmod     1.0000    0.0000    0.0000         1
  -1,PROPN,discourse     1.0000    0.0000    0.0000         1
        -2,FRAME,C-V     1.0000    0.0000    0.0000         1
    -1,ADV,obl:npmod     1.0000    0.0000    0.0000         1
          1,NUM,mark     1.0000    0.0000    0.0000         2
   -1,PRON,discourse     1.0000    0.0000    0.0000         2
   -1,VERB,discourse     1.0000    0.0000    0.0000         5
   -1,PROPN,compound     1.0000    0.0000    0.0000         1
   -1,PRON,parataxis     1.0000    0.0000    0.0000         3
     1,SYM,parataxis     1.0000    0.0000    0.0000         1
        -2,SYM,punct     1.0000    0.0000    0.0000         1
  -3,PROPN,parataxis     1.0000    0.0000    0.0000         1
          1,AUX,expl     1.0000    0.0000    0.0000         2
            1,AUX,cc     1.0000    0.0000    0.0000         1
        -2,AUX,punct     1.0000    0.0000    0.0000         3
         2,NOUN,expl     1.0000    0.0000    0.0000         1
    1,VERB,obl:npmod     1.0000    0.0000    0.0000         1
   -1,NOUN,discourse     1.0000    0.0000    0.0000         4
              1,X,cc     1.0000    0.0000    0.0000         1
           -2,X,conj     1.0000    0.0000    0.0000         1
         1,NOUN,nmod     1.0000    0.0000    0.0000         3
   -3,NOUN,acl:relcl     1.0000    0.0000    0.0000         1
        -1,PROPN,cop     1.0000    0.0000    0.0000         1
   -2,NOUN,parataxis     1.0000    0.0000    0.0000         2
    -1,DET,discourse     1.0000    0.0000    0.0000         1
           2,ADV,aux     1.0000    0.0000    0.0000         1
   -1,FRAME,ARGM-CXN     1.0000    0.0000    0.0000         7
          1,CCONJ,cc     1.0000    0.0000    0.0000         1
       1,CCONJ,punct     1.0000    0.0000    0.0000         1
         1,ADV,nsubj     1.0000    0.0000    0.0000         1
           1,ADV,aux     1.0000    0.0000    0.0000         1
          -1,ADJ,obj     1.0000    0.0000    0.0000         2
            3,ADV,cc     1.0000    0.0000    0.0000         1
            2,ADV,cc     1.0000    0.0000    0.0000         1
           2,ADV,cop     1.0000    0.0000    0.0000         1
  -3,PROPN,discourse     1.0000    0.0000    0.0000         1
           1,INTJ,cc     1.0000    0.0000    0.0000         1
           1,ADJ,obl     1.0000    0.0000    0.0000         1
          2,DET,case     1.0000    0.0000    0.0000         2
    1,DET,det:predet     1.0000    0.0000    0.0000         1
          -1,ADJ,acl     1.0000    0.0000    0.0000         1
    1,DET,nmod:npmod     1.0000    0.0000    0.0000         1
         1,PROPN,dep     1.0000    0.0000    0.0000         1
          2,PRON,cop     1.0000    0.0000    0.0000         1
     2,ADJ,discourse     1.0000    0.0000    0.0000         1
         1,ADJ,advcl     1.0000    0.0000    0.0000         1
    -2,ADJ,discourse     1.0000    0.0000    0.0000         1
        -6,VERB,conj     1.0000    0.0000    0.0000         1
        -8,VERB,conj     1.0000    0.0000    0.0000         1
        -3,PRON,conj     1.0000    0.0000    0.0000         1
         1,NUM,advcl     1.0000    0.0000    0.0000         1
 -1,FRAME,C-ARGM-LOC     1.0000    0.0000    0.0000         1
    -1,ADJ,discourse     1.0000    0.0000    0.0000         4
       -6,PROPN,conj     1.0000    0.0000    0.0000         1
    -1,NUM,acl:relcl     1.0000    0.0000    0.0000         1
           1,ADJ,obj     1.0000    0.0000    0.0000         1
          -3,ADJ,obl     1.0000    0.0000    0.0000         1
        1,FRAME,ARGA     1.0000    0.0000    0.0000         2
    -1,DET,acl:relcl     1.0000    0.0000    0.0000         3
         1,DET,punct     1.0000    0.0000    0.0000         2
           1,DET,cop     1.0000    0.0000    0.0000         1
        -1,DET,punct     1.0000    0.0000    0.0000         3
   -2,PROPN,compound     1.0000    0.0000    0.0000         2
        -4,NOUN,amod     1.0000    0.0000    0.0000         1
   -4,NOUN,parataxis     1.0000    0.0000    0.0000         1
   -7,NOUN,parataxis     1.0000    0.0000    0.0000         1
        2,PROPN,nmod     1.0000    0.0000    0.0000         1
           1,ADV,det     1.0000    0.0000    0.0000         2
    1,NOUN,discourse     1.0000    0.0000    0.0000         1
         -2,PRON,cop     1.0000    0.0000    0.0000         1
       1,PART,advmod     1.0000    0.0000    0.0000         1
    4,FRAME,ARGM-CAU     1.0000    0.0000    0.0000         1
   -6,VERB,parataxis     1.0000    0.0000    0.0000         1
      1,ADP,goeswith     1.0000    0.0000    0.0000         1
       -9,VERB,punct     1.0000    0.0000    0.0000         1
      -1,PRON,advmod     1.0000    0.0000    0.0000         2
    -1,VERB,compound     1.0000    0.0000    0.0000         3
    3,FRAME,ARGM-MOD     1.0000    0.0000    0.0000         3
       -2,VERB,advcl     1.0000    0.0000    0.0000         1
      3,FRAME,R-ARG1     1.0000    0.0000    0.0000         1
         3,PROPN,cop     1.0000    0.0000    0.0000         1
        -1,ADV,xcomp     1.0000    0.0000    0.0000         1
           5,VERB,cc     1.0000    0.0000    0.0000         1
        3,VERB,advcl     1.0000    0.0000    0.0000         1
   2,PROPN,nmod:poss     1.0000    0.0000    0.0000         2
       -3,FRAME,ARG3     1.0000    0.0000    0.0000         1
         1,ADV,advcl     1.0000    0.0000    0.0000         1
        -3,ADV,punct     1.0000    0.0000    0.0000         1
   2,NOUN,det:predet     1.0000    0.0000    0.0000         1
    -2,ADV,parataxis     1.0000    0.0000    0.0000         1
        -4,ADV,punct     1.0000    0.0000    0.0000         1
         1,AUX,punct     1.0000    0.0000    0.0000         2
        1,AUX,advmod     1.0000    0.0000    0.0000         1
         1,AUX,advcl     1.0000    0.0000    0.0000         1
         1,AUX,nsubj     1.0000    0.0000    0.0000         2
   -3,VERB,discourse     1.0000    0.0000    0.0000         3
    -1,ADV,parataxis     1.0000    0.0000    0.0000         2
        -9,NOUN,conj     1.0000    0.0000    0.0000         1
       -10,NOUN,conj     1.0000    0.0000    0.0000         2
       3,NOUN,nummod     1.0000    0.0000    0.0000         1
       -13,NOUN,conj     1.0000    0.0000    0.0000         2
       -15,NOUN,nmod     1.0000    0.0000    0.0000         1
   -2,NOUN,discourse     1.0000    0.0000    0.0000         1
        2,FRAME,ARG3     1.0000    0.0000    0.0000         1
   -1,INTJ,discourse     1.0000    0.0000    0.0000         1
   -2,INTJ,discourse     1.0000    0.0000    0.0000         1
       -3,INTJ,punct     1.0000    0.0000    0.0000         1
          1,ADV,amod     1.0000    0.0000    0.0000         3
        1,PROPN,mark     1.0000    0.0000    0.0000         1
       4,NOUN,nummod     1.0000    0.0000    0.0000         1
       -4,PROPN,flat     1.0000    0.0000    0.0000         1
          1,NUM,list     1.0000    0.0000    0.0000         1
   -1,PROPN,vocative     1.0000    0.0000    0.0000         1
        -1,VERB,list     1.0000    0.0000    0.0000         1
           1,PART,cc     1.0000    0.0000    0.0000         3
      -14,NOUN,punct     1.0000    0.0000    0.0000         1
     -1,PROPN,advmod     1.0000    0.0000    0.0000         1
       -1,PRON,xcomp     1.0000    0.0000    0.0000         1
         1,PART,mark     1.0000    0.0000    0.0000         1
        -2,ADV,ccomp     1.0000    0.0000    0.0000         1
       -2,DET,advmod     1.0000    0.0000    0.0000         1
           1,ADP,aux     1.0000    0.0000    0.0000         2
           1,ADP,cop     1.0000    0.0000    0.0000         2
   -2,PRON,parataxis     1.0000    0.0000    0.0000         1
           1,ADV,obl     1.0000    0.0000    0.0000         1
          -3,ADV,obl     1.0000    0.0000    0.0000         1
          2,ADJ,case     1.0000    0.0000    0.0000         1
       -1,VERB,appos     1.0000    0.0000    0.0000         1
    1,FRAME,ARGM-DIR     1.0000    0.0000    0.0000         2
    -1,NUM,parataxis     1.0000    0.0000    0.0000         1
      1,ADJ,goeswith     1.0000    0.0000    0.0000         2
        2,PROPN,mark     1.0000    0.0000    0.0000         2
       -1,PART,punct     1.0000    0.0000    0.0000         2
        1,SYM,advmod     1.0000    0.0000    0.0000         1
        5,NOUN,nsubj     1.0000    0.0000    0.0000         1
      1,ADJ,aux:pass     1.0000    0.0000    0.0000         1
         1,INTJ,amod     1.0000    0.0000    0.0000         1
       -2,INTJ,punct     1.0000    0.0000    0.0000         1
        -5,ADJ,punct     1.0000    0.0000    0.0000         1
       -1,NOUN,csubj     1.0000    0.0000    0.0000         1
          3,NOUN,cop     1.0000    0.0000    0.0000         1
        1,PART,punct     1.0000    0.0000    0.0000         1
         -1,AUX,conj     1.0000    0.0000    0.0000         1
         -1,ADJ,expl     1.0000    0.0000    0.0000         1
         -1,NOUN,cop     1.0000    0.0000    0.0000         1
          1,AUX,mark     1.0000    0.0000    0.0000         1
     1,ADJ,discourse     1.0000    0.0000    0.0000         1

            accuracy                         0.6119     25096
           macro avg     0.9019    0.0768    0.0713     25096
        weighted avg     0.6595    0.6119    0.5539     25096

2021-10-06 18:13:27,350 ----------------------------------------------------------------------------------------------------
