2021-06-18 23:22:47,351 ----------------------------------------------------------------------------------------------------
2021-06-18 23:22:47,352 Model: "SequenceTagger(
  (embeddings): StackedEmbeddings(
    (list_embedding_0): VerbEmbedding()
    (list_embedding_1): ELMoEmbeddings(model=1-elmo-original-all)
  )
  (dropout): Dropout(p=0.4, inplace=False)
  (word_dropout): WordDropout(p=0.05)
  (locked_dropout): LockedDropout(p=0.5)
  (embedding2nn): Linear(in_features=3073, out_features=3073, bias=True)
  (rnn): LSTM(3073, 300, batch_first=True, bidirectional=True)
  (linear): Linear(in_features=600, out_features=159, bias=True)
  (beta): 1.0
  (weights): None
  (weight_tensor) None
)"
2021-06-18 23:22:47,352 ----------------------------------------------------------------------------------------------------
2021-06-18 23:22:47,352 Corpus: "Corpus: 12543 train + 2002 dev + 2077 test sentences"
2021-06-18 23:22:47,352 ----------------------------------------------------------------------------------------------------
2021-06-18 23:22:47,352 Parameters:
2021-06-18 23:22:47,352  - learning_rate: "0.2"
2021-06-18 23:22:47,352  - mini_batch_size: "32"
2021-06-18 23:22:47,352  - patience: "3"
2021-06-18 23:22:47,352  - anneal_factor: "0.5"
2021-06-18 23:22:47,352  - max_epochs: "150"
2021-06-18 23:22:47,352  - shuffle: "True"
2021-06-18 23:22:47,352  - train_with_dev: "False"
2021-06-18 23:22:47,352  - batch_growth_annealing: "False"
2021-06-18 23:22:47,352 ----------------------------------------------------------------------------------------------------
2021-06-18 23:22:47,352 Model training base path: "modelout"
2021-06-18 23:22:47,352 ----------------------------------------------------------------------------------------------------
2021-06-18 23:22:47,352 Device: cuda:0
2021-06-18 23:22:47,352 ----------------------------------------------------------------------------------------------------
2021-06-18 23:22:47,352 Embeddings storage mode: gpu
2021-06-18 23:22:47,360 ----------------------------------------------------------------------------------------------------
2021-06-18 23:23:13,355 epoch 1 - iter 39/392 - loss 70.36493521 - samples/sec: 48.02 - lr: 0.200000
2021-06-18 23:23:33,447 epoch 1 - iter 78/392 - loss 52.03297252 - samples/sec: 63.54 - lr: 0.200000
2021-06-18 23:23:54,290 epoch 1 - iter 117/392 - loss 43.00719480 - samples/sec: 61.31 - lr: 0.200000
2021-06-18 23:24:14,122 epoch 1 - iter 156/392 - loss 37.64239965 - samples/sec: 64.02 - lr: 0.200000
2021-06-18 23:24:35,755 epoch 1 - iter 195/392 - loss 36.00169158 - samples/sec: 58.60 - lr: 0.200000
2021-06-18 23:25:00,718 epoch 1 - iter 234/392 - loss 35.64790601 - samples/sec: 50.86 - lr: 0.200000
2021-06-18 23:25:23,634 epoch 1 - iter 273/392 - loss 34.40215741 - samples/sec: 55.48 - lr: 0.200000
2021-06-18 23:25:45,187 epoch 1 - iter 312/392 - loss 33.37928829 - samples/sec: 59.08 - lr: 0.200000
2021-06-18 23:26:05,396 epoch 1 - iter 351/392 - loss 32.11788770 - samples/sec: 64.21 - lr: 0.200000
2021-06-18 23:26:28,702 epoch 1 - iter 390/392 - loss 31.60177038 - samples/sec: 54.77 - lr: 0.200000
2021-06-18 23:26:30,873 ----------------------------------------------------------------------------------------------------
2021-06-18 23:26:30,874 EPOCH 1 done: loss 31.6260 - lr 0.2000000
2021-06-18 23:26:50,832 DEV : loss 14.901113510131836 - score 0.5818
2021-06-18 23:26:50,840 BAD EPOCHS (no improvement): 0
2021-06-18 23:26:58,671 ----------------------------------------------------------------------------------------------------
2021-06-18 23:27:22,677 epoch 2 - iter 39/392 - loss 22.82391702 - samples/sec: 51.99 - lr: 0.200000
2021-06-18 23:27:46,900 epoch 2 - iter 78/392 - loss 22.69004887 - samples/sec: 52.33 - lr: 0.200000
2021-06-18 23:28:10,933 epoch 2 - iter 117/392 - loss 22.54388202 - samples/sec: 53.14 - lr: 0.200000
2021-06-18 23:28:37,464 epoch 2 - iter 156/392 - loss 22.44862913 - samples/sec: 47.86 - lr: 0.200000
2021-06-18 23:29:00,301 epoch 2 - iter 195/392 - loss 22.31876189 - samples/sec: 55.90 - lr: 0.200000
2021-06-18 23:29:24,987 epoch 2 - iter 234/392 - loss 22.13938964 - samples/sec: 51.82 - lr: 0.200000
2021-06-18 23:29:48,635 epoch 2 - iter 273/392 - loss 21.97983231 - samples/sec: 53.81 - lr: 0.200000
2021-06-18 23:30:13,444 epoch 2 - iter 312/392 - loss 21.89736066 - samples/sec: 51.37 - lr: 0.200000
2021-06-18 23:30:36,167 epoch 2 - iter 351/392 - loss 21.75023276 - samples/sec: 55.90 - lr: 0.200000
2021-06-18 23:30:59,577 epoch 2 - iter 390/392 - loss 21.65243016 - samples/sec: 55.20 - lr: 0.200000
2021-06-18 23:31:01,250 ----------------------------------------------------------------------------------------------------
2021-06-18 23:31:01,251 EPOCH 2 done: loss 21.6458 - lr 0.2000000
2021-06-18 23:31:20,684 DEV : loss 12.542791366577148 - score 0.6273
2021-06-18 23:31:20,692 BAD EPOCHS (no improvement): 0
2021-06-18 23:31:27,785 ----------------------------------------------------------------------------------------------------
2021-06-18 23:31:52,008 epoch 3 - iter 39/392 - loss 20.51606523 - samples/sec: 51.53 - lr: 0.200000
2021-06-18 23:32:15,572 epoch 3 - iter 78/392 - loss 20.10995279 - samples/sec: 54.52 - lr: 0.200000
2021-06-18 23:32:41,629 epoch 3 - iter 117/392 - loss 20.45079683 - samples/sec: 49.10 - lr: 0.200000
2021-06-18 23:33:05,458 epoch 3 - iter 156/392 - loss 20.04316851 - samples/sec: 53.63 - lr: 0.200000
2021-06-18 23:33:29,041 epoch 3 - iter 195/392 - loss 20.07794648 - samples/sec: 54.20 - lr: 0.200000
2021-06-18 23:33:52,258 epoch 3 - iter 234/392 - loss 19.98291120 - samples/sec: 54.72 - lr: 0.200000
2021-06-18 23:34:20,919 epoch 3 - iter 273/392 - loss 19.88684805 - samples/sec: 44.28 - lr: 0.200000
2021-06-18 23:34:48,214 epoch 3 - iter 312/392 - loss 19.82675366 - samples/sec: 46.59 - lr: 0.200000
2021-06-18 23:35:15,799 epoch 3 - iter 351/392 - loss 19.69110162 - samples/sec: 46.35 - lr: 0.200000
2021-06-18 23:35:41,454 epoch 3 - iter 390/392 - loss 19.59358328 - samples/sec: 49.37 - lr: 0.200000
2021-06-18 23:35:46,819 ----------------------------------------------------------------------------------------------------
2021-06-18 23:35:46,820 EPOCH 3 done: loss 19.6131 - lr 0.2000000
2021-06-18 23:36:06,388 DEV : loss 11.397849082946777 - score 0.6614
2021-06-18 23:36:06,397 BAD EPOCHS (no improvement): 0
2021-06-18 23:36:12,827 ----------------------------------------------------------------------------------------------------
2021-06-18 23:36:36,012 epoch 4 - iter 39/392 - loss 19.15704311 - samples/sec: 53.84 - lr: 0.200000
2021-06-18 23:36:59,537 epoch 4 - iter 78/392 - loss 19.04402955 - samples/sec: 54.28 - lr: 0.200000
2021-06-18 23:37:22,963 epoch 4 - iter 117/392 - loss 18.82444868 - samples/sec: 54.66 - lr: 0.200000
2021-06-18 23:37:48,808 epoch 4 - iter 156/392 - loss 18.82814341 - samples/sec: 49.40 - lr: 0.200000
2021-06-18 23:38:11,894 epoch 4 - iter 195/392 - loss 18.63539495 - samples/sec: 55.68 - lr: 0.200000
2021-06-18 23:38:35,779 epoch 4 - iter 234/392 - loss 18.62171434 - samples/sec: 53.24 - lr: 0.200000
2021-06-18 23:39:00,809 epoch 4 - iter 273/392 - loss 18.68669408 - samples/sec: 50.52 - lr: 0.200000
2021-06-18 23:39:24,707 epoch 4 - iter 312/392 - loss 18.65608251 - samples/sec: 52.99 - lr: 0.200000
2021-06-18 23:39:49,151 epoch 4 - iter 351/392 - loss 18.59769177 - samples/sec: 52.06 - lr: 0.200000
2021-06-18 23:40:14,011 epoch 4 - iter 390/392 - loss 18.53201958 - samples/sec: 51.30 - lr: 0.200000
2021-06-18 23:40:15,755 ----------------------------------------------------------------------------------------------------
2021-06-18 23:40:15,756 EPOCH 4 done: loss 18.5327 - lr 0.2000000
2021-06-18 23:40:35,420 DEV : loss 11.124897956848145 - score 0.6722
2021-06-18 23:40:35,428 BAD EPOCHS (no improvement): 0
2021-06-18 23:40:41,687 ----------------------------------------------------------------------------------------------------
2021-06-18 23:41:04,426 epoch 5 - iter 39/392 - loss 17.69455878 - samples/sec: 54.89 - lr: 0.200000
2021-06-18 23:41:28,196 epoch 5 - iter 78/392 - loss 17.71227780 - samples/sec: 53.50 - lr: 0.200000
2021-06-18 23:41:54,756 epoch 5 - iter 117/392 - loss 17.93452512 - samples/sec: 47.95 - lr: 0.200000
2021-06-18 23:42:18,829 epoch 5 - iter 156/392 - loss 17.95369700 - samples/sec: 53.25 - lr: 0.200000
2021-06-18 23:42:43,116 epoch 5 - iter 195/392 - loss 18.03802574 - samples/sec: 52.33 - lr: 0.200000
2021-06-18 23:43:07,847 epoch 5 - iter 234/392 - loss 17.98165376 - samples/sec: 51.72 - lr: 0.200000
2021-06-18 23:43:31,767 epoch 5 - iter 273/392 - loss 18.03728937 - samples/sec: 52.92 - lr: 0.200000
2021-06-18 23:43:54,560 epoch 5 - iter 312/392 - loss 17.88558368 - samples/sec: 56.27 - lr: 0.200000
2021-06-18 23:44:21,272 epoch 5 - iter 351/392 - loss 17.95371545 - samples/sec: 47.72 - lr: 0.200000
2021-06-18 23:44:45,675 epoch 5 - iter 390/392 - loss 17.86804643 - samples/sec: 52.38 - lr: 0.200000
2021-06-18 23:44:47,274 ----------------------------------------------------------------------------------------------------
2021-06-18 23:44:47,274 EPOCH 5 done: loss 17.8657 - lr 0.2000000
2021-06-18 23:45:06,862 DEV : loss 10.344099998474121 - score 0.6919
2021-06-18 23:45:06,871 BAD EPOCHS (no improvement): 0
2021-06-18 23:45:15,033 ----------------------------------------------------------------------------------------------------
2021-06-18 23:45:36,318 epoch 6 - iter 39/392 - loss 16.65238632 - samples/sec: 58.65 - lr: 0.200000
2021-06-18 23:45:59,320 epoch 6 - iter 78/392 - loss 17.21260324 - samples/sec: 55.35 - lr: 0.200000
2021-06-18 23:46:25,677 epoch 6 - iter 117/392 - loss 17.33978955 - samples/sec: 47.96 - lr: 0.200000
2021-06-18 23:46:49,232 epoch 6 - iter 156/392 - loss 17.34367523 - samples/sec: 54.02 - lr: 0.200000
2021-06-18 23:47:14,233 epoch 6 - iter 195/392 - loss 17.34904533 - samples/sec: 50.87 - lr: 0.200000
2021-06-18 23:47:38,276 epoch 6 - iter 234/392 - loss 17.26131975 - samples/sec: 52.93 - lr: 0.200000
2021-06-18 23:48:01,846 epoch 6 - iter 273/392 - loss 17.35559290 - samples/sec: 53.65 - lr: 0.200000
2021-06-18 23:48:27,143 epoch 6 - iter 312/392 - loss 17.36954240 - samples/sec: 50.04 - lr: 0.200000
2021-06-18 23:48:52,670 epoch 6 - iter 351/392 - loss 17.40499928 - samples/sec: 49.93 - lr: 0.200000
2021-06-18 23:49:16,366 epoch 6 - iter 390/392 - loss 17.39015664 - samples/sec: 53.90 - lr: 0.200000
2021-06-18 23:49:17,961 ----------------------------------------------------------------------------------------------------
2021-06-18 23:49:17,962 EPOCH 6 done: loss 17.3861 - lr 0.2000000
2021-06-18 23:49:41,319 DEV : loss 10.07613468170166 - score 0.6978
2021-06-18 23:49:41,328 BAD EPOCHS (no improvement): 0
2021-06-18 23:49:46,476 ----------------------------------------------------------------------------------------------------
2021-06-18 23:50:11,442 epoch 7 - iter 39/392 - loss 17.13675342 - samples/sec: 50.00 - lr: 0.200000
2021-06-18 23:50:34,941 epoch 7 - iter 78/392 - loss 16.86572103 - samples/sec: 54.61 - lr: 0.200000
2021-06-18 23:51:02,884 epoch 7 - iter 117/392 - loss 16.64101592 - samples/sec: 45.23 - lr: 0.200000
2021-06-18 23:51:30,427 epoch 7 - iter 156/392 - loss 16.86670143 - samples/sec: 46.11 - lr: 0.200000
2021-06-18 23:51:57,837 epoch 7 - iter 195/392 - loss 16.94798278 - samples/sec: 46.14 - lr: 0.200000
2021-06-18 23:52:27,055 epoch 7 - iter 234/392 - loss 16.99001904 - samples/sec: 43.79 - lr: 0.200000
2021-06-18 23:52:54,153 epoch 7 - iter 273/392 - loss 16.94327958 - samples/sec: 46.90 - lr: 0.200000
2021-06-18 23:53:21,381 epoch 7 - iter 312/392 - loss 16.99820244 - samples/sec: 46.70 - lr: 0.200000
2021-06-18 23:53:45,857 epoch 7 - iter 351/392 - loss 17.01460989 - samples/sec: 52.55 - lr: 0.200000
2021-06-18 23:54:10,764 epoch 7 - iter 390/392 - loss 16.98179544 - samples/sec: 51.03 - lr: 0.200000
2021-06-18 23:54:13,173 ----------------------------------------------------------------------------------------------------
2021-06-18 23:54:13,175 EPOCH 7 done: loss 16.9930 - lr 0.2000000
2021-06-18 23:54:32,701 DEV : loss 9.943779945373535 - score 0.7042
2021-06-18 23:54:32,709 BAD EPOCHS (no improvement): 0
2021-06-18 23:54:39,395 ----------------------------------------------------------------------------------------------------
2021-06-18 23:55:02,982 epoch 8 - iter 39/392 - loss 16.53786645 - samples/sec: 52.92 - lr: 0.200000
2021-06-18 23:55:28,391 epoch 8 - iter 78/392 - loss 16.53541149 - samples/sec: 50.42 - lr: 0.200000
2021-06-18 23:55:52,740 epoch 8 - iter 117/392 - loss 16.71289309 - samples/sec: 52.54 - lr: 0.200000
2021-06-18 23:56:17,775 epoch 8 - iter 156/392 - loss 16.84598329 - samples/sec: 50.80 - lr: 0.200000
2021-06-18 23:56:41,433 epoch 8 - iter 195/392 - loss 16.67699030 - samples/sec: 53.66 - lr: 0.200000
2021-06-18 23:57:06,572 epoch 8 - iter 234/392 - loss 16.78334746 - samples/sec: 50.43 - lr: 0.200000
2021-06-18 23:57:30,508 epoch 8 - iter 273/392 - loss 16.69935369 - samples/sec: 53.09 - lr: 0.200000
2021-06-18 23:57:57,062 epoch 8 - iter 312/392 - loss 16.64907896 - samples/sec: 47.88 - lr: 0.200000
2021-06-18 23:58:19,944 epoch 8 - iter 351/392 - loss 16.61823455 - samples/sec: 55.51 - lr: 0.200000
2021-06-18 23:58:43,481 epoch 8 - iter 390/392 - loss 16.66350101 - samples/sec: 53.96 - lr: 0.200000
2021-06-18 23:58:45,141 ----------------------------------------------------------------------------------------------------
2021-06-18 23:58:45,141 EPOCH 8 done: loss 16.6651 - lr 0.2000000
2021-06-18 23:59:04,790 DEV : loss 9.65882396697998 - score 0.7138
2021-06-18 23:59:04,798 BAD EPOCHS (no improvement): 0
2021-06-18 23:59:16,019 ----------------------------------------------------------------------------------------------------
2021-06-18 23:59:39,489 epoch 9 - iter 39/392 - loss 16.85565574 - samples/sec: 53.18 - lr: 0.200000
2021-06-19 00:00:03,320 epoch 9 - iter 78/392 - loss 16.25470916 - samples/sec: 53.96 - lr: 0.200000
2021-06-19 00:00:27,512 epoch 9 - iter 117/392 - loss 16.56650205 - samples/sec: 53.10 - lr: 0.200000
2021-06-19 00:00:54,683 epoch 9 - iter 156/392 - loss 16.74348059 - samples/sec: 47.51 - lr: 0.200000
2021-06-19 00:01:20,371 epoch 9 - iter 195/392 - loss 16.65977215 - samples/sec: 49.90 - lr: 0.200000
2021-06-19 00:01:43,045 epoch 9 - iter 234/392 - loss 16.64928197 - samples/sec: 56.24 - lr: 0.200000
2021-06-19 00:02:07,177 epoch 9 - iter 273/392 - loss 16.59073073 - samples/sec: 53.43 - lr: 0.200000
2021-06-19 00:02:32,848 epoch 9 - iter 312/392 - loss 16.56024699 - samples/sec: 49.83 - lr: 0.200000
2021-06-19 00:02:56,100 epoch 9 - iter 351/392 - loss 16.52102445 - samples/sec: 55.41 - lr: 0.200000
2021-06-19 00:03:21,465 epoch 9 - iter 390/392 - loss 16.46147419 - samples/sec: 51.81 - lr: 0.200000
2021-06-19 00:03:23,361 ----------------------------------------------------------------------------------------------------
2021-06-19 00:03:23,362 EPOCH 9 done: loss 16.4435 - lr 0.2000000
2021-06-19 00:03:43,011 DEV : loss 9.544217109680176 - score 0.714
2021-06-19 00:03:43,019 BAD EPOCHS (no improvement): 0
2021-06-19 00:03:52,679 ----------------------------------------------------------------------------------------------------
2021-06-19 00:04:15,630 epoch 10 - iter 39/392 - loss 15.93173805 - samples/sec: 54.39 - lr: 0.200000
2021-06-19 00:04:40,326 epoch 10 - iter 78/392 - loss 16.08576801 - samples/sec: 51.89 - lr: 0.200000
2021-06-19 00:05:05,848 epoch 10 - iter 117/392 - loss 16.23416393 - samples/sec: 49.97 - lr: 0.200000
2021-06-19 00:05:28,835 epoch 10 - iter 156/392 - loss 16.32747753 - samples/sec: 55.46 - lr: 0.200000
2021-06-19 00:05:51,942 epoch 10 - iter 195/392 - loss 16.13705616 - samples/sec: 54.98 - lr: 0.200000
2021-06-19 00:06:20,344 epoch 10 - iter 234/392 - loss 16.19797293 - samples/sec: 45.00 - lr: 0.200000
2021-06-19 00:06:48,477 epoch 10 - iter 273/392 - loss 16.12052858 - samples/sec: 45.34 - lr: 0.200000
2021-06-19 00:07:17,027 epoch 10 - iter 312/392 - loss 16.13124156 - samples/sec: 45.06 - lr: 0.200000
2021-06-19 00:07:43,165 epoch 10 - iter 351/392 - loss 16.16185982 - samples/sec: 48.96 - lr: 0.200000
2021-06-19 00:08:08,552 epoch 10 - iter 390/392 - loss 16.21918967 - samples/sec: 50.75 - lr: 0.200000
2021-06-19 00:08:10,450 ----------------------------------------------------------------------------------------------------
2021-06-19 00:08:10,451 EPOCH 10 done: loss 16.2065 - lr 0.2000000
2021-06-19 00:08:30,174 DEV : loss 9.450892448425293 - score 0.7195
2021-06-19 00:08:30,183 BAD EPOCHS (no improvement): 0
2021-06-19 00:08:40,555 ----------------------------------------------------------------------------------------------------
2021-06-19 00:09:08,496 epoch 11 - iter 39/392 - loss 15.87695014 - samples/sec: 44.67 - lr: 0.200000
2021-06-19 00:09:34,336 epoch 11 - iter 78/392 - loss 15.77881204 - samples/sec: 49.15 - lr: 0.200000
2021-06-19 00:10:02,516 epoch 11 - iter 117/392 - loss 15.65324131 - samples/sec: 45.03 - lr: 0.200000
2021-06-19 00:10:27,933 epoch 11 - iter 156/392 - loss 15.87205378 - samples/sec: 50.00 - lr: 0.200000
2021-06-19 00:10:53,736 epoch 11 - iter 195/392 - loss 15.93782092 - samples/sec: 49.27 - lr: 0.200000
2021-06-19 00:11:17,642 epoch 11 - iter 234/392 - loss 15.94710026 - samples/sec: 53.24 - lr: 0.200000
2021-06-19 00:11:47,422 epoch 11 - iter 273/392 - loss 15.96352974 - samples/sec: 42.93 - lr: 0.200000
2021-06-19 00:12:15,514 epoch 11 - iter 312/392 - loss 15.97583482 - samples/sec: 45.60 - lr: 0.200000
2021-06-19 00:12:38,730 epoch 11 - iter 351/392 - loss 16.00161934 - samples/sec: 54.86 - lr: 0.200000
2021-06-19 00:13:02,584 epoch 11 - iter 390/392 - loss 15.99923736 - samples/sec: 53.87 - lr: 0.200000
2021-06-19 00:13:04,563 ----------------------------------------------------------------------------------------------------
2021-06-19 00:13:04,565 EPOCH 11 done: loss 16.0100 - lr 0.2000000
2021-06-19 00:13:24,177 DEV : loss 9.34392261505127 - score 0.72
2021-06-19 00:13:24,186 BAD EPOCHS (no improvement): 0
2021-06-19 00:13:34,455 ----------------------------------------------------------------------------------------------------
2021-06-19 00:14:00,496 epoch 12 - iter 39/392 - loss 16.03522567 - samples/sec: 47.93 - lr: 0.200000
2021-06-19 00:14:25,690 epoch 12 - iter 78/392 - loss 15.61177618 - samples/sec: 51.15 - lr: 0.200000
2021-06-19 00:14:50,309 epoch 12 - iter 117/392 - loss 15.64400805 - samples/sec: 52.26 - lr: 0.200000
2021-06-19 00:15:14,918 epoch 12 - iter 156/392 - loss 15.52331595 - samples/sec: 51.53 - lr: 0.200000
2021-06-19 00:15:37,888 epoch 12 - iter 195/392 - loss 15.46279537 - samples/sec: 56.35 - lr: 0.200000
2021-06-19 00:16:03,040 epoch 12 - iter 234/392 - loss 15.40500919 - samples/sec: 51.36 - lr: 0.200000
2021-06-19 00:16:28,409 epoch 12 - iter 273/392 - loss 15.45801492 - samples/sec: 51.31 - lr: 0.200000
2021-06-19 00:16:53,324 epoch 12 - iter 312/392 - loss 15.58568501 - samples/sec: 51.22 - lr: 0.200000
2021-06-19 00:17:17,678 epoch 12 - iter 351/392 - loss 15.69837022 - samples/sec: 53.06 - lr: 0.200000
2021-06-19 00:17:43,259 epoch 12 - iter 390/392 - loss 15.83277542 - samples/sec: 49.68 - lr: 0.200000
2021-06-19 00:17:44,862 ----------------------------------------------------------------------------------------------------
2021-06-19 00:17:44,863 EPOCH 12 done: loss 15.8347 - lr 0.2000000
2021-06-19 00:18:04,574 DEV : loss 9.157622337341309 - score 0.7235
2021-06-19 00:18:04,583 BAD EPOCHS (no improvement): 0
2021-06-19 00:18:12,347 ----------------------------------------------------------------------------------------------------
2021-06-19 00:18:37,727 epoch 13 - iter 39/392 - loss 15.78568593 - samples/sec: 49.18 - lr: 0.200000
2021-06-19 00:19:01,460 epoch 13 - iter 78/392 - loss 15.50673376 - samples/sec: 54.55 - lr: 0.200000
2021-06-19 00:19:25,530 epoch 13 - iter 117/392 - loss 15.50236457 - samples/sec: 53.15 - lr: 0.200000
2021-06-19 00:19:51,243 epoch 13 - iter 156/392 - loss 15.62764208 - samples/sec: 49.81 - lr: 0.200000
2021-06-19 00:20:16,120 epoch 13 - iter 195/392 - loss 15.61963227 - samples/sec: 51.67 - lr: 0.200000
2021-06-19 00:20:42,424 epoch 13 - iter 234/392 - loss 15.62928492 - samples/sec: 48.66 - lr: 0.200000
2021-06-19 00:21:06,770 epoch 13 - iter 273/392 - loss 15.65984531 - samples/sec: 52.85 - lr: 0.200000
2021-06-19 00:21:30,875 epoch 13 - iter 312/392 - loss 15.69654534 - samples/sec: 53.17 - lr: 0.200000
2021-06-19 00:21:54,422 epoch 13 - iter 351/392 - loss 15.68800198 - samples/sec: 53.91 - lr: 0.200000
2021-06-19 00:22:19,128 epoch 13 - iter 390/392 - loss 15.72007906 - samples/sec: 51.55 - lr: 0.200000
2021-06-19 00:22:21,036 ----------------------------------------------------------------------------------------------------
2021-06-19 00:22:21,037 EPOCH 13 done: loss 15.7316 - lr 0.2000000
2021-06-19 00:22:41,975 DEV : loss 9.223672866821289 - score 0.7197
2021-06-19 00:22:41,984 BAD EPOCHS (no improvement): 1
2021-06-19 00:22:41,989 ----------------------------------------------------------------------------------------------------
2021-06-19 00:23:03,862 epoch 14 - iter 39/392 - loss 15.11934437 - samples/sec: 57.07 - lr: 0.200000
2021-06-19 00:23:28,602 epoch 14 - iter 78/392 - loss 15.44544861 - samples/sec: 52.00 - lr: 0.200000
2021-06-19 00:23:51,481 epoch 14 - iter 117/392 - loss 15.25057647 - samples/sec: 55.99 - lr: 0.200000
2021-06-19 00:24:16,130 epoch 14 - iter 156/392 - loss 15.41181950 - samples/sec: 51.43 - lr: 0.200000
2021-06-19 00:24:41,524 epoch 14 - iter 195/392 - loss 15.60871256 - samples/sec: 49.82 - lr: 0.200000
2021-06-19 00:25:06,890 epoch 14 - iter 234/392 - loss 15.60773922 - samples/sec: 50.00 - lr: 0.200000
2021-06-19 00:25:30,668 epoch 14 - iter 273/392 - loss 15.56556051 - samples/sec: 53.77 - lr: 0.200000
2021-06-19 00:25:54,295 epoch 14 - iter 312/392 - loss 15.57230229 - samples/sec: 53.81 - lr: 0.200000
2021-06-19 00:26:20,119 epoch 14 - iter 351/392 - loss 15.54506193 - samples/sec: 50.33 - lr: 0.200000
2021-06-19 00:26:49,928 epoch 14 - iter 390/392 - loss 15.63257463 - samples/sec: 42.35 - lr: 0.200000
2021-06-19 00:26:51,403 ----------------------------------------------------------------------------------------------------
2021-06-19 00:26:51,403 EPOCH 14 done: loss 15.6285 - lr 0.2000000
2021-06-19 00:27:12,337 DEV : loss 9.180643081665039 - score 0.724
2021-06-19 00:27:12,347 BAD EPOCHS (no improvement): 0
2021-06-19 00:27:16,747 ----------------------------------------------------------------------------------------------------
2021-06-19 00:27:43,489 epoch 15 - iter 39/392 - loss 14.60815968 - samples/sec: 46.67 - lr: 0.200000
2021-06-19 00:28:09,650 epoch 15 - iter 78/392 - loss 14.83269916 - samples/sec: 49.02 - lr: 0.200000
2021-06-19 00:28:33,397 epoch 15 - iter 117/392 - loss 15.21598051 - samples/sec: 53.81 - lr: 0.200000
2021-06-19 00:28:58,224 epoch 15 - iter 156/392 - loss 15.45443379 - samples/sec: 51.16 - lr: 0.200000
2021-06-19 00:29:22,903 epoch 15 - iter 195/392 - loss 15.42590215 - samples/sec: 52.17 - lr: 0.200000
2021-06-19 00:29:48,785 epoch 15 - iter 234/392 - loss 15.52397898 - samples/sec: 49.99 - lr: 0.200000
2021-06-19 00:30:14,994 epoch 15 - iter 273/392 - loss 15.51168728 - samples/sec: 48.83 - lr: 0.200000
2021-06-19 00:30:41,939 epoch 15 - iter 312/392 - loss 15.44546837 - samples/sec: 47.87 - lr: 0.200000
2021-06-19 00:31:06,881 epoch 15 - iter 351/392 - loss 15.50894233 - samples/sec: 51.36 - lr: 0.200000
2021-06-19 00:31:30,224 epoch 15 - iter 390/392 - loss 15.46366794 - samples/sec: 54.64 - lr: 0.200000
2021-06-19 00:31:32,251 ----------------------------------------------------------------------------------------------------
2021-06-19 00:31:32,252 EPOCH 15 done: loss 15.4668 - lr 0.2000000
2021-06-19 00:31:53,205 DEV : loss 9.014490127563477 - score 0.7285
2021-06-19 00:31:53,213 BAD EPOCHS (no improvement): 0
2021-06-19 00:32:01,903 ----------------------------------------------------------------------------------------------------
2021-06-19 00:32:25,580 epoch 16 - iter 39/392 - loss 15.34729703 - samples/sec: 52.72 - lr: 0.200000
2021-06-19 00:32:49,240 epoch 16 - iter 78/392 - loss 15.21410883 - samples/sec: 54.10 - lr: 0.200000
2021-06-19 00:33:13,144 epoch 16 - iter 117/392 - loss 15.34252089 - samples/sec: 54.24 - lr: 0.200000
2021-06-19 00:33:38,852 epoch 16 - iter 156/392 - loss 15.52392992 - samples/sec: 49.88 - lr: 0.200000
2021-06-19 00:34:05,250 epoch 16 - iter 195/392 - loss 15.59107481 - samples/sec: 48.55 - lr: 0.200000
2021-06-19 00:34:29,269 epoch 16 - iter 234/392 - loss 15.54838353 - samples/sec: 53.07 - lr: 0.200000
2021-06-19 00:34:53,174 epoch 16 - iter 273/392 - loss 15.52172066 - samples/sec: 53.29 - lr: 0.200000
2021-06-19 00:35:16,190 epoch 16 - iter 312/392 - loss 15.42797802 - samples/sec: 55.58 - lr: 0.200000
2021-06-19 00:35:41,108 epoch 16 - iter 351/392 - loss 15.42509936 - samples/sec: 50.92 - lr: 0.200000
2021-06-19 00:36:05,041 epoch 16 - iter 390/392 - loss 15.39376613 - samples/sec: 53.25 - lr: 0.200000
2021-06-19 00:36:06,610 ----------------------------------------------------------------------------------------------------
2021-06-19 00:36:06,611 EPOCH 16 done: loss 15.3995 - lr 0.2000000
2021-06-19 00:36:27,446 DEV : loss 8.976615905761719 - score 0.73
2021-06-19 00:36:27,455 BAD EPOCHS (no improvement): 0
2021-06-19 00:36:33,678 ----------------------------------------------------------------------------------------------------
2021-06-19 00:36:57,401 epoch 17 - iter 39/392 - loss 15.24632471 - samples/sec: 52.61 - lr: 0.200000
2021-06-19 00:37:21,042 epoch 17 - iter 78/392 - loss 14.99209004 - samples/sec: 53.67 - lr: 0.200000
2021-06-19 00:37:45,054 epoch 17 - iter 117/392 - loss 15.02979257 - samples/sec: 52.83 - lr: 0.200000
2021-06-19 00:38:07,747 epoch 17 - iter 156/392 - loss 15.05665175 - samples/sec: 56.23 - lr: 0.200000
2021-06-19 00:38:33,057 epoch 17 - iter 195/392 - loss 15.04986688 - samples/sec: 50.21 - lr: 0.200000
2021-06-19 00:38:57,694 epoch 17 - iter 234/392 - loss 15.06086576 - samples/sec: 51.65 - lr: 0.200000
2021-06-19 00:39:21,661 epoch 17 - iter 273/392 - loss 15.17986864 - samples/sec: 53.61 - lr: 0.200000
2021-06-19 00:39:46,749 epoch 17 - iter 312/392 - loss 15.21526089 - samples/sec: 50.85 - lr: 0.200000
2021-06-19 00:40:10,626 epoch 17 - iter 351/392 - loss 15.25103463 - samples/sec: 53.41 - lr: 0.200000
2021-06-19 00:40:35,538 epoch 17 - iter 390/392 - loss 15.30162699 - samples/sec: 51.08 - lr: 0.200000
2021-06-19 00:40:37,399 ----------------------------------------------------------------------------------------------------
2021-06-19 00:40:37,400 EPOCH 17 done: loss 15.2969 - lr 0.2000000
2021-06-19 00:40:58,305 DEV : loss 8.885693550109863 - score 0.7305
2021-06-19 00:40:58,313 BAD EPOCHS (no improvement): 0
2021-06-19 00:41:06,951 ----------------------------------------------------------------------------------------------------
2021-06-19 00:41:28,570 epoch 18 - iter 39/392 - loss 14.69063805 - samples/sec: 57.74 - lr: 0.200000
2021-06-19 00:41:53,410 epoch 18 - iter 78/392 - loss 14.92812874 - samples/sec: 51.02 - lr: 0.200000
2021-06-19 00:42:16,737 epoch 18 - iter 117/392 - loss 14.91825957 - samples/sec: 55.07 - lr: 0.200000
2021-06-19 00:42:41,480 epoch 18 - iter 156/392 - loss 14.96326431 - samples/sec: 52.10 - lr: 0.200000
2021-06-19 00:43:07,892 epoch 18 - iter 195/392 - loss 15.12655659 - samples/sec: 48.35 - lr: 0.200000
2021-06-19 00:43:32,867 epoch 18 - iter 234/392 - loss 15.20743871 - samples/sec: 50.78 - lr: 0.200000
2021-06-19 00:44:00,519 epoch 18 - iter 273/392 - loss 15.23999036 - samples/sec: 46.28 - lr: 0.200000
2021-06-19 00:44:26,008 epoch 18 - iter 312/392 - loss 15.24672780 - samples/sec: 49.80 - lr: 0.200000
2021-06-19 00:44:49,063 epoch 18 - iter 351/392 - loss 15.26128787 - samples/sec: 54.88 - lr: 0.200000
2021-06-19 00:45:13,111 epoch 18 - iter 390/392 - loss 15.22275041 - samples/sec: 52.91 - lr: 0.200000
2021-06-19 00:45:14,390 ----------------------------------------------------------------------------------------------------
2021-06-19 00:45:14,391 EPOCH 18 done: loss 15.2144 - lr 0.2000000
2021-06-19 00:45:33,937 DEV : loss 8.945823669433594 - score 0.7296
2021-06-19 00:45:33,945 BAD EPOCHS (no improvement): 1
2021-06-19 00:45:33,948 ----------------------------------------------------------------------------------------------------
2021-06-19 00:45:58,133 epoch 19 - iter 39/392 - loss 14.17506098 - samples/sec: 51.61 - lr: 0.200000
2021-06-19 00:46:22,743 epoch 19 - iter 78/392 - loss 14.55539456 - samples/sec: 51.71 - lr: 0.200000
2021-06-19 00:46:48,359 epoch 19 - iter 117/392 - loss 14.83722484 - samples/sec: 49.48 - lr: 0.200000
2021-06-19 00:47:16,876 epoch 19 - iter 156/392 - loss 14.79979376 - samples/sec: 44.72 - lr: 0.200000
2021-06-19 00:47:44,047 epoch 19 - iter 195/392 - loss 14.78581500 - samples/sec: 46.52 - lr: 0.200000
2021-06-19 00:48:08,267 epoch 19 - iter 234/392 - loss 14.99040801 - samples/sec: 52.57 - lr: 0.200000
2021-06-19 00:48:33,004 epoch 19 - iter 273/392 - loss 14.96353553 - samples/sec: 51.30 - lr: 0.200000
2021-06-19 00:48:56,560 epoch 19 - iter 312/392 - loss 14.98685231 - samples/sec: 53.89 - lr: 0.200000
2021-06-19 00:49:22,051 epoch 19 - iter 351/392 - loss 15.14460401 - samples/sec: 50.15 - lr: 0.200000
2021-06-19 00:49:46,443 epoch 19 - iter 390/392 - loss 15.12719847 - samples/sec: 52.47 - lr: 0.200000
2021-06-19 00:49:47,971 ----------------------------------------------------------------------------------------------------
2021-06-19 00:49:47,973 EPOCH 19 done: loss 15.1289 - lr 0.2000000
2021-06-19 00:50:07,648 DEV : loss 8.85891056060791 - score 0.7277
2021-06-19 00:50:07,657 BAD EPOCHS (no improvement): 2
2021-06-19 00:50:07,660 ----------------------------------------------------------------------------------------------------
2021-06-19 00:50:31,226 epoch 20 - iter 39/392 - loss 14.88114743 - samples/sec: 52.96 - lr: 0.200000
2021-06-19 00:50:55,479 epoch 20 - iter 78/392 - loss 15.07317960 - samples/sec: 52.92 - lr: 0.200000
2021-06-19 00:51:19,096 epoch 20 - iter 117/392 - loss 15.01518614 - samples/sec: 53.79 - lr: 0.200000
2021-06-19 00:51:45,097 epoch 20 - iter 156/392 - loss 14.99274122 - samples/sec: 48.82 - lr: 0.200000
2021-06-19 00:52:01,372 ----------------------------------------------------------------------------------------------------
2021-06-19 00:52:01,372 Exiting from training early.
2021-06-19 00:52:01,372 Saving model ...
2021-06-19 00:52:07,449 Done.
2021-06-19 00:52:07,449 ----------------------------------------------------------------------------------------------------
2021-06-19 00:52:07,449 Testing using best model ...
2021-06-19 00:52:07,450 loading file modelout/best-model.pt
2021-06-19 00:52:29,490 	0.7605
2021-06-19 00:52:29,491 
Results:
- F-score (micro): 0.7409
- F-score (macro): 0.2719
- Accuracy (incl. no class): 0.7605

By class:
              precision    recall  f1-score   support

          >>     0.7613    0.7086    0.7340      1098
       >ARG1     0.7039    0.6074    0.6521       591
       >ARG0     0.7740    0.8741    0.8210       850
           >     0.8582    0.9034    0.8802      6169
       <ARG2     0.5796    0.5967    0.5880       543
          <<     0.5915    0.3199    0.4152      1091
       <ARG1     0.7053    0.8143    0.7559       964
       <ARG4     0.5135    0.3585    0.4222        53
   >ARGM-DIS     0.7500    0.5714    0.6486        84
   >ARGM-ADV     0.6438    0.5754    0.6077       179
           <     0.6719    0.6798    0.6758      3413
   >ARGM-EXT     0.6132    0.7558    0.6771        86
   >ARGM-TMP     0.7043    0.8397    0.7661       156
   <ARGM-TMP     0.7366    0.8578    0.7926       225
 >R-ARGM-TMP     1.0000    0.0000    0.0000         2
       >ARG2     0.6250    0.1923    0.2941        78
      >>ARG1     0.6621    0.7094    0.6849       406
   >ARGM-MOD     0.9082    0.9719    0.9390       285
    >>R-ARG1     0.4483    0.7647    0.5652        17
      >>ARG0     0.8282    0.6604    0.7349       533
   <ARGM-ADV     0.4722    0.2576    0.3333        66
       <ARG3     0.0000    0.0000    0.0000        46
   <ARGM-DIR     0.3333    0.2895    0.3099        38
     >R-ARG0     0.7209    0.9394    0.8158        33
   >ARGM-NEG     0.8333    0.9697    0.8964       165
   <ARGM-LOC     0.4653    0.7015    0.5595       134
   >ARGM-ADJ     0.6000    0.7340    0.6603       188
       >ARG3     1.0000    0.0000    0.0000         7
   <ARGM-GOL     1.0000    0.0000    0.0000        15
   >ARGM-LVB     0.6522    0.4839    0.5556        62
  >>ARGM-LOC     0.0000    0.0000    0.0000        12
   >ARGM-LOC     0.4167    0.1923    0.2632        26
       <ARG0     0.7105    0.4219    0.5294        64
    >>R-ARG0     0.6154    0.4000    0.4848        20
     >R-ARG1     0.5926    0.6667    0.6275        24
  >>ARGM-ADV     0.4691    0.4130    0.4393        92
   <ARGM-PRD     1.0000    0.0000    0.0000        13
  >>ARGM-DIS     0.6136    0.5400    0.5745        50
   <ARGM-MNR     0.5417    0.6047    0.5714        43
   <ARGM-PRP     1.0000    0.0000    0.0000        15
  >>ARGM-TMP     0.5636    0.5849    0.5741        53
      <<ARG2     1.0000    0.0000    0.0000        19
      <<ARG0     1.0000    0.0000    0.0000         2
   >ARGM-MNR     0.6250    0.2419    0.3488        62
  <<ARGM-TMP     1.0000    0.0000    0.0000        19
 >R-ARGM-MNR     1.0000    0.0000    0.0000         8
  >>ARGM-MNR     0.5833    0.5000    0.5385        14
 >R-ARGM-LOC     0.2727    1.0000    0.4286         3
   <ARGM-EXT     0.4000    0.3333    0.3636        12
   <ARGM-NEG     0.8333    0.8333    0.8333        12
>>R-ARGM-LOC     1.0000    0.7500    0.8571         4
  >>ARGM-MOD     0.8925    0.8218    0.8557       101
  >>ARGM-NEG     0.6667    0.4444    0.5333        18
     <C-ARG1     0.5000    0.5882    0.5405        17
      <<ARG1     1.0000    0.0000    0.0000        15
  <<ARGM-LOC     1.0000    0.0000    0.0000        12
  <<ARGM-ADV     0.0000    0.0000    0.0000        11
   >ARGM-PRP     1.0000    0.0000    0.0000         5
   <ARGM-CAU     1.0000    0.0000    0.0000         4
        <C-V     0.5000    0.8000    0.6154        15
   >ARGM-PRD     0.5000    0.0909    0.1538        11
  >>ARGM-CAU     0.5714    0.2857    0.3810        14
   <ARGM-COM     0.2000    0.1000    0.1333        10
  <<ARGM-COM     1.0000    0.0000    0.0000         2
     <R-ARG1     1.0000    0.0000    0.0000         1
  <<ARGM-DIS     1.0000    0.0000    0.0000         5
   >ARGM-CAU     0.6000    0.3750    0.4615         8
      >>ARG2     1.0000    0.0000    0.0000        23
   >ARGM-GOL     1.0000    0.0000    0.0000         2
   >ARGM-CXN     1.0000    0.2000    0.3333         5
  >>ARGM-ADJ     1.0000    0.0000    0.0000         3
>>R-ARGM-ADJ     1.0000    0.0000    0.0000         1
>>R-ARGM-ADV     0.0000    0.0000    0.0000         1
  <<ARGM-MNR     1.0000    0.0000    0.0000         5
  >>ARGM-PRP     1.0000    0.0000    0.0000         1
    <<C-ARG1     1.0000    0.0000    0.0000         2
      >>ARG3     1.0000    0.0000    0.0000         2
     <C-ARG3     1.0000    0.0000    0.0000         2
   >ARGM-PRR     0.0000    0.0000    0.0000         1
  <<ARGM-DIR     1.0000    0.0000    0.0000         5
   <ARGM-DIS     1.0000    0.0870    0.1600        23
  <<ARGM-EXT     1.0000    0.0000    0.0000         1
   <ARGM-ADJ     1.0000    0.0000    0.0000         8
       <ARG5     1.0000    0.0000    0.0000         1
     <C-ARG2     0.2000    0.1429    0.1667         7
  <<ARGM-PRP     1.0000    0.0000    0.0000         2
  >>ARGM-PRR     1.0000    0.0000    0.0000         3
  >>ARGM-PRD     1.0000    0.0000    0.0000         1
    >>R-ARG2     1.0000    0.0000    0.0000         1
   <ARGM-MOD     1.0000    0.0000    0.0000         1
  <<ARGM-GOL     1.0000    0.0000    0.0000         1
  >>ARGM-DIR     1.0000    0.0000    0.0000         1
>>R-ARGM-DIR     1.0000    0.0000    0.0000         1
  >>ARGM-GOL     1.0000    0.0000    0.0000         1
  <<ARGM-ADJ     1.0000    0.0000    0.0000         1
   >ARG1-DSP     1.0000    0.0000    0.0000         3
       <<C-V     1.0000    0.0000    0.0000         1
 <C-ARGM-CXN     1.0000    0.0000    0.0000         1
   <ARGM-CXN     1.0000    0.0000    0.0000         6
      <<ARG3     1.0000    0.0000    0.0000         1
 <C-ARGM-LOC     1.0000    0.0000    0.0000         1
       >ARGA     1.0000    0.0000    0.0000         2
   >ARGM-DIR     1.0000    0.0000    0.0000         2
  >>ARGM-EXT     1.0000    0.0000    0.0000         2
    >>C-ARG0     1.0000    0.0000    0.0000         1

   micro avg     0.7497    0.7323    0.7409     18519
   macro avg     0.7717    0.2720    0.2719     18519
weighted avg     0.7449    0.7323    0.7263     18519

2021-06-19 00:52:29,491 ----------------------------------------------------------------------------------------------------
